#
# A fatal error has been detected by the Java Runtime Environment:
#
#  Internal Error (jvmciRuntime.cpp:1270), pid=18040, tid=2120
#  fatal error: JNI_CreateJavaVM failed with return value -4
#
# JRE version: OpenJDK Runtime Environment GraalVM CE 17.0.9+9.1 (17.0.9+9) (build 17.0.9+9-jvmci-23.0-b22)
# Java VM: OpenJDK 64-Bit Server VM GraalVM CE 17.0.9+9.1 (17.0.9+9-jvmci-23.0-b22, mixed mode, sharing, tiered, jvmci, jvmci compiler, compressed oops, compressed class ptrs, g1 gc, windows-amd64)
# No core dump will be written. Minidumps are not enabled by default on client versions of Windows
#
# If you would like to submit a bug report, please visit:
#   https://github.com/oracle/graal/issues
#

---------------  S U M M A R Y ------------

Command Line: -XX:ThreadPriorityPolicy=1 -XX:+UnlockExperimentalVMOptions -XX:+EnableJVMCIProduct -XX:-UnlockExperimentalVMOptions --add-opens=java.base/java.util=ALL-UNNAMED --add-opens=java.base/java.lang=ALL-UNNAMED --add-opens=java.base/java.lang.invoke=ALL-UNNAMED --add-opens=java.prefs/java.util.prefs=ALL-UNNAMED --add-opens=java.base/java.nio.charset=ALL-UNNAMED --add-opens=java.base/java.net=ALL-UNNAMED --add-opens=java.base/java.util.concurrent.atomic=ALL-UNNAMED -XX:MaxMetaspaceSize=384m -XX:+HeapDumpOnOutOfMemoryError -Xms256m -Xmx512m -Dfile.encoding=windows-1251 -Duser.country=RU -Duser.language=ru -Duser.variant -javaagent:C:\Users\Aiden\.gradle\wrapper\dists\gradle-8.4-bin\1w5dpkrfk8irigvoxmyhowfim\gradle-8.4\lib\agents\gradle-instrumentation-agent-8.4.jar org.gradle.launcher.daemon.bootstrap.GradleDaemon 8.4

Host: Intel(R) Core(TM) i7-6950X CPU @ 3.00GHz, 20 cores, 31G,  Windows 10 , 64 bit Build 19041 (10.0.19041.662)
Time: Fri Dec  8 16:39:38 2023 RTZ 2 (s 10 , 64 bit Build 19041 (10.0.19041.662) elapsed time: 3107.428135 seconds (0d 0h 51m 47s)

---------------  T H R E A D  ---------------

Current thread (0x000002bbf2b39b10):  JavaThread "JVMCI-native CompilerThread0" daemon [_thread_in_vm, id=2120, stack(0x000000f3f9200000,0x000000f3f9300000)]


Current CompileTask:
JVMCI-native:3107428 9216       4       java.lang.StringUTF16::compress (50 bytes)

Stack: [0x000000f3f9200000,0x000000f3f9300000]
Native frames: (J=compiled Java code, j=interpreted, Vv=VM code, C=native code)
V  [jvm.dll+0x66c779]
V  [jvm.dll+0x7cdc78]
V  [jvm.dll+0x7cf73e]
V  [jvm.dll+0x245a3b]
V  [jvm.dll+0x4b58f9]
V  [jvm.dll+0x49e6d2]
V  [jvm.dll+0x499022]
V  [jvm.dll+0x227106]
V  [jvm.dll+0x22554e]
V  [jvm.dll+0x783b48]
V  [jvm.dll+0x77deea]
V  [jvm.dll+0x66b665]
C  [ucrtbase.dll+0x214c2]
C  [KERNEL32.DLL+0x17034]
C  [ntdll.dll+0x4d0d1]


---------------  P R O C E S S  ---------------

Threads class SMR info:
_java_thread_list=0x000002bbfd880b80, length=99, elements={
0x000002bbd4e6dd70, 0x000002bbf2b15500, 0x000002bbf2b168b0, 0x000002bbf2b2da40,
0x000002bbf2b30540, 0x000002bbf2b336f0, 0x000002bbf2b31380, 0x000002bbf2b39b10,
0x000002bbf7008140, 0x000002bbf2b331e0, 0x000002bbf2b33c00, 0x000002bbf2b34110,
0x000002bbf2b31890, 0x000002bbf2b30e70, 0x000002bbf2b31da0, 0x000002bbf2b322b0,
0x000002bbff6fbf30, 0x000002bbff6fd370, 0x000002bbff6ff6e0, 0x000002bbff6fb000,
0x000002bbff6fce60, 0x000002bbff6fba20, 0x000002bbff6ffbf0, 0x000002bbff6f8c90,
0x000002bbff6f96b0, 0x000002bbff6fc440, 0x000002bbff6fa0d0, 0x000002bbff6faaf0,
0x000002bbff6fc950, 0x000002bb95e22100, 0x000002bb95e20cc0, 0x000002bb95e211d0,
0x000002bb95e258b0, 0x000002bb95e22b20, 0x000002bb95eb2fb0, 0x000002bb962df540,
0x000002bb962de610, 0x000002bb962e0e90, 0x000002bb962e0470, 0x000002bb962e18b0,
0x000002bb962e13a0, 0x000002bb962dfa50, 0x000002bb962de100, 0x000002bb962dff60,
0x000002bb95ec3dd0, 0x000002bb9619f5e0, 0x000002bb95e22610, 0x000002bb95e23030,
0x000002bb95e1f880, 0x000002bbfd87db00, 0x000002bbfd87e010, 0x000002bbfec43f60,
0x000002bbfec43540, 0x000002bbfec462d0, 0x000002bbfec42b20, 0x000002bbfec45dc0,
0x000002bbfec43030, 0x000002bbfec44980, 0x000002bbfec43a50, 0x000002bbfec44e90,
0x000002bbfec453a0, 0x000002bbfec458b0, 0x000002bb961e3280, 0x000002bb961e0f10,
0x000002bb961e1420, 0x000002bb961e3790, 0x000002bb961e0a00, 0x000002bb961dffe0,
0x000002bb961e04f0, 0x000002bb961e1930, 0x000002bb961e1e40, 0x000002bb961e2350,
0x000002bb961e2860, 0x000002bb95e216e0, 0x000002bb95e1fd90, 0x000002bb95e262d0,
0x000002bb95e23540, 0x000002bb95e21bf0, 0x000002bb95e24470, 0x000002bb95e24e90,
0x000002bb95e24980, 0x000002bb95e253a0, 0x000002bb95e23f60, 0x000002bb95e25dc0,
0x000002bb95e23a50, 0x000002bb95e267e0, 0x000002bb95e26cf0, 0x000002bb95e202a0,
0x000002bb95e27200, 0x000002bb95e207b0, 0x000002bbff6fb510, 0x000002bbff6fecc0,
0x000002bbfd87e520, 0x000002bbfd87cbd0, 0x000002bbfd87d0e0, 0x000002bbfd87d5f0,
0x000002bbfebe1db0, 0x000002bbfda74b60, 0x000002bbfd8735a0
}

Java Threads: ( => current thread )
  0x000002bbd4e6dd70 JavaThread "main" [_thread_blocked, id=21468, stack(0x000000f3f8500000,0x000000f3f8600000)]
  0x000002bbf2b15500 JavaThread "Reference Handler" daemon [_thread_blocked, id=22492, stack(0x000000f3f8c00000,0x000000f3f8d00000)]
  0x000002bbf2b168b0 JavaThread "Finalizer" daemon [_thread_blocked, id=8020, stack(0x000000f3f8d00000,0x000000f3f8e00000)]
  0x000002bbf2b2da40 JavaThread "Signal Dispatcher" daemon [_thread_blocked, id=17808, stack(0x000000f3f8e00000,0x000000f3f8f00000)]
  0x000002bbf2b30540 JavaThread "Attach Listener" daemon [_thread_blocked, id=20280, stack(0x000000f3f8f00000,0x000000f3f9000000)]
  0x000002bbf2b336f0 JavaThread "Service Thread" daemon [_thread_blocked, id=9500, stack(0x000000f3f9000000,0x000000f3f9100000)]
  0x000002bbf2b31380 JavaThread "Monitor Deflation Thread" daemon [_thread_blocked, id=22068, stack(0x000000f3f9100000,0x000000f3f9200000)]
=>0x000002bbf2b39b10 JavaThread "JVMCI-native CompilerThread0" daemon [_thread_in_vm, id=2120, stack(0x000000f3f9200000,0x000000f3f9300000)]
  0x000002bbf7008140 JavaThread "C1 CompilerThread0" daemon [_thread_blocked, id=19400, stack(0x000000f3f9300000,0x000000f3f9400000)]
  0x000002bbf2b331e0 JavaThread "Sweeper thread" daemon [_thread_blocked, id=20388, stack(0x000000f3f9400000,0x000000f3f9500000)]
  0x000002bbf2b33c00 JavaThread "Common-Cleaner" daemon [_thread_blocked, id=20816, stack(0x000000f3f9500000,0x000000f3f9600000)]
  0x000002bbf2b34110 JavaThread "Notification Thread" daemon [_thread_blocked, id=12860, stack(0x000000f3f9800000,0x000000f3f9900000)]
  0x000002bbf2b31890 JavaThread "Daemon health stats" [_thread_blocked, id=15304, stack(0x000000f3fa500000,0x000000f3fa600000)]
  0x000002bbf2b30e70 JavaThread "Incoming local TCP Connector on port 59283" [_thread_in_native, id=22160, stack(0x000000f3fa600000,0x000000f3fa700000)]
  0x000002bbf2b31da0 JavaThread "Daemon periodic checks" [_thread_blocked, id=19524, stack(0x000000f3fa700000,0x000000f3fa800000)]
  0x000002bbf2b322b0 JavaThread "Daemon" [_thread_blocked, id=22212, stack(0x000000f3fa800000,0x000000f3fa900000)]
  0x000002bbff6fbf30 JavaThread "Daemon worker" [_thread_blocked, id=12788, stack(0x000000f3fab00000,0x000000f3fac00000)]
  0x000002bbff6fd370 JavaThread "Cache worker for journal cache (C:\Users\Aiden\.gradle\caches\journal-1)" [_thread_blocked, id=3384, stack(0x000000f3faf00000,0x000000f3fb000000)]
  0x000002bbff6ff6e0 JavaThread "File lock request listener" [_thread_in_native, id=12060, stack(0x000000f3fb000000,0x000000f3fb100000)]
  0x000002bbff6fb000 JavaThread "Cache worker for file hash cache (C:\Users\Aiden\.gradle\caches\8.4\fileHashes)" [_thread_blocked, id=11552, stack(0x000000f3fb100000,0x000000f3fb200000)]
  0x000002bbff6fce60 JavaThread "File watcher server" daemon [_thread_in_native, id=15992, stack(0x000000f3fb200000,0x000000f3fb300000)]
  0x000002bbff6fba20 JavaThread "File watcher consumer" daemon [_thread_blocked, id=16080, stack(0x000000f3fb300000,0x000000f3fb400000)]
  0x000002bbff6ffbf0 JavaThread "Cache worker for file content cache (C:\Users\Aiden\.gradle\caches\8.4\fileContent)" [_thread_blocked, id=20632, stack(0x000000f3fc100000,0x000000f3fc200000)]
  0x000002bbff6f8c90 JavaThread "Cache worker for execution history cache (C:\Users\Aiden\.gradle\caches\8.4\executionHistory)" [_thread_blocked, id=20720, stack(0x000000f3fc300000,0x000000f3fc400000)]
  0x000002bbff6f96b0 JavaThread "jar transforms" [_thread_blocked, id=4240, stack(0x000000f3fc400000,0x000000f3fc500000)]
  0x000002bbff6fc440 JavaThread "jar transforms Thread 2" [_thread_blocked, id=15452, stack(0x000000f3fc500000,0x000000f3fc600000)]
  0x000002bbff6fa0d0 JavaThread "jar transforms Thread 3" [_thread_blocked, id=10980, stack(0x000000f3fc600000,0x000000f3fc700000)]
  0x000002bbff6faaf0 JavaThread "jar transforms Thread 4" [_thread_blocked, id=19308, stack(0x000000f3fc700000,0x000000f3fc800000)]
  0x000002bbff6fc950 JavaThread "jar transforms Thread 5" [_thread_blocked, id=6884, stack(0x000000f3fc800000,0x000000f3fc900000)]
  0x000002bb95e22100 JavaThread "jar transforms Thread 6" [_thread_blocked, id=20000, stack(0x000000f3fc900000,0x000000f3fca00000)]
  0x000002bb95e20cc0 JavaThread "jar transforms Thread 7" [_thread_blocked, id=19280, stack(0x000000f3fca00000,0x000000f3fcb00000)]
  0x000002bb95e211d0 JavaThread "jar transforms Thread 8" [_thread_blocked, id=20484, stack(0x000000f3fcb00000,0x000000f3fcc00000)]
  0x000002bb95e258b0 JavaThread "jar transforms Thread 9" [_thread_blocked, id=20752, stack(0x000000f3fcc00000,0x000000f3fcd00000)]
  0x000002bb95e22b20 JavaThread "jar transforms Thread 10" [_thread_blocked, id=21136, stack(0x000000f3fcd00000,0x000000f3fce00000)]
  0x000002bb95eb2fb0 JavaThread "jar transforms Thread 11" [_thread_blocked, id=12308, stack(0x000000f3fcf00000,0x000000f3fd000000)]
  0x000002bb962df540 JavaThread "jar transforms Thread 12" [_thread_blocked, id=14300, stack(0x000000f3fdd00000,0x000000f3fde00000)]
  0x000002bb962de610 JavaThread "jar transforms Thread 13" [_thread_blocked, id=17792, stack(0x000000f3fde00000,0x000000f3fdf00000)]
  0x000002bb962e0e90 JavaThread "jar transforms Thread 14" [_thread_blocked, id=9408, stack(0x000000f3fdf00000,0x000000f3fe000000)]
  0x000002bb962e0470 JavaThread "jar transforms Thread 15" [_thread_blocked, id=8456, stack(0x000000f3fe000000,0x000000f3fe100000)]
  0x000002bb962e18b0 JavaThread "jar transforms Thread 16" [_thread_blocked, id=18728, stack(0x000000f3fe100000,0x000000f3fe200000)]
  0x000002bb962e13a0 JavaThread "jar transforms Thread 17" [_thread_blocked, id=19556, stack(0x000000f3fe200000,0x000000f3fe300000)]
  0x000002bb962dfa50 JavaThread "jar transforms Thread 18" [_thread_blocked, id=16600, stack(0x000000f3fe300000,0x000000f3fe400000)]
  0x000002bb962de100 JavaThread "jar transforms Thread 19" [_thread_blocked, id=19452, stack(0x000000f3fe400000,0x000000f3fe500000)]
  0x000002bb962dff60 JavaThread "jar transforms Thread 20" [_thread_blocked, id=13532, stack(0x000000f3fe500000,0x000000f3fe600000)]
  0x000002bb95ec3dd0 JavaThread "Memory manager" [_thread_blocked, id=17892, stack(0x000000f3fe600000,0x000000f3fe700000)]
  0x000002bb9619f5e0 JavaThread "Exec process" [_thread_in_native, id=21840, stack(0x000000f380100000,0x000000f380200000)]
  0x000002bb95e22610 JavaThread "Exec process Thread 2" [_thread_in_native, id=19144, stack(0x000000f380300000,0x000000f380400000)]
  0x000002bb95e23030 JavaThread "Exec process Thread 3" [_thread_in_native, id=20840, stack(0x000000f380400000,0x000000f380500000)]
  0x000002bb95e1f880 JavaThread "Exec process Thread 4" [_thread_blocked, id=18648, stack(0x000000f380500000,0x000000f380600000)]
  0x000002bbfd87db00 JavaThread "Handler for socket connection from /127.0.0.1:59283 to /127.0.0.1:60476" [_thread_in_native, id=16568, stack(0x000000f380000000,0x000000f380100000)]
  0x000002bbfd87e010 JavaThread "Cancel handler" [_thread_blocked, id=21812, stack(0x000000f380200000,0x000000f380300000)]
  0x000002bbfec43f60 JavaThread "Asynchronous log dispatcher for DefaultDaemonConnection: socket connection from /127.0.0.1:59283 to /127.0.0.1:60476" [_thread_blocked, id=21612, stack(0x000000f380800000,0x000000f380900000)]
  0x000002bbfec43540 JavaThread "Stdin handler" [_thread_blocked, id=13280, stack(0x000000f380900000,0x000000f380a00000)]
  0x000002bbfec462d0 JavaThread "Daemon client event forwarder" [_thread_blocked, id=12176, stack(0x000000f380a00000,0x000000f380b00000)]
  0x000002bbfec42b20 JavaThread "Cache worker for checksums cache (C:\Users\Aiden\Documents\NewEngine\.gradle\8.4\checksums)" [_thread_blocked, id=15580, stack(0x000000f380b00000,0x000000f380c00000)]
  0x000002bbfec45dc0 JavaThread "Cache worker for file hash cache (C:\Users\Aiden\Documents\NewEngine\.gradle\8.4\fileHashes)" [_thread_blocked, id=21568, stack(0x000000f380c00000,0x000000f380d00000)]
  0x000002bbfec43030 JavaThread "Cache worker for cache directory md-supplier (C:\Users\Aiden\.gradle\caches\8.4\md-supplier)" [_thread_blocked, id=22156, stack(0x000000f380d00000,0x000000f380e00000)]
  0x000002bbfec44980 JavaThread "Cache worker for cache directory md-rule (C:\Users\Aiden\.gradle\caches\8.4\md-rule)" [_thread_blocked, id=20476, stack(0x000000f380e00000,0x000000f380f00000)]
  0x000002bbfec43a50 JavaThread "Cache worker for dependencies-accessors (C:\Users\Aiden\Documents\NewEngine\.gradle\8.4\dependencies-accessors)" [_thread_blocked, id=15808, stack(0x000000f380f00000,0x000000f381000000)]
  0x000002bbfec44e90 JavaThread "Cache worker for Build Output Cleanup Cache (C:\Users\Aiden\Documents\NewEngine\.gradle\buildOutputCleanup)" [_thread_blocked, id=21272, stack(0x000000f381100000,0x000000f381200000)]
  0x000002bbfec453a0 JavaThread "Unconstrained build operations" [_thread_blocked, id=8344, stack(0x000000f381200000,0x000000f381300000)]
  0x000002bbfec458b0 JavaThread "Unconstrained build operations Thread 2" [_thread_blocked, id=18616, stack(0x000000f381300000,0x000000f381400000)]
  0x000002bb961e3280 JavaThread "Unconstrained build operations Thread 3" [_thread_blocked, id=20680, stack(0x000000f381400000,0x000000f381500000)]
  0x000002bb961e0f10 JavaThread "Unconstrained build operations Thread 4" [_thread_blocked, id=9960, stack(0x000000f381500000,0x000000f381600000)]
  0x000002bb961e1420 JavaThread "Unconstrained build operations Thread 5" [_thread_blocked, id=20200, stack(0x000000f381600000,0x000000f381700000)]
  0x000002bb961e3790 JavaThread "Unconstrained build operations Thread 6" [_thread_blocked, id=14596, stack(0x000000f381700000,0x000000f381800000)]
  0x000002bb961e0a00 JavaThread "Unconstrained build operations Thread 7" [_thread_blocked, id=19176, stack(0x000000f381800000,0x000000f381900000)]
  0x000002bb961dffe0 JavaThread "Unconstrained build operations Thread 8" [_thread_blocked, id=18316, stack(0x000000f381900000,0x000000f381a00000)]
  0x000002bb961e04f0 JavaThread "Unconstrained build operations Thread 9" [_thread_blocked, id=17832, stack(0x000000f381a00000,0x000000f381b00000)]
  0x000002bb961e1930 JavaThread "Unconstrained build operations Thread 10" [_thread_blocked, id=15012, stack(0x000000f381b00000,0x000000f381c00000)]
  0x000002bb961e1e40 JavaThread "Unconstrained build operations Thread 11" [_thread_blocked, id=15216, stack(0x000000f381c00000,0x000000f381d00000)]
  0x000002bb961e2350 JavaThread "Unconstrained build operations Thread 12" [_thread_blocked, id=20288, stack(0x000000f381d00000,0x000000f381e00000)]
  0x000002bb961e2860 JavaThread "included builds" [_thread_blocked, id=21500, stack(0x000000f381f00000,0x000000f382000000)]
  0x000002bb95e216e0 JavaThread "Execution worker" [_thread_blocked, id=7236, stack(0x000000f382100000,0x000000f382200000)]
  0x000002bb95e1fd90 JavaThread "Execution worker Thread 2" [_thread_blocked, id=19476, stack(0x000000f382200000,0x000000f382300000)]
  0x000002bb95e262d0 JavaThread "Execution worker Thread 3" [_thread_blocked, id=21452, stack(0x000000f382300000,0x000000f382400000)]
  0x000002bb95e23540 JavaThread "Execution worker Thread 4" [_thread_blocked, id=21432, stack(0x000000f382400000,0x000000f382500000)]
  0x000002bb95e21bf0 JavaThread "Execution worker Thread 5" [_thread_blocked, id=20628, stack(0x000000f382500000,0x000000f382600000)]
  0x000002bb95e24470 JavaThread "Execution worker Thread 6" [_thread_blocked, id=7308, stack(0x000000f382600000,0x000000f382700000)]
  0x000002bb95e24e90 JavaThread "Execution worker Thread 7" [_thread_blocked, id=15576, stack(0x000000f382700000,0x000000f382800000)]
  0x000002bb95e24980 JavaThread "Execution worker Thread 8" [_thread_blocked, id=10916, stack(0x000000f382800000,0x000000f382900000)]
  0x000002bb95e253a0 JavaThread "Execution worker Thread 9" [_thread_blocked, id=20012, stack(0x000000f382900000,0x000000f382a00000)]
  0x000002bb95e23f60 JavaThread "Execution worker Thread 10" [_thread_blocked, id=19844, stack(0x000000f382a00000,0x000000f382b00000)]
  0x000002bb95e25dc0 JavaThread "Execution worker Thread 11" [_thread_blocked, id=16788, stack(0x000000f382b00000,0x000000f382c00000)]
  0x000002bb95e23a50 JavaThread "Execution worker Thread 12" [_thread_blocked, id=21784, stack(0x000000f382c00000,0x000000f382d00000)]
  0x000002bb95e267e0 JavaThread "Execution worker Thread 13" [_thread_blocked, id=21196, stack(0x000000f382d00000,0x000000f382e00000)]
  0x000002bb95e26cf0 JavaThread "Execution worker Thread 14" [_thread_blocked, id=9844, stack(0x000000f382e00000,0x000000f382f00000)]
  0x000002bb95e202a0 JavaThread "Execution worker Thread 15" [_thread_blocked, id=21268, stack(0x000000f382f00000,0x000000f383000000)]
  0x000002bb95e27200 JavaThread "Execution worker Thread 16" [_thread_blocked, id=10896, stack(0x000000f383000000,0x000000f383100000)]
  0x000002bb95e207b0 JavaThread "Execution worker Thread 17" [_thread_blocked, id=18932, stack(0x000000f383100000,0x000000f383200000)]
  0x000002bbff6fb510 JavaThread "Execution worker Thread 18" [_thread_blocked, id=11016, stack(0x000000f383200000,0x000000f383300000)]
  0x000002bbff6fecc0 JavaThread "Execution worker Thread 19" [_thread_blocked, id=14632, stack(0x000000f383300000,0x000000f383400000)]
  0x000002bbfd87e520 JavaThread "Cache worker for execution history cache (C:\Users\Aiden\Documents\NewEngine\.gradle\8.4\executionHistory)" [_thread_blocked, id=3972, stack(0x000000f383400000,0x000000f383500000)]
  0x000002bbfd87cbd0 JavaThread "Unconstrained build operations Thread 13" [_thread_blocked, id=14344, stack(0x000000f383500000,0x000000f383600000)]
  0x000002bbfd87d0e0 JavaThread "Unconstrained build operations Thread 14" [_thread_blocked, id=20264, stack(0x000000f383600000,0x000000f383700000)]
  0x000002bbfd87d5f0 JavaThread "Unconstrained build operations Thread 15" [_thread_blocked, id=20224, stack(0x000000f383700000,0x000000f383800000)]
  0x000002bbfebe1db0 JavaThread "Unconstrained build operations Thread 16" [_thread_blocked, id=20712, stack(0x000000f383800000,0x000000f383900000)]
  0x000002bbfda74b60 JavaThread "Unconstrained build operations Thread 17" [_thread_blocked, id=15392, stack(0x000000f383900000,0x000000f383a00000)]
  0x000002bbfd8735a0 JavaThread "DisconnectableInputStream source reader" daemon [_thread_blocked, id=16832, stack(0x000000f383a00000,0x000000f383b00000)]

Other Threads:
  0x000002bbf2b0f3a0 VMThread "VM Thread" [stack: 0x000000f3f8b00000,0x000000f3f8c00000] [id=9504]
  0x000002bbd4e6ec50 WatcherThread [stack: 0x000000f3f9900000,0x000000f3f9a00000] [id=14880]
  0x000002bbd4e9c110 GCTaskThread "GC Thread#0" [stack: 0x000000f3f8600000,0x000000f3f8700000] [id=16796]
  0x000002bbfd3faad0 GCTaskThread "GC Thread#1" [stack: 0x000000f3f9c00000,0x000000f3f9d00000] [id=20956]
  0x000002bbfd8f3620 GCTaskThread "GC Thread#2" [stack: 0x000000f3f9d00000,0x000000f3f9e00000] [id=13984]
  0x000002bbfd8e5cc0 GCTaskThread "GC Thread#3" [stack: 0x000000f3f9e00000,0x000000f3f9f00000] [id=17112]
  0x000002bbfd8e5f80 GCTaskThread "GC Thread#4" [stack: 0x000000f3f9f00000,0x000000f3fa000000] [id=13772]
  0x000002bbfd8e6a60 GCTaskThread "GC Thread#5" [stack: 0x000000f3fa000000,0x000000f3fa100000] [id=12324]
  0x000002bbfd935ec0 GCTaskThread "GC Thread#6" [stack: 0x000000f3fa100000,0x000000f3fa200000] [id=21744]
  0x000002bbfd936180 GCTaskThread "GC Thread#7" [stack: 0x000000f3fa200000,0x000000f3fa300000] [id=17484]
  0x000002bbff7eb6c0 GCTaskThread "GC Thread#8" [stack: 0x000000f3fb400000,0x000000f3fb500000] [id=19920]
  0x000002bbff7eb980 GCTaskThread "GC Thread#9" [stack: 0x000000f3fb500000,0x000000f3fb600000] [id=20536]
  0x000002bbff7eca00 GCTaskThread "GC Thread#10" [stack: 0x000000f3fb600000,0x000000f3fb700000] [id=22520]
  0x000002bbff7ec480 GCTaskThread "GC Thread#11" [stack: 0x000000f3fb700000,0x000000f3fb800000] [id=11244]
  0x000002bbff7ec1c0 GCTaskThread "GC Thread#12" [stack: 0x000000f3fb800000,0x000000f3fb900000] [id=20616]
  0x000002bbff7eccc0 GCTaskThread "GC Thread#13" [stack: 0x000000f3fb900000,0x000000f3fba00000] [id=22384]
  0x000002bbff7eb140 GCTaskThread "GC Thread#14" [stack: 0x000000f3fba00000,0x000000f3fbb00000] [id=8732]
  0x000002bbd4ea2f80 ConcurrentGCThread "G1 Main Marker" [stack: 0x000000f3f8700000,0x000000f3f8800000] [id=21208]
  0x000002bbd4ea6070 ConcurrentGCThread "G1 Conc#0" [stack: 0x000000f3f8800000,0x000000f3f8900000] [id=12692]
  0x000002bbff7eb400 ConcurrentGCThread "G1 Conc#1" [stack: 0x000000f3fbb00000,0x000000f3fbc00000] [id=18716]
  0x000002bbff7ebc40 ConcurrentGCThread "G1 Conc#2" [stack: 0x000000f3fbc00000,0x000000f3fbd00000] [id=10756]
  0x000002bb9576bb50 ConcurrentGCThread "G1 Conc#3" [stack: 0x000000f3fbd00000,0x000000f3fbe00000] [id=22252]
  0x000002bbf29cb210 ConcurrentGCThread "G1 Refine#0" [stack: 0x000000f3f8900000,0x000000f3f8a00000] [id=18452]
  0x000002bbf29cba50 ConcurrentGCThread "G1 Service" [stack: 0x000000f3f8a00000,0x000000f3f8b00000] [id=17932]

Threads with active compile tasks:
JVMCI-native CompilerThread0  3107442 9216       4       java.lang.StringUTF16::compress (50 bytes)

VM state: not at safepoint (normal execution)

VM Mutex/Monitor currently owned by a thread: None

Heap address: 0x00000000e0000000, size: 512 MB, Compressed Oops mode: 32-bit

CDS archive(s) mapped at: [0x000002bb80000000-0x000002bb80bb0000-0x000002bb80bb0000), size 12255232, SharedBaseAddress: 0x000002bb80000000, ArchiveRelocationMode: 1.
Compressed class space mapped at: 0x000002bb81000000-0x000002bb95000000, reserved size: 335544320
Narrow klass base: 0x000002bb80000000, Narrow klass shift: 0, Narrow klass range: 0x100000000

GC Precious Log:
 CPUs: 20 total, 20 available
 Memory: 32669M
 Large Page Support: Disabled
 NUMA Support: Disabled
 Compressed Oops: Enabled (32-bit)
 Heap Region Size: 1M
 Heap Min Capacity: 256M
 Heap Initial Capacity: 256M
 Heap Max Capacity: 512M
 Pre-touch: Disabled
 Parallel Workers: 15
 Concurrent Workers: 4
 Concurrent Refinement Workers: 15
 Periodic GC: Disabled

Heap:
 garbage-first heap   total 262144K, used 116327K [0x00000000e0000000, 0x0000000100000000)
  region size 1024K, 76 young (77824K), 9 survivors (9216K)
 Metaspace       used 55172K, committed 55808K, reserved 393216K
  class space    used 7578K, committed 7872K, reserved 327680K

Heap Regions: E=young(eden), S=young(survivor), O=old, HS=humongous(starts), HC=humongous(continues), CS=collection set, F=free, OA=open archive, CA=closed archive, TAMS=top-at-mark-start (previous, next)
|   0|0x00000000e0000000, 0x00000000e0100000, 0x00000000e0100000|100%|HS|  |TAMS 0x00000000e0100000, 0x00000000e0000000| Complete 
|   1|0x00000000e0100000, 0x00000000e0200000, 0x00000000e0200000|100%|HC|  |TAMS 0x00000000e0200000, 0x00000000e0100000| Complete 
|   2|0x00000000e0200000, 0x00000000e0300000, 0x00000000e0300000|100%|HC|  |TAMS 0x00000000e0300000, 0x00000000e0200000| Complete 
|   3|0x00000000e0300000, 0x00000000e0400000, 0x00000000e0400000|100%|HC|  |TAMS 0x00000000e0400000, 0x00000000e0300000| Complete 
|   4|0x00000000e0400000, 0x00000000e0500000, 0x00000000e0500000|100%| O|  |TAMS 0x00000000e0500000, 0x00000000e0400000| Untracked 
|   5|0x00000000e0500000, 0x00000000e0600000, 0x00000000e0600000|100%| O|  |TAMS 0x00000000e0600000, 0x00000000e0500000| Untracked 
|   6|0x00000000e0600000, 0x00000000e0700000, 0x00000000e0700000|100%| O|  |TAMS 0x00000000e0700000, 0x00000000e0600000| Untracked 
|   7|0x00000000e0700000, 0x00000000e0800000, 0x00000000e0800000|100%| O|  |TAMS 0x00000000e0800000, 0x00000000e0700000| Untracked 
|   8|0x00000000e0800000, 0x00000000e0900000, 0x00000000e0900000|100%| O|  |TAMS 0x00000000e0900000, 0x00000000e0800000| Untracked 
|   9|0x00000000e0900000, 0x00000000e0a00000, 0x00000000e0a00000|100%| O|  |TAMS 0x00000000e0900000, 0x00000000e0900000| Untracked 
|  10|0x00000000e0a00000, 0x00000000e0b00000, 0x00000000e0b00000|100%| O|  |TAMS 0x00000000e0b00000, 0x00000000e0a00000| Untracked 
|  11|0x00000000e0b00000, 0x00000000e0c00000, 0x00000000e0c00000|100%| O|  |TAMS 0x00000000e0c00000, 0x00000000e0b00000| Untracked 
|  12|0x00000000e0c00000, 0x00000000e0c00000, 0x00000000e0d00000|  0%| F|  |TAMS 0x00000000e0c00000, 0x00000000e0c00000| Untracked 
|  13|0x00000000e0d00000, 0x00000000e0e00000, 0x00000000e0e00000|100%| O|  |TAMS 0x00000000e0e00000, 0x00000000e0d00000| Untracked 
|  14|0x00000000e0e00000, 0x00000000e0f00000, 0x00000000e0f00000|100%| O|  |TAMS 0x00000000e0f00000, 0x00000000e0e00000| Untracked 
|  15|0x00000000e0f00000, 0x00000000e1000000, 0x00000000e1000000|100%| O|  |TAMS 0x00000000e1000000, 0x00000000e0f00000| Untracked 
|  16|0x00000000e1000000, 0x00000000e1100000, 0x00000000e1100000|100%| O|  |TAMS 0x00000000e1100000, 0x00000000e1000000| Untracked 
|  17|0x00000000e1100000, 0x00000000e1200000, 0x00000000e1200000|100%| O|  |TAMS 0x00000000e1200000, 0x00000000e1100000| Untracked 
|  18|0x00000000e1200000, 0x00000000e1300000, 0x00000000e1300000|100%| O|  |TAMS 0x00000000e1300000, 0x00000000e1200000| Untracked 
|  19|0x00000000e1300000, 0x00000000e1400000, 0x00000000e1400000|100%| O|  |TAMS 0x00000000e1400000, 0x00000000e1300000| Untracked 
|  20|0x00000000e1400000, 0x00000000e1500000, 0x00000000e1500000|100%| O|  |TAMS 0x00000000e1500000, 0x00000000e1400000| Untracked 
|  21|0x00000000e1500000, 0x00000000e1600000, 0x00000000e1600000|100%| O|  |TAMS 0x00000000e1600000, 0x00000000e1500000| Untracked 
|  22|0x00000000e1600000, 0x00000000e1700000, 0x00000000e1700000|100%| O|  |TAMS 0x00000000e1700000, 0x00000000e1600000| Untracked 
|  23|0x00000000e1700000, 0x00000000e1800000, 0x00000000e1800000|100%| O|  |TAMS 0x00000000e1800000, 0x00000000e1700000| Untracked 
|  24|0x00000000e1800000, 0x00000000e1900000, 0x00000000e1900000|100%| O|  |TAMS 0x00000000e1900000, 0x00000000e1800000| Untracked 
|  25|0x00000000e1900000, 0x00000000e1a00000, 0x00000000e1a00000|100%| O|  |TAMS 0x00000000e1a00000, 0x00000000e1900000| Untracked 
|  26|0x00000000e1a00000, 0x00000000e1b00000, 0x00000000e1b00000|100%| O|  |TAMS 0x00000000e1b00000, 0x00000000e1a00000| Untracked 
|  27|0x00000000e1b00000, 0x00000000e1c00000, 0x00000000e1c00000|100%| O|  |TAMS 0x00000000e1c00000, 0x00000000e1b00000| Untracked 
|  28|0x00000000e1c00000, 0x00000000e1d00000, 0x00000000e1d00000|100%| O|  |TAMS 0x00000000e1d00000, 0x00000000e1c00000| Untracked 
|  29|0x00000000e1d00000, 0x00000000e1e00000, 0x00000000e1e00000|100%| O|  |TAMS 0x00000000e1e00000, 0x00000000e1d00000| Untracked 
|  30|0x00000000e1e00000, 0x00000000e1f00000, 0x00000000e1f00000|100%| O|  |TAMS 0x00000000e1e82e00, 0x00000000e1e00000| Untracked 
|  31|0x00000000e1f00000, 0x00000000e2000000, 0x00000000e2000000|100%| O|  |TAMS 0x00000000e1f00000, 0x00000000e1f00000| Untracked 
|  32|0x00000000e2000000, 0x00000000e2100000, 0x00000000e2100000|100%| O|  |TAMS 0x00000000e2000000, 0x00000000e2000000| Untracked 
|  33|0x00000000e2100000, 0x00000000e2200000, 0x00000000e2200000|100%| O|  |TAMS 0x00000000e2100000, 0x00000000e2100000| Untracked 
|  34|0x00000000e2200000, 0x00000000e2300000, 0x00000000e2300000|100%| O|  |TAMS 0x00000000e2200000, 0x00000000e2200000| Untracked 
|  35|0x00000000e2300000, 0x00000000e2400000, 0x00000000e2400000|100%| O|  |TAMS 0x00000000e2300000, 0x00000000e2300000| Untracked 
|  36|0x00000000e2400000, 0x00000000e2500000, 0x00000000e2500000|100%| O|  |TAMS 0x00000000e2400000, 0x00000000e2400000| Untracked 
|  37|0x00000000e2500000, 0x00000000e2600000, 0x00000000e2600000|100%| O|  |TAMS 0x00000000e2500000, 0x00000000e2500000| Untracked 
|  38|0x00000000e2600000, 0x00000000e2700000, 0x00000000e2700000|100%| O|  |TAMS 0x00000000e2600000, 0x00000000e2600000| Untracked 
|  39|0x00000000e2700000, 0x00000000e27ed400, 0x00000000e2800000| 92%| O|  |TAMS 0x00000000e2700000, 0x00000000e2700000| Untracked 
|  40|0x00000000e2800000, 0x00000000e2800000, 0x00000000e2900000|  0%| F|  |TAMS 0x00000000e2800000, 0x00000000e2800000| Untracked 
|  41|0x00000000e2900000, 0x00000000e2900000, 0x00000000e2a00000|  0%| F|  |TAMS 0x00000000e2900000, 0x00000000e2900000| Untracked 
|  42|0x00000000e2a00000, 0x00000000e2a00000, 0x00000000e2b00000|  0%| F|  |TAMS 0x00000000e2a00000, 0x00000000e2a00000| Untracked 
|  43|0x00000000e2b00000, 0x00000000e2b00000, 0x00000000e2c00000|  0%| F|  |TAMS 0x00000000e2b00000, 0x00000000e2b00000| Untracked 
|  44|0x00000000e2c00000, 0x00000000e2c00000, 0x00000000e2d00000|  0%| F|  |TAMS 0x00000000e2c00000, 0x00000000e2c00000| Untracked 
|  45|0x00000000e2d00000, 0x00000000e2d00000, 0x00000000e2e00000|  0%| F|  |TAMS 0x00000000e2d00000, 0x00000000e2d00000| Untracked 
|  46|0x00000000e2e00000, 0x00000000e2e00000, 0x00000000e2f00000|  0%| F|  |TAMS 0x00000000e2e00000, 0x00000000e2e00000| Untracked 
|  47|0x00000000e2f00000, 0x00000000e2f00000, 0x00000000e3000000|  0%| F|  |TAMS 0x00000000e2f00000, 0x00000000e2f00000| Untracked 
|  48|0x00000000e3000000, 0x00000000e3000000, 0x00000000e3100000|  0%| F|  |TAMS 0x00000000e3000000, 0x00000000e3000000| Untracked 
|  49|0x00000000e3100000, 0x00000000e3100000, 0x00000000e3200000|  0%| F|  |TAMS 0x00000000e3100000, 0x00000000e3100000| Untracked 
|  50|0x00000000e3200000, 0x00000000e3200000, 0x00000000e3300000|  0%| F|  |TAMS 0x00000000e3200000, 0x00000000e3200000| Untracked 
|  51|0x00000000e3300000, 0x00000000e3300000, 0x00000000e3400000|  0%| F|  |TAMS 0x00000000e3300000, 0x00000000e3300000| Untracked 
|  52|0x00000000e3400000, 0x00000000e3400000, 0x00000000e3500000|  0%| F|  |TAMS 0x00000000e3400000, 0x00000000e3400000| Untracked 
|  53|0x00000000e3500000, 0x00000000e3500000, 0x00000000e3600000|  0%| F|  |TAMS 0x00000000e3500000, 0x00000000e3500000| Untracked 
|  54|0x00000000e3600000, 0x00000000e3600000, 0x00000000e3700000|  0%| F|  |TAMS 0x00000000e3600000, 0x00000000e3600000| Untracked 
|  55|0x00000000e3700000, 0x00000000e3700000, 0x00000000e3800000|  0%| F|  |TAMS 0x00000000e3700000, 0x00000000e3700000| Untracked 
|  56|0x00000000e3800000, 0x00000000e3800000, 0x00000000e3900000|  0%| F|  |TAMS 0x00000000e3800000, 0x00000000e3800000| Untracked 
|  57|0x00000000e3900000, 0x00000000e3900000, 0x00000000e3a00000|  0%| F|  |TAMS 0x00000000e3900000, 0x00000000e3900000| Untracked 
|  58|0x00000000e3a00000, 0x00000000e3a00000, 0x00000000e3b00000|  0%| F|  |TAMS 0x00000000e3a00000, 0x00000000e3a00000| Untracked 
|  59|0x00000000e3b00000, 0x00000000e3b00000, 0x00000000e3c00000|  0%| F|  |TAMS 0x00000000e3b00000, 0x00000000e3b00000| Untracked 
|  60|0x00000000e3c00000, 0x00000000e3c00000, 0x00000000e3d00000|  0%| F|  |TAMS 0x00000000e3c00000, 0x00000000e3c00000| Untracked 
|  61|0x00000000e3d00000, 0x00000000e3d00000, 0x00000000e3e00000|  0%| F|  |TAMS 0x00000000e3d00000, 0x00000000e3d00000| Untracked 
|  62|0x00000000e3e00000, 0x00000000e3e00000, 0x00000000e3f00000|  0%| F|  |TAMS 0x00000000e3e00000, 0x00000000e3e00000| Untracked 
|  63|0x00000000e3f00000, 0x00000000e3f00000, 0x00000000e4000000|  0%| F|  |TAMS 0x00000000e3f00000, 0x00000000e3f00000| Untracked 
|  64|0x00000000e4000000, 0x00000000e4000000, 0x00000000e4100000|  0%| F|  |TAMS 0x00000000e4000000, 0x00000000e4000000| Untracked 
|  65|0x00000000e4100000, 0x00000000e4100000, 0x00000000e4200000|  0%| F|  |TAMS 0x00000000e4100000, 0x00000000e4100000| Untracked 
|  66|0x00000000e4200000, 0x00000000e4200000, 0x00000000e4300000|  0%| F|  |TAMS 0x00000000e4200000, 0x00000000e4200000| Untracked 
|  67|0x00000000e4300000, 0x00000000e4300000, 0x00000000e4400000|  0%| F|  |TAMS 0x00000000e4300000, 0x00000000e4300000| Untracked 
|  68|0x00000000e4400000, 0x00000000e4400000, 0x00000000e4500000|  0%| F|  |TAMS 0x00000000e4400000, 0x00000000e4400000| Untracked 
|  69|0x00000000e4500000, 0x00000000e4500000, 0x00000000e4600000|  0%| F|  |TAMS 0x00000000e4500000, 0x00000000e4500000| Untracked 
|  70|0x00000000e4600000, 0x00000000e4600000, 0x00000000e4700000|  0%| F|  |TAMS 0x00000000e4600000, 0x00000000e4600000| Untracked 
|  71|0x00000000e4700000, 0x00000000e4700000, 0x00000000e4800000|  0%| F|  |TAMS 0x00000000e4700000, 0x00000000e4700000| Untracked 
|  72|0x00000000e4800000, 0x00000000e4800000, 0x00000000e4900000|  0%| F|  |TAMS 0x00000000e4800000, 0x00000000e4800000| Untracked 
|  73|0x00000000e4900000, 0x00000000e4900000, 0x00000000e4a00000|  0%| F|  |TAMS 0x00000000e4900000, 0x00000000e4900000| Untracked 
|  74|0x00000000e4a00000, 0x00000000e4a00000, 0x00000000e4b00000|  0%| F|  |TAMS 0x00000000e4a00000, 0x00000000e4a00000| Untracked 
|  75|0x00000000e4b00000, 0x00000000e4b00000, 0x00000000e4c00000|  0%| F|  |TAMS 0x00000000e4b00000, 0x00000000e4b00000| Untracked 
|  76|0x00000000e4c00000, 0x00000000e4c00000, 0x00000000e4d00000|  0%| F|  |TAMS 0x00000000e4c00000, 0x00000000e4c00000| Untracked 
|  77|0x00000000e4d00000, 0x00000000e4d00000, 0x00000000e4e00000|  0%| F|  |TAMS 0x00000000e4d00000, 0x00000000e4d00000| Untracked 
|  78|0x00000000e4e00000, 0x00000000e4e00000, 0x00000000e4f00000|  0%| F|  |TAMS 0x00000000e4e00000, 0x00000000e4e00000| Untracked 
|  79|0x00000000e4f00000, 0x00000000e4f00000, 0x00000000e5000000|  0%| F|  |TAMS 0x00000000e4f00000, 0x00000000e4f00000| Untracked 
|  80|0x00000000e5000000, 0x00000000e5000000, 0x00000000e5100000|  0%| F|  |TAMS 0x00000000e5000000, 0x00000000e5000000| Untracked 
|  81|0x00000000e5100000, 0x00000000e5100000, 0x00000000e5200000|  0%| F|  |TAMS 0x00000000e5100000, 0x00000000e5100000| Untracked 
|  82|0x00000000e5200000, 0x00000000e5200000, 0x00000000e5300000|  0%| F|  |TAMS 0x00000000e5200000, 0x00000000e5200000| Untracked 
|  83|0x00000000e5300000, 0x00000000e5300000, 0x00000000e5400000|  0%| F|  |TAMS 0x00000000e5300000, 0x00000000e5300000| Untracked 
|  84|0x00000000e5400000, 0x00000000e5400000, 0x00000000e5500000|  0%| F|  |TAMS 0x00000000e5400000, 0x00000000e5400000| Untracked 
|  85|0x00000000e5500000, 0x00000000e5500000, 0x00000000e5600000|  0%| F|  |TAMS 0x00000000e5500000, 0x00000000e5500000| Untracked 
|  86|0x00000000e5600000, 0x00000000e5600000, 0x00000000e5700000|  0%| F|  |TAMS 0x00000000e5600000, 0x00000000e5600000| Untracked 
|  87|0x00000000e5700000, 0x00000000e5700000, 0x00000000e5800000|  0%| F|  |TAMS 0x00000000e5700000, 0x00000000e5700000| Untracked 
|  88|0x00000000e5800000, 0x00000000e5800000, 0x00000000e5900000|  0%| F|  |TAMS 0x00000000e5800000, 0x00000000e5800000| Untracked 
|  89|0x00000000e5900000, 0x00000000e5900000, 0x00000000e5a00000|  0%| F|  |TAMS 0x00000000e5900000, 0x00000000e5900000| Untracked 
|  90|0x00000000e5a00000, 0x00000000e5a00000, 0x00000000e5b00000|  0%| F|  |TAMS 0x00000000e5a00000, 0x00000000e5a00000| Untracked 
|  91|0x00000000e5b00000, 0x00000000e5b00000, 0x00000000e5c00000|  0%| F|  |TAMS 0x00000000e5b00000, 0x00000000e5b00000| Untracked 
|  92|0x00000000e5c00000, 0x00000000e5c00000, 0x00000000e5d00000|  0%| F|  |TAMS 0x00000000e5c00000, 0x00000000e5c00000| Untracked 
|  93|0x00000000e5d00000, 0x00000000e5d00000, 0x00000000e5e00000|  0%| F|  |TAMS 0x00000000e5d00000, 0x00000000e5d00000| Untracked 
|  94|0x00000000e5e00000, 0x00000000e5e00000, 0x00000000e5f00000|  0%| F|  |TAMS 0x00000000e5e00000, 0x00000000e5e00000| Untracked 
|  95|0x00000000e5f00000, 0x00000000e5fac8c0, 0x00000000e6000000| 67%| S|CS|TAMS 0x00000000e5f00000, 0x00000000e5f00000| Complete 
|  96|0x00000000e6000000, 0x00000000e6100000, 0x00000000e6100000|100%| S|CS|TAMS 0x00000000e6000000, 0x00000000e6000000| Complete 
|  97|0x00000000e6100000, 0x00000000e6200000, 0x00000000e6200000|100%| S|CS|TAMS 0x00000000e6100000, 0x00000000e6100000| Complete 
|  98|0x00000000e6200000, 0x00000000e6300000, 0x00000000e6300000|100%| S|CS|TAMS 0x00000000e6200000, 0x00000000e6200000| Complete 
|  99|0x00000000e6300000, 0x00000000e6400000, 0x00000000e6400000|100%| S|CS|TAMS 0x00000000e6300000, 0x00000000e6300000| Complete 
| 100|0x00000000e6400000, 0x00000000e6500000, 0x00000000e6500000|100%| S|CS|TAMS 0x00000000e6400000, 0x00000000e6400000| Complete 
| 101|0x00000000e6500000, 0x00000000e6600000, 0x00000000e6600000|100%| S|CS|TAMS 0x00000000e6500000, 0x00000000e6500000| Complete 
| 102|0x00000000e6600000, 0x00000000e6700000, 0x00000000e6700000|100%| S|CS|TAMS 0x00000000e6600000, 0x00000000e6600000| Complete 
| 103|0x00000000e6700000, 0x00000000e6800000, 0x00000000e6800000|100%| S|CS|TAMS 0x00000000e6700000, 0x00000000e6700000| Complete 
| 104|0x00000000e6800000, 0x00000000e6800000, 0x00000000e6900000|  0%| F|  |TAMS 0x00000000e6800000, 0x00000000e6800000| Untracked 
| 105|0x00000000e6900000, 0x00000000e6900000, 0x00000000e6a00000|  0%| F|  |TAMS 0x00000000e6900000, 0x00000000e6900000| Untracked 
| 106|0x00000000e6a00000, 0x00000000e6a00000, 0x00000000e6b00000|  0%| F|  |TAMS 0x00000000e6a00000, 0x00000000e6a00000| Untracked 
| 107|0x00000000e6b00000, 0x00000000e6b00000, 0x00000000e6c00000|  0%| F|  |TAMS 0x00000000e6b00000, 0x00000000e6b00000| Untracked 
| 108|0x00000000e6c00000, 0x00000000e6c00000, 0x00000000e6d00000|  0%| F|  |TAMS 0x00000000e6c00000, 0x00000000e6c00000| Untracked 
| 109|0x00000000e6d00000, 0x00000000e6d00000, 0x00000000e6e00000|  0%| F|  |TAMS 0x00000000e6d00000, 0x00000000e6d00000| Untracked 
| 110|0x00000000e6e00000, 0x00000000e6e00000, 0x00000000e6f00000|  0%| F|  |TAMS 0x00000000e6e00000, 0x00000000e6e00000| Untracked 
| 111|0x00000000e6f00000, 0x00000000e6f00000, 0x00000000e7000000|  0%| F|  |TAMS 0x00000000e6f00000, 0x00000000e6f00000| Untracked 
| 112|0x00000000e7000000, 0x00000000e7000000, 0x00000000e7100000|  0%| F|  |TAMS 0x00000000e7000000, 0x00000000e7000000| Untracked 
| 113|0x00000000e7100000, 0x00000000e7100000, 0x00000000e7200000|  0%| F|  |TAMS 0x00000000e7100000, 0x00000000e7100000| Untracked 
| 114|0x00000000e7200000, 0x00000000e7200000, 0x00000000e7300000|  0%| F|  |TAMS 0x00000000e7200000, 0x00000000e7200000| Untracked 
| 115|0x00000000e7300000, 0x00000000e7300000, 0x00000000e7400000|  0%| F|  |TAMS 0x00000000e7300000, 0x00000000e7300000| Untracked 
| 116|0x00000000e7400000, 0x00000000e7400000, 0x00000000e7500000|  0%| F|  |TAMS 0x00000000e7400000, 0x00000000e7400000| Untracked 
| 117|0x00000000e7500000, 0x00000000e7500000, 0x00000000e7600000|  0%| F|  |TAMS 0x00000000e7500000, 0x00000000e7500000| Untracked 
| 118|0x00000000e7600000, 0x00000000e7600000, 0x00000000e7700000|  0%| F|  |TAMS 0x00000000e7600000, 0x00000000e7600000| Untracked 
| 119|0x00000000e7700000, 0x00000000e7700000, 0x00000000e7800000|  0%| F|  |TAMS 0x00000000e7700000, 0x00000000e7700000| Untracked 
| 120|0x00000000e7800000, 0x00000000e7800000, 0x00000000e7900000|  0%| F|  |TAMS 0x00000000e7800000, 0x00000000e7800000| Untracked 
| 121|0x00000000e7900000, 0x00000000e7900000, 0x00000000e7a00000|  0%| F|  |TAMS 0x00000000e7900000, 0x00000000e7900000| Untracked 
| 122|0x00000000e7a00000, 0x00000000e7a00000, 0x00000000e7b00000|  0%| F|  |TAMS 0x00000000e7a00000, 0x00000000e7a00000| Untracked 
| 123|0x00000000e7b00000, 0x00000000e7b00000, 0x00000000e7c00000|  0%| F|  |TAMS 0x00000000e7b00000, 0x00000000e7b00000| Untracked 
| 124|0x00000000e7c00000, 0x00000000e7c00000, 0x00000000e7d00000|  0%| F|  |TAMS 0x00000000e7c00000, 0x00000000e7c00000| Untracked 
| 125|0x00000000e7d00000, 0x00000000e7d00000, 0x00000000e7e00000|  0%| F|  |TAMS 0x00000000e7d00000, 0x00000000e7d00000| Untracked 
| 126|0x00000000e7e00000, 0x00000000e7e00000, 0x00000000e7f00000|  0%| F|  |TAMS 0x00000000e7e00000, 0x00000000e7e00000| Untracked 
| 127|0x00000000e7f00000, 0x00000000e7f00000, 0x00000000e8000000|  0%| F|  |TAMS 0x00000000e7f00000, 0x00000000e7f00000| Untracked 
| 128|0x00000000e8000000, 0x00000000e8000000, 0x00000000e8100000|  0%| F|  |TAMS 0x00000000e8000000, 0x00000000e8000000| Untracked 
| 129|0x00000000e8100000, 0x00000000e8100000, 0x00000000e8200000|  0%| F|  |TAMS 0x00000000e8100000, 0x00000000e8100000| Untracked 
| 130|0x00000000e8200000, 0x00000000e8200000, 0x00000000e8300000|  0%| F|  |TAMS 0x00000000e8200000, 0x00000000e8200000| Untracked 
| 131|0x00000000e8300000, 0x00000000e8300000, 0x00000000e8400000|  0%| F|  |TAMS 0x00000000e8300000, 0x00000000e8300000| Untracked 
| 132|0x00000000e8400000, 0x00000000e8400000, 0x00000000e8500000|  0%| F|  |TAMS 0x00000000e8400000, 0x00000000e8400000| Untracked 
| 133|0x00000000e8500000, 0x00000000e8500000, 0x00000000e8600000|  0%| F|  |TAMS 0x00000000e8500000, 0x00000000e8500000| Untracked 
| 134|0x00000000e8600000, 0x00000000e8600000, 0x00000000e8700000|  0%| F|  |TAMS 0x00000000e8600000, 0x00000000e8600000| Untracked 
| 135|0x00000000e8700000, 0x00000000e8700000, 0x00000000e8800000|  0%| F|  |TAMS 0x00000000e8700000, 0x00000000e8700000| Untracked 
| 136|0x00000000e8800000, 0x00000000e8800000, 0x00000000e8900000|  0%| F|  |TAMS 0x00000000e8800000, 0x00000000e8800000| Untracked 
| 137|0x00000000e8900000, 0x00000000e8900000, 0x00000000e8a00000|  0%| F|  |TAMS 0x00000000e8900000, 0x00000000e8900000| Untracked 
| 138|0x00000000e8a00000, 0x00000000e8a00000, 0x00000000e8b00000|  0%| F|  |TAMS 0x00000000e8a00000, 0x00000000e8a00000| Untracked 
| 139|0x00000000e8b00000, 0x00000000e8b00000, 0x00000000e8c00000|  0%| F|  |TAMS 0x00000000e8b00000, 0x00000000e8b00000| Untracked 
| 140|0x00000000e8c00000, 0x00000000e8c00000, 0x00000000e8d00000|  0%| F|  |TAMS 0x00000000e8c00000, 0x00000000e8c00000| Untracked 
| 141|0x00000000e8d00000, 0x00000000e8d00000, 0x00000000e8e00000|  0%| F|  |TAMS 0x00000000e8d00000, 0x00000000e8d00000| Untracked 
| 142|0x00000000e8e00000, 0x00000000e8e00000, 0x00000000e8f00000|  0%| F|  |TAMS 0x00000000e8e00000, 0x00000000e8e00000| Untracked 
| 143|0x00000000e8f00000, 0x00000000e8f00000, 0x00000000e9000000|  0%| F|  |TAMS 0x00000000e8f00000, 0x00000000e8f00000| Untracked 
| 144|0x00000000e9000000, 0x00000000e9000000, 0x00000000e9100000|  0%| F|  |TAMS 0x00000000e9000000, 0x00000000e9000000| Untracked 
| 145|0x00000000e9100000, 0x00000000e9100000, 0x00000000e9200000|  0%| F|  |TAMS 0x00000000e9100000, 0x00000000e9100000| Untracked 
| 146|0x00000000e9200000, 0x00000000e9200000, 0x00000000e9300000|  0%| F|  |TAMS 0x00000000e9200000, 0x00000000e9200000| Untracked 
| 147|0x00000000e9300000, 0x00000000e9300000, 0x00000000e9400000|  0%| F|  |TAMS 0x00000000e9300000, 0x00000000e9300000| Untracked 
| 148|0x00000000e9400000, 0x00000000e9400000, 0x00000000e9500000|  0%| F|  |TAMS 0x00000000e9400000, 0x00000000e9400000| Untracked 
| 149|0x00000000e9500000, 0x00000000e9500000, 0x00000000e9600000|  0%| F|  |TAMS 0x00000000e9500000, 0x00000000e9500000| Untracked 
| 150|0x00000000e9600000, 0x00000000e9600000, 0x00000000e9700000|  0%| F|  |TAMS 0x00000000e9600000, 0x00000000e9600000| Untracked 
| 151|0x00000000e9700000, 0x00000000e9700000, 0x00000000e9800000|  0%| F|  |TAMS 0x00000000e9700000, 0x00000000e9700000| Untracked 
| 152|0x00000000e9800000, 0x00000000e9800000, 0x00000000e9900000|  0%| F|  |TAMS 0x00000000e9800000, 0x00000000e9800000| Untracked 
| 153|0x00000000e9900000, 0x00000000e9900000, 0x00000000e9a00000|  0%| F|  |TAMS 0x00000000e9900000, 0x00000000e9900000| Untracked 
| 154|0x00000000e9a00000, 0x00000000e9a00000, 0x00000000e9b00000|  0%| F|  |TAMS 0x00000000e9a00000, 0x00000000e9a00000| Untracked 
| 155|0x00000000e9b00000, 0x00000000e9b00000, 0x00000000e9c00000|  0%| F|  |TAMS 0x00000000e9b00000, 0x00000000e9b00000| Untracked 
| 156|0x00000000e9c00000, 0x00000000e9c00000, 0x00000000e9d00000|  0%| F|  |TAMS 0x00000000e9c00000, 0x00000000e9c00000| Untracked 
| 157|0x00000000e9d00000, 0x00000000e9d00000, 0x00000000e9e00000|  0%| F|  |TAMS 0x00000000e9d00000, 0x00000000e9d00000| Untracked 
| 158|0x00000000e9e00000, 0x00000000e9e00000, 0x00000000e9f00000|  0%| F|  |TAMS 0x00000000e9e00000, 0x00000000e9e00000| Untracked 
| 159|0x00000000e9f00000, 0x00000000e9f00000, 0x00000000ea000000|  0%| F|  |TAMS 0x00000000e9f00000, 0x00000000e9f00000| Untracked 
| 160|0x00000000ea000000, 0x00000000ea000000, 0x00000000ea100000|  0%| F|  |TAMS 0x00000000ea000000, 0x00000000ea000000| Untracked 
| 161|0x00000000ea100000, 0x00000000ea100000, 0x00000000ea200000|  0%| F|  |TAMS 0x00000000ea100000, 0x00000000ea100000| Untracked 
| 162|0x00000000ea200000, 0x00000000ea200000, 0x00000000ea300000|  0%| F|  |TAMS 0x00000000ea200000, 0x00000000ea200000| Untracked 
| 163|0x00000000ea300000, 0x00000000ea300000, 0x00000000ea400000|  0%| F|  |TAMS 0x00000000ea300000, 0x00000000ea300000| Untracked 
| 164|0x00000000ea400000, 0x00000000ea400000, 0x00000000ea500000|  0%| F|  |TAMS 0x00000000ea400000, 0x00000000ea400000| Untracked 
| 165|0x00000000ea500000, 0x00000000ea500000, 0x00000000ea600000|  0%| F|  |TAMS 0x00000000ea500000, 0x00000000ea500000| Untracked 
| 166|0x00000000ea600000, 0x00000000ea600000, 0x00000000ea700000|  0%| F|  |TAMS 0x00000000ea600000, 0x00000000ea600000| Untracked 
| 167|0x00000000ea700000, 0x00000000ea700000, 0x00000000ea800000|  0%| F|  |TAMS 0x00000000ea700000, 0x00000000ea700000| Untracked 
| 168|0x00000000ea800000, 0x00000000ea800000, 0x00000000ea900000|  0%| F|  |TAMS 0x00000000ea800000, 0x00000000ea800000| Untracked 
| 169|0x00000000ea900000, 0x00000000ea900000, 0x00000000eaa00000|  0%| F|  |TAMS 0x00000000ea900000, 0x00000000ea900000| Untracked 
| 170|0x00000000eaa00000, 0x00000000eaa00000, 0x00000000eab00000|  0%| F|  |TAMS 0x00000000eaa00000, 0x00000000eaa00000| Untracked 
| 171|0x00000000eab00000, 0x00000000eab00000, 0x00000000eac00000|  0%| F|  |TAMS 0x00000000eab00000, 0x00000000eab00000| Untracked 
| 172|0x00000000eac00000, 0x00000000eac00000, 0x00000000ead00000|  0%| F|  |TAMS 0x00000000eac00000, 0x00000000eac00000| Untracked 
| 173|0x00000000ead00000, 0x00000000ead00000, 0x00000000eae00000|  0%| F|  |TAMS 0x00000000ead00000, 0x00000000ead00000| Untracked 
| 174|0x00000000eae00000, 0x00000000eae00000, 0x00000000eaf00000|  0%| F|  |TAMS 0x00000000eae00000, 0x00000000eae00000| Untracked 
| 175|0x00000000eaf00000, 0x00000000eaf00000, 0x00000000eb000000|  0%| F|  |TAMS 0x00000000eaf00000, 0x00000000eaf00000| Untracked 
| 176|0x00000000eb000000, 0x00000000eb000000, 0x00000000eb100000|  0%| F|  |TAMS 0x00000000eb000000, 0x00000000eb000000| Untracked 
| 177|0x00000000eb100000, 0x00000000eb100000, 0x00000000eb200000|  0%| F|  |TAMS 0x00000000eb100000, 0x00000000eb100000| Untracked 
| 178|0x00000000eb200000, 0x00000000eb200000, 0x00000000eb300000|  0%| F|  |TAMS 0x00000000eb200000, 0x00000000eb200000| Untracked 
| 179|0x00000000eb300000, 0x00000000eb300000, 0x00000000eb400000|  0%| F|  |TAMS 0x00000000eb300000, 0x00000000eb300000| Untracked 
| 180|0x00000000eb400000, 0x00000000eb400000, 0x00000000eb500000|  0%| F|  |TAMS 0x00000000eb400000, 0x00000000eb400000| Untracked 
| 181|0x00000000eb500000, 0x00000000eb500000, 0x00000000eb600000|  0%| F|  |TAMS 0x00000000eb500000, 0x00000000eb500000| Untracked 
| 182|0x00000000eb600000, 0x00000000eb600000, 0x00000000eb700000|  0%| F|  |TAMS 0x00000000eb600000, 0x00000000eb600000| Untracked 
| 183|0x00000000eb700000, 0x00000000eb700000, 0x00000000eb800000|  0%| F|  |TAMS 0x00000000eb700000, 0x00000000eb700000| Untracked 
| 184|0x00000000eb800000, 0x00000000eb800000, 0x00000000eb900000|  0%| F|  |TAMS 0x00000000eb800000, 0x00000000eb800000| Untracked 
| 185|0x00000000eb900000, 0x00000000eb900000, 0x00000000eba00000|  0%| F|  |TAMS 0x00000000eb900000, 0x00000000eb900000| Untracked 
| 186|0x00000000eba00000, 0x00000000eba00000, 0x00000000ebb00000|  0%| F|  |TAMS 0x00000000eba00000, 0x00000000eba00000| Untracked 
| 187|0x00000000ebb00000, 0x00000000ebb00000, 0x00000000ebc00000|  0%| F|  |TAMS 0x00000000ebb00000, 0x00000000ebb00000| Untracked 
| 188|0x00000000ebc00000, 0x00000000ebc00000, 0x00000000ebd00000|  0%| F|  |TAMS 0x00000000ebc00000, 0x00000000ebc00000| Untracked 
| 189|0x00000000ebd00000, 0x00000000ebdfecf0, 0x00000000ebe00000| 99%| E|  |TAMS 0x00000000ebd00000, 0x00000000ebd00000| Complete 
| 190|0x00000000ebe00000, 0x00000000ebf00000, 0x00000000ebf00000|100%| E|CS|TAMS 0x00000000ebe00000, 0x00000000ebe00000| Complete 
| 191|0x00000000ebf00000, 0x00000000ec000000, 0x00000000ec000000|100%| E|CS|TAMS 0x00000000ebf00000, 0x00000000ebf00000| Complete 
| 192|0x00000000ec000000, 0x00000000ec100000, 0x00000000ec100000|100%| E|CS|TAMS 0x00000000ec000000, 0x00000000ec000000| Complete 
| 193|0x00000000ec100000, 0x00000000ec200000, 0x00000000ec200000|100%| E|CS|TAMS 0x00000000ec100000, 0x00000000ec100000| Complete 
| 194|0x00000000ec200000, 0x00000000ec300000, 0x00000000ec300000|100%| E|CS|TAMS 0x00000000ec200000, 0x00000000ec200000| Complete 
| 195|0x00000000ec300000, 0x00000000ec400000, 0x00000000ec400000|100%| E|CS|TAMS 0x00000000ec300000, 0x00000000ec300000| Complete 
| 196|0x00000000ec400000, 0x00000000ec500000, 0x00000000ec500000|100%| E|CS|TAMS 0x00000000ec400000, 0x00000000ec400000| Complete 
| 197|0x00000000ec500000, 0x00000000ec600000, 0x00000000ec600000|100%| E|CS|TAMS 0x00000000ec500000, 0x00000000ec500000| Complete 
| 198|0x00000000ec600000, 0x00000000ec700000, 0x00000000ec700000|100%| E|CS|TAMS 0x00000000ec600000, 0x00000000ec600000| Complete 
| 199|0x00000000ec700000, 0x00000000ec800000, 0x00000000ec800000|100%| E|CS|TAMS 0x00000000ec700000, 0x00000000ec700000| Complete 
| 200|0x00000000ec800000, 0x00000000ec900000, 0x00000000ec900000|100%| E|CS|TAMS 0x00000000ec800000, 0x00000000ec800000| Complete 
| 201|0x00000000ec900000, 0x00000000eca00000, 0x00000000eca00000|100%| E|CS|TAMS 0x00000000ec900000, 0x00000000ec900000| Complete 
| 202|0x00000000eca00000, 0x00000000ecb00000, 0x00000000ecb00000|100%| E|CS|TAMS 0x00000000eca00000, 0x00000000eca00000| Complete 
| 203|0x00000000ecb00000, 0x00000000ecc00000, 0x00000000ecc00000|100%| E|CS|TAMS 0x00000000ecb00000, 0x00000000ecb00000| Complete 
| 204|0x00000000ecc00000, 0x00000000ecd00000, 0x00000000ecd00000|100%| E|CS|TAMS 0x00000000ecc00000, 0x00000000ecc00000| Complete 
| 205|0x00000000ecd00000, 0x00000000ece00000, 0x00000000ece00000|100%| E|CS|TAMS 0x00000000ecd00000, 0x00000000ecd00000| Complete 
| 206|0x00000000ece00000, 0x00000000ecf00000, 0x00000000ecf00000|100%| E|CS|TAMS 0x00000000ece00000, 0x00000000ece00000| Complete 
| 207|0x00000000ecf00000, 0x00000000ed000000, 0x00000000ed000000|100%| E|CS|TAMS 0x00000000ecf00000, 0x00000000ecf00000| Complete 
| 208|0x00000000ed000000, 0x00000000ed100000, 0x00000000ed100000|100%| E|CS|TAMS 0x00000000ed000000, 0x00000000ed000000| Complete 
| 209|0x00000000ed100000, 0x00000000ed200000, 0x00000000ed200000|100%| E|CS|TAMS 0x00000000ed100000, 0x00000000ed100000| Complete 
| 210|0x00000000ed200000, 0x00000000ed300000, 0x00000000ed300000|100%| E|CS|TAMS 0x00000000ed200000, 0x00000000ed200000| Complete 
| 211|0x00000000ed300000, 0x00000000ed400000, 0x00000000ed400000|100%| E|CS|TAMS 0x00000000ed300000, 0x00000000ed300000| Complete 
| 212|0x00000000ed400000, 0x00000000ed500000, 0x00000000ed500000|100%| E|CS|TAMS 0x00000000ed400000, 0x00000000ed400000| Complete 
| 213|0x00000000ed500000, 0x00000000ed600000, 0x00000000ed600000|100%| E|CS|TAMS 0x00000000ed500000, 0x00000000ed500000| Complete 
| 214|0x00000000ed600000, 0x00000000ed700000, 0x00000000ed700000|100%| E|CS|TAMS 0x00000000ed600000, 0x00000000ed600000| Complete 
| 215|0x00000000ed700000, 0x00000000ed800000, 0x00000000ed800000|100%| E|CS|TAMS 0x00000000ed700000, 0x00000000ed700000| Complete 
| 216|0x00000000ed800000, 0x00000000ed900000, 0x00000000ed900000|100%| E|CS|TAMS 0x00000000ed800000, 0x00000000ed800000| Complete 
| 217|0x00000000ed900000, 0x00000000eda00000, 0x00000000eda00000|100%| E|CS|TAMS 0x00000000ed900000, 0x00000000ed900000| Complete 
| 218|0x00000000eda00000, 0x00000000edb00000, 0x00000000edb00000|100%| E|CS|TAMS 0x00000000eda00000, 0x00000000eda00000| Complete 
| 219|0x00000000edb00000, 0x00000000edc00000, 0x00000000edc00000|100%| E|CS|TAMS 0x00000000edb00000, 0x00000000edb00000| Complete 
| 220|0x00000000edc00000, 0x00000000edd00000, 0x00000000edd00000|100%| E|CS|TAMS 0x00000000edc00000, 0x00000000edc00000| Complete 
| 221|0x00000000edd00000, 0x00000000ede00000, 0x00000000ede00000|100%| E|CS|TAMS 0x00000000edd00000, 0x00000000edd00000| Complete 
| 222|0x00000000ede00000, 0x00000000edf00000, 0x00000000edf00000|100%| E|CS|TAMS 0x00000000ede00000, 0x00000000ede00000| Complete 
| 223|0x00000000edf00000, 0x00000000ee000000, 0x00000000ee000000|100%| E|CS|TAMS 0x00000000edf00000, 0x00000000edf00000| Complete 
| 224|0x00000000ee000000, 0x00000000ee100000, 0x00000000ee100000|100%| E|CS|TAMS 0x00000000ee000000, 0x00000000ee000000| Complete 
| 225|0x00000000ee100000, 0x00000000ee200000, 0x00000000ee200000|100%| E|CS|TAMS 0x00000000ee100000, 0x00000000ee100000| Complete 
| 226|0x00000000ee200000, 0x00000000ee300000, 0x00000000ee300000|100%| E|CS|TAMS 0x00000000ee200000, 0x00000000ee200000| Complete 
| 227|0x00000000ee300000, 0x00000000ee400000, 0x00000000ee400000|100%| E|CS|TAMS 0x00000000ee300000, 0x00000000ee300000| Complete 
| 228|0x00000000ee400000, 0x00000000ee500000, 0x00000000ee500000|100%| E|CS|TAMS 0x00000000ee400000, 0x00000000ee400000| Complete 
| 229|0x00000000ee500000, 0x00000000ee600000, 0x00000000ee600000|100%| E|CS|TAMS 0x00000000ee500000, 0x00000000ee500000| Complete 
| 230|0x00000000ee600000, 0x00000000ee700000, 0x00000000ee700000|100%| E|CS|TAMS 0x00000000ee600000, 0x00000000ee600000| Complete 
| 231|0x00000000ee700000, 0x00000000ee800000, 0x00000000ee800000|100%| E|CS|TAMS 0x00000000ee700000, 0x00000000ee700000| Complete 
| 232|0x00000000ee800000, 0x00000000ee900000, 0x00000000ee900000|100%| E|CS|TAMS 0x00000000ee800000, 0x00000000ee800000| Complete 
| 233|0x00000000ee900000, 0x00000000eea00000, 0x00000000eea00000|100%| E|CS|TAMS 0x00000000ee900000, 0x00000000ee900000| Complete 
| 234|0x00000000eea00000, 0x00000000eeb00000, 0x00000000eeb00000|100%| E|CS|TAMS 0x00000000eea00000, 0x00000000eea00000| Complete 
| 235|0x00000000eeb00000, 0x00000000eec00000, 0x00000000eec00000|100%| E|CS|TAMS 0x00000000eeb00000, 0x00000000eeb00000| Complete 
| 236|0x00000000eec00000, 0x00000000eed00000, 0x00000000eed00000|100%| E|CS|TAMS 0x00000000eec00000, 0x00000000eec00000| Complete 
| 237|0x00000000eed00000, 0x00000000eee00000, 0x00000000eee00000|100%| E|CS|TAMS 0x00000000eed00000, 0x00000000eed00000| Complete 
| 238|0x00000000eee00000, 0x00000000eef00000, 0x00000000eef00000|100%| E|CS|TAMS 0x00000000eee00000, 0x00000000eee00000| Complete 
| 239|0x00000000eef00000, 0x00000000ef000000, 0x00000000ef000000|100%| E|CS|TAMS 0x00000000eef00000, 0x00000000eef00000| Complete 
| 240|0x00000000ef000000, 0x00000000ef100000, 0x00000000ef100000|100%| E|CS|TAMS 0x00000000ef000000, 0x00000000ef000000| Complete 
| 241|0x00000000ef100000, 0x00000000ef200000, 0x00000000ef200000|100%| E|CS|TAMS 0x00000000ef100000, 0x00000000ef100000| Complete 
| 242|0x00000000ef200000, 0x00000000ef300000, 0x00000000ef300000|100%| E|CS|TAMS 0x00000000ef200000, 0x00000000ef200000| Complete 
| 243|0x00000000ef300000, 0x00000000ef400000, 0x00000000ef400000|100%| E|CS|TAMS 0x00000000ef300000, 0x00000000ef300000| Complete 
| 244|0x00000000ef400000, 0x00000000ef500000, 0x00000000ef500000|100%| E|CS|TAMS 0x00000000ef400000, 0x00000000ef400000| Complete 
| 245|0x00000000ef500000, 0x00000000ef600000, 0x00000000ef600000|100%| E|CS|TAMS 0x00000000ef500000, 0x00000000ef500000| Complete 
| 246|0x00000000ef600000, 0x00000000ef700000, 0x00000000ef700000|100%| E|CS|TAMS 0x00000000ef600000, 0x00000000ef600000| Complete 
| 247|0x00000000ef700000, 0x00000000ef800000, 0x00000000ef800000|100%| E|CS|TAMS 0x00000000ef700000, 0x00000000ef700000| Complete 
| 248|0x00000000ef800000, 0x00000000ef900000, 0x00000000ef900000|100%| E|CS|TAMS 0x00000000ef800000, 0x00000000ef800000| Complete 
| 249|0x00000000ef900000, 0x00000000efa00000, 0x00000000efa00000|100%| E|CS|TAMS 0x00000000ef900000, 0x00000000ef900000| Complete 
| 250|0x00000000efa00000, 0x00000000efb00000, 0x00000000efb00000|100%| E|CS|TAMS 0x00000000efa00000, 0x00000000efa00000| Complete 
| 251|0x00000000efb00000, 0x00000000efc00000, 0x00000000efc00000|100%| E|CS|TAMS 0x00000000efb00000, 0x00000000efb00000| Complete 
| 252|0x00000000efc00000, 0x00000000efd00000, 0x00000000efd00000|100%| E|CS|TAMS 0x00000000efc00000, 0x00000000efc00000| Complete 
| 253|0x00000000efd00000, 0x00000000efe00000, 0x00000000efe00000|100%| E|CS|TAMS 0x00000000efd00000, 0x00000000efd00000| Complete 
| 254|0x00000000efe00000, 0x00000000eff00000, 0x00000000eff00000|100%| E|CS|TAMS 0x00000000efe00000, 0x00000000efe00000| Complete 
| 255|0x00000000eff00000, 0x00000000f0000000, 0x00000000f0000000|100%| E|CS|TAMS 0x00000000eff00000, 0x00000000eff00000| Complete 

Card table byte_map: [0x000002bbee740000,0x000002bbee840000] _byte_map_base: 0x000002bbee040000

Marking Bits (Prev, Next): (CMBitMap*) 0x000002bbd4e9c640, (CMBitMap*) 0x000002bbd4e9c680
 Prev Bits: [0x000002bbee940000, 0x000002bbef140000)
 Next Bits: [0x000002bbef140000, 0x000002bbef940000)

Polling page: 0x000002bbd4630000

Metaspace:

Usage:
  Non-class:     46.48 MB used.
      Class:      7.40 MB used.
       Both:     53.88 MB used.

Virtual space:
  Non-class space:       64.00 MB reserved,      46.81 MB ( 73%) committed,  1 nodes.
      Class space:      320.00 MB reserved,       7.69 MB (  2%) committed,  1 nodes.
             Both:      384.00 MB reserved,      54.50 MB ( 14%) committed. 

Chunk freelists:
   Non-Class:  1.12 MB
       Class:  8.34 MB
        Both:  9.46 MB

MaxMetaspaceSize: 384.00 MB
CompressedClassSpaceSize: 320.00 MB
Initial GC threshold: 21.00 MB
Current GC threshold: 59.31 MB
CDS: on
MetaspaceReclaimPolicy: balanced
 - commit_granule_bytes: 65536.
 - commit_granule_words: 8192.
 - virtual_space_node_default_size: 8388608.
 - enlarge_chunks_in_place: 1.
 - new_chunks_are_fully_committed: 0.
 - uncommit_free_chunks: 1.
 - use_allocation_guard: 0.
 - handle_deallocations: 1.


Internal statistics:

num_allocs_failed_limit: 9.
num_arena_births: 824.
num_arena_deaths: 0.
num_vsnodes_births: 2.
num_vsnodes_deaths: 0.
num_space_committed: 872.
num_space_uncommitted: 0.
num_chunks_returned_to_freelist: 9.
num_chunks_taken_from_freelist: 3121.
num_chunk_merges: 9.
num_chunk_splits: 1973.
num_chunks_enlarged: 1199.
num_inconsistent_stats: 0.

CodeHeap 'non-profiled nmethods': size=117760Kb used=3434Kb max_used=3908Kb free=114325Kb
 bounds [0x000002bbe68a0000, 0x000002bbe6c80000, 0x000002bbedba0000]
CodeHeap 'profiled nmethods': size=117760Kb used=17343Kb max_used=19747Kb free=100416Kb
 bounds [0x000002bbdeba0000, 0x000002bbdfef0000, 0x000002bbe5ea0000]
CodeHeap 'non-nmethods': size=10240Kb used=2345Kb max_used=4616Kb free=7894Kb
 bounds [0x000002bbe5ea0000, 0x000002bbe6330000, 0x000002bbe68a0000]
 total_blobs=8499 nmethods=7652 adapters=751
 compilation: enabled
              stopped_count=0, restarted_count=0
 full_count=0

JVMCI Events (20 events):
Event: 3094.946 Thread 0x000002bbf2b39b10 initialized JVMCI runtime 2
Event: 3094.957 Thread 0x000002bbf2b39b10 compacted oop handles in JVMCI runtime 2 from 58 to 56
Event: 3095.972 Thread 0x000002bbf2b39b10 detaching from JVMCI runtime 2: releasing idle compiler thread (0 other threads still attached)
Event: 3095.972 Thread 0x000002bbf2b39b10 shutting down HotSpotJVMCIRuntime for JVMCI runtime 2
Event: 3095.973 Thread 0x000002bbf2b39b10 shut down JVMCI runtime 2
Event: 3095.974 Thread 0x000002bbf2b39b10 destroyed JavaVM[121]@0x000002bbf80978f0 for JVMCI runtime 2
Event: 3095.974 Thread 0x000002bbf2b39b10 releasing handles for JVMCI runtime 2: oop handles=58, metadata handles={total=96, live=92, blocks=36}
Event: 3095.974 Thread 0x000002bbf2b39b10 detached from JVMCI runtime 2
Event: 3098.400 Thread 0x000002bbf2b39b10 attached to JVMCI runtime 2
Event: 3098.402 Thread 0x000002bbf2b39b10 created JavaVM[122]@0x000002bbf80978f0 for JVMCI runtime 2
Event: 3098.402 Thread 0x000002bbf2b39b10 initializing JVMCI runtime 2
Event: 3098.402 Thread 0x000002bbf2b39b10 done waiting for JavaVM references initialization in JVMCI runtime 2
Event: 3098.402 Thread 0x000002bbf2b39b10 initialized JVMCI runtime 2
Event: 3099.422 Thread 0x000002bbf2b39b10 detaching from JVMCI runtime 2: releasing idle compiler thread (0 other threads still attached)
Event: 3099.422 Thread 0x000002bbf2b39b10 shutting down HotSpotJVMCIRuntime for JVMCI runtime 2
Event: 3099.422 Thread 0x000002bbf2b39b10 shut down JVMCI runtime 2
Event: 3099.423 Thread 0x000002bbf2b39b10 destroyed JavaVM[122]@0x000002bbf80978f0 for JVMCI runtime 2
Event: 3099.423 Thread 0x000002bbf2b39b10 releasing handles for JVMCI runtime 2: oop handles=48, metadata handles={total=96, live=95, blocks=36}
Event: 3099.423 Thread 0x000002bbf2b39b10 detached from JVMCI runtime 2
Event: 3107.427 Thread 0x000002bbf2b39b10 attached to JVMCI runtime 2

Compilation events (20 events):
Event: 3052.545 Thread 0x000002bb967cf4b0 9209       3       java.lang.String::<init> (74 bytes)
Event: 3052.545 Thread 0x000002bb967cdf70 9210   !   3       org.gradle.internal.io.StreamByteBuffer::readAsCharBuffer (383 bytes)
Event: 3052.545 Thread 0x000002bb967cf4b0 nmethod 9209 0x000002bbdecbbc90 code [0x000002bbdecbbe60, 0x000002bbdecbc278]
Event: 3052.546 Thread 0x000002bbf2b39b10 nmethod 9180 0x000002bbe6c04610 code [0x000002bbe6c04780, 0x000002bbe6c047f8]
Event: 3052.546 Thread 0x000002bbf2b39b10 9183       4       sun.nio.cs.SingleByte$Decoder::decode (11 bytes)
Event: 3052.547 Thread 0x000002bbf2b39b10 nmethod 9183 0x000002bbe6a19d90 code [0x000002bbe6a19f00, 0x000002bbe6a19fc0]
Event: 3052.547 Thread 0x000002bb967cdf70 nmethod 9210 0x000002bbdf582010 code [0x000002bbdf582560, 0x000002bbdf585fe8]
Event: 3052.550 Thread 0x000002bb967cea10 nmethod 9203 0x000002bbe6b02e90 code [0x000002bbe6b03000, 0x000002bbe6b03070]
Event: 3052.552 Thread 0x000002bb967cfa00 nmethod 9202 0x000002bbe6ab3110 code [0x000002bbe6ab3280, 0x000002bbe6ab3300]
Event: 3052.557 Thread 0x000002bb967cdf70 9211       3       org.gradle.internal.logging.serializer.SpanSerializer::write (25 bytes)
Event: 3052.557 Thread 0x000002bb967cdf70 nmethod 9211 0x000002bbdf19de10 code [0x000002bbdf19dfc0, 0x000002bbdf19e578]
Event: 3078.354 Thread 0x000002bbf2b39b10 9212       4       java.lang.StringLatin1::getChars (12 bytes)
Event: 3078.363 Thread 0x000002bbf2b39b10 nmethod 9212 0x000002bbe6bc9010 code [0x000002bbe6bc9180, 0x000002bbe6bc9288]
Event: 3094.944 Thread 0x000002bbf2b39b10 9213   !   4       java.nio.ByteBuffer::wrap (21 bytes)
Event: 3094.957 Thread 0x000002bbf2b39b10 nmethod 9213 0x000002bbe6a6d810 code [0x000002bbe6a6d980, 0x000002bbe6a6db08]
Event: 3094.957 Thread 0x000002bbf2b39b10 9214 %     4       java.lang.StringUTF16::compress @ 3 (50 bytes)
Event: 3094.961 Thread 0x000002bbf2b39b10 nmethod 9214% 0x000002bbe6aed390 code [0x000002bbe6aed520, 0x000002bbe6aed860]
Event: 3098.400 Thread 0x000002bbf2b39b10 9215 %     4       com.esotericsoftware.kryo.io.Output::writeString @ 65 (125 bytes)
Event: 3098.417 Thread 0x000002bbf2b39b10 nmethod 9215% 0x000002bbe6a87790 code [0x000002bbe6a87960, 0x000002bbe6a87fa0]
Event: 3107.427 Thread 0x000002bbf2b39b10 9216       4       java.lang.StringUTF16::compress (50 bytes)

GC Heap History (18 events):
Event: 0.360 GC heap before
{Heap before GC invocations=0 (full 0):
 garbage-first heap   total 262144K, used 26624K [0x00000000e0000000, 0x0000000100000000)
  region size 1024K, 23 young (23552K), 0 survivors (0K)
 Metaspace       used 3367K, committed 3584K, reserved 393216K
  class space    used 382K, committed 512K, reserved 327680K
}
Event: 0.363 GC heap after
{Heap after GC invocations=1 (full 0):
 garbage-first heap   total 262144K, used 11152K [0x00000000e0000000, 0x0000000100000000)
  region size 1024K, 3 young (3072K), 3 survivors (3072K)
 Metaspace       used 3367K, committed 3584K, reserved 393216K
  class space    used 382K, committed 512K, reserved 327680K
}
Event: 0.634 GC heap before
{Heap before GC invocations=1 (full 0):
 garbage-first heap   total 262144K, used 37776K [0x00000000e0000000, 0x0000000100000000)
  region size 1024K, 29 young (29696K), 3 survivors (3072K)
 Metaspace       used 4720K, committed 4864K, reserved 393216K
  class space    used 525K, committed 576K, reserved 327680K
}
Event: 0.636 GC heap after
{Heap after GC invocations=2 (full 0):
 garbage-first heap   total 262144K, used 12523K [0x00000000e0000000, 0x0000000100000000)
  region size 1024K, 1 young (1024K), 1 survivors (1024K)
 Metaspace       used 4720K, committed 4864K, reserved 393216K
  class space    used 525K, committed 576K, reserved 327680K
}
Event: 1.919 GC heap before
{Heap before GC invocations=2 (full 0):
 garbage-first heap   total 262144K, used 124139K [0x00000000e0000000, 0x0000000100000000)
  region size 1024K, 110 young (112640K), 1 survivors (1024K)
 Metaspace       used 21199K, committed 21504K, reserved 393216K
  class space    used 2995K, committed 3136K, reserved 327680K
}
Event: 1.929 GC heap after
{Heap after GC invocations=3 (full 0):
 garbage-first heap   total 262144K, used 22768K [0x00000000e0000000, 0x0000000100000000)
  region size 1024K, 11 young (11264K), 11 survivors (11264K)
 Metaspace       used 21199K, committed 21504K, reserved 393216K
  class space    used 2995K, committed 3136K, reserved 327680K
}
Event: 2.947 GC heap before
{Heap before GC invocations=4 (full 0):
 garbage-first heap   total 262144K, used 138480K [0x00000000e0000000, 0x0000000100000000)
  region size 1024K, 121 young (123904K), 11 survivors (11264K)
 Metaspace       used 35560K, committed 35968K, reserved 393216K
  class space    used 4728K, committed 4928K, reserved 327680K
}
Event: 2.954 GC heap after
{Heap after GC invocations=5 (full 0):
 garbage-first heap   total 262144K, used 32253K [0x00000000e0000000, 0x0000000100000000)
  region size 1024K, 20 young (20480K), 20 survivors (20480K)
 Metaspace       used 35560K, committed 35968K, reserved 393216K
  class space    used 4728K, committed 4928K, reserved 327680K
}
Event: 2.966 GC heap before
{Heap before GC invocations=5 (full 0):
 garbage-first heap   total 262144K, used 32253K [0x00000000e0000000, 0x0000000100000000)
  region size 1024K, 21 young (21504K), 20 survivors (20480K)
 Metaspace       used 35726K, committed 36096K, reserved 393216K
  class space    used 4757K, committed 4928K, reserved 327680K
}
Event: 2.972 GC heap after
{Heap after GC invocations=6 (full 0):
 garbage-first heap   total 262144K, used 32267K [0x00000000e0000000, 0x0000000100000000)
  region size 1024K, 2 young (2048K), 2 survivors (2048K)
 Metaspace       used 35726K, committed 36096K, reserved 393216K
  class space    used 4757K, committed 4928K, reserved 327680K
}
Event: 2.985 GC heap before
{Heap before GC invocations=6 (full 0):
 garbage-first heap   total 262144K, used 33291K [0x00000000e0000000, 0x0000000100000000)
  region size 1024K, 4 young (4096K), 2 survivors (2048K)
 Metaspace       used 35866K, committed 36288K, reserved 393216K
  class space    used 4776K, committed 4992K, reserved 327680K
}
Event: 2.986 GC heap after
{Heap after GC invocations=7 (full 0):
 garbage-first heap   total 262144K, used 30960K [0x00000000e0000000, 0x0000000100000000)
  region size 1024K, 1 young (1024K), 1 survivors (1024K)
 Metaspace       used 35866K, committed 36288K, reserved 393216K
  class space    used 4776K, committed 4992K, reserved 327680K
}
Event: 4.122 GC heap before
{Heap before GC invocations=8 (full 0):
 garbage-first heap   total 262144K, used 187632K [0x00000000e0000000, 0x0000000100000000)
  region size 1024K, 153 young (156672K), 1 survivors (1024K)
 Metaspace       used 47650K, committed 48192K, reserved 393216K
  class space    used 6555K, committed 6784K, reserved 327680K
}
Event: 4.127 GC heap after
{Heap after GC invocations=9 (full 0):
 garbage-first heap   total 262144K, used 40072K [0x00000000e0000000, 0x0000000100000000)
  region size 1024K, 10 young (10240K), 10 survivors (10240K)
 Metaspace       used 47650K, committed 48192K, reserved 393216K
  class space    used 6555K, committed 6784K, reserved 327680K
}
Event: 4.136 GC heap before
{Heap before GC invocations=9 (full 0):
 garbage-first heap   total 262144K, used 42120K [0x00000000e0000000, 0x0000000100000000)
  region size 1024K, 12 young (12288K), 10 survivors (10240K)
 Metaspace       used 47662K, committed 48192K, reserved 393216K
  class space    used 6556K, committed 6784K, reserved 327680K
}
Event: 4.140 GC heap after
{Heap after GC invocations=10 (full 0):
 garbage-first heap   total 262144K, used 41256K [0x00000000e0000000, 0x0000000100000000)
  region size 1024K, 2 young (2048K), 2 survivors (2048K)
 Metaspace       used 47662K, committed 48192K, reserved 393216K
  class space    used 6556K, committed 6784K, reserved 327680K
}
Event: 2383.265 GC heap before
{Heap before GC invocations=10 (full 0):
 garbage-first heap   total 262144K, used 193832K [0x00000000e0000000, 0x0000000100000000)
  region size 1024K, 152 young (155648K), 2 survivors (2048K)
 Metaspace       used 54360K, committed 55040K, reserved 393216K
  class space    used 7550K, committed 7808K, reserved 327680K
}
Event: 2383.269 GC heap after
{Heap after GC invocations=11 (full 0):
 garbage-first heap   total 262144K, used 48743K [0x00000000e0000000, 0x0000000100000000)
  region size 1024K, 9 young (9216K), 9 survivors (9216K)
 Metaspace       used 54360K, committed 55040K, reserved 393216K
  class space    used 7550K, committed 7808K, reserved 327680K
}

Dll operation events (15 events):
Event: 0.004 Loaded shared library C:\Users\Aiden\.jdks\graalvm-jdk-17.0.9\bin\java.dll
Event: 0.018 Loaded shared library C:\Users\Aiden\.jdks\graalvm-jdk-17.0.9\bin\jsvml.dll
Event: 0.056 Loaded shared library C:\Users\Aiden\.jdks\graalvm-jdk-17.0.9\bin\zip.dll
Event: 0.057 Loaded shared library C:\Users\Aiden\.jdks\graalvm-jdk-17.0.9\bin\instrument.dll
Event: 0.060 Loaded shared library C:\Users\Aiden\.jdks\graalvm-jdk-17.0.9\bin\net.dll
Event: 0.061 Loaded shared library C:\Users\Aiden\.jdks\graalvm-jdk-17.0.9\bin\nio.dll
Event: 0.063 Loaded shared library C:\Users\Aiden\.jdks\graalvm-jdk-17.0.9\bin\jvmcicompiler.dll
Event: 0.064 Loaded shared library C:\Users\Aiden\.jdks\graalvm-jdk-17.0.9\bin\zip.dll
Event: 0.073 Loaded shared library C:\Users\Aiden\.jdks\graalvm-jdk-17.0.9\bin\jimage.dll
Event: 0.227 Loaded shared library C:\Users\Aiden\.jdks\graalvm-jdk-17.0.9\bin\verify.dll
Event: 0.325 Loaded shared library C:\Users\Aiden\.gradle\native\c067742578af261105cb4f569cf0c3c89f3d7b1fecec35dd04571415982c5e48\windows-amd64\native-platform.dll
Event: 0.328 Loaded shared library C:\Users\Aiden\.gradle\native\38dada09dfb8b06ba9b0570ebf7e218e3eb74d4ef43ca46872605cf95ebc2f47\windows-amd64\native-platform-file-events.dll
Event: 0.829 Loaded shared library C:\Users\Aiden\.jdks\graalvm-jdk-17.0.9\bin\management.dll
Event: 0.831 Loaded shared library C:\Users\Aiden\.jdks\graalvm-jdk-17.0.9\bin\management_ext.dll
Event: 1.075 Loaded shared library C:\Users\Aiden\.jdks\graalvm-jdk-17.0.9\bin\sunmscapi.dll

Deoptimization events (20 events):
Event: 3052.529 Thread 0x000002bb95e23030 DEOPT PACKING pc=0x000002bbe6b6c9a0 sp=0x000000f3804fe5a0
Event: 3052.529 Thread 0x000002bb95e23030 DEOPT UNPACKING pc=0x000002bbe5ef6f45 sp=0x000000f3804fd8f8 mode 3
Event: 3052.529 Thread 0x000002bb95e23030 Uncommon trap: trap_request=0xffffffed fr.pc=0x000002bbe6b5c1af relative=0x000000000000032f
Event: 3052.529 Thread 0x000002bb95e23030 Uncommon trap: reason=null_assert_or_unreached0 action=reinterpret pc=0x000002bbe6b5c1af method=java.lang.System$2.encodeASCII([CI[BII)I @ 10 jvmci
Event: 3052.529 Thread 0x000002bb95e23030 DEOPT PACKING pc=0x000002bbe6b5c1af sp=0x000000f3804fe330
Event: 3052.529 Thread 0x000002bb95e23030 DEOPT UNPACKING pc=0x000002bbe5ef6f45 sp=0x000000f3804fd648 mode 3
Event: 3052.529 Thread 0x000002bb95e23030 Uncommon trap: trap_request=0xffffffed fr.pc=0x000002bbe6b6a920 relative=0x0000000000000940
Event: 3052.529 Thread 0x000002bb95e23030 Uncommon trap: reason=null_assert_or_unreached0 action=reinterpret pc=0x000002bbe6b6a920 method=java.io.BufferedWriter.write(Ljava/lang/String;II)V @ 8 jvmci
Event: 3052.529 Thread 0x000002bb95e23030 DEOPT PACKING pc=0x000002bbe6b6a920 sp=0x000000f3804fe530
Event: 3052.529 Thread 0x000002bb95e23030 DEOPT UNPACKING pc=0x000002bbe5ef6f45 sp=0x000000f3804fd8f0 mode 3
Event: 3052.529 Thread 0x000002bb95e23030 Uncommon trap: trap_request=0xffffffed fr.pc=0x000002bbe6b5a76f relative=0x000000000000034f
Event: 3052.529 Thread 0x000002bb95e23030 Uncommon trap: reason=null_assert_or_unreached0 action=reinterpret pc=0x000002bbe6b5a76f method=java.io.BufferedWriter.write(Ljava/lang/String;II)V @ 8 jvmci
Event: 3052.529 Thread 0x000002bb95e23030 DEOPT PACKING pc=0x000002bbe6b5a76f sp=0x000000f3804fe460
Event: 3052.529 Thread 0x000002bb95e23030 DEOPT UNPACKING pc=0x000002bbe5ef6f45 sp=0x000000f3804fd8e0 mode 3
Event: 3052.541 Thread 0x000002bbfec43f60 Uncommon trap: trap_request=0xffffffed fr.pc=0x000002bbe6c1bb9e relative=0x000000000000095e
Event: 3052.541 Thread 0x000002bbfec43f60 Uncommon trap: reason=null_assert_or_unreached0 action=reinterpret pc=0x000002bbe6c1bb9e method=com.esotericsoftware.kryo.io.Output.writeString(Ljava/lang/CharSequence;)V @ 77 jvmci
Event: 3052.541 Thread 0x000002bbfec43f60 DEOPT PACKING pc=0x000002bbe6c1bb9e sp=0x000000f3808ff1d0
Event: 3052.541 Thread 0x000002bbfec43f60 DEOPT UNPACKING pc=0x000002bbe5ef6f45 sp=0x000000f3808fe5b0 mode 3
Event: 3107.427 Thread 0x000002bb95e23030 DEOPT PACKING pc=0x000002bbdec07b7e sp=0x000000f3804fec50
Event: 3107.427 Thread 0x000002bb95e23030 DEOPT UNPACKING pc=0x000002bbe5ef6f45 sp=0x000000f3804fe0c0 mode 0

Classes unloaded (0 events):
No events

Classes redefined (0 events):
No events

Internal exceptions (20 events):
Event: 2381.175 Thread 0x000002bbff6fbf30 Implicit null exception at 0x000002bbe6b79371 to 0x000002bbe6b798d6
Event: 2381.175 Thread 0x000002bbff6fbf30 Implicit null exception at 0x000002bbe6b553c1 to 0x000002bbe6b55590
Event: 2381.185 Thread 0x000002bbff6fbf30 Implicit null exception at 0x000002bbe6b77e76 to 0x000002bbe6b7812a
Event: 2381.247 Thread 0x000002bbf2b322b0 Exception <a 'java/lang/NoSuchMethodError'{0x00000000e6e73318}: static Lorg/gradle/tooling/internal/provider/serialization/ClassLoaderDetails;.<clinit>()V> (0x00000000e6e73318) 
thrown [s\src\hotspot\share\prims\jni.cpp, line 1107]
Event: 2381.248 Thread 0x000002bbf2b322b0 Exception <a 'java/lang/NoSuchMethodError'{0x00000000e6ce73b8}: static Lorg/gradle/tooling/internal/provider/serialization/WellKnownClassLoaderRegistry$KnownClassLoaderSpec;.<clinit>()V> (0x00000000e6ce73b8) 
thrown [s\src\hotspot\share\prims\jni.cpp, line 1107]
Event: 2381.248 Thread 0x000002bbf2b322b0 Exception <a 'java/lang/NoSuchMethodError'{0x00000000e6ce8a30}: static Lorg/gradle/internal/classloader/ClassLoaderSpec;.<clinit>()V> (0x00000000e6ce8a30) 
thrown [s\src\hotspot\share\prims\jni.cpp, line 1107]
Event: 2381.249 Thread 0x000002bbf2b322b0 Exception <a 'java/lang/NoSuchMethodError'{0x00000000e6cfb2d8}: static Lorg/gradle/internal/classloader/ClassLoaderSpec;.<clinit>()V> (0x00000000e6cfb2d8) 
thrown [s\src\hotspot\share\prims\jni.cpp, line 1107]
Event: 2381.249 Thread 0x000002bbf2b322b0 Exception <a 'java/lang/NoSuchMethodError'{0x00000000e6b07c50}: static Lorg/gradle/internal/classloader/VisitableURLClassLoader$Spec;.<clinit>()V> (0x00000000e6b07c50) 
thrown [s\src\hotspot\share\prims\jni.cpp, line 1107]
Event: 2383.244 Thread 0x000002bbff6fbf30 Exception <a 'sun/nio/fs/WindowsException'{0x00000000e6969888}> (0x00000000e6969888) 
thrown [s\src\hotspot\share\prims\jni.cpp, line 516]
Event: 2383.244 Thread 0x000002bbff6fbf30 Exception <a 'sun/nio/fs/WindowsException'{0x00000000e696ae10}> (0x00000000e696ae10) 
thrown [s\src\hotspot\share\prims\jni.cpp, line 516]
Event: 2383.244 Thread 0x000002bbff6fbf30 Exception <a 'sun/nio/fs/WindowsException'{0x00000000e696c398}> (0x00000000e696c398) 
thrown [s\src\hotspot\share\prims\jni.cpp, line 516]
Event: 2383.244 Thread 0x000002bbff6fbf30 Exception <a 'sun/nio/fs/WindowsException'{0x00000000e696d900}> (0x00000000e696d900) 
thrown [s\src\hotspot\share\prims\jni.cpp, line 516]
Event: 2383.255 Thread 0x000002bbff6fbf30 Implicit null exception at 0x000002bbe6b2bd07 to 0x000002bbe6b2be58
Event: 2383.256 Thread 0x000002bbff6fbf30 Implicit null exception at 0x000002bbe6b2c6d0 to 0x000002bbe6b2c81c
Event: 2383.330 Thread 0x000002bbfd8425e0 Exception <a 'java/lang/NoSuchMethodError'{0x00000000ef305d98}: 'int java.lang.invoke.DirectMethodHandle$Holder.invokeSpecial(java.lang.Object, java.lang.Object, java.lang.Object, java.lang.Object, java.lang.Object)'> (0x00000000ef305d98) 
thrown [s\src\hotspot\share\interpreter\linkResolver.cpp, line 759]
Event: 3036.882 Thread 0x000002bbfd847f50 Exception <a 'java/lang/reflect/InvocationTargetException'{0x00000000ef1929f8}> (0x00000000ef1929f8) 
thrown [s\src\hotspot\share\runtime\reflection.cpp, line 1121]
Event: 3038.036 Thread 0x000002bbff6fbf30 Exception <a 'sun/nio/fs/WindowsException'{0x00000000ed6d4d38}> (0x00000000ed6d4d38) 
thrown [s\src\hotspot\share\prims\jni.cpp, line 516]
Event: 3038.036 Thread 0x000002bbff6fbf30 Exception <a 'sun/nio/fs/WindowsException'{0x00000000ed6d62c0}> (0x00000000ed6d62c0) 
thrown [s\src\hotspot\share\prims\jni.cpp, line 516]
Event: 3038.036 Thread 0x000002bbff6fbf30 Exception <a 'sun/nio/fs/WindowsException'{0x00000000ed6d7848}> (0x00000000ed6d7848) 
thrown [s\src\hotspot\share\prims\jni.cpp, line 516]
Event: 3038.036 Thread 0x000002bbff6fbf30 Exception <a 'sun/nio/fs/WindowsException'{0x00000000ed6d8db0}> (0x00000000ed6d8db0) 
thrown [s\src\hotspot\share\prims\jni.cpp, line 516]

VM Operations (20 events):
Event: 3039.979 Executing VM operation: Cleanup
Event: 3039.979 Executing VM operation: Cleanup done
Event: 3041.994 Executing VM operation: Cleanup
Event: 3041.994 Executing VM operation: Cleanup done
Event: 3047.966 Executing VM operation: HandshakeAllThreads
Event: 3047.966 Executing VM operation: HandshakeAllThreads done
Event: 3047.966 Executing VM operation: Cleanup
Event: 3047.967 Executing VM operation: Cleanup done
Event: 3048.980 Executing VM operation: Cleanup
Event: 3048.980 Executing VM operation: Cleanup done
Event: 3052.528 Executing VM operation: HandshakeAllThreads
Event: 3052.529 Executing VM operation: HandshakeAllThreads done
Event: 3052.541 Executing VM operation: HandshakeAllThreads
Event: 3052.541 Executing VM operation: HandshakeAllThreads done
Event: 3052.541 Executing VM operation: Cleanup
Event: 3052.541 Executing VM operation: Cleanup done
Event: 3067.183 Executing VM operation: HandshakeAllThreads
Event: 3067.184 Executing VM operation: HandshakeAllThreads done
Event: 3097.420 Executing VM operation: Cleanup
Event: 3097.420 Executing VM operation: Cleanup done

Events (20 events):
Event: 3052.550 Thread 0x000002bbf2b331e0 flushing nmethod 0x000002bbdfc10c90
Event: 3052.550 Thread 0x000002bbf2b331e0 flushing nmethod 0x000002bbdfc30990
Event: 3052.550 Thread 0x000002bbf2b331e0 flushing nmethod 0x000002bbdfc44c90
Event: 3052.550 Thread 0x000002bbf2b331e0 flushing nmethod 0x000002bbdfc5aa10
Event: 3052.550 Thread 0x000002bbf2b331e0 flushing nmethod 0x000002bbdfc5c290
Event: 3052.550 Thread 0x000002bbf2b331e0 flushing nmethod 0x000002bbdfc99910
Event: 3052.550 Thread 0x000002bbf2b331e0 flushing nmethod 0x000002bbdfcb2410
Event: 3052.550 Thread 0x000002bbf2b331e0 flushing nmethod 0x000002bbdfcbc410
Event: 3052.551 Thread 0x000002bbf2b331e0 flushing nmethod 0x000002bbdfda1b10
Event: 3052.551 Thread 0x000002bbf2b331e0 flushing nmethod 0x000002bbdfdb1b10
Event: 3052.551 Thread 0x000002bbf2b331e0 flushing nmethod 0x000002bbdfdb9690
Event: 3052.551 Thread 0x000002bbf2b331e0 flushing nmethod 0x000002bbdfde1090
Event: 3052.551 Thread 0x000002bbf2b331e0 flushing nmethod 0x000002bbdfe01410
Event: 3052.551 Thread 0x000002bbf2b331e0 flushing nmethod 0x000002bbdfed9f90
Event: 3052.551 Thread 0x000002bbf2b331e0 flushing nmethod 0x000002bbdfee4d90
Event: 3057.572 Thread 0x000002bb967cf4b0 Thread exited: 0x000002bb967cf4b0
Event: 3057.572 Thread 0x000002bb967cdf70 Thread exited: 0x000002bb967cdf70
Event: 3057.574 Thread 0x000002bb967cfa00 Thread exited: 0x000002bb967cfa00
Event: 3057.574 Thread 0x000002bb967cea10 Thread exited: 0x000002bb967cea10
Event: 3096.886 Thread 0x000002bbfec44470 Thread exited: 0x000002bbfec44470


Dynamic libraries:
0x00007ff73a030000 - 0x00007ff73a03e000 	C:\Users\Aiden\.jdks\graalvm-jdk-17.0.9\bin\java.exe
0x00007ffc94130000 - 0x00007ffc94326000 	C:\Windows\SYSTEM32\ntdll.dll
0x00007ffc92fd0000 - 0x00007ffc9308d000 	C:\Windows\System32\KERNEL32.DLL
0x00007ffc91b70000 - 0x00007ffc91e39000 	C:\Windows\System32\KERNELBASE.dll
0x00007ffc92030000 - 0x00007ffc92130000 	C:\Windows\System32\ucrtbase.dll
0x00007ffc68c50000 - 0x00007ffc68c67000 	C:\Users\Aiden\.jdks\graalvm-jdk-17.0.9\bin\jli.dll
0x00007ffc68920000 - 0x00007ffc6893b000 	C:\Users\Aiden\.jdks\graalvm-jdk-17.0.9\bin\VCRUNTIME140.dll
0x00007ffc936b0000 - 0x00007ffc93850000 	C:\Windows\System32\USER32.dll
0x00007ffc91e40000 - 0x00007ffc91e62000 	C:\Windows\System32\win32u.dll
0x00007ffc7b670000 - 0x00007ffc7b90b000 	C:\Windows\WinSxS\amd64_microsoft.windows.common-controls_6595b64144ccf1df_6.0.19041.746_none_ca02b4b61b8320a4\COMCTL32.dll
0x00007ffc92d60000 - 0x00007ffc92d8a000 	C:\Windows\System32\GDI32.dll
0x00007ffc93490000 - 0x00007ffc9352e000 	C:\Windows\System32\msvcrt.dll
0x00007ffc91f20000 - 0x00007ffc9202b000 	C:\Windows\System32\gdi32full.dll
0x00007ffc92130000 - 0x00007ffc921cd000 	C:\Windows\System32\msvcp_win.dll
0x00007ffc92d30000 - 0x00007ffc92d60000 	C:\Windows\System32\IMM32.DLL
0x00007ffc719b0000 - 0x00007ffc719bc000 	C:\Users\Aiden\.jdks\graalvm-jdk-17.0.9\bin\vcruntime140_1.dll
0x00007ffc37b00000 - 0x00007ffc37b8e000 	C:\Users\Aiden\.jdks\graalvm-jdk-17.0.9\bin\msvcp140.dll
0x00007ffc34100000 - 0x00007ffc34cd8000 	C:\Users\Aiden\.jdks\graalvm-jdk-17.0.9\bin\server\jvm.dll
0x00007ffc923b0000 - 0x00007ffc9245c000 	C:\Windows\System32\ADVAPI32.dll
0x00007ffc933f0000 - 0x00007ffc9348c000 	C:\Windows\System32\sechost.dll
0x00007ffc938b0000 - 0x00007ffc939db000 	C:\Windows\System32\RPCRT4.dll
0x00007ffc90ea0000 - 0x00007ffc90eeb000 	C:\Windows\SYSTEM32\POWRPROF.dll
0x00007ffc83130000 - 0x00007ffc83157000 	C:\Windows\SYSTEM32\WINMM.dll
0x00007ffc8b4a0000 - 0x00007ffc8b4a9000 	C:\Windows\SYSTEM32\WSOCK32.dll
0x00007ffc8c130000 - 0x00007ffc8c13a000 	C:\Windows\SYSTEM32\VERSION.dll
0x00007ffc92cc0000 - 0x00007ffc92d2b000 	C:\Windows\System32\WS2_32.dll
0x00007ffc90d10000 - 0x00007ffc90d22000 	C:\Windows\SYSTEM32\UMPDC.dll
0x00007ffc8f720000 - 0x00007ffc8f732000 	C:\Windows\SYSTEM32\kernel.appcore.dll
0x00007ffc702d0000 - 0x00007ffc702da000 	C:\Users\Aiden\.jdks\graalvm-jdk-17.0.9\bin\jimage.dll
0x00007ffc82800000 - 0x00007ffc829e4000 	C:\Windows\SYSTEM32\DBGHELP.DLL
0x00007ffc77830000 - 0x00007ffc7785c000 	C:\Windows\SYSTEM32\dbgcore.DLL
0x00007ffc918b0000 - 0x00007ffc91930000 	C:\Windows\System32\bcryptPrimitives.dll
0x00007ffc8f080000 - 0x00007ffc8f08e000 	C:\Users\Aiden\.jdks\graalvm-jdk-17.0.9\bin\instrument.dll
0x00007ffc37ad0000 - 0x00007ffc37af5000 	C:\Users\Aiden\.jdks\graalvm-jdk-17.0.9\bin\java.dll
0x00007ffc379f0000 - 0x00007ffc37ac7000 	C:\Users\Aiden\.jdks\graalvm-jdk-17.0.9\bin\jsvml.dll
0x00007ffc939e0000 - 0x00007ffc94123000 	C:\Windows\System32\SHELL32.dll
0x00007ffc8fa30000 - 0x00007ffc901bf000 	C:\Windows\SYSTEM32\windows.storage.dll
0x00007ffc93090000 - 0x00007ffc933e6000 	C:\Windows\System32\combase.dll
0x00007ffc91310000 - 0x00007ffc9133c000 	C:\Windows\SYSTEM32\Wldp.dll
0x00007ffc92710000 - 0x00007ffc927be000 	C:\Windows\System32\SHCORE.dll
0x00007ffc92e80000 - 0x00007ffc92ed5000 	C:\Windows\System32\shlwapi.dll
0x00007ffc917e0000 - 0x00007ffc91806000 	C:\Windows\SYSTEM32\profapi.dll
0x00007ffc37990000 - 0x00007ffc379a8000 	C:\Users\Aiden\.jdks\graalvm-jdk-17.0.9\bin\zip.dll
0x00007ffc379d0000 - 0x00007ffc379e9000 	C:\Users\Aiden\.jdks\graalvm-jdk-17.0.9\bin\net.dll
0x00007ffc8a6b0000 - 0x00007ffc8a7b0000 	C:\Windows\SYSTEM32\WINHTTP.dll
0x00007ffc91090000 - 0x00007ffc910fa000 	C:\Windows\system32\mswsock.dll
0x00007ffc379b0000 - 0x00007ffc379c6000 	C:\Users\Aiden\.jdks\graalvm-jdk-17.0.9\bin\nio.dll
0x00007ffc30400000 - 0x00007ffc326cc000 	C:\Users\Aiden\.jdks\graalvm-jdk-17.0.9\bin\jvmcicompiler.dll
0x00007ffc926a0000 - 0x00007ffc926a8000 	C:\Windows\System32\PSAPI.DLL
0x00007ffc91980000 - 0x00007ffc91ad6000 	C:\Windows\System32\CRYPT32.dll
0x00007ffc917a0000 - 0x00007ffc917ce000 	C:\Windows\SYSTEM32\USERENV.dll
0x00007ffc91380000 - 0x00007ffc913a7000 	C:\Windows\SYSTEM32\ncrypt.dll
0x00007ffc90d30000 - 0x00007ffc90d6b000 	C:\Windows\SYSTEM32\IPHLPAPI.DLL
0x00007ffc91340000 - 0x00007ffc9137b000 	C:\Windows\SYSTEM32\NTASN1.dll
0x00007ffc6d4e0000 - 0x00007ffc6d4f0000 	C:\Users\Aiden\.jdks\graalvm-jdk-17.0.9\bin\verify.dll
0x00007ffc89fd0000 - 0x00007ffc89ff7000 	C:\Users\Aiden\.gradle\native\c067742578af261105cb4f569cf0c3c89f3d7b1fecec35dd04571415982c5e48\windows-amd64\native-platform.dll
0x00007ffc702f0000 - 0x00007ffc70434000 	C:\Users\Aiden\.gradle\native\38dada09dfb8b06ba9b0570ebf7e218e3eb74d4ef43ca46872605cf95ebc2f47\windows-amd64\native-platform-file-events.dll
0x00007ffc8a390000 - 0x00007ffc8a39a000 	C:\Users\Aiden\.jdks\graalvm-jdk-17.0.9\bin\management.dll
0x00007ffc8a380000 - 0x00007ffc8a38b000 	C:\Users\Aiden\.jdks\graalvm-jdk-17.0.9\bin\management_ext.dll
0x00007ffc91260000 - 0x00007ffc91278000 	C:\Windows\SYSTEM32\CRYPTSP.dll
0x00007ffc909c0000 - 0x00007ffc909f4000 	C:\Windows\system32\rsaenh.dll
0x00007ffc91ae0000 - 0x00007ffc91b07000 	C:\Windows\System32\bcrypt.dll
0x00007ffc91280000 - 0x00007ffc9128c000 	C:\Windows\SYSTEM32\CRYPTBASE.dll
0x00007ffc92ee0000 - 0x00007ffc92ee8000 	C:\Windows\System32\NSI.dll
0x00007ffc8bd70000 - 0x00007ffc8bd87000 	C:\Windows\SYSTEM32\dhcpcsvc6.DLL
0x00007ffc8bb20000 - 0x00007ffc8bb3d000 	C:\Windows\SYSTEM32\dhcpcsvc.DLL
0x00007ffc90d80000 - 0x00007ffc90e4b000 	C:\Windows\SYSTEM32\DNSAPI.dll
0x00007ffc89fc0000 - 0x00007ffc89fce000 	C:\Users\Aiden\.jdks\graalvm-jdk-17.0.9\bin\sunmscapi.dll
0x00007ffc83190000 - 0x00007ffc83197000 	C:\Windows\system32\wshunix.dll

dbghelp: loaded successfully - version: 4.0.5 - missing functions: none
symbol engine: initialized successfully - sym options: 0x614 - pdb path: .;C:\Users\Aiden\.jdks\graalvm-jdk-17.0.9\bin;C:\Windows\SYSTEM32;C:\Windows\WinSxS\amd64_microsoft.windows.common-controls_6595b64144ccf1df_6.0.19041.746_none_ca02b4b61b8320a4;C:\Users\Aiden\.jdks\graalvm-jdk-17.0.9\bin\server;C:\Users\Aiden\.gradle\native\c067742578af261105cb4f569cf0c3c89f3d7b1fecec35dd04571415982c5e48\windows-amd64;C:\Users\Aiden\.gradle\native\38dada09dfb8b06ba9b0570ebf7e218e3eb74d4ef43ca46872605cf95ebc2f47\windows-amd64

VM Arguments:
jvm_args: -XX:ThreadPriorityPolicy=1 -XX:+UnlockExperimentalVMOptions -XX:+EnableJVMCIProduct -XX:-UnlockExperimentalVMOptions --add-opens=java.base/java.util=ALL-UNNAMED --add-opens=java.base/java.lang=ALL-UNNAMED --add-opens=java.base/java.lang.invoke=ALL-UNNAMED --add-opens=java.prefs/java.util.prefs=ALL-UNNAMED --add-opens=java.base/java.nio.charset=ALL-UNNAMED --add-opens=java.base/java.net=ALL-UNNAMED --add-opens=java.base/java.util.concurrent.atomic=ALL-UNNAMED -XX:MaxMetaspaceSize=384m -XX:+HeapDumpOnOutOfMemoryError -Xms256m -Xmx512m -Dfile.encoding=windows-1251 -Duser.country=RU -Duser.language=ru -Duser.variant -javaagent:C:\Users\Aiden\.gradle\wrapper\dists\gradle-8.4-bin\1w5dpkrfk8irigvoxmyhowfim\gradle-8.4\lib\agents\gradle-instrumentation-agent-8.4.jar 
java_command: org.gradle.launcher.daemon.bootstrap.GradleDaemon 8.4
java_class_path (initial): C:\Users\Aiden\.gradle\wrapper\dists\gradle-8.4-bin\1w5dpkrfk8irigvoxmyhowfim\gradle-8.4\lib\gradle-launcher-8.4.jar
Launcher Type: SUN_STANDARD

[Global flags]
     intx CICompilerCount                          = 12                                        {product} {ergonomic}
   size_t CompressedClassSpaceSize                 = 335544320                                 {product} {ergonomic}
     uint ConcGCThreads                            = 4                                         {product} {ergonomic}
     bool EnableJVMCIProduct                       = true                                {JVMCI product} {jimage}
     uint G1ConcRefinementThreads                  = 15                                        {product} {ergonomic}
   size_t G1HeapRegionSize                         = 1048576                                   {product} {ergonomic}
    uintx GCDrainStackTargetSize                   = 64                                        {product} {ergonomic}
     bool HeapDumpOnOutOfMemoryError               = true                                   {manageable} {command line}
   size_t InitialHeapSize                          = 268435456                                 {product} {command line}
   size_t MarkStackSize                            = 4194304                                   {product} {ergonomic}
   size_t MaxHeapSize                              = 536870912                                 {product} {command line}
   size_t MaxMetaspaceSize                         = 402653184                                 {product} {command line}
   size_t MaxNewSize                               = 321912832                                 {product} {ergonomic}
   size_t MinHeapDeltaBytes                        = 1048576                                   {product} {ergonomic}
   size_t MinHeapSize                              = 268435456                                 {product} {command line}
    uintx NonNMethodCodeHeapSize                   = 10453100                               {pd product} {ergonomic}
    uintx NonProfiledCodeHeapSize                  = 120602570                              {pd product} {ergonomic}
    uintx ProfiledCodeHeapSize                     = 120602570                              {pd product} {ergonomic}
    uintx ReservedCodeCacheSize                    = 251658240                              {pd product} {ergonomic}
     bool SegmentedCodeCache                       = true                                      {product} {ergonomic}
   size_t SoftMaxHeapSize                          = 536870912                              {manageable} {ergonomic}
     intx ThreadPriorityPolicy                     = 1                                         {product} {jimage}
     bool UseCompressedClassPointers               = true                           {product lp64_product} {ergonomic}
     bool UseCompressedOops                        = true                           {product lp64_product} {ergonomic}
     bool UseG1GC                                  = true                                      {product} {ergonomic}
     bool UseLargePagesIndividualAllocation        = false                                  {pd product} {ergonomic}

Logging:
Log output configuration:
 #0: stdout all=warning uptime,level,tags
 #1: stderr all=off uptime,level,tags

Environment Variables:
JAVA_HOME=C:\Program Files\BellSoft\LibericaJDK-17\
PATH=C:\Program Files (x86)\Razer Chroma SDK\bin;C:\Program Files\Razer Chroma SDK\bin;C:\Program Files (x86)\Razer\ChromaBroadcast\bin;C:\Program Files\Razer\ChromaBroadcast\bin;C:\Program Files\BellSoft\LibericaJDK-17\bin\;C:\Program Files (x86)\Common Files\Oracle\Java\javapath;C:\Windows\system32;C:\Windows;C:\Windows\System32\Wbem;C:\Windows\System32\WindowsPowerShell\v1.0\;C:\Program Files (x86)\NVIDIA Corporation\PhysX\Common;C:\Program Files\Git\cmd;C:\Program Files\dotnet\;C:\Program Files\nodejs\;C:\ProgramData\chocolatey\bin;C:\Users\Aiden\Desktop\php;C:\ProgramData\ComposerSetup\bin;C:\Users\Aiden\AppData\Local\Programs\Python\Python310\Scripts\;C:\Users\Aiden\AppData\Local\Programs\Python\Python310\;C:\Users\Aiden\AppData\Local\Microsoft\WindowsApps;C:\Users\Aiden\AppData\Local\GitHubDesktop\bin;C:\Program Files\JetBrains\IntelliJ IDEA 2022.2\bin;C:\Users\Aiden\.dotnet\tools;C:\Program Files\JetBrains\PhpStorm 2022.2\bin;C:\Users\Aiden\AppData\Roaming\npm;C:\Users\Aiden\AppData\Roaming\Composer\vendor\bin;C:\Program Files\NVIDIA Corporation\NVIDIA NvDLISR;C:\Windows\system32\config\systemprofile\AppData\Local\Microsoft\WindowsApps;C:\Users\Aiden\AppData\Local\Programs\Python\Python310\Scripts\;C:\Users\Aiden\AppData\Local\Programs\Python\Python310\;C:\Users\Aiden\AppData\Local\Microsoft\WindowsApps;C:\Users\Aiden\AppData\Local\GitHubDesktop\bin;C:\Program Files\JetBrains\IntelliJ IDEA 2022.1.2\bin;;C:\Users\Aiden\.dotnet\tools;C:\Program Files\JetBrains\PhpStorm 2022.2\bin;;C:\Users\Aiden\AppData\Roaming\npm;C:\Users\Aiden\AppData\Roaming\Composer\vendor\bin;C:\Program Files\SDCC\bin;C:\Program Files\nwjs;C:\Program Files\Graal\graalvm-jdk-17.0.9+11.1\bin;
USERNAME=Aiden
OS=Windows_NT
PROCESSOR_IDENTIFIER=Intel64 Family 6 Model 79 Stepping 1, GenuineIntel
TMP=C:\Temp
TEMP=C:\Temp



Periodic native trim disabled


---------------  S Y S T E M  ---------------

OS:
 Windows 10 , 64 bit Build 19041 (10.0.19041.662)
OS uptime: 0 days 7:05 hours

CPU: total 20 (initial active 20) (10 cores per cpu, 2 threads per core) family 6 model 79 stepping 1 microcode 0xb000031, cx8, cmov, fxsr, ht, mmx, 3dnowpref, sse, sse2, sse3, ssse3, sse4.1, sse4.2, popcnt, lzcnt, tsc, tscinvbit, avx, avx2, aes, erms, clmul, bmi1, bmi2, rtm, adx, fma, vzeroupper, clflush
Processor Information for all 20 processors :
  Max Mhz: 3001, Current Mhz: 3001, Mhz Limit: 3001

Memory: 4k page, system-wide physical 32669M (13392M free)
TotalPageFile size 32669M (AvailPageFile size 7M)
current process WorkingSet (physical memory assigned to process): 379M, peak: 463M
current process commit charge ("private bytes"): 485M, peak: 575M

vm_info: OpenJDK 64-Bit Server VM (17.0.9+9-jvmci-23.0-b22) for windows-amd64 JRE (17.0.9+9-jvmci-23.0-b22), built on Oct 18 2023 02:18:43 by "" with MS VC++ 17.1 (VS2022)

END.
