#
# There is insufficient memory for the Java Runtime Environment to continue.
# Native memory allocation (mmap) failed to map 536870912 bytes for G1 virtual space
# Possible reasons:
#   The system is out of physical RAM or swap space
#   The process is running with CompressedOops enabled, and the Java Heap may be blocking the growth of the native heap
# Possible solutions:
#   Reduce memory load on the system
#   Increase physical memory or swap space
#   Check if swap backing store is full
#   Decrease Java heap size (-Xmx/-Xms)
#   Decrease number of Java threads
#   Decrease Java thread stack sizes (-Xss)
#   Set larger code cache with -XX:ReservedCodeCacheSize=
#   JVM is running with Zero Based Compressed Oops mode in which the Java heap is
#     placed in the first 32GB address space. The Java Heap base address is the
#     maximum limit for the native heap growth. Please use -XX:HeapBaseMinAddress
#     to set the Java Heap base and to place the Java Heap above 32GB virtual address.
# This output file may be truncated or incomplete.
#
#  Out of Memory Error (os_windows.cpp:3557), pid=36136, tid=36680
#
# JRE version:  (17.0.6+10) (build )
# Java VM: OpenJDK 64-Bit Server VM (17.0.6+10-LTS, mixed mode, sharing, tiered, compressed oops, compressed class ptrs, g1 gc, windows-amd64)
# No core dump will be written. Minidumps are not enabled by default on client versions of Windows
#

---------------  S U M M A R Y ------------

Command Line: -Dfile.encoding=windows-1251 -Duser.country=RU -Duser.language=ru -Duser.variant org.foxesworld.APP

Host: Intel(R) Core(TM) i7-6950X CPU @ 3.00GHz, 20 cores, 31G,  Windows 10 , 64 bit Build 19041 (10.0.19041.662)
Time: Sat Oct 28 20:07:38 2023 RTZ 2 (s 10 , 64 bit Build 19041 (10.0.19041.662) elapsed time: 0.005562 seconds (0d 0h 0m 0s)

---------------  T H R E A D  ---------------

Current thread (0x0000021669907a50):  JavaThread "Unknown thread" [_thread_in_vm, id=36680, stack(0x000000a97df00000,0x000000a97e000000)]

Stack: [0x000000a97df00000,0x000000a97e000000]
Native frames: (J=compiled Java code, j=interpreted, Vv=VM code, C=native code)
V  [jvm.dll+0x64af5a]
V  [jvm.dll+0x7fea64]
V  [jvm.dll+0x80021e]
V  [jvm.dll+0x800873]
V  [jvm.dll+0x235648]
V  [jvm.dll+0x647eba]
V  [jvm.dll+0x63c5ca]
V  [jvm.dll+0x2f3c69]
V  [jvm.dll+0x2fad66]
V  [jvm.dll+0x34725a]
V  [jvm.dll+0x34749f]
V  [jvm.dll+0x2ca348]
V  [jvm.dll+0x2cb2d9]
V  [jvm.dll+0x7d2231]
V  [jvm.dll+0x354721]
V  [jvm.dll+0x7b277e]
V  [jvm.dll+0x3d13c3]
V  [jvm.dll+0x3d2dc1]
C  [jli.dll+0x519f]
C  [ucrtbase.dll+0x214c2]
C  [KERNEL32.DLL+0x17034]
C  [ntdll.dll+0x4d0d1]


---------------  P R O C E S S  ---------------

Threads class SMR info:
_java_thread_list=0x00007ffcb31128e8, length=0, elements={
}

Java Threads: ( => current thread )

Other Threads:
  0x00000216699b4890 GCTaskThread "GC Thread#0" [stack: 0x000000a97e000000,0x000000a97e100000] [id=19528]
  0x00000216699c5710 ConcurrentGCThread "G1 Main Marker" [stack: 0x000000a97e100000,0x000000a97e200000] [id=34916]
  0x00000216699c6130 ConcurrentGCThread "G1 Conc#0" [stack: 0x000000a97e200000,0x000000a97e300000] [id=36592]

[error occurred during error reporting (printing all threads), id 0xc0000005, EXCEPTION_ACCESS_VIOLATION (0xc0000005) at pc=0x00007ffcb28fb557]

VM state: not at safepoint (not fully initialized)

VM Mutex/Monitor currently owned by a thread:  ([mutex/lock_event])
[0x0000021669903f10] Heap_lock - owner thread: 0x0000021669907a50

Heap address: 0x0000000601800000, size: 8168 MB, Compressed Oops mode: Zero based, Oop shift amount: 3

CDS archive(s) mapped at: [0x0000000000000000-0x0000000000000000-0x0000000000000000), size 0, SharedBaseAddress: 0x0000000800000000, ArchiveRelocationMode: 0.
Narrow klass base: 0x0000000000000000, Narrow klass shift: 0, Narrow klass range: 0x0

GC Precious Log:
<Empty>

Heap:
 garbage-first heap   total 0K, used 0K [0x0000000601800000, 0x0000000800000000)
  region size 4096K, 0 young (0K), 0 survivors (0K)

[error occurred during error reporting (printing heap information), id 0xc0000005, EXCEPTION_ACCESS_VIOLATION (0xc0000005) at pc=0x00007ffcb2cc2999]

GC Heap History (0 events):
No events

Dll operation events (1 events):
Event: 0.003 Loaded shared library C:\Program Files\BellSoft\LibericaJDK-17\bin\java.dll

Deoptimization events (0 events):
No events

Classes unloaded (0 events):
No events

Classes redefined (0 events):
No events

Internal exceptions (0 events):
No events

VM Operations (0 events):
No events

Events (0 events):
No events


Dynamic libraries:
0x00007ff662450000 - 0x00007ff66245d000 	C:\Program Files\BellSoft\LibericaJDK-17\bin\java.exe
0x00007ffd05db0000 - 0x00007ffd05fa6000 	C:\Windows\SYSTEM32\ntdll.dll
0x00007ffd04a40000 - 0x00007ffd04afd000 	C:\Windows\System32\KERNEL32.DLL
0x00007ffd038e0000 - 0x00007ffd03ba9000 	C:\Windows\System32\KERNELBASE.dll
0x00007ffd03c30000 - 0x00007ffd03d30000 	C:\Windows\System32\ucrtbase.dll
0x00007ffce4330000 - 0x00007ffce4345000 	C:\Program Files\BellSoft\LibericaJDK-17\bin\VCRUNTIME140.dll
0x00007ffce44e0000 - 0x00007ffce44f7000 	C:\Program Files\BellSoft\LibericaJDK-17\bin\jli.dll
0x00007ffd04700000 - 0x00007ffd048a0000 	C:\Windows\System32\USER32.dll
0x00007ffd03740000 - 0x00007ffd03762000 	C:\Windows\System32\win32u.dll
0x00007ffcedc20000 - 0x00007ffcedebb000 	C:\Windows\WinSxS\amd64_microsoft.windows.common-controls_6595b64144ccf1df_6.0.19041.746_none_ca02b4b61b8320a4\COMCTL32.dll
0x00007ffd044c0000 - 0x00007ffd044ea000 	C:\Windows\System32\GDI32.dll
0x00007ffd044f0000 - 0x00007ffd0458e000 	C:\Windows\System32\msvcrt.dll
0x00007ffd03770000 - 0x00007ffd0387b000 	C:\Windows\System32\gdi32full.dll
0x00007ffd03d60000 - 0x00007ffd03dfd000 	C:\Windows\System32\msvcp_win.dll
0x00007ffd05d80000 - 0x00007ffd05db0000 	C:\Windows\System32\IMM32.DLL
0x00007ffcd4140000 - 0x00007ffcd41db000 	C:\Program Files\BellSoft\LibericaJDK-17\bin\msvcp140.dll
0x00007ffcb2620000 - 0x00007ffcb3240000 	C:\Program Files\BellSoft\LibericaJDK-17\bin\server\jvm.dll
0x00007ffd045a0000 - 0x00007ffd0464c000 	C:\Windows\System32\ADVAPI32.dll
0x00007ffd04d10000 - 0x00007ffd04dac000 	C:\Windows\System32\sechost.dll
0x00007ffd04390000 - 0x00007ffd044bb000 	C:\Windows\System32\RPCRT4.dll
0x00007ffd00d70000 - 0x00007ffd00d79000 	C:\Windows\SYSTEM32\WSOCK32.dll
0x00007ffd05d10000 - 0x00007ffd05d7b000 	C:\Windows\System32\WS2_32.dll
0x00007ffcf64b0000 - 0x00007ffcf64d7000 	C:\Windows\SYSTEM32\WINMM.dll
0x00007ffcfe100000 - 0x00007ffcfe10a000 	C:\Windows\SYSTEM32\VERSION.dll
0x00007ffd014b0000 - 0x00007ffd014c2000 	C:\Windows\SYSTEM32\kernel.appcore.dll
0x00007ffcec880000 - 0x00007ffcec88a000 	C:\Program Files\BellSoft\LibericaJDK-17\bin\jimage.dll
0x00007ffcf5990000 - 0x00007ffcf5b74000 	C:\Windows\SYSTEM32\DBGHELP.DLL
0x00007ffce7620000 - 0x00007ffce764c000 	C:\Windows\SYSTEM32\dbgcore.DLL
0x00007ffd03bb0000 - 0x00007ffd03c30000 	C:\Windows\System32\bcryptPrimitives.dll
0x00007ffcda250000 - 0x00007ffcda275000 	C:\Program Files\BellSoft\LibericaJDK-17\bin\java.dll

dbghelp: loaded successfully - version: 4.0.5 - missing functions: none
symbol engine: initialized successfully - sym options: 0x614 - pdb path: .;C:\Program Files\BellSoft\LibericaJDK-17\bin;C:\Windows\SYSTEM32;C:\Windows\WinSxS\amd64_microsoft.windows.common-controls_6595b64144ccf1df_6.0.19041.746_none_ca02b4b61b8320a4;C:\Program Files\BellSoft\LibericaJDK-17\bin\server

VM Arguments:
jvm_args: -Dfile.encoding=windows-1251 -Duser.country=RU -Duser.language=ru -Duser.variant 
java_command: org.foxesworld.APP
java_class_path (initial): C:\Users\Aiden\Documents\NewEngine\build\classes\java\main;C:\Users\Aiden\Documents\NewEngine\build\resources\main;C:\Users\Aiden\Documents\NewEngine\lib\foxesworld\cfgProvider-1.5.0-Release.jar;C:\Users\Aiden\Documents\NewEngine\lib\java-discord-rpc-2.0.1-all.jar;C:\Users\Aiden\.gradle\caches\modules-2\files-2.1\com.github.stephengold\j-ogg-all\1.0.4\37cf458d83b1710a8de2b12342d3fd1f8ea07855\j-ogg-all-1.0.4.jar;C:\Users\Aiden\.gradle\caches\modules-2\files-2.1\me.tongfei\progressbar\0.9.2\1307ebd1f3473c00d8d52560a41e9a46f9bd6b19\progressbar-0.9.2.jar;C:\Users\Aiden\.gradle\caches\modules-2\files-2.1\org.fusesource.jansi\jansi\2.3.1\be6bab07fea9d52024f78c0ce838c2b223f973d9\jansi-2.3.1.jar;C:\Users\Aiden\.gradle\caches\modules-2\files-2.1\com.google.code.gson\gson\2.7\751f548c85fa49f330cecbb1875893f971b33c4e\gson-2.7.jar;C:\Users\Aiden\.gradle\caches\modules-2\files-2.1\org.apache.logging.log4j\log4j-core\2.14.1\9141212b8507ab50a45525b545b39d224614528b\log4j-core-2.14.1.jar;C:\Users\Aiden\.gradle\caches\modules-2\files-2.1\org.apache.logging.log4j\log4j-api\2.14.1\cd8858fbbde69f46bce8db1152c18a43328aae78\log4j-api-2.14.1.jar;C:\Users\Aiden\.gradle\caches\modules-2\files-2.1\org.jetbrains\annotations\20.1.0\2fcd1f3225bca0c4a7bc931142076f8c1e80993f\annotations-20.1.0.jar;C:\Users\Aiden\.gradle\caches\modules-2\files-2.1\javax.media\jmf\2.1.1e\fe9287a362578bfb8b7b9dba42af0ec80a297abb\jmf-2.1.1e.jar;C:\Users\Aiden\.gradle\caches\modules-2\files-2.1\org.jline\jline\3.20.0\a4a525d57dc97ed6c059c7cb0f07e720ccb1880f\jline-3.20.0.jar
Launcher Type: SUN_STANDARD

[Global flags]
     intx CICompilerCount                          = 12                                        {product} {ergonomic}
     uint ConcGCThreads                            = 4                                         {product} {ergonomic}
     uint G1ConcRefinementThreads                  = 15                                        {product} {ergonomic}
   size_t G1HeapRegionSize                         = 4194304                                   {product} {ergonomic}
    uintx GCDrainStackTargetSize                   = 64                                        {product} {ergonomic}
   size_t InitialHeapSize                          = 536870912                                 {product} {ergonomic}
   size_t MarkStackSize                            = 4194304                                   {product} {ergonomic}
   size_t MaxHeapSize                              = 8564768768                                {product} {ergonomic}
   size_t MinHeapDeltaBytes                        = 4194304                                   {product} {ergonomic}
   size_t MinHeapSize                              = 8388608                                   {product} {ergonomic}
    uintx NonNMethodCodeHeapSize                   = 7602480                                {pd product} {ergonomic}
    uintx NonProfiledCodeHeapSize                  = 122027880                              {pd product} {ergonomic}
    uintx ProfiledCodeHeapSize                     = 122027880                              {pd product} {ergonomic}
    uintx ReservedCodeCacheSize                    = 251658240                              {pd product} {ergonomic}
     bool SegmentedCodeCache                       = true                                      {product} {ergonomic}
   size_t SoftMaxHeapSize                          = 8564768768                             {manageable} {ergonomic}
     bool UseCompressedClassPointers               = true                           {product lp64_product} {ergonomic}
     bool UseCompressedOops                        = true                           {product lp64_product} {ergonomic}
     bool UseG1GC                                  = true                                      {product} {ergonomic}
     bool UseLargePagesIndividualAllocation        = false                                  {pd product} {ergonomic}

Logging:
Log output configuration:
 #0: stdout all=warning uptime,level,tags
 #1: stderr all=off uptime,level,tags

Environment Variables:
JAVA_HOME=C:\Program Files\BellSoft\LibericaJDK-17\
PATH=C:\Program Files (x86)\Razer Chroma SDK\bin;C:\Program Files\Razer Chroma SDK\bin;C:\Program Files (x86)\Razer\ChromaBroadcast\bin;C:\Program Files\Razer\ChromaBroadcast\bin;C:\Program Files\BellSoft\LibericaJDK-17\bin\;C:\Program Files (x86)\Common Files\Oracle\Java\javapath;C:\Windows\system32;C:\Windows;C:\Windows\System32\Wbem;C:\Windows\System32\WindowsPowerShell\v1.0\;C:\Program Files (x86)\NVIDIA Corporation\PhysX\Common;C:\Program Files\Git\cmd;C:\Program Files\dotnet\;C:\Program Files\nodejs\;C:\ProgramData\chocolatey\bin;C:\Users\Aiden\Desktop\php;C:\ProgramData\ComposerSetup\bin;C:\Users\Aiden\AppData\Local\Programs\Python\Python310\Scripts\;C:\Users\Aiden\AppData\Local\Programs\Python\Python310\;C:\Users\Aiden\AppData\Local\Microsoft\WindowsApps;C:\Users\Aiden\AppData\Local\GitHubDesktop\bin;C:\Program Files\JetBrains\IntelliJ IDEA 2022.2\bin;C:\Users\Aiden\.dotnet\tools;C:\Program Files\JetBrains\PhpStorm 2022.2\bin;C:\Users\Aiden\AppData\Roaming\npm;C:\Users\Aiden\AppData\Roaming\Composer\vendor\bin;C:\Program Files\NVIDIA Corporation\NVIDIA NvDLISR;C:\Windows\system32\config\systemprofile\AppData\Local\Microsoft\WindowsApps;C:\Users\Aiden\AppData\Local\Programs\Python\Python310\Scripts\;C:\Users\Aiden\AppData\Local\Programs\Python\Python310\;C:\Users\Aiden\AppData\Local\Microsoft\WindowsApps;C:\Users\Aiden\AppData\Local\GitHubDesktop\bin;C:\Program Files\JetBrains\IntelliJ IDEA 2022.1.2\bin;;C:\Users\Aiden\.dotnet\tools;C:\Program Files\JetBrains\PhpStorm 2022.2\bin;;C:\Users\Aiden\AppData\Roaming\npm;C:\Users\Aiden\AppData\Roaming\Composer\vendor\bin;C:\Program Files\SDCC\bin
USERNAME=Aiden
OS=Windows_NT
PROCESSOR_IDENTIFIER=Intel64 Family 6 Model 79 Stepping 1, GenuineIntel
TMP=C:\Temp
TEMP=C:\Temp



---------------  S Y S T E M  ---------------

OS:
 Windows 10 , 64 bit Build 19041 (10.0.19041.662)
OS uptime: 5 days 9:48 hours

CPU: total 20 (initial active 20) (10 cores per cpu, 2 threads per core) family 6 model 79 stepping 1 microcode 0xb000031, cx8, cmov, fxsr, ht, mmx, 3dnowpref, sse, sse2, sse3, ssse3, sse4.1, sse4.2, popcnt, lzcnt, tsc, tscinvbit, avx, avx2, aes, erms, clmul, bmi1, bmi2, rtm, adx, fma, vzeroupper, clflush

Memory: 4k page, system-wide physical 32669M (14977M free)
TotalPageFile size 32669M (AvailPageFile size 509M)
current process WorkingSet (physical memory assigned to process): 10M, peak: 10M
current process commit charge ("private bytes"): 75M, peak: 587M

vm_info: OpenJDK 64-Bit Server VM (17.0.6+10-LTS) for windows-amd64 JRE (17.0.6+10-LTS), built on Jan 12 2023 13:19:07 by "" with MS VC++ 15.9 (VS2017)

END.
