#
# There is insufficient memory for the Java Runtime Environment to continue.
# Native memory allocation (malloc) failed to allocate 32744 bytes. Error detail: ChunkPool::allocate
# Possible reasons:
#   The system is out of physical RAM or swap space
#   This process is running with CompressedOops enabled, and the Java Heap may be blocking the growth of the native heap
# Possible solutions:
#   Reduce memory load on the system
#   Increase physical memory or swap space
#   Check if swap backing store is full
#   Decrease Java heap size (-Xmx/-Xms)
#   Decrease number of Java threads
#   Decrease Java thread stack sizes (-Xss)
#   Set larger code cache with -XX:ReservedCodeCacheSize=
#   JVM is running with Zero Based Compressed Oops mode in which the Java heap is
#     placed in the first 32GB address space. The Java Heap base address is the
#     maximum limit for the native heap growth. Please use -XX:HeapBaseMinAddress
#     to set the Java Heap base and to place the Java Heap above 32GB virtual address.
# This output file may be truncated or incomplete.
#
#  Out of Memory Error (arena.cpp:79), pid=8284, tid=17532
#
# JRE version: OpenJDK Runtime Environment (17.0.19+11) (build 17.0.19+11-LTS)
# Java VM: OpenJDK 64-Bit Server VM (17.0.19+11-LTS, mixed mode, sharing, tiered, compressed oops, compressed class ptrs, g1 gc, windows-amd64)
# No core dump will be written. Minidumps are not enabled by default on client versions of Windows
#

---------------  S U M M A R Y ------------

Command Line: -Djava.net.preferIPv4Stack=true -Dkaylas.launcher.devRun=true -Dfile.encoding=UTF-8 -Duser.country=RU -Duser.language=ru -Duser.variant org.takesome.Launcher

Host: Intel(R) Core(TM) i7-6950X CPU @ 3.00GHz, 20 cores, 39G,  Windows 10 , 64 bit Build 19041 (10.0.19041.662)
Time: Sat Jul 11 11:03:42 2026 RTZ 2 (s 10 , 64 bit Build 19041 (10.0.19041.662) elapsed time: 753.290679 seconds (0d 0h 12m 33s)

---------------  T H R E A D  ---------------

Current thread (0x0000014e52f4a1a0):  JavaThread "C2 CompilerThread0" daemon [_thread_in_native, id=17532, stack(0x0000002615a00000,0x0000002615b00000)]


Current CompileTask:
C2:753290 8903   !   4       java.nio.charset.CharsetDecoder::decode (275 bytes)

Stack: [0x0000002615a00000,0x0000002615b00000]
Native frames: (J=compiled Java code, j=interpreted, Vv=VM code, C=native code)
V  [jvm.dll+0x68b8b9]
V  [jvm.dll+0x841cb9]
V  [jvm.dll+0x843a28]
V  [jvm.dll+0x8440b3]
V  [jvm.dll+0x24ce4f]
V  [jvm.dll+0xaedae]
V  [jvm.dll+0xaf24c]
V  [jvm.dll+0xaecb4]
V  [jvm.dll+0x66967c]
V  [jvm.dll+0xa62a6]
V  [jvm.dll+0x34a517]
V  [jvm.dll+0x6999db]
V  [jvm.dll+0x6990cd]
V  [jvm.dll+0x1abc9c]
V  [jvm.dll+0x2b367c]
V  [jvm.dll+0x6a3c61]
V  [jvm.dll+0x69bdd8]
V  [jvm.dll+0x69b66a]
V  [jvm.dll+0x69940c]
V  [jvm.dll+0x1abc9c]
V  [jvm.dll+0x1ac86b]
V  [jvm.dll+0x1ac86b]
V  [jvm.dll+0x2b367c]
V  [jvm.dll+0x6a3c61]
V  [jvm.dll+0x69bdd8]
V  [jvm.dll+0x69b66a]
V  [jvm.dll+0x69940c]
V  [jvm.dll+0x1abc9c]
V  [jvm.dll+0x1ac86b]
V  [jvm.dll+0x1ac86b]
V  [jvm.dll+0x1ac7a3]
V  [jvm.dll+0x2b367c]
V  [jvm.dll+0x6a3c61]
V  [jvm.dll+0x69bdd8]
V  [jvm.dll+0x69b66a]
V  [jvm.dll+0x69940c]
V  [jvm.dll+0x1abc9c]
V  [jvm.dll+0x21cd6c]
V  [jvm.dll+0x1a8d30]
V  [jvm.dll+0x22d9bd]
V  [jvm.dll+0x22bb46]
V  [jvm.dll+0x7f7f6b]
V  [jvm.dll+0x7f236c]
V  [jvm.dll+0x68a7c7]
C  [ucrtbase.dll+0x214c2]
C  [KERNEL32.DLL+0x17034]
C  [ntdll.dll+0x4d0d1]


---------------  P R O C E S S  ---------------

Threads class SMR info:
_java_thread_list=0x0000014e99ce4a50, length=46, elements={
0x0000014e52f253d0, 0x0000014e52f26250, 0x0000014e52f43ed0, 0x0000014e52f46b10,
0x0000014e52f476e0, 0x0000014e52f48ff0, 0x0000014e52f4a1a0, 0x0000014e52f52c60,
0x0000014e53a8cd60, 0x0000014e53a8af00, 0x0000014e53a8b410, 0x0000014e53a8b920,
0x0000014e53a8c850, 0x0000014e53a8d270, 0x0000014e53a8be30, 0x0000014e53a8d780,
0x0000014e9a1a7800, 0x0000014e9a1aa590, 0x0000014e9a1aafb0, 0x0000014e9a1a3b40,
0x0000014e9a1a8730, 0x0000014e9a1a8c40, 0x0000014e9a1a9150, 0x0000014e9a1ab4c0,
0x0000014e9a1a4050, 0x0000014e9a1a4a70, 0x0000014e9afa6b30, 0x0000014e9afa3890,
0x0000014e9afa4cd0, 0x0000014e9afa56f0, 0x0000014e9afa5c00, 0x0000014e9afa3da0,
0x0000014e9afa2450, 0x0000014e9afa8480, 0x0000014e9afa1f40, 0x0000014e9afa2e70,
0x0000014e9afa42b0, 0x0000014e9afa47c0, 0x0000014e9afa51e0, 0x0000014e9afa6110,
0x0000014e9afa3380, 0x0000014e9b678b30, 0x0000014e9b678110, 0x0000014e9b679040,
0x0000014e9b679f70, 0x0000014e9b751710
}

Java Threads: ( => current thread )
  0x0000014e52f253d0 JavaThread "Reference Handler" daemon [_thread_blocked, id=8572, stack(0x0000002615400000,0x0000002615500000)]
  0x0000014e52f26250 JavaThread "Finalizer" daemon [_thread_blocked, id=8364, stack(0x0000002615500000,0x0000002615600000)]
  0x0000014e52f43ed0 JavaThread "Signal Dispatcher" daemon [_thread_blocked, id=5136, stack(0x0000002615600000,0x0000002615700000)]
  0x0000014e52f46b10 JavaThread "Attach Listener" daemon [_thread_blocked, id=15904, stack(0x0000002615700000,0x0000002615800000)]
  0x0000014e52f476e0 JavaThread "Service Thread" daemon [_thread_blocked, id=20240, stack(0x0000002615800000,0x0000002615900000)]
  0x0000014e52f48ff0 JavaThread "Monitor Deflation Thread" daemon [_thread_blocked, id=9660, stack(0x0000002615900000,0x0000002615a00000)]
=>0x0000014e52f4a1a0 JavaThread "C2 CompilerThread0" daemon [_thread_in_native, id=17532, stack(0x0000002615a00000,0x0000002615b00000)]
  0x0000014e52f52c60 JavaThread "C1 CompilerThread0" daemon [_thread_blocked, id=17760, stack(0x0000002615b00000,0x0000002615c00000)]
  0x0000014e53a8cd60 JavaThread "Sweeper thread" daemon [_thread_blocked, id=5848, stack(0x0000002615c00000,0x0000002615d00000)]
  0x0000014e53a8af00 JavaThread "Notification Thread" daemon [_thread_blocked, id=17724, stack(0x0000002615f00000,0x0000002616000000)]
  0x0000014e53a8b410 JavaThread "Common-Cleaner" daemon [_thread_blocked, id=19536, stack(0x0000002616100000,0x0000002616200000)]
  0x0000014e53a8b920 JavaThread "Java2D Disposer" daemon [_thread_blocked, id=12860, stack(0x0000002616800000,0x0000002616900000)]
  0x0000014e53a8c850 JavaThread "AWT-Shutdown" [_thread_blocked, id=10452, stack(0x0000002616900000,0x0000002616a00000)]
  0x0000014e53a8d270 JavaThread "AWT-Windows" daemon [_thread_in_native, id=10476, stack(0x0000002616a00000,0x0000002616b00000)]
  0x0000014e53a8be30 JavaThread "AWT-EventQueue-0" [_thread_blocked, id=2040, stack(0x0000002616b00000,0x0000002616c00000)]
  0x0000014e53a8d780 JavaThread "DestroyJavaVM" [_thread_blocked, id=18996, stack(0x0000002614d00000,0x0000002614e00000)]
  0x0000014e9a1a7800 JavaThread "TimerQueue" daemon [_thread_blocked, id=19244, stack(0x0000002618200000,0x0000002618300000)]
  0x0000014e9a1aa590 JavaThread "HttpClient-1-SelectorManager" daemon [_thread_in_native, id=19500, stack(0x0000002618600000,0x0000002618700000)]
  0x0000014e9a1aafb0 JavaThread "HttpClient-2-SelectorManager" daemon [_thread_in_native, id=17100, stack(0x0000002618700000,0x0000002618800000)]
  0x0000014e9a1a3b40 JavaThread "forge-1" [_thread_blocked, id=2760, stack(0x0000002618800000,0x0000002618900000)]
  0x0000014e9a1a8730 JavaThread "forge-scheduler-1" daemon [_thread_blocked, id=18652, stack(0x0000002618900000,0x0000002618a00000)]
  0x0000014e9a1a8c40 JavaThread "forge-2" daemon [_thread_blocked, id=7388, stack(0x0000002618b00000,0x0000002618c00000)]
  0x0000014e9a1a9150 JavaThread "forge-3" daemon [_thread_blocked, id=14492, stack(0x0000002618c00000,0x0000002618d00000)]
  0x0000014e9a1ab4c0 JavaThread "forge-4" daemon [_thread_blocked, id=9412, stack(0x0000002618d00000,0x0000002618e00000)]
  0x0000014e9a1a4050 JavaThread "forge-5" [_thread_blocked, id=12824, stack(0x0000002618e00000,0x0000002618f00000)]
  0x0000014e9a1a4a70 JavaThread "forge-6" [_thread_blocked, id=12996, stack(0x0000002618f00000,0x0000002619000000)]
  0x0000014e9afa6b30 JavaThread "forge-7" [_thread_blocked, id=19348, stack(0x0000002619000000,0x0000002619100000)]
  0x0000014e9afa3890 JavaThread "CompletableFutureDelayScheduler" daemon [_thread_blocked, id=15896, stack(0x0000002619100000,0x0000002619200000)]
  0x0000014e9afa4cd0 JavaThread "secure-process-module-audit" daemon [_thread_blocked, id=18956, stack(0x0000002619200000,0x0000002619300000)]
  0x0000014e9afa56f0 JavaThread "forge-8" [_thread_blocked, id=15916, stack(0x0000002619300000,0x0000002619400000)]
  0x0000014e9afa5c00 JavaThread "D3D Screen Updater" daemon [_thread_blocked, id=21228, stack(0x0000002619400000,0x0000002619500000)]
  0x0000014e9afa3da0 JavaThread "discord-rpc-callbacks" daemon [_thread_blocked, id=9408, stack(0x0000002619600000,0x0000002619700000)]
  0x0000014e9afa2450 JavaThread "forge-9" daemon [_thread_blocked, id=15744, stack(0x0000002619700000,0x0000002619800000)]
  0x0000014e9afa8480 JavaThread "forge-10" [_thread_blocked, id=4008, stack(0x0000002619800000,0x0000002619900000)]
  0x0000014e9afa1f40 JavaThread "forge-11" daemon [_thread_blocked, id=15176, stack(0x0000002619900000,0x0000002619a00000)]
  0x0000014e9afa2e70 JavaThread "forge-12" [_thread_blocked, id=6072, stack(0x0000002619a00000,0x0000002619b00000)]
  0x0000014e9afa42b0 JavaThread "forge-13" [_thread_blocked, id=15196, stack(0x0000002619b00000,0x0000002619c00000)]
  0x0000014e9afa47c0 JavaThread "forge-14" daemon [_thread_blocked, id=12844, stack(0x0000002619c00000,0x0000002619d00000)]
  0x0000014e9afa51e0 JavaThread "forge-15" daemon [_thread_blocked, id=12512, stack(0x0000002619d00000,0x0000002619e00000)]
  0x0000014e9afa6110 JavaThread "forge-16" daemon [_thread_blocked, id=13292, stack(0x0000002619e00000,0x0000002619f00000)]
  0x0000014e9afa3380 JavaThread "forge-17" [_thread_blocked, id=9384, stack(0x0000002619f00000,0x000000261a000000)]
  0x0000014e9b678b30 JavaThread "forge-18" daemon [_thread_blocked, id=18204, stack(0x000000261a300000,0x000000261a400000)]
  0x0000014e9b678110 JavaThread "forge-19" daemon [_thread_in_Java, id=20376, stack(0x000000261a400000,0x000000261a500000)]
  0x0000014e9b679040 JavaThread "forge-20" daemon [_thread_blocked, id=2316, stack(0x000000261a500000,0x000000261a600000)]
  0x0000014e9b679f70 JavaThread "Java Sound Event Dispatcher" daemon [_thread_blocked, id=14696, stack(0x000000261a800000,0x000000261a900000)]
  0x0000014e9b751710 JavaThread "Keep-Alive-Timer" daemon [_thread_blocked, id=3076, stack(0x0000002616700000,0x0000002616800000)]

Other Threads:
  0x0000014e52f20720 VMThread "VM Thread" [stack: 0x0000002615300000,0x0000002615400000] [id=20044]
  0x0000014e53be69e0 WatcherThread [stack: 0x0000002616000000,0x0000002616100000] [id=10636]
  0x0000014e217db830 GCTaskThread "GC Thread#0" [stack: 0x0000002614e00000,0x0000002614f00000] [id=15804]
  0x0000014e9a66b290 GCTaskThread "GC Thread#1" [stack: 0x0000002616200000,0x0000002616300000] [id=9104]
  0x0000014e9a680f70 GCTaskThread "GC Thread#2" [stack: 0x0000002616400000,0x0000002616500000] [id=18912]
  0x0000014e9a681230 GCTaskThread "GC Thread#3" [stack: 0x0000002616500000,0x0000002616600000] [id=20980]
  0x0000014e9a681900 GCTaskThread "GC Thread#4" [stack: 0x0000002616c00000,0x0000002616d00000] [id=13876]
  0x0000014e9a6823d0 GCTaskThread "GC Thread#5" [stack: 0x0000002616d00000,0x0000002616e00000] [id=16340]
  0x0000014e9a682690 GCTaskThread "GC Thread#6" [stack: 0x0000002616e00000,0x0000002616f00000] [id=16028]
  0x0000014e9a687c30 GCTaskThread "GC Thread#7" [stack: 0x0000002616f00000,0x0000002617000000] [id=17508]
  0x0000014e9a687ef0 GCTaskThread "GC Thread#8" [stack: 0x0000002617000000,0x0000002617100000] [id=15072]
  0x0000014e9a6881b0 GCTaskThread "GC Thread#9" [stack: 0x0000002617100000,0x0000002617200000] [id=18320]
  0x0000014e9a68a480 GCTaskThread "GC Thread#10" [stack: 0x0000002617200000,0x0000002617300000] [id=18844]
  0x0000014e9a68a740 GCTaskThread "GC Thread#11" [stack: 0x0000002617300000,0x0000002617400000] [id=21240]
  0x0000014e9a6a0510 GCTaskThread "GC Thread#12" [stack: 0x0000002617400000,0x0000002617500000] [id=1180]
  0x0000014e9a69fcd0 GCTaskThread "GC Thread#13" [stack: 0x0000002617500000,0x0000002617600000] [id=16200]
  0x0000014e9a69f750 GCTaskThread "GC Thread#14" [stack: 0x0000002617600000,0x0000002617700000] [id=18368]
  0x0000014e217e76e0 ConcurrentGCThread "G1 Main Marker" [stack: 0x0000002614f00000,0x0000002615000000] [id=14504]
  0x0000014e217e88a0 ConcurrentGCThread "G1 Conc#0" [stack: 0x0000002615000000,0x0000002615100000] [id=7932]
  0x0000014e9a69f490 ConcurrentGCThread "G1 Conc#1" [stack: 0x0000002618300000,0x0000002618400000] [id=1720]
  0x0000014e9a69fa10 ConcurrentGCThread "G1 Conc#2" [stack: 0x0000002618400000,0x0000002618500000] [id=14448]
  0x0000014e9a69ff90 ConcurrentGCThread "G1 Conc#3" [stack: 0x0000002618500000,0x0000002618600000] [id=14196]
  0x0000014e217fecb0 ConcurrentGCThread "G1 Refine#0" [stack: 0x0000002615100000,0x0000002615200000] [id=20624]
  0x0000014e52e5e760 ConcurrentGCThread "G1 Service" [stack: 0x0000002615200000,0x0000002615300000] [id=8352]

Threads with active compile tasks:
C2 CompilerThread0  753309 8903   !   4       java.nio.charset.CharsetDecoder::decode (275 bytes)

VM state: not at safepoint (normal execution)

VM Mutex/Monitor currently owned by a thread: None

Heap address: 0x0000000582800000, size: 10200 MB, Compressed Oops mode: Zero based, Oop shift amount: 3

CDS archive(s) mapped at: [0x0000014e54000000-0x0000014e54bb0000-0x0000014e54bb0000), size 12255232, SharedBaseAddress: 0x0000014e54000000, ArchiveRelocationMode: 1.
Compressed class space mapped at: 0x0000014e55000000-0x0000014e95000000, reserved size: 1073741824
Narrow klass base: 0x0000014e54000000, Narrow klass shift: 0, Narrow klass range: 0x100000000

GC Precious Log:
 CPUs: 20 total, 20 available
 Memory: 40797M
 Large Page Support: Disabled
 NUMA Support: Disabled
 Compressed Oops: Enabled (Zero based)
 Heap Region Size: 8M
 Heap Min Capacity: 8M
 Heap Initial Capacity: 640M
 Heap Max Capacity: 10200M
 Pre-touch: Disabled
 Parallel Workers: 15
 Concurrent Workers: 4
 Concurrent Refinement Workers: 15
 Periodic GC: Disabled

Heap:
 garbage-first heap   total 2007040K, used 832697K [0x0000000582800000, 0x0000000800000000)
  region size 8192K, 8 young (65536K), 1 survivors (8192K)
 Metaspace       used 42410K, committed 43008K, reserved 1114112K
  class space    used 5311K, committed 5568K, reserved 1048576K

Heap Regions: E=young(eden), S=young(survivor), O=old, HS=humongous(starts), HC=humongous(continues), CS=collection set, F=free, OA=open archive, CA=closed archive, TAMS=top-at-mark-start (previous, next)
|   0|0x0000000582800000, 0x0000000583000000, 0x0000000583000000|100%|HS|  |TAMS 0x0000000583000000, 0x0000000583000000| Complete 
|   1|0x0000000583000000, 0x0000000583800000, 0x0000000583800000|100%|HC|  |TAMS 0x0000000583800000, 0x0000000583800000| Complete 
|   2|0x0000000583800000, 0x0000000584000000, 0x0000000584000000|100%|HS|  |TAMS 0x0000000584000000, 0x0000000584000000| Complete 
|   3|0x0000000584000000, 0x0000000584800000, 0x0000000584800000|100%|HS|  |TAMS 0x0000000584800000, 0x0000000584800000| Complete 
|   4|0x0000000584800000, 0x0000000585000000, 0x0000000585000000|100%|HS|  |TAMS 0x0000000585000000, 0x0000000585000000| Complete 
|   5|0x0000000585000000, 0x0000000585800000, 0x0000000585800000|100%|HS|  |TAMS 0x0000000585800000, 0x0000000585800000| Complete 
|   6|0x0000000585800000, 0x0000000586000000, 0x0000000586000000|100%| O|  |TAMS 0x0000000586000000, 0x0000000586000000| Untracked 
|   7|0x0000000586000000, 0x0000000586800000, 0x0000000586800000|100%|HS|  |TAMS 0x0000000586000000, 0x0000000586800000| Complete 
|   8|0x0000000586800000, 0x0000000587000000, 0x0000000587000000|100%| O|  |TAMS 0x0000000587000000, 0x0000000587000000| Untracked 
|   9|0x0000000587000000, 0x0000000587800000, 0x0000000587800000|100%| O|  |TAMS 0x0000000587800000, 0x0000000587800000| Untracked 
|  10|0x0000000587800000, 0x0000000588000000, 0x0000000588000000|100%| O|  |TAMS 0x0000000588000000, 0x0000000588000000| Untracked 
|  11|0x0000000588000000, 0x0000000588800000, 0x0000000588800000|100%| O|  |TAMS 0x0000000588800000, 0x0000000588800000| Untracked 
|  12|0x0000000588800000, 0x0000000589000000, 0x0000000589000000|100%|HS|  |TAMS 0x0000000589000000, 0x0000000589000000| Complete 
|  13|0x0000000589000000, 0x0000000589800000, 0x0000000589800000|100%|HC|  |TAMS 0x0000000589800000, 0x0000000589800000| Complete 
|  14|0x0000000589800000, 0x000000058a000000, 0x000000058a000000|100%|HC|  |TAMS 0x000000058a000000, 0x000000058a000000| Complete 
|  15|0x000000058a000000, 0x000000058a800000, 0x000000058a800000|100%|HS|  |TAMS 0x000000058a000000, 0x000000058a000000| Complete 
|  16|0x000000058a800000, 0x000000058b000000, 0x000000058b000000|100%|HS|  |TAMS 0x000000058a800000, 0x000000058a800000| Complete 
|  17|0x000000058b000000, 0x000000058b800000, 0x000000058b800000|100%|HS|  |TAMS 0x000000058b000000, 0x000000058b000000| Complete 
|  18|0x000000058b800000, 0x000000058c000000, 0x000000058c000000|100%|HS|  |TAMS 0x000000058b800000, 0x000000058b800000| Complete 
|  19|0x000000058c000000, 0x000000058c800000, 0x000000058c800000|100%|HS|  |TAMS 0x000000058c000000, 0x000000058c000000| Complete 
|  20|0x000000058c800000, 0x000000058d000000, 0x000000058d000000|100%|HS|  |TAMS 0x000000058c800000, 0x000000058c800000| Complete 
|  21|0x000000058d000000, 0x000000058d800000, 0x000000058d800000|100%|HS|  |TAMS 0x000000058d000000, 0x000000058d000000| Complete 
|  22|0x000000058d800000, 0x000000058e000000, 0x000000058e000000|100%|HS|  |TAMS 0x000000058d800000, 0x000000058d800000| Complete 
|  23|0x000000058e000000, 0x000000058e800000, 0x000000058e800000|100%| O|  |TAMS 0x000000058e800000, 0x000000058e800000| Untracked 
|  24|0x000000058e800000, 0x000000058f000000, 0x000000058f000000|100%| O|  |TAMS 0x000000058f000000, 0x000000058f000000| Untracked 
|  25|0x000000058f000000, 0x000000058f800000, 0x000000058f800000|100%| O|  |TAMS 0x000000058f800000, 0x000000058f800000| Untracked 
|  26|0x000000058f800000, 0x0000000590000000, 0x0000000590000000|100%| O|  |TAMS 0x0000000590000000, 0x0000000590000000| Untracked 
|  27|0x0000000590000000, 0x0000000590800000, 0x0000000590800000|100%|HS|  |TAMS 0x0000000590800000, 0x0000000590800000| Complete 
|  28|0x0000000590800000, 0x0000000591000000, 0x0000000591000000|100%|HC|  |TAMS 0x0000000591000000, 0x0000000591000000| Complete 
|  29|0x0000000591000000, 0x0000000591800000, 0x0000000591800000|100%|HC|  |TAMS 0x0000000591800000, 0x0000000591800000| Complete 
|  30|0x0000000591800000, 0x0000000592000000, 0x0000000592000000|100%|HC|  |TAMS 0x0000000592000000, 0x0000000592000000| Complete 
|  31|0x0000000592000000, 0x0000000592800000, 0x0000000592800000|100%|HC|  |TAMS 0x0000000592800000, 0x0000000592800000| Complete 
|  32|0x0000000592800000, 0x0000000593000000, 0x0000000593000000|100%|HC|  |TAMS 0x0000000593000000, 0x0000000593000000| Complete 
|  33|0x0000000593000000, 0x0000000593800000, 0x0000000593800000|100%|HC|  |TAMS 0x0000000593800000, 0x0000000593800000| Complete 
|  34|0x0000000593800000, 0x0000000594000000, 0x0000000594000000|100%|HS|  |TAMS 0x0000000593800000, 0x0000000593800000| Complete 
|  35|0x0000000594000000, 0x0000000594800000, 0x0000000594800000|100%|HS|  |TAMS 0x0000000594000000, 0x0000000594000000| Complete 
|  36|0x0000000594800000, 0x0000000595000000, 0x0000000595000000|100%| O|  |TAMS 0x0000000595000000, 0x0000000595000000| Untracked 
|  37|0x0000000595000000, 0x0000000595800000, 0x0000000595800000|100%| O|  |TAMS 0x0000000595800000, 0x0000000595800000| Untracked 
|  38|0x0000000595800000, 0x0000000595e91a00, 0x0000000596000000| 82%| O|  |TAMS 0x0000000595e16000, 0x0000000595e91000| Untracked 
|  39|0x0000000596000000, 0x0000000596800000, 0x0000000596800000|100%|HS|  |TAMS 0x0000000596000000, 0x0000000596000000| Complete 
|  40|0x0000000596800000, 0x0000000597000000, 0x0000000597000000|100%|HS|  |TAMS 0x0000000596800000, 0x0000000596800000| Complete 
|  41|0x0000000597000000, 0x0000000597800000, 0x0000000597800000|100%|HS|  |TAMS 0x0000000597000000, 0x0000000597000000| Complete 
|  42|0x0000000597800000, 0x0000000598000000, 0x0000000598000000|100%|HS|  |TAMS 0x0000000597800000, 0x0000000597800000| Complete 
|  43|0x0000000598000000, 0x0000000598800000, 0x0000000598800000|100%|HS|  |TAMS 0x0000000598000000, 0x0000000598000000| Complete 
|  44|0x0000000598800000, 0x0000000599000000, 0x0000000599000000|100%|HS|  |TAMS 0x0000000598800000, 0x0000000598800000| Complete 
|  45|0x0000000599000000, 0x0000000599800000, 0x0000000599800000|100%|HS|  |TAMS 0x0000000599000000, 0x0000000599000000| Complete 
|  46|0x0000000599800000, 0x000000059a000000, 0x000000059a000000|100%|HS|  |TAMS 0x0000000599800000, 0x0000000599800000| Complete 
|  47|0x000000059a000000, 0x000000059a800000, 0x000000059a800000|100%|HS|  |TAMS 0x000000059a000000, 0x000000059a000000| Complete 
|  48|0x000000059a800000, 0x000000059b000000, 0x000000059b000000|100%|HS|  |TAMS 0x000000059a800000, 0x000000059a800000| Complete 
|  49|0x000000059b000000, 0x000000059b800000, 0x000000059b800000|100%|HS|  |TAMS 0x000000059b000000, 0x000000059b000000| Complete 
|  50|0x000000059b800000, 0x000000059c000000, 0x000000059c000000|100%|HS|  |TAMS 0x000000059b800000, 0x000000059b800000| Complete 
|  51|0x000000059c000000, 0x000000059c800000, 0x000000059c800000|100%|HS|  |TAMS 0x000000059c000000, 0x000000059c000000| Complete 
|  52|0x000000059c800000, 0x000000059d000000, 0x000000059d000000|100%|HS|  |TAMS 0x000000059c800000, 0x000000059c800000| Complete 
|  53|0x000000059d000000, 0x000000059d800000, 0x000000059d800000|100%|HS|  |TAMS 0x000000059d000000, 0x000000059d000000| Complete 
|  54|0x000000059d800000, 0x000000059e000000, 0x000000059e000000|100%|HS|  |TAMS 0x000000059d800000, 0x000000059d800000| Complete 
|  55|0x000000059e000000, 0x000000059e800000, 0x000000059e800000|100%|HS|  |TAMS 0x000000059e000000, 0x000000059e000000| Complete 
|  56|0x000000059e800000, 0x000000059f000000, 0x000000059f000000|100%|HS|  |TAMS 0x000000059e800000, 0x000000059e800000| Complete 
|  57|0x000000059f000000, 0x000000059f800000, 0x000000059f800000|100%|HS|  |TAMS 0x000000059f000000, 0x000000059f000000| Complete 
|  58|0x000000059f800000, 0x00000005a0000000, 0x00000005a0000000|100%|HS|  |TAMS 0x000000059f800000, 0x000000059f800000| Complete 
|  59|0x00000005a0000000, 0x00000005a0800000, 0x00000005a0800000|100%|HS|  |TAMS 0x00000005a0000000, 0x00000005a0000000| Complete 
|  60|0x00000005a0800000, 0x00000005a0800000, 0x00000005a1000000|  0%| F|  |TAMS 0x00000005a0800000, 0x00000005a0800000| Untracked 
|  61|0x00000005a1000000, 0x00000005a1000000, 0x00000005a1800000|  0%| F|  |TAMS 0x00000005a1000000, 0x00000005a1000000| Untracked 
|  62|0x00000005a1800000, 0x00000005a1800000, 0x00000005a2000000|  0%| F|  |TAMS 0x00000005a1800000, 0x00000005a1800000| Untracked 
|  63|0x00000005a2000000, 0x00000005a2000000, 0x00000005a2800000|  0%| F|  |TAMS 0x00000005a2000000, 0x00000005a2000000| Untracked 
|  64|0x00000005a2800000, 0x00000005a2800000, 0x00000005a3000000|  0%| F|  |TAMS 0x00000005a2800000, 0x00000005a2800000| Untracked 
|  65|0x00000005a3000000, 0x00000005a3000000, 0x00000005a3800000|  0%| F|  |TAMS 0x00000005a3000000, 0x00000005a3000000| Untracked 
|  66|0x00000005a3800000, 0x00000005a3800000, 0x00000005a4000000|  0%| F|  |TAMS 0x00000005a3800000, 0x00000005a3800000| Untracked 
|  67|0x00000005a4000000, 0x00000005a4000000, 0x00000005a4800000|  0%| F|  |TAMS 0x00000005a4000000, 0x00000005a4000000| Untracked 
|  68|0x00000005a4800000, 0x00000005a4800000, 0x00000005a5000000|  0%| F|  |TAMS 0x00000005a4800000, 0x00000005a4800000| Untracked 
|  69|0x00000005a5000000, 0x00000005a5000000, 0x00000005a5800000|  0%| F|  |TAMS 0x00000005a5000000, 0x00000005a5000000| Untracked 
|  70|0x00000005a5800000, 0x00000005a5800000, 0x00000005a6000000|  0%| F|  |TAMS 0x00000005a5800000, 0x00000005a5800000| Untracked 
|  71|0x00000005a6000000, 0x00000005a6000000, 0x00000005a6800000|  0%| F|  |TAMS 0x00000005a6000000, 0x00000005a6000000| Untracked 
|  72|0x00000005a6800000, 0x00000005a6800000, 0x00000005a7000000|  0%| F|  |TAMS 0x00000005a6800000, 0x00000005a6800000| Untracked 
|  73|0x00000005a7000000, 0x00000005a7000000, 0x00000005a7800000|  0%| F|  |TAMS 0x00000005a7000000, 0x00000005a7000000| Untracked 
|  74|0x00000005a7800000, 0x00000005a8000000, 0x00000005a8000000|100%|HS|  |TAMS 0x00000005a7800000, 0x00000005a8000000| Complete 
|  75|0x00000005a8000000, 0x00000005a8000000, 0x00000005a8800000|  0%| F|  |TAMS 0x00000005a8000000, 0x00000005a8000000| Untracked 
|  76|0x00000005a8800000, 0x00000005a9000000, 0x00000005a9000000|100%|HS|  |TAMS 0x00000005a8800000, 0x00000005a9000000| Complete 
|  77|0x00000005a9000000, 0x00000005a9800000, 0x00000005a9800000|100%|HS|  |TAMS 0x00000005a9000000, 0x00000005a9800000| Complete 
|  78|0x00000005a9800000, 0x00000005aa000000, 0x00000005aa000000|100%|HS|  |TAMS 0x00000005a9800000, 0x00000005aa000000| Complete 
|  79|0x00000005aa000000, 0x00000005aa800000, 0x00000005aa800000|100%|HS|  |TAMS 0x00000005aa000000, 0x00000005aa800000| Complete 
|  80|0x00000005aa800000, 0x00000005ab000000, 0x00000005ab000000|100%|HS|  |TAMS 0x00000005aa800000, 0x00000005ab000000| Complete 
|  81|0x00000005ab000000, 0x00000005ab800000, 0x00000005ab800000|100%|HS|  |TAMS 0x00000005ab000000, 0x00000005ab800000| Complete 
|  82|0x00000005ab800000, 0x00000005ac000000, 0x00000005ac000000|100%|HS|  |TAMS 0x00000005ab800000, 0x00000005ac000000| Complete 
|  83|0x00000005ac000000, 0x00000005ac800000, 0x00000005ac800000|100%|HS|  |TAMS 0x00000005ac000000, 0x00000005ac800000| Complete 
|  84|0x00000005ac800000, 0x00000005ad000000, 0x00000005ad000000|100%|HS|  |TAMS 0x00000005ac800000, 0x00000005ad000000| Complete 
|  85|0x00000005ad000000, 0x00000005ad800000, 0x00000005ad800000|100%|HS|  |TAMS 0x00000005ad000000, 0x00000005ad800000| Complete 
|  86|0x00000005ad800000, 0x00000005ae000000, 0x00000005ae000000|100%|HS|  |TAMS 0x00000005ad800000, 0x00000005ae000000| Complete 
|  87|0x00000005ae000000, 0x00000005ae800000, 0x00000005ae800000|100%|HS|  |TAMS 0x00000005ae000000, 0x00000005ae800000| Complete 
|  88|0x00000005ae800000, 0x00000005af000000, 0x00000005af000000|100%|HS|  |TAMS 0x00000005ae800000, 0x00000005af000000| Complete 
|  89|0x00000005af000000, 0x00000005af800000, 0x00000005af800000|100%|HS|  |TAMS 0x00000005af000000, 0x00000005af800000| Complete 
|  90|0x00000005af800000, 0x00000005b0000000, 0x00000005b0000000|100%|HS|  |TAMS 0x00000005af800000, 0x00000005b0000000| Complete 
|  91|0x00000005b0000000, 0x00000005b0800000, 0x00000005b0800000|100%|HS|  |TAMS 0x00000005b0000000, 0x00000005b0800000| Complete 
|  92|0x00000005b0800000, 0x00000005b1000000, 0x00000005b1000000|100%|HS|  |TAMS 0x00000005b0800000, 0x00000005b1000000| Complete 
|  93|0x00000005b1000000, 0x00000005b1800000, 0x00000005b1800000|100%|HS|  |TAMS 0x00000005b1000000, 0x00000005b1800000| Complete 
|  94|0x00000005b1800000, 0x00000005b2000000, 0x00000005b2000000|100%|HS|  |TAMS 0x00000005b1800000, 0x00000005b2000000| Complete 
|  95|0x00000005b2000000, 0x00000005b2800000, 0x00000005b2800000|100%|HS|  |TAMS 0x00000005b2000000, 0x00000005b2800000| Complete 
|  96|0x00000005b2800000, 0x00000005b3000000, 0x00000005b3000000|100%|HS|  |TAMS 0x00000005b2800000, 0x00000005b3000000| Complete 
|  97|0x00000005b3000000, 0x00000005b3800000, 0x00000005b3800000|100%|HS|  |TAMS 0x00000005b3000000, 0x00000005b3800000| Complete 
|  98|0x00000005b3800000, 0x00000005b4000000, 0x00000005b4000000|100%|HS|  |TAMS 0x00000005b3800000, 0x00000005b4000000| Complete 
|  99|0x00000005b4000000, 0x00000005b4800000, 0x00000005b4800000|100%|HS|  |TAMS 0x00000005b4000000, 0x00000005b4800000| Complete 
| 100|0x00000005b4800000, 0x00000005b5000000, 0x00000005b5000000|100%|HS|  |TAMS 0x00000005b4800000, 0x00000005b5000000| Complete 
| 101|0x00000005b5000000, 0x00000005b5800000, 0x00000005b5800000|100%|HS|  |TAMS 0x00000005b5000000, 0x00000005b5800000| Complete 
| 102|0x00000005b5800000, 0x00000005b6000000, 0x00000005b6000000|100%|HS|  |TAMS 0x00000005b5800000, 0x00000005b6000000| Complete 
| 103|0x00000005b6000000, 0x00000005b6800000, 0x00000005b6800000|100%|HS|  |TAMS 0x00000005b6000000, 0x00000005b6800000| Complete 
| 104|0x00000005b6800000, 0x00000005b7000000, 0x00000005b7000000|100%|HS|  |TAMS 0x00000005b6800000, 0x00000005b7000000| Complete 
| 105|0x00000005b7000000, 0x00000005b7800000, 0x00000005b7800000|100%|HS|  |TAMS 0x00000005b7000000, 0x00000005b7800000| Complete 
| 106|0x00000005b7800000, 0x00000005b8000000, 0x00000005b8000000|100%|HS|  |TAMS 0x00000005b7800000, 0x00000005b8000000| Complete 
| 107|0x00000005b8000000, 0x00000005b8800000, 0x00000005b8800000|100%|HS|  |TAMS 0x00000005b8000000, 0x00000005b8800000| Complete 
| 108|0x00000005b8800000, 0x00000005b9000000, 0x00000005b9000000|100%|HS|  |TAMS 0x00000005b8800000, 0x00000005b9000000| Complete 
| 109|0x00000005b9000000, 0x00000005b9000000, 0x00000005b9800000|  0%| F|  |TAMS 0x00000005b9000000, 0x00000005b9000000| Untracked 
| 110|0x00000005b9800000, 0x00000005b9800000, 0x00000005ba000000|  0%| F|  |TAMS 0x00000005b9800000, 0x00000005b9800000| Untracked 
| 111|0x00000005ba000000, 0x00000005ba000000, 0x00000005ba800000|  0%| F|  |TAMS 0x00000005ba000000, 0x00000005ba000000| Untracked 
| 112|0x00000005ba800000, 0x00000005ba800000, 0x00000005bb000000|  0%| F|  |TAMS 0x00000005ba800000, 0x00000005ba800000| Untracked 
| 113|0x00000005bb000000, 0x00000005bb000000, 0x00000005bb800000|  0%| F|  |TAMS 0x00000005bb000000, 0x00000005bb000000| Untracked 
| 114|0x00000005bb800000, 0x00000005bb800000, 0x00000005bc000000|  0%| F|  |TAMS 0x00000005bb800000, 0x00000005bb800000| Untracked 
| 115|0x00000005bc000000, 0x00000005bc000000, 0x00000005bc800000|  0%| F|  |TAMS 0x00000005bc000000, 0x00000005bc000000| Untracked 
| 116|0x00000005bc800000, 0x00000005bc800000, 0x00000005bd000000|  0%| F|  |TAMS 0x00000005bc800000, 0x00000005bc800000| Untracked 
| 117|0x00000005bd000000, 0x00000005bd000000, 0x00000005bd800000|  0%| F|  |TAMS 0x00000005bd000000, 0x00000005bd000000| Untracked 
| 118|0x00000005bd800000, 0x00000005bd800000, 0x00000005be000000|  0%| F|  |TAMS 0x00000005bd800000, 0x00000005bd800000| Untracked 
| 119|0x00000005be000000, 0x00000005be000000, 0x00000005be800000|  0%| F|  |TAMS 0x00000005be000000, 0x00000005be000000| Untracked 
| 120|0x00000005be800000, 0x00000005be800000, 0x00000005bf000000|  0%| F|  |TAMS 0x00000005be800000, 0x00000005be800000| Untracked 
| 121|0x00000005bf000000, 0x00000005bf000000, 0x00000005bf800000|  0%| F|  |TAMS 0x00000005bf000000, 0x00000005bf000000| Untracked 
| 122|0x00000005bf800000, 0x00000005bf800000, 0x00000005c0000000|  0%| F|  |TAMS 0x00000005bf800000, 0x00000005bf800000| Untracked 
| 123|0x00000005c0000000, 0x00000005c0000000, 0x00000005c0800000|  0%| F|  |TAMS 0x00000005c0000000, 0x00000005c0000000| Untracked 
| 124|0x00000005c0800000, 0x00000005c0800000, 0x00000005c1000000|  0%| F|  |TAMS 0x00000005c0800000, 0x00000005c0800000| Untracked 
| 125|0x00000005c1000000, 0x00000005c1000000, 0x00000005c1800000|  0%| F|  |TAMS 0x00000005c1000000, 0x00000005c1000000| Untracked 
| 126|0x00000005c1800000, 0x00000005c1800000, 0x00000005c2000000|  0%| F|  |TAMS 0x00000005c1800000, 0x00000005c1800000| Untracked 
| 127|0x00000005c2000000, 0x00000005c2000000, 0x00000005c2800000|  0%| F|  |TAMS 0x00000005c2000000, 0x00000005c2000000| Untracked 
| 128|0x00000005c2800000, 0x00000005c2800000, 0x00000005c3000000|  0%| F|  |TAMS 0x00000005c2800000, 0x00000005c2800000| Untracked 
| 129|0x00000005c3000000, 0x00000005c3000000, 0x00000005c3800000|  0%| F|  |TAMS 0x00000005c3000000, 0x00000005c3000000| Untracked 
| 130|0x00000005c3800000, 0x00000005c3800000, 0x00000005c4000000|  0%| F|  |TAMS 0x00000005c3800000, 0x00000005c3800000| Untracked 
| 131|0x00000005c4000000, 0x00000005c4000000, 0x00000005c4800000|  0%| F|  |TAMS 0x00000005c4000000, 0x00000005c4000000| Untracked 
| 132|0x00000005c4800000, 0x00000005c4800000, 0x00000005c5000000|  0%| F|  |TAMS 0x00000005c4800000, 0x00000005c4800000| Untracked 
| 133|0x00000005c5000000, 0x00000005c5000000, 0x00000005c5800000|  0%| F|  |TAMS 0x00000005c5000000, 0x00000005c5000000| Untracked 
| 134|0x00000005c5800000, 0x00000005c5800000, 0x00000005c6000000|  0%| F|  |TAMS 0x00000005c5800000, 0x00000005c5800000| Untracked 
| 135|0x00000005c6000000, 0x00000005c6000000, 0x00000005c6800000|  0%| F|  |TAMS 0x00000005c6000000, 0x00000005c6000000| Untracked 
| 136|0x00000005c6800000, 0x00000005c6800000, 0x00000005c7000000|  0%| F|  |TAMS 0x00000005c6800000, 0x00000005c6800000| Untracked 
| 137|0x00000005c7000000, 0x00000005c7000000, 0x00000005c7800000|  0%| F|  |TAMS 0x00000005c7000000, 0x00000005c7000000| Untracked 
| 138|0x00000005c7800000, 0x00000005c7800000, 0x00000005c8000000|  0%| F|  |TAMS 0x00000005c7800000, 0x00000005c7800000| Untracked 
| 139|0x00000005c8000000, 0x00000005c8000000, 0x00000005c8800000|  0%| F|  |TAMS 0x00000005c8000000, 0x00000005c8000000| Untracked 
| 140|0x00000005c8800000, 0x00000005c8800000, 0x00000005c9000000|  0%| F|  |TAMS 0x00000005c8800000, 0x00000005c8800000| Untracked 
| 141|0x00000005c9000000, 0x00000005c9000000, 0x00000005c9800000|  0%| F|  |TAMS 0x00000005c9000000, 0x00000005c9000000| Untracked 
| 142|0x00000005c9800000, 0x00000005c9800000, 0x00000005ca000000|  0%| F|  |TAMS 0x00000005c9800000, 0x00000005c9800000| Untracked 
| 143|0x00000005ca000000, 0x00000005ca000000, 0x00000005ca800000|  0%| F|  |TAMS 0x00000005ca000000, 0x00000005ca000000| Untracked 
| 144|0x00000005ca800000, 0x00000005ca800000, 0x00000005cb000000|  0%| F|  |TAMS 0x00000005ca800000, 0x00000005ca800000| Untracked 
| 145|0x00000005cb000000, 0x00000005cb000000, 0x00000005cb800000|  0%| F|  |TAMS 0x00000005cb000000, 0x00000005cb000000| Untracked 
| 146|0x00000005cb800000, 0x00000005cb800000, 0x00000005cc000000|  0%| F|  |TAMS 0x00000005cb800000, 0x00000005cb800000| Untracked 
| 147|0x00000005cc000000, 0x00000005cc000000, 0x00000005cc800000|  0%| F|  |TAMS 0x00000005cc000000, 0x00000005cc000000| Untracked 
| 148|0x00000005cc800000, 0x00000005cc800000, 0x00000005cd000000|  0%| F|  |TAMS 0x00000005cc800000, 0x00000005cc800000| Untracked 
| 149|0x00000005cd000000, 0x00000005cd000000, 0x00000005cd800000|  0%| F|  |TAMS 0x00000005cd000000, 0x00000005cd000000| Untracked 
| 150|0x00000005cd800000, 0x00000005cd800000, 0x00000005ce000000|  0%| F|  |TAMS 0x00000005cd800000, 0x00000005cd800000| Untracked 
| 151|0x00000005ce000000, 0x00000005ce000000, 0x00000005ce800000|  0%| F|  |TAMS 0x00000005ce000000, 0x00000005ce000000| Untracked 
| 152|0x00000005ce800000, 0x00000005ce800000, 0x00000005cf000000|  0%| F|  |TAMS 0x00000005ce800000, 0x00000005ce800000| Untracked 
| 153|0x00000005cf000000, 0x00000005cf000000, 0x00000005cf800000|  0%| F|  |TAMS 0x00000005cf000000, 0x00000005cf000000| Untracked 
| 154|0x00000005cf800000, 0x00000005cf800000, 0x00000005d0000000|  0%| F|  |TAMS 0x00000005cf800000, 0x00000005cf800000| Untracked 
| 155|0x00000005d0000000, 0x00000005d0000000, 0x00000005d0800000|  0%| F|  |TAMS 0x00000005d0000000, 0x00000005d0000000| Untracked 
| 156|0x00000005d0800000, 0x00000005d0800000, 0x00000005d1000000|  0%| F|  |TAMS 0x00000005d0800000, 0x00000005d0800000| Untracked 
| 157|0x00000005d1000000, 0x00000005d1000000, 0x00000005d1800000|  0%| F|  |TAMS 0x00000005d1000000, 0x00000005d1000000| Untracked 
| 158|0x00000005d1800000, 0x00000005d1800000, 0x00000005d2000000|  0%| F|  |TAMS 0x00000005d1800000, 0x00000005d1800000| Untracked 
| 159|0x00000005d2000000, 0x00000005d2000000, 0x00000005d2800000|  0%| F|  |TAMS 0x00000005d2000000, 0x00000005d2000000| Untracked 
| 160|0x00000005d2800000, 0x00000005d2800000, 0x00000005d3000000|  0%| F|  |TAMS 0x00000005d2800000, 0x00000005d2800000| Untracked 
| 161|0x00000005d3000000, 0x00000005d3000000, 0x00000005d3800000|  0%| F|  |TAMS 0x00000005d3000000, 0x00000005d3000000| Untracked 
| 162|0x00000005d3800000, 0x00000005d3800000, 0x00000005d4000000|  0%| F|  |TAMS 0x00000005d3800000, 0x00000005d3800000| Untracked 
| 163|0x00000005d4000000, 0x00000005d4000000, 0x00000005d4800000|  0%| F|  |TAMS 0x00000005d4000000, 0x00000005d4000000| Untracked 
| 164|0x00000005d4800000, 0x00000005d4800000, 0x00000005d5000000|  0%| F|  |TAMS 0x00000005d4800000, 0x00000005d4800000| Untracked 
| 165|0x00000005d5000000, 0x00000005d5000000, 0x00000005d5800000|  0%| F|  |TAMS 0x00000005d5000000, 0x00000005d5000000| Untracked 
| 166|0x00000005d5800000, 0x00000005d5800000, 0x00000005d6000000|  0%| F|  |TAMS 0x00000005d5800000, 0x00000005d5800000| Untracked 
| 167|0x00000005d6000000, 0x00000005d6000000, 0x00000005d6800000|  0%| F|  |TAMS 0x00000005d6000000, 0x00000005d6000000| Untracked 
| 168|0x00000005d6800000, 0x00000005d6800000, 0x00000005d7000000|  0%| F|  |TAMS 0x00000005d6800000, 0x00000005d6800000| Untracked 
| 169|0x00000005d7000000, 0x00000005d7000000, 0x00000005d7800000|  0%| F|  |TAMS 0x00000005d7000000, 0x00000005d7000000| Untracked 
| 170|0x00000005d7800000, 0x00000005d7800000, 0x00000005d8000000|  0%| F|  |TAMS 0x00000005d7800000, 0x00000005d7800000| Untracked 
| 171|0x00000005d8000000, 0x00000005d8000000, 0x00000005d8800000|  0%| F|  |TAMS 0x00000005d8000000, 0x00000005d8000000| Untracked 
| 172|0x00000005d8800000, 0x00000005d8800000, 0x00000005d9000000|  0%| F|  |TAMS 0x00000005d8800000, 0x00000005d8800000| Untracked 
| 173|0x00000005d9000000, 0x00000005d9000000, 0x00000005d9800000|  0%| F|  |TAMS 0x00000005d9000000, 0x00000005d9000000| Untracked 
| 174|0x00000005d9800000, 0x00000005d9800000, 0x00000005da000000|  0%| F|  |TAMS 0x00000005d9800000, 0x00000005d9800000| Untracked 
| 175|0x00000005da000000, 0x00000005da000000, 0x00000005da800000|  0%| F|  |TAMS 0x00000005da000000, 0x00000005da000000| Untracked 
| 176|0x00000005da800000, 0x00000005da800000, 0x00000005db000000|  0%| F|  |TAMS 0x00000005da800000, 0x00000005da800000| Untracked 
| 177|0x00000005db000000, 0x00000005db000000, 0x00000005db800000|  0%| F|  |TAMS 0x00000005db000000, 0x00000005db000000| Untracked 
| 178|0x00000005db800000, 0x00000005db800000, 0x00000005dc000000|  0%| F|  |TAMS 0x00000005db800000, 0x00000005db800000| Untracked 
| 179|0x00000005dc000000, 0x00000005dc000000, 0x00000005dc800000|  0%| F|  |TAMS 0x00000005dc000000, 0x00000005dc000000| Untracked 
| 180|0x00000005dc800000, 0x00000005dc800000, 0x00000005dd000000|  0%| F|  |TAMS 0x00000005dc800000, 0x00000005dc800000| Untracked 
| 181|0x00000005dd000000, 0x00000005dd000000, 0x00000005dd800000|  0%| F|  |TAMS 0x00000005dd000000, 0x00000005dd000000| Untracked 
| 182|0x00000005dd800000, 0x00000005dd800000, 0x00000005de000000|  0%| F|  |TAMS 0x00000005dd800000, 0x00000005dd800000| Untracked 
| 183|0x00000005de000000, 0x00000005de000000, 0x00000005de800000|  0%| F|  |TAMS 0x00000005de000000, 0x00000005de000000| Untracked 
| 184|0x00000005de800000, 0x00000005de800000, 0x00000005df000000|  0%| F|  |TAMS 0x00000005de800000, 0x00000005de800000| Untracked 
| 185|0x00000005df000000, 0x00000005df000000, 0x00000005df800000|  0%| F|  |TAMS 0x00000005df000000, 0x00000005df000000| Untracked 
| 186|0x00000005df800000, 0x00000005df800000, 0x00000005e0000000|  0%| F|  |TAMS 0x00000005df800000, 0x00000005df800000| Untracked 
| 187|0x00000005e0000000, 0x00000005e0000000, 0x00000005e0800000|  0%| F|  |TAMS 0x00000005e0000000, 0x00000005e0000000| Untracked 
| 188|0x00000005e0800000, 0x00000005e0800000, 0x00000005e1000000|  0%| F|  |TAMS 0x00000005e0800000, 0x00000005e0800000| Untracked 
| 189|0x00000005e1000000, 0x00000005e1000000, 0x00000005e1800000|  0%| F|  |TAMS 0x00000005e1000000, 0x00000005e1000000| Untracked 
| 190|0x00000005e1800000, 0x00000005e1800000, 0x00000005e2000000|  0%| F|  |TAMS 0x00000005e1800000, 0x00000005e1800000| Untracked 
| 191|0x00000005e2000000, 0x00000005e2000000, 0x00000005e2800000|  0%| F|  |TAMS 0x00000005e2000000, 0x00000005e2000000| Untracked 
| 192|0x00000005e2800000, 0x00000005e2800000, 0x00000005e3000000|  0%| F|  |TAMS 0x00000005e2800000, 0x00000005e2800000| Untracked 
| 193|0x00000005e3000000, 0x00000005e3000000, 0x00000005e3800000|  0%| F|  |TAMS 0x00000005e3000000, 0x00000005e3000000| Untracked 
| 194|0x00000005e3800000, 0x00000005e3800000, 0x00000005e4000000|  0%| F|  |TAMS 0x00000005e3800000, 0x00000005e3800000| Untracked 
| 195|0x00000005e4000000, 0x00000005e4000000, 0x00000005e4800000|  0%| F|  |TAMS 0x00000005e4000000, 0x00000005e4000000| Untracked 
| 196|0x00000005e4800000, 0x00000005e4800000, 0x00000005e5000000|  0%| F|  |TAMS 0x00000005e4800000, 0x00000005e4800000| Untracked 
| 197|0x00000005e5000000, 0x00000005e5000000, 0x00000005e5800000|  0%| F|  |TAMS 0x00000005e5000000, 0x00000005e5000000| Untracked 
| 198|0x00000005e5800000, 0x00000005e5800000, 0x00000005e6000000|  0%| F|  |TAMS 0x00000005e5800000, 0x00000005e5800000| Untracked 
| 199|0x00000005e6000000, 0x00000005e6000000, 0x00000005e6800000|  0%| F|  |TAMS 0x00000005e6000000, 0x00000005e6000000| Untracked 
| 200|0x00000005e6800000, 0x00000005e6800000, 0x00000005e7000000|  0%| F|  |TAMS 0x00000005e6800000, 0x00000005e6800000| Untracked 
| 201|0x00000005e7000000, 0x00000005e7000000, 0x00000005e7800000|  0%| F|  |TAMS 0x00000005e7000000, 0x00000005e7000000| Untracked 
| 202|0x00000005e7800000, 0x00000005e7800000, 0x00000005e8000000|  0%| F|  |TAMS 0x00000005e7800000, 0x00000005e7800000| Untracked 
| 203|0x00000005e8000000, 0x00000005e8000000, 0x00000005e8800000|  0%| F|  |TAMS 0x00000005e8000000, 0x00000005e8000000| Untracked 
| 204|0x00000005e8800000, 0x00000005e8800000, 0x00000005e9000000|  0%| F|  |TAMS 0x00000005e8800000, 0x00000005e8800000| Untracked 
| 205|0x00000005e9000000, 0x00000005e9000000, 0x00000005e9800000|  0%| F|  |TAMS 0x00000005e9000000, 0x00000005e9000000| Untracked 
| 206|0x00000005e9800000, 0x00000005e9800000, 0x00000005ea000000|  0%| F|  |TAMS 0x00000005e9800000, 0x00000005e9800000| Untracked 
| 207|0x00000005ea000000, 0x00000005ea000000, 0x00000005ea800000|  0%| F|  |TAMS 0x00000005ea000000, 0x00000005ea000000| Untracked 
| 208|0x00000005ea800000, 0x00000005ea800000, 0x00000005eb000000|  0%| F|  |TAMS 0x00000005ea800000, 0x00000005ea800000| Untracked 
| 209|0x00000005eb000000, 0x00000005eb000000, 0x00000005eb800000|  0%| F|  |TAMS 0x00000005eb000000, 0x00000005eb000000| Untracked 
| 210|0x00000005eb800000, 0x00000005eb800000, 0x00000005ec000000|  0%| F|  |TAMS 0x00000005eb800000, 0x00000005eb800000| Untracked 
| 211|0x00000005ec000000, 0x00000005ec000000, 0x00000005ec800000|  0%| F|  |TAMS 0x00000005ec000000, 0x00000005ec000000| Untracked 
| 212|0x00000005ec800000, 0x00000005ec800000, 0x00000005ed000000|  0%| F|  |TAMS 0x00000005ec800000, 0x00000005ec800000| Untracked 
| 213|0x00000005ed000000, 0x00000005ed000000, 0x00000005ed800000|  0%| F|  |TAMS 0x00000005ed000000, 0x00000005ed000000| Untracked 
| 214|0x00000005ed800000, 0x00000005ed800000, 0x00000005ee000000|  0%| F|  |TAMS 0x00000005ed800000, 0x00000005ed800000| Untracked 
| 215|0x00000005ee000000, 0x00000005ee000000, 0x00000005ee800000|  0%| F|  |TAMS 0x00000005ee000000, 0x00000005ee000000| Untracked 
| 216|0x00000005ee800000, 0x00000005ee800000, 0x00000005ef000000|  0%| F|  |TAMS 0x00000005ee800000, 0x00000005ee800000| Untracked 
| 217|0x00000005ef000000, 0x00000005ef000000, 0x00000005ef800000|  0%| F|  |TAMS 0x00000005ef000000, 0x00000005ef000000| Untracked 
| 218|0x00000005ef800000, 0x00000005ef800000, 0x00000005f0000000|  0%| F|  |TAMS 0x00000005ef800000, 0x00000005ef800000| Untracked 
| 219|0x00000005f0000000, 0x00000005f0000000, 0x00000005f0800000|  0%| F|  |TAMS 0x00000005f0000000, 0x00000005f0000000| Untracked 
| 220|0x00000005f0800000, 0x00000005f0800000, 0x00000005f1000000|  0%| F|  |TAMS 0x00000005f0800000, 0x00000005f0800000| Untracked 
| 221|0x00000005f1000000, 0x00000005f1000000, 0x00000005f1800000|  0%| F|  |TAMS 0x00000005f1000000, 0x00000005f1000000| Untracked 
| 222|0x00000005f1800000, 0x00000005f1800000, 0x00000005f2000000|  0%| F|  |TAMS 0x00000005f1800000, 0x00000005f1800000| Untracked 
| 223|0x00000005f2000000, 0x00000005f2000000, 0x00000005f2800000|  0%| F|  |TAMS 0x00000005f2000000, 0x00000005f2000000| Untracked 
| 224|0x00000005f2800000, 0x00000005f2800000, 0x00000005f3000000|  0%| F|  |TAMS 0x00000005f2800000, 0x00000005f2800000| Untracked 
| 225|0x00000005f3000000, 0x00000005f3000000, 0x00000005f3800000|  0%| F|  |TAMS 0x00000005f3000000, 0x00000005f3000000| Untracked 
| 226|0x00000005f3800000, 0x00000005f3800000, 0x00000005f4000000|  0%| F|  |TAMS 0x00000005f3800000, 0x00000005f3800000| Untracked 
| 227|0x00000005f4000000, 0x00000005f4000000, 0x00000005f4800000|  0%| F|  |TAMS 0x00000005f4000000, 0x00000005f4000000| Untracked 
| 228|0x00000005f4800000, 0x00000005f4800000, 0x00000005f5000000|  0%| F|  |TAMS 0x00000005f4800000, 0x00000005f4800000| Untracked 
| 229|0x00000005f5000000, 0x00000005f5000000, 0x00000005f5800000|  0%| F|  |TAMS 0x00000005f5000000, 0x00000005f5000000| Untracked 
| 230|0x00000005f5800000, 0x00000005f5800000, 0x00000005f6000000|  0%| F|  |TAMS 0x00000005f5800000, 0x00000005f5800000| Untracked 
| 231|0x00000005f6000000, 0x00000005f6000000, 0x00000005f6800000|  0%| F|  |TAMS 0x00000005f6000000, 0x00000005f6000000| Untracked 
| 232|0x00000005f6800000, 0x00000005f6800000, 0x00000005f7000000|  0%| F|  |TAMS 0x00000005f6800000, 0x00000005f6800000| Untracked 
| 233|0x00000005f7000000, 0x00000005f7000000, 0x00000005f7800000|  0%| F|  |TAMS 0x00000005f7000000, 0x00000005f7000000| Untracked 
| 234|0x00000005f7800000, 0x00000005f7800000, 0x00000005f8000000|  0%| F|  |TAMS 0x00000005f7800000, 0x00000005f7800000| Untracked 
| 235|0x00000005f8000000, 0x00000005f8000000, 0x00000005f8800000|  0%| F|  |TAMS 0x00000005f8000000, 0x00000005f8000000| Untracked 
| 236|0x00000005f8800000, 0x00000005f8a17720, 0x00000005f9000000| 26%| E|  |TAMS 0x00000005f8800000, 0x00000005f8800000| Complete 
| 237|0x00000005f9000000, 0x00000005f9800000, 0x00000005f9800000|100%| E|CS|TAMS 0x00000005f9000000, 0x00000005f9000000| Complete 
| 238|0x00000005f9800000, 0x00000005fa000000, 0x00000005fa000000|100%| E|CS|TAMS 0x00000005f9800000, 0x00000005f9800000| Complete 
| 239|0x00000005fa000000, 0x00000005fa69cdc0, 0x00000005fa800000| 82%| S|CS|TAMS 0x00000005fa000000, 0x00000005fa000000| Complete 
| 240|0x00000005fa800000, 0x00000005fb000000, 0x00000005fb000000|100%| E|CS|TAMS 0x00000005fa800000, 0x00000005fa800000| Complete 
| 241|0x00000005fb000000, 0x00000005fb800000, 0x00000005fb800000|100%| E|CS|TAMS 0x00000005fb000000, 0x00000005fb000000| Complete 
| 242|0x00000005fb800000, 0x00000005fc000000, 0x00000005fc000000|100%| E|CS|TAMS 0x00000005fb800000, 0x00000005fb800000| Complete 
| 243|0x00000005fc000000, 0x00000005fc800000, 0x00000005fc800000|100%| E|CS|TAMS 0x00000005fc000000, 0x00000005fc000000| Complete 
|1274|0x00000007ff800000, 0x0000000800000000, 0x0000000800000000|100%| O|  |TAMS 0x0000000800000000, 0x0000000800000000| Untracked 

Card table byte_map: [0x0000014e3a170000,0x0000014e3b560000] _byte_map_base: 0x0000014e3755c000

Marking Bits (Prev, Next): (CMBitMap*) 0x0000014e217dce60, (CMBitMap*) 0x0000014e217dcea0
 Prev Bits: [0x0000014e3c950000, 0x0000014e468b0000)
 Next Bits: [0x0000014e468b0000, 0x0000014e50810000)

Polling page: 0x0000014e1f370000

Metaspace:

Usage:
  Non-class:     36.23 MB used.
      Class:      5.19 MB used.
       Both:     41.42 MB used.

Virtual space:
  Non-class space:       64.00 MB reserved,      36.56 MB ( 57%) committed,  1 nodes.
      Class space:        1.00 GB reserved,       5.44 MB ( <1%) committed,  1 nodes.
             Both:        1.06 GB reserved,      42.00 MB (  4%) committed. 

Chunk freelists:
   Non-Class:  10.73 MB
       Class:  10.58 MB
        Both:  21.31 MB

MaxMetaspaceSize: unlimited
CompressedClassSpaceSize: 1.00 GB
Initial GC threshold: 21.00 MB
Current GC threshold: 66.19 MB
CDS: on
MetaspaceReclaimPolicy: balanced
 - commit_granule_bytes: 65536.
 - commit_granule_words: 8192.
 - virtual_space_node_default_size: 8388608.
 - enlarge_chunks_in_place: 1.
 - new_chunks_are_fully_committed: 0.
 - uncommit_free_chunks: 1.
 - use_allocation_guard: 0.
 - handle_deallocations: 1.


Internal statistics:

num_allocs_failed_limit: 3.
num_arena_births: 844.
num_arena_deaths: 0.
num_vsnodes_births: 2.
num_vsnodes_deaths: 0.
num_space_committed: 672.
num_space_uncommitted: 0.
num_chunks_returned_to_freelist: 3.
num_chunks_taken_from_freelist: 1909.
num_chunk_merges: 0.
num_chunk_splits: 1138.
num_chunks_enlarged: 647.
num_inconsistent_stats: 0.

CodeHeap 'non-profiled nmethods': size=119168Kb used=4852Kb max_used=5451Kb free=114315Kb
 bounds [0x0000014e30e70000, 0x0000014e313d0000, 0x0000014e382d0000]
CodeHeap 'profiled nmethods': size=119104Kb used=14230Kb max_used=16374Kb free=104873Kb
 bounds [0x0000014e292d0000, 0x0000014e2a2d0000, 0x0000014e30720000]
CodeHeap 'non-nmethods': size=7488Kb used=1589Kb max_used=3328Kb free=5898Kb
 bounds [0x0000014e30720000, 0x0000014e30a70000, 0x0000014e30e70000]
 total_blobs=8314 nmethods=7322 adapters=903
 compilation: enabled
              stopped_count=0, restarted_count=0
 full_count=0

Compilation events (20 events):
Event: 740.977 Thread 0x0000014e52f4a1a0 nmethod 8893 0x0000014e30f16290 code [0x0000014e30f16420, 0x0000014e30f16528]
Event: 741.335 Thread 0x0000014e52f52c60 8894   !   3       java.nio.charset.CharsetEncoder::encode (273 bytes)
Event: 741.336 Thread 0x0000014e52f52c60 nmethod 8894 0x0000014e295c0210 code [0x0000014e295c0520, 0x0000014e295c1768]
Event: 742.317 Thread 0x0000014e52f4a1a0 8895   !   4       java.awt.EventQueue::postEventPrivate (104 bytes)
Event: 742.353 Thread 0x0000014e52f4a1a0 nmethod 8895 0x0000014e30f12710 code [0x0000014e30f129c0, 0x0000014e30f14b20]
Event: 745.356 Thread 0x0000014e52f4a1a0 8896       4       java.awt.AWTEvent::<init> (81 bytes)
Event: 745.360 Thread 0x0000014e52f4a1a0 nmethod 8896 0x0000014e30f2e690 code [0x0000014e30f2e840, 0x0000014e30f2ec18]
Event: 746.172 Thread 0x0000014e52f4a1a0 8897       4       java.awt.EventQueue::dispatchEvent (80 bytes)
Event: 746.247 Thread 0x0000014e52f4a1a0 nmethod 8897 0x0000014e31377b10 code [0x0000014e31377e60, 0x0000014e31379d88]
Event: 748.398 Thread 0x0000014e52f4a1a0 8898       4       java.nio.CharBuffer::limit (6 bytes)
Event: 748.399 Thread 0x0000014e52f4a1a0 nmethod 8898 0x0000014e30f12190 code [0x0000014e30f12320, 0x0000014e30f12418]
Event: 749.516 Thread 0x0000014e52f4a1a0 8899       4       java.awt.EventQueue::invokeLater (18 bytes)
Event: 749.524 Thread 0x0000014e52f4a1a0 nmethod 8899 0x0000014e312b9c10 code [0x0000014e312b9e20, 0x0000014e312ba8d0]
Event: 749.927 Thread 0x0000014e52f52c60 8900       3       java.awt.EventDispatchThread::pumpEventsForFilter (47 bytes)
Event: 749.928 Thread 0x0000014e52f52c60 nmethod 8900 0x0000014e29365890 code [0x0000014e29365a80, 0x0000014e29365ec8]
Event: 751.678 Thread 0x0000014e52f52c60 8901       3       org.apache.logging.log4j.core.layout.StringBuilderEncoder::encode (10 bytes)
Event: 751.678 Thread 0x0000014e52f52c60 nmethod 8901 0x0000014e293a8c90 code [0x0000014e293a8e40, 0x0000014e293a9068]
Event: 752.653 Thread 0x0000014e52f4a1a0 8902   !   4       javax.swing.TimerQueue::addTimer (82 bytes)
Event: 752.680 Thread 0x0000014e52f4a1a0 nmethod 8902 0x0000014e312fbd90 code [0x0000014e312fc000, 0x0000014e312fdb00]
Event: 753.289 Thread 0x0000014e52f4a1a0 8903   !   4       java.nio.charset.CharsetDecoder::decode (275 bytes)

GC Heap History (20 events):
Event: 105.163 GC heap before
{Heap before GC invocations=39 (full 0):
 garbage-first heap   total 589824K, used 260800K [0x0000000582800000, 0x0000000800000000)
  region size 8192K, 2 young (16384K), 1 survivors (8192K)
 Metaspace       used 40282K, committed 40832K, reserved 1114112K
  class space    used 5149K, committed 5440K, reserved 1048576K
}
Event: 105.164 GC heap after
{Heap after GC invocations=40 (full 0):
 garbage-first heap   total 589824K, used 244400K [0x0000000582800000, 0x0000000800000000)
  region size 8192K, 1 young (8192K), 1 survivors (8192K)
 Metaspace       used 40282K, committed 40832K, reserved 1114112K
  class space    used 5149K, committed 5440K, reserved 1048576K
}
Event: 105.189 GC heap before
{Heap before GC invocations=40 (full 0):
 garbage-first heap   total 589824K, used 260784K [0x0000000582800000, 0x0000000800000000)
  region size 8192K, 2 young (16384K), 1 survivors (8192K)
 Metaspace       used 40284K, committed 40832K, reserved 1114112K
  class space    used 5149K, committed 5440K, reserved 1048576K
}
Event: 105.192 GC heap after
{Heap after GC invocations=41 (full 0):
 garbage-first heap   total 1425408K, used 260782K [0x0000000582800000, 0x0000000800000000)
  region size 8192K, 1 young (8192K), 1 survivors (8192K)
 Metaspace       used 40284K, committed 40832K, reserved 1114112K
  class space    used 5149K, committed 5440K, reserved 1048576K
}
Event: 685.484 GC heap before
{Heap before GC invocations=41 (full 0):
 garbage-first heap   total 1425408K, used 883374K [0x0000000582800000, 0x0000000800000000)
  region size 8192K, 33 young (270336K), 1 survivors (8192K)
 Metaspace       used 40817K, committed 41344K, reserved 1114112K
  class space    used 5153K, committed 5440K, reserved 1048576K
}
Event: 685.485 GC heap after
{Heap after GC invocations=42 (full 0):
 garbage-first heap   total 1425408K, used 622123K [0x0000000582800000, 0x0000000800000000)
  region size 8192K, 1 young (8192K), 1 survivors (8192K)
 Metaspace       used 40817K, committed 41344K, reserved 1114112K
  class space    used 5153K, committed 5440K, reserved 1048576K
}
Event: 685.515 GC heap before
{Heap before GC invocations=42 (full 0):
 garbage-first heap   total 1425408K, used 638507K [0x0000000582800000, 0x0000000800000000)
  region size 8192K, 2 young (16384K), 1 survivors (8192K)
 Metaspace       used 40829K, committed 41344K, reserved 1114112K
  class space    used 5153K, committed 5440K, reserved 1048576K
}
Event: 685.516 GC heap after
{Heap after GC invocations=43 (full 0):
 garbage-first heap   total 1425408K, used 261668K [0x0000000582800000, 0x0000000800000000)
  region size 8192K, 1 young (8192K), 1 survivors (8192K)
 Metaspace       used 40829K, committed 41344K, reserved 1114112K
  class space    used 5153K, committed 5440K, reserved 1048576K
}
Event: 688.553 GC heap before
{Heap before GC invocations=43 (full 0):
 garbage-first heap   total 1425408K, used 671268K [0x0000000582800000, 0x0000000800000000)
  region size 8192K, 6 young (49152K), 1 survivors (8192K)
 Metaspace       used 40990K, committed 41600K, reserved 1114112K
  class space    used 5168K, committed 5440K, reserved 1048576K
}
Event: 688.554 GC heap after
{Heap after GC invocations=44 (full 0):
 garbage-first heap   total 1425408K, used 624987K [0x0000000582800000, 0x0000000800000000)
  region size 8192K, 1 young (8192K), 1 survivors (8192K)
 Metaspace       used 40990K, committed 41600K, reserved 1114112K
  class space    used 5168K, committed 5440K, reserved 1048576K
}
Event: 688.584 GC heap before
{Heap before GC invocations=44 (full 0):
 garbage-first heap   total 1425408K, used 641371K [0x0000000582800000, 0x0000000800000000)
  region size 8192K, 2 young (16384K), 1 survivors (8192K)
 Metaspace       used 40991K, committed 41600K, reserved 1114112K
  class space    used 5168K, committed 5440K, reserved 1048576K
}
Event: 688.585 GC heap after
{Heap after GC invocations=45 (full 0):
 garbage-first heap   total 1425408K, used 264447K [0x0000000582800000, 0x0000000800000000)
  region size 8192K, 1 young (8192K), 1 survivors (8192K)
 Metaspace       used 40991K, committed 41600K, reserved 1114112K
  class space    used 5168K, committed 5440K, reserved 1048576K
}
Event: 690.119 GC heap before
{Heap before GC invocations=45 (full 0):
 garbage-first heap   total 1425408K, used 657663K [0x0000000582800000, 0x0000000800000000)
  region size 8192K, 5 young (40960K), 1 survivors (8192K)
 Metaspace       used 41544K, committed 42176K, reserved 1114112K
  class space    used 5246K, committed 5568K, reserved 1048576K
}
Event: 690.120 GC heap after
{Heap after GC invocations=46 (full 0):
 garbage-first heap   total 1425408K, used 626096K [0x0000000582800000, 0x0000000800000000)
  region size 8192K, 1 young (8192K), 1 survivors (8192K)
 Metaspace       used 41544K, committed 42176K, reserved 1114112K
  class space    used 5246K, committed 5568K, reserved 1048576K
}
Event: 690.162 GC heap before
{Heap before GC invocations=46 (full 0):
 garbage-first heap   total 1425408K, used 642480K [0x0000000582800000, 0x0000000800000000)
  region size 8192K, 2 young (16384K), 1 survivors (8192K)
 Metaspace       used 41570K, committed 42240K, reserved 1114112K
  class space    used 5246K, committed 5568K, reserved 1048576K
}
Event: 690.163 GC heap after
{Heap after GC invocations=47 (full 0):
 garbage-first heap   total 1425408K, used 265645K [0x0000000582800000, 0x0000000800000000)
  region size 8192K, 1 young (8192K), 1 survivors (8192K)
 Metaspace       used 41570K, committed 42240K, reserved 1114112K
  class space    used 5246K, committed 5568K, reserved 1048576K
}
Event: 700.534 GC heap before
{Heap before GC invocations=47 (full 0):
 garbage-first heap   total 1425408K, used 765357K [0x0000000582800000, 0x0000000800000000)
  region size 8192K, 18 young (147456K), 1 survivors (8192K)
 Metaspace       used 42257K, committed 42880K, reserved 1114112K
  class space    used 5296K, committed 5568K, reserved 1048576K
}
Event: 700.537 GC heap after
{Heap after GC invocations=48 (full 0):
 garbage-first heap   total 2007040K, used 627821K [0x0000000582800000, 0x0000000800000000)
  region size 8192K, 1 young (8192K), 1 survivors (8192K)
 Metaspace       used 42257K, committed 42880K, reserved 1114112K
  class space    used 5296K, committed 5568K, reserved 1048576K
}
Event: 701.041 GC heap before
{Heap before GC invocations=48 (full 0):
 garbage-first heap   total 2007040K, used 930925K [0x0000000582800000, 0x0000000800000000)
  region size 8192K, 5 young (40960K), 1 survivors (8192K)
 Metaspace       used 42286K, committed 42880K, reserved 1114112K
  class space    used 5298K, committed 5568K, reserved 1048576K
}
Event: 701.043 GC heap after
{Heap after GC invocations=49 (full 0):
 garbage-first heap   total 2007040K, used 529593K [0x0000000582800000, 0x0000000800000000)
  region size 8192K, 1 young (8192K), 1 survivors (8192K)
 Metaspace       used 42286K, committed 42880K, reserved 1114112K
  class space    used 5298K, committed 5568K, reserved 1048576K
}

Dll operation events (20 events):
Event: 0.019 Loaded shared library C:\Program Files\BellSoft\LibericaJDK-17\bin\jsvml.dll
Event: 0.052 Loaded shared library C:\Program Files\BellSoft\LibericaJDK-17\bin\net.dll
Event: 0.053 Loaded shared library C:\Program Files\BellSoft\LibericaJDK-17\bin\nio.dll
Event: 0.056 Loaded shared library C:\Program Files\BellSoft\LibericaJDK-17\bin\zip.dll
Event: 0.100 Loaded shared library C:\Program Files\BellSoft\LibericaJDK-17\bin\jimage.dll
Event: 0.284 Loaded shared library C:\Program Files\BellSoft\LibericaJDK-17\bin\management.dll
Event: 0.287 Loaded shared library C:\Program Files\BellSoft\LibericaJDK-17\bin\management_ext.dll
Event: 0.612 Loaded shared library C:\Temp\kaylas-launcher\secure-process\43408aacee7b573d044319fb91f5d7cd8b10d4c325168b70d3521f6cdc690b22\secure_process.dll
Event: 0.621 Loaded shared library C:\Program Files\BellSoft\LibericaJDK-17\bin\awt.dll
Event: 1.092 Loaded shared library C:\Program Files\BellSoft\LibericaJDK-17\bin\javajpeg.dll
Event: 1.231 Loaded shared library C:\Temp\jansi-2.4.0-48ea6ac4948ac3b1-jansi.dll
Event: 1.281 Loaded shared library C:\Program Files\BellSoft\LibericaJDK-17\bin\sunmscapi.dll
Event: 1.399 Loaded shared library C:\Program Files\BellSoft\LibericaJDK-17\bin\extnet.dll
Event: 1.415 Loaded shared library C:\Temp\flatlaf.temp\flatlaf-windows-x86_64-1019298443814000.dll
Event: 1.448 Loaded shared library C:\Program Files\BellSoft\LibericaJDK-17\bin\freetype.dll
Event: 1.448 Loaded shared library C:\Program Files\BellSoft\LibericaJDK-17\bin\fontmanager.dll
Event: 1.711 Loaded shared library C:\Temp\jna-63256261\jna4294274511784594701.dll
Event: 1.732 Loaded shared library C:\Program Files\BellSoft\LibericaJDK-17\bin\verify.dll
Event: 2.630 Loaded shared library C:\Program Files\BellSoft\LibericaJDK-17\bin\jsound.dll
Event: 3.327 Loaded shared library C:\Program Files\BellSoft\LibericaJDK-17\bin\mlib_image.dll

Deoptimization events (20 events):
Event: 721.680 Thread 0x0000014e9a1a8730 Uncommon trap: trap_request=0xffffffbe fr.pc=0x0000014e31280214 relative=0x0000000000003834
Event: 721.680 Thread 0x0000014e9a1a8730 Uncommon trap: reason=profile_predicate action=maybe_recompile pc=0x0000014e31280214 method=com.google.gson.internal.bind.MapTypeAdapterFactory$Adapter.write(Lcom/google/gson/stream/JsonWriter;Ljava/util/Map;)V @ 43 c2
Event: 721.680 Thread 0x0000014e9a1a8730 DEOPT PACKING pc=0x0000014e31280214 sp=0x00000026189fed90
Event: 721.680 Thread 0x0000014e9a1a8730 DEOPT UNPACKING pc=0x0000014e307769a3 sp=0x00000026189fed98 mode 2
Event: 721.830 Thread 0x0000014e9b678110 DEOPT PACKING pc=0x0000014e29cd1907 sp=0x000000261a4feaf0
Event: 721.830 Thread 0x0000014e9b678110 DEOPT UNPACKING pc=0x0000014e30777143 sp=0x000000261a4fdfd8 mode 0
Event: 722.189 Thread 0x0000014e9b678110 DEOPT PACKING pc=0x0000014e29cd1907 sp=0x000000261a4feaf0
Event: 722.189 Thread 0x0000014e9b678110 DEOPT UNPACKING pc=0x0000014e30777143 sp=0x000000261a4fdfd8 mode 0
Event: 722.456 Thread 0x0000014e9b678110 DEOPT PACKING pc=0x0000014e29cd1907 sp=0x000000261a4feaf0
Event: 722.456 Thread 0x0000014e9b678110 DEOPT UNPACKING pc=0x0000014e30777143 sp=0x000000261a4fdfd8 mode 0
Event: 724.684 Thread 0x0000014e9b678110 DEOPT PACKING pc=0x0000014e29cd1907 sp=0x000000261a4feaf0
Event: 724.684 Thread 0x0000014e9b678110 DEOPT UNPACKING pc=0x0000014e30777143 sp=0x000000261a4fdfd8 mode 0
Event: 736.669 Thread 0x0000014e9a1a8730 Uncommon trap: trap_request=0xffffffbe fr.pc=0x0000014e31280214 relative=0x0000000000003834
Event: 736.669 Thread 0x0000014e9a1a8730 Uncommon trap: reason=profile_predicate action=maybe_recompile pc=0x0000014e31280214 method=com.google.gson.internal.bind.MapTypeAdapterFactory$Adapter.write(Lcom/google/gson/stream/JsonWriter;Ljava/util/Map;)V @ 43 c2
Event: 736.669 Thread 0x0000014e9a1a8730 DEOPT PACKING pc=0x0000014e31280214 sp=0x00000026189fed90
Event: 736.669 Thread 0x0000014e9a1a8730 DEOPT UNPACKING pc=0x0000014e307769a3 sp=0x00000026189fed98 mode 2
Event: 751.676 Thread 0x0000014e9a1a8730 Uncommon trap: trap_request=0xffffffbe fr.pc=0x0000014e31280214 relative=0x0000000000003834
Event: 751.676 Thread 0x0000014e9a1a8730 Uncommon trap: reason=profile_predicate action=maybe_recompile pc=0x0000014e31280214 method=com.google.gson.internal.bind.MapTypeAdapterFactory$Adapter.write(Lcom/google/gson/stream/JsonWriter;Ljava/util/Map;)V @ 43 c2
Event: 751.676 Thread 0x0000014e9a1a8730 DEOPT PACKING pc=0x0000014e31280214 sp=0x00000026189fed90
Event: 751.676 Thread 0x0000014e9a1a8730 DEOPT UNPACKING pc=0x0000014e307769a3 sp=0x00000026189fed98 mode 2

Classes loaded (20 events):
Event: 701.404 Loading class java/net/URLClassLoader
Event: 701.405 Loading class java/net/URLClassLoader done
Event: 701.413 Loading class java/lang/ProcessBuilder$Redirect
Event: 701.413 Loading class java/lang/ProcessBuilder$Redirect done
Event: 701.413 Loading class java/lang/ProcessBuilder$Redirect$1
Event: 701.413 Loading class java/lang/ProcessBuilder$Redirect$1 done
Event: 701.413 Loading class java/lang/ProcessBuilder$Redirect$2
Event: 701.413 Loading class java/lang/ProcessBuilder$Redirect$2 done
Event: 701.413 Loading class java/lang/ProcessBuilder$Redirect$3
Event: 701.414 Loading class java/lang/ProcessBuilder$Redirect$3 done
Event: 701.414 Loading class java/lang/ProcessBuilder$Redirect$Type
Event: 701.414 Loading class java/lang/ProcessBuilder$Redirect$Type done
Event: 701.417 Loading class java/lang/ProcessBuilder$NullInputStream
Event: 701.417 Loading class java/lang/ProcessBuilder$NullInputStream done
Event: 701.417 Loading class java/lang/ProcessBuilder$RedirectPipeImpl
Event: 701.417 Loading class java/lang/ProcessBuilder$RedirectPipeImpl done
Event: 701.453 Loading class java/awt/KeyboardFocusManager$2
Event: 701.454 Loading class java/awt/KeyboardFocusManager$2 done
Event: 701.454 Loading class sun/awt/SunToolkit$1
Event: 701.454 Loading class sun/awt/SunToolkit$1 done

Classes unloaded (0 events):
No events

Classes redefined (0 events):
No events

Internal exceptions (20 events):
Event: 3.563 Thread 0x0000014e53a8be30 Exception <a 'java/lang/NoSuchMethodError'{0x0000000592a80c10}: 'java.lang.Object java.lang.invoke.DirectMethodHandle$Holder.newInvokeSpecial(java.lang.Object, java.lang.Object, int, int, java.lang.Object)'> (0x0000000592a80c10) 
thrown [s\src\hotspot\share\interpreter\linkResolver.cpp, line 759]
Event: 3.564 Thread 0x0000014e53a8be30 Exception <a 'java/lang/NoSuchMethodError'{0x0000000592a84fb8}: 'java.lang.Object java.lang.invoke.DirectMethodHandle$Holder.invokeSpecial(java.lang.Object, java.lang.Object, java.lang.Object, int, int, java.lang.Object)'> (0x0000000592a84fb8) 
thrown [s\src\hotspot\share\interpreter\linkResolver.cpp, line 759]
Event: 3.662 Thread 0x0000014e53a8be30 Exception <a 'java/lang/NoSuchMethodError'{0x000000059259cd70}: 'java.lang.Object java.lang.invoke.Invokers$Holder.invoke_MT(java.lang.Object, java.lang.Object, java.lang.Object)'> (0x000000059259cd70) 
thrown [s\src\hotspot\share\interpreter\linkResolver.cpp, line 759]
Event: 98.694 Thread 0x0000014e53a8be30 Exception <a 'java/lang/NoSuchMethodError'{0x0000000599197fe0}: 'void java.lang.invoke.DirectMethodHandle$Holder.invokeSpecial(java.lang.Object, java.lang.Object, long)'> (0x0000000599197fe0) 
thrown [s\src\hotspot\share\interpreter\linkResolver.cpp, line 759]
Event: 100.617 Thread 0x0000014e53a8be30 Exception <a 'java/lang/NoSuchMethodError'{0x00000005aa097640}: 'java.lang.Object java.lang.invoke.DirectMethodHandle$Holder.newInvokeSpecial(java.lang.Object, java.lang.Object, java.lang.Object, int)'> (0x00000005aa097640) 
thrown [s\src\hotspot\share\interpreter\linkResolver.cpp, line 759]
Event: 685.487 Thread 0x0000014e53a8be30 Implicit null exception at 0x0000014e311b9da0 to 0x0000014e311bdf60
Event: 689.990 Thread 0x0000014e53a8be30 Exception <a 'sun/nio/fs/WindowsException'{0x00000005d7e52950}> (0x00000005d7e52950) 
thrown [s\src\hotspot\share\prims\jni.cpp, line 516]
Event: 689.996 Thread 0x0000014e9b678110 Exception <a 'java/lang/NoSuchMethodError'{0x00000005d7188390}: 'void java.lang.invoke.DirectMethodHandle$Holder.invokeVirtual(java.lang.Object, java.lang.Object, long)'> (0x00000005d7188390) 
thrown [s\src\hotspot\share\interpreter\linkResolver.cpp, line 759]
Event: 690.001 Thread 0x0000014e9a1a9150 Exception <a 'java/lang/NoSuchMethodError'{0x00000005d76b3268}: 'java.lang.Object java.lang.invoke.DirectMethodHandle$Holder.newInvokeSpecial(java.lang.Object, long, java.lang.Object, java.lang.Object)'> (0x00000005d76b3268) 
thrown [s\src\hotspot\share\interpreter\linkResolver.cpp, line 759]
Event: 690.001 Thread 0x0000014e9a1a9150 Exception <a 'java/lang/NoSuchMethodError'{0x00000005d76b7380}: 'java.lang.Object java.lang.invoke.DirectMethodHandle$Holder.invokeSpecial(java.lang.Object, java.lang.Object, long, java.lang.Object, java.lang.Object)'> (0x00000005d76b7380) 
thrown [s\src\hotspot\share\interpreter\linkResolver.cpp, line 759]
Event: 690.017 Thread 0x0000014e9b74f8b0 Exception <a 'java/lang/NoSuchMethodError'{0x00000005d6b419a8}: 'java.lang.Object java.lang.invoke.DirectMethodHandle$Holder.newInvokeSpecial(java.lang.Object, java.lang.Object, long, long)'> (0x00000005d6b419a8) 
thrown [s\src\hotspot\share\interpreter\linkResolver.cpp, line 759]
Event: 690.018 Thread 0x0000014e9b74f8b0 Exception <a 'java/lang/NoSuchMethodError'{0x00000005d6b457c8}: 'java.lang.Object java.lang.invoke.DirectMethodHandle$Holder.invokeSpecial(java.lang.Object, java.lang.Object, java.lang.Object, long, long)'> (0x00000005d6b457c8) 
thrown [s\src\hotspot\share\interpreter\linkResolver.cpp, line 759]
Event: 690.021 Thread 0x0000014e53a8be30 Exception <a 'java/lang/NoSuchMethodError'{0x00000005d7ec7738}: 'java.lang.Object java.lang.invoke.DirectMethodHandle$Holder.newInvokeSpecial(java.lang.Object, java.lang.Object, long, java.lang.Object, java.lang.Object, int)'> (0x00000005d7ec7738) 
thrown [s\src\hotspot\share\interpreter\linkResolver.cpp, line 759]
Event: 690.021 Thread 0x0000014e53a8be30 Exception <a 'java/lang/NoSuchMethodError'{0x00000005d7ecf1f0}: 'java.lang.Object java.lang.invoke.Invokers$Holder.linkToTargetMethod(java.lang.Object, long, java.lang.Object, java.lang.Object, int, java.lang.Object)'> (0x00000005d7ecf1f0) 
thrown [s\src\hotspot\share\interpreter\linkResolver.cpp, line 759]
Event: 690.036 Thread 0x0000014e53a8be30 Exception <a 'sun/nio/fs/WindowsException'{0x00000005d6daa4e8}> (0x00000005d6daa4e8) 
thrown [s\src\hotspot\share\prims\jni.cpp, line 516]
Event: 690.037 Thread 0x0000014e53a8be30 Exception <a 'sun/nio/fs/WindowsException'{0x00000005d6dac720}> (0x00000005d6dac720) 
thrown [s\src\hotspot\share\prims\jni.cpp, line 516]
Event: 690.114 Thread 0x0000014e53a8be30 Exception <a 'java/lang/NoSuchMethodError'{0x00000005d6f116f0}: 'java.lang.Object java.lang.invoke.DirectMethodHandle$Holder.newInvokeSpecial(java.lang.Object, java.lang.Object, int, java.lang.Object, java.lang.Object, java.lang.Object)'> (0x00000005d6f116f0) 
thrown [s\src\hotspot\share\interpreter\linkResolver.cpp, line 759]
Event: 690.115 Thread 0x0000014e53a8be30 Exception <a 'java/lang/NoSuchMethodError'{0x00000005d6f192e8}: 'java.lang.Object java.lang.invoke.Invokers$Holder.linkToTargetMethod(java.lang.Object, int, java.lang.Object, java.lang.Object, java.lang.Object, java.lang.Object)'> (0x00000005d6f192e8) 
thrown [s\src\hotspot\share\interpreter\linkResolver.cpp, line 759]
Event: 694.272 Thread 0x0000014e9afa47c0 Implicit null exception at 0x0000014e311e9cf5 to 0x0000014e311ea010
Event: 700.013 Thread 0x0000014e9afa47c0 Exception <a 'sun/nio/fs/WindowsException'{0x00000005d1aab2a8}> (0x00000005d1aab2a8) 
thrown [s\src\hotspot\share\prims\jni.cpp, line 516]

VM Operations (20 events):
Event: 702.470 Executing VM operation: Cleanup
Event: 702.470 Executing VM operation: Cleanup done
Event: 703.447 Executing VM operation: HandshakeAllThreads
Event: 703.447 Executing VM operation: HandshakeAllThreads done
Event: 703.919 Executing VM operation: HandshakeAllThreads
Event: 703.919 Executing VM operation: HandshakeAllThreads done
Event: 706.926 Executing VM operation: Cleanup
Event: 706.926 Executing VM operation: Cleanup done
Event: 708.942 Executing VM operation: Cleanup
Event: 708.942 Executing VM operation: Cleanup done
Event: 709.945 Executing VM operation: Cleanup
Event: 709.945 Executing VM operation: Cleanup done
Event: 721.990 Executing VM operation: HandshakeAllThreads
Event: 721.990 Executing VM operation: HandshakeAllThreads done
Event: 721.990 Executing VM operation: Cleanup
Event: 721.990 Executing VM operation: Cleanup done
Event: 742.146 Executing VM operation: Cleanup
Event: 742.146 Executing VM operation: Cleanup done
Event: 747.243 Executing VM operation: Cleanup
Event: 747.243 Executing VM operation: Cleanup done

Memory protections (0 events):
No events

Nmethod flushes (20 events):
Event: 703.928 Thread 0x0000014e53a8cd60 flushing osr nmethod 0x0000014e2a185090
Event: 703.928 Thread 0x0000014e53a8cd60 flushing  nmethod 0x0000014e2a188d90
Event: 703.928 Thread 0x0000014e53a8cd60 flushing  nmethod 0x0000014e2a1ae490
Event: 703.928 Thread 0x0000014e53a8cd60 flushing  nmethod 0x0000014e2a1af190
Event: 703.928 Thread 0x0000014e53a8cd60 flushing  nmethod 0x0000014e2a23cf90
Event: 703.928 Thread 0x0000014e53a8cd60 flushing  nmethod 0x0000014e2a240410
Event: 703.928 Thread 0x0000014e53a8cd60 flushing  nmethod 0x0000014e2a241510
Event: 703.928 Thread 0x0000014e53a8cd60 flushing  nmethod 0x0000014e2a253890
Event: 703.928 Thread 0x0000014e53a8cd60 flushing  nmethod 0x0000014e2a255c10
Event: 703.928 Thread 0x0000014e53a8cd60 flushing  nmethod 0x0000014e2a25eb10
Event: 703.928 Thread 0x0000014e53a8cd60 flushing  nmethod 0x0000014e2a25f310
Event: 703.928 Thread 0x0000014e53a8cd60 flushing osr nmethod 0x0000014e2a26d910
Event: 703.928 Thread 0x0000014e53a8cd60 flushing  nmethod 0x0000014e2a26fc10
Event: 703.928 Thread 0x0000014e53a8cd60 flushing  nmethod 0x0000014e2a273b10
Event: 703.928 Thread 0x0000014e53a8cd60 flushing  nmethod 0x0000014e2a276090
Event: 703.928 Thread 0x0000014e53a8cd60 flushing  nmethod 0x0000014e2a278410
Event: 703.928 Thread 0x0000014e53a8cd60 flushing  nmethod 0x0000014e2a27a710
Event: 703.928 Thread 0x0000014e53a8cd60 flushing  nmethod 0x0000014e2a286a90
Event: 703.928 Thread 0x0000014e53a8cd60 flushing  nmethod 0x0000014e2a289c10
Event: 703.928 Thread 0x0000014e53a8cd60 flushing  nmethod 0x0000014e2a2bb590

Events (20 events):
Event: 697.183 Thread 0x0000014ea33b9d40 Thread exited: 0x0000014ea33b9d40
Event: 697.230 Thread 0x0000014e9b40f2a0 Thread exited: 0x0000014e9b40f2a0
Event: 700.027 Thread 0x0000014e9afa42b0 Thread added: 0x0000014e9b751710
Event: 700.133 Thread 0x0000014e52f52c60 Thread added: 0x0000014e9b40cd70
Event: 700.303 Thread 0x0000014e9b40cd70 Thread added: 0x0000014e9b40ed50
Event: 700.322 Thread 0x0000014e9b40d810 Thread added: 0x0000014e9b40e800
Event: 700.327 Thread 0x0000014e9b40ed50 Thread added: 0x0000014e9b40f2a0
Event: 700.383 Thread 0x0000014e9b40cd70 Thread added: 0x0000014ea3394cd0
Event: 700.384 Thread 0x0000014e9b40cd70 Thread added: 0x0000014ea3392250
Event: 701.458 Thread 0x0000014e9a1a9150 Thread added: 0x0000014e9b74f3a0
Event: 701.994 Thread 0x0000014ea3392250 Thread exited: 0x0000014ea3392250
Event: 702.789 Thread 0x0000014e9b40d810 Thread exited: 0x0000014e9b40d810
Event: 702.789 Thread 0x0000014ea3394cd0 Thread exited: 0x0000014ea3394cd0
Event: 702.899 Thread 0x0000014e9b74f3a0 Thread exited: 0x0000014e9b74f3a0
Event: 703.038 Thread 0x0000014e9b40f2a0 Thread exited: 0x0000014e9b40f2a0
Event: 703.444 Thread 0x0000014e9b40e800 Thread exited: 0x0000014e9b40e800
Event: 704.766 Thread 0x0000014e9b40ed50 Thread exited: 0x0000014e9b40ed50
Event: 704.893 Thread 0x0000014e9b40cd70 Thread exited: 0x0000014e9b40cd70
Event: 719.852 Thread 0x0000014e9b74da50 Thread exited: 0x0000014e9b74da50
Event: 750.021 Thread 0x0000014e9b74f8b0 Thread exited: 0x0000014e9b74f8b0


Dynamic libraries:
0x00007ff724ee0000 - 0x00007ff724eee000 	C:\Program Files\BellSoft\LibericaJDK-17\bin\java.exe
0x00007ffcaeff0000 - 0x00007ffcaf1e6000 	C:\Windows\SYSTEM32\ntdll.dll
0x00007ffcaeab0000 - 0x00007ffcaeb6d000 	C:\Windows\System32\KERNEL32.DLL
0x00007ffcacd00000 - 0x00007ffcacfc9000 	C:\Windows\System32\KERNELBASE.dll
0x00007ffcacaa0000 - 0x00007ffcacba0000 	C:\Windows\System32\ucrtbase.dll
0x00007ffc92670000 - 0x00007ffc92688000 	C:\Program Files\BellSoft\LibericaJDK-17\bin\jli.dll
0x00007ffc92650000 - 0x00007ffc9266e000 	C:\Program Files\BellSoft\LibericaJDK-17\bin\VCRUNTIME140.dll
0x00007ffcad7f0000 - 0x00007ffcad990000 	C:\Windows\System32\USER32.dll
0x00007ffcacfd0000 - 0x00007ffcacff2000 	C:\Windows\System32\win32u.dll
0x00007ffc946f0000 - 0x00007ffc9498b000 	C:\Windows\WinSxS\amd64_microsoft.windows.common-controls_6595b64144ccf1df_6.0.19041.746_none_ca02b4b61b8320a4\COMCTL32.dll
0x00007ffcaeee0000 - 0x00007ffcaef0a000 	C:\Windows\System32\GDI32.dll
0x00007ffcaec00000 - 0x00007ffcaec9e000 	C:\Windows\System32\msvcrt.dll
0x00007ffcac7f0000 - 0x00007ffcac8fb000 	C:\Windows\System32\gdi32full.dll
0x00007ffcac9b0000 - 0x00007ffcaca4d000 	C:\Windows\System32\msvcp_win.dll
0x00007ffcad360000 - 0x00007ffcad390000 	C:\Windows\System32\IMM32.DLL
0x00007ffca9e90000 - 0x00007ffca9e9c000 	C:\Program Files\BellSoft\LibericaJDK-17\bin\vcruntime140_1.dll
0x00007ffc90bd0000 - 0x00007ffc90c59000 	C:\Program Files\BellSoft\LibericaJDK-17\bin\msvcp140.dll
0x00007ffc65200000 - 0x00007ffc65e79000 	C:\Program Files\BellSoft\LibericaJDK-17\bin\server\jvm.dll
0x00007ffcaedd0000 - 0x00007ffcaee7c000 	C:\Windows\System32\ADVAPI32.dll
0x00007ffcada70000 - 0x00007ffcadb0c000 	C:\Windows\System32\sechost.dll
0x00007ffcad3f0000 - 0x00007ffcad51b000 	C:\Windows\System32\RPCRT4.dll
0x00007ffcaeca0000 - 0x00007ffcaed0b000 	C:\Windows\System32\WS2_32.dll
0x00007ffcabd10000 - 0x00007ffcabd5b000 	C:\Windows\SYSTEM32\POWRPROF.dll
0x00007ffc9c7a0000 - 0x00007ffc9c7c7000 	C:\Windows\SYSTEM32\WINMM.dll
0x00007ffca6e90000 - 0x00007ffca6e9a000 	C:\Windows\SYSTEM32\VERSION.dll
0x00007ffcabbd0000 - 0x00007ffcabbe2000 	C:\Windows\SYSTEM32\UMPDC.dll
0x00007ffcaa6f0000 - 0x00007ffcaa702000 	C:\Windows\SYSTEM32\kernel.appcore.dll
0x00007ffc952c0000 - 0x00007ffc952ca000 	C:\Program Files\BellSoft\LibericaJDK-17\bin\jimage.dll
0x00007ffc9be40000 - 0x00007ffc9c024000 	C:\Windows\SYSTEM32\DBGHELP.DLL
0x00007ffc8ba30000 - 0x00007ffc8ba5c000 	C:\Windows\SYSTEM32\dbgcore.DLL
0x00007ffcac770000 - 0x00007ffcac7f0000 	C:\Windows\System32\bcryptPrimitives.dll
0x00007ffc91ad0000 - 0x00007ffc91af6000 	C:\Program Files\BellSoft\LibericaJDK-17\bin\java.dll
0x00007ffc65120000 - 0x00007ffc651f7000 	C:\Program Files\BellSoft\LibericaJDK-17\bin\jsvml.dll
0x00007ffcadb10000 - 0x00007ffcae253000 	C:\Windows\System32\SHELL32.dll
0x00007ffcaa8f0000 - 0x00007ffcab07f000 	C:\Windows\SYSTEM32\windows.storage.dll
0x00007ffcae730000 - 0x00007ffcaea86000 	C:\Windows\System32\combase.dll
0x00007ffcac1d0000 - 0x00007ffcac1fc000 	C:\Windows\SYSTEM32\Wldp.dll
0x00007ffcad740000 - 0x00007ffcad7ee000 	C:\Windows\System32\SHCORE.dll
0x00007ffcae6d0000 - 0x00007ffcae725000 	C:\Windows\System32\shlwapi.dll
0x00007ffcac6a0000 - 0x00007ffcac6c6000 	C:\Windows\SYSTEM32\profapi.dll
0x00007ffc91990000 - 0x00007ffc919ab000 	C:\Program Files\BellSoft\LibericaJDK-17\bin\net.dll
0x00007ffca5da0000 - 0x00007ffca5ea0000 	C:\Windows\SYSTEM32\WINHTTP.dll
0x00007ffcabf50000 - 0x00007ffcabfba000 	C:\Windows\system32\mswsock.dll
0x00007ffc91970000 - 0x00007ffc91986000 	C:\Program Files\BellSoft\LibericaJDK-17\bin\nio.dll
0x00007ffc917f0000 - 0x00007ffc91808000 	C:\Program Files\BellSoft\LibericaJDK-17\bin\zip.dll
0x00007ffc91480000 - 0x00007ffc9148a000 	C:\Program Files\BellSoft\LibericaJDK-17\bin\management.dll
0x00007ffc90fd0000 - 0x00007ffc90fdc000 	C:\Program Files\BellSoft\LibericaJDK-17\bin\management_ext.dll
0x00007ffcaed10000 - 0x00007ffcaed18000 	C:\Windows\System32\PSAPI.DLL
0x00007ffc8e520000 - 0x00007ffc8e537000 	C:\Windows\system32\napinsp.dll
0x00007ffc8e500000 - 0x00007ffc8e51b000 	C:\Windows\system32\pnrpnsp.dll
0x00007ffca7530000 - 0x00007ffca7545000 	C:\Windows\system32\wshbth.dll
0x00007ffca98e0000 - 0x00007ffca98fd000 	C:\Windows\system32\NLAapi.dll
0x00007ffcabbf0000 - 0x00007ffcabc2b000 	C:\Windows\SYSTEM32\IPHLPAPI.DLL
0x00007ffcabc40000 - 0x00007ffcabd0b000 	C:\Windows\SYSTEM32\DNSAPI.dll
0x00007ffcad990000 - 0x00007ffcad998000 	C:\Windows\System32\NSI.dll
0x00007ffc8e4e0000 - 0x00007ffc8e4f2000 	C:\Windows\System32\winrnr.dll
0x00007ffca5870000 - 0x00007ffca58ef000 	C:\Windows\System32\fwpuclnt.dll
0x00007ffcad000000 - 0x00007ffcad027000 	C:\Windows\System32\bcrypt.dll
0x00007ffca70c0000 - 0x00007ffca70ca000 	C:\Windows\System32\rasadhlp.dll
0x00007ffc914d0000 - 0x00007ffc914e8000 	C:\Temp\kaylas-launcher\secure-process\43408aacee7b573d044319fb91f5d7cd8b10d4c325168b70d3521f6cdc690b22\secure_process.dll
0x00007ffcad030000 - 0x00007ffcad090000 	C:\Windows\System32\WINTRUST.dll
0x00007ffcacba0000 - 0x00007ffcaccf6000 	C:\Windows\System32\CRYPT32.dll
0x00007ffcac240000 - 0x00007ffcac267000 	C:\Windows\SYSTEM32\ncrypt.dll
0x00007ffcac350000 - 0x00007ffcac362000 	C:\Windows\SYSTEM32\MSASN1.dll
0x00007ffcac200000 - 0x00007ffcac23b000 	C:\Windows\SYSTEM32\NTASN1.dll
0x00007ffcac120000 - 0x00007ffcac138000 	C:\Windows\SYSTEM32\CRYPTSP.dll
0x00007ffcab880000 - 0x00007ffcab8b4000 	C:\Windows\system32\rsaenh.dll
0x00007ffcac140000 - 0x00007ffcac14c000 	C:\Windows\SYSTEM32\CRYPTBASE.dll
0x00007ffcaea90000 - 0x00007ffcaeaad000 	C:\Windows\System32\imagehlp.dll
0x00007ffc45430000 - 0x00007ffc455c5000 	C:\Program Files\BellSoft\LibericaJDK-17\bin\awt.dll
0x00007ffcad9a0000 - 0x00007ffcada6d000 	C:\Windows\System32\OLEAUT32.dll
0x00007ffca9e00000 - 0x00007ffca9e90000 	C:\Windows\SYSTEM32\apphelp.dll
0x00007ffcaa220000 - 0x00007ffcaa2be000 	C:\Windows\system32\uxtheme.dll
0x00007ffcad110000 - 0x00007ffcad226000 	C:\Windows\System32\MSCTF.dll
0x00007ffcad230000 - 0x00007ffcad35a000 	C:\Windows\System32\ole32.dll
0x00007ffcaa5e0000 - 0x00007ffcaa60f000 	C:\Windows\system32\DWMAPI.DLL
0x00007ffc63190000 - 0x00007ffc632b5000 	C:\Windows\system32\opengl32.dll
0x00007ffc63160000 - 0x00007ffc6318c000 	C:\Windows\SYSTEM32\GLU32.dll
0x00007ffc885b0000 - 0x00007ffc8877f000 	C:\Windows\system32\d3d9.dll
0x00007ffca2d00000 - 0x00007ffca2dc5000 	C:\Windows\System32\DriverStore\FileRepository\nv_dispi.inf_amd64_37503b637f6a53da\nvldumdx.dll
0x00007ffca6e40000 - 0x00007ffca6e71000 	C:\Windows\SYSTEM32\cryptnet.dll
0x00007ffca6cb0000 - 0x00007ffca6df9000 	C:\Windows\SYSTEM32\drvstore.dll
0x00007ffcac510000 - 0x00007ffcac53c000 	C:\Windows\SYSTEM32\devobj.dll
0x00007ffcaca50000 - 0x00007ffcaca9e000 	C:\Windows\System32\cfgmgr32.dll
0x00007ffc9d830000 - 0x00007ffca15c4000 	C:\Windows\System32\DriverStore\FileRepository\nv_dispi.inf_amd64_37503b637f6a53da\nvgpucomp64.dll
0x00007ffc9b8f0000 - 0x00007ffc9b9ce000 	C:\Windows\System32\DriverStore\FileRepository\nv_dispi.inf_amd64_37503b637f6a53da\NvMemMapStoragex.dll
0x00007ffc65e80000 - 0x00007ffc68985000 	C:\Windows\System32\DriverStore\FileRepository\nv_dispi.inf_amd64_37503b637f6a53da\nvd3dumx.dll
0x00007ffc63010000 - 0x00007ffc63157000 	C:\Windows\system32\nvspcap64.dll
0x00007ffcab4b0000 - 0x00007ffcab4e3000 	C:\Windows\SYSTEM32\ntmarta.dll
0x00007ffcab090000 - 0x00007ffcab0b3000 	C:\Windows\SYSTEM32\gpapi.dll
0x00007ffc91150000 - 0x00007ffc91307000 	C:\Windows\System32\DriverStore\FileRepository\nv_dispi.inf_amd64_37503b637f6a53da\nvppex.dll
0x00007ffca39f0000 - 0x00007ffca3a2b000 	C:\Windows\SYSTEM32\dxcore.dll
0x00007ffcac660000 - 0x00007ffcac68e000 	C:\Windows\SYSTEM32\USERENV.dll
0x00007ffca6e00000 - 0x00007ffca6e17000 	C:\Windows\SYSTEM32\dhcpcsvc6.DLL
0x00007ffca6a50000 - 0x00007ffca6a6d000 	C:\Windows\SYSTEM32\dhcpcsvc.DLL
0x00007ffc47eb0000 - 0x00007ffc47ede000 	C:\Program Files\BellSoft\LibericaJDK-17\bin\javajpeg.dll
0x0000000069ac0000 - 0x0000000069ae4000 	C:\Temp\jansi-2.4.0-48ea6ac4948ac3b1-jansi.dll
0x00007ffc94fe0000 - 0x00007ffc94fee000 	C:\Program Files\BellSoft\LibericaJDK-17\bin\sunmscapi.dll
0x00007ffc924a0000 - 0x00007ffc924a7000 	C:\Windows\system32\wshunix.dll
0x00007ffc917e0000 - 0x00007ffc917e9000 	C:\Program Files\BellSoft\LibericaJDK-17\bin\extnet.dll
0x00007ffca4f30000 - 0x00007ffca4f36000 	C:\Temp\flatlaf.temp\flatlaf-windows-x86_64-1019298443814000.dll
0x00007ffc46770000 - 0x00007ffc467fb000 	C:\Program Files\BellSoft\LibericaJDK-17\bin\freetype.dll
0x00007ffc46420000 - 0x00007ffc46519000 	C:\Program Files\BellSoft\LibericaJDK-17\bin\fontmanager.dll
0x00007ffca35c0000 - 0x00007ffca36bb000 	C:\Windows\SYSTEM32\textinputframework.dll
0x00007ffca9570000 - 0x00007ffca98ce000 	C:\Windows\System32\CoreUIComponents.dll
0x00007ffca9a00000 - 0x00007ffca9af2000 	C:\Windows\System32\CoreMessaging.dll
0x00007ffca8a00000 - 0x00007ffca8b54000 	C:\Windows\SYSTEM32\wintypes.dll
0x00007ffc46c20000 - 0x00007ffc46c62000 	C:\Temp\jna-63256261\jna4294274511784594701.dll
0x00007ffc466d0000 - 0x00007ffc4676c000 	C:\Temp\jna-63256261\jna5714662387855051010.dll
0x00007ffc9b9e0000 - 0x00007ffc9b9f0000 	C:\Program Files\BellSoft\LibericaJDK-17\bin\verify.dll
0x00007ffc92bb0000 - 0x00007ffc92c0a000 	C:\Windows\system32\ncryptprov.dll
0x00007ffcaed20000 - 0x00007ffcaedc9000 	C:\Windows\System32\clbcatq.dll
0x00007ffca5b50000 - 0x00007ffca5d04000 	C:\Windows\SYSTEM32\WindowsCodecs.dll
0x00007ffc83c80000 - 0x00007ffc83cbe000 	C:\Windows\system32\dataexchange.dll
0x00007ffca7ba0000 - 0x00007ffca7e04000 	C:\Windows\system32\d3d11.dll
0x00007ffca8da0000 - 0x00007ffca8f87000 	C:\Windows\system32\dcomp.dll
0x00007ffcab0c0000 - 0x00007ffcab1b3000 	C:\Windows\system32\dxgi.dll
0x00007ffca5f90000 - 0x00007ffca6191000 	C:\Windows\system32\twinapi.appcore.dll
0x00007ffc8d990000 - 0x00007ffc8d9a2000 	C:\Program Files\BellSoft\LibericaJDK-17\bin\jsound.dll
0x00007ffca5060000 - 0x00007ffca50fc000 	C:\Windows\SYSTEM32\DSOUND.dll
0x00007ffc7f800000 - 0x00007ffc7f826000 	C:\Windows\SYSTEM32\winmmbase.dll
0x00007ffca69c0000 - 0x00007ffca6a45000 	C:\Windows\System32\MMDevApi.dll
0x00007ffc88010000 - 0x00007ffc88056000 	C:\Windows\SYSTEM32\wdmaud.drv
0x00007ffc95640000 - 0x00007ffc95649000 	C:\Windows\SYSTEM32\ksuser.dll
0x00007ffca6600000 - 0x00007ffca660a000 	C:\Windows\SYSTEM32\AVRT.dll
0x00007ffc87520000 - 0x00007ffc876a3000 	C:\Windows\SYSTEM32\AUDIOSES.DLL
0x00007ffc95590000 - 0x00007ffc9559d000 	C:\Windows\SYSTEM32\msacm32.drv
0x00007ffc4c040000 - 0x00007ffc4c05e000 	C:\Windows\SYSTEM32\MSACM32.dll

dbghelp: loaded successfully - version: 4.0.5 - missing functions: none
symbol engine: initialized successfully - sym options: 0x614 - pdb path: .;C:\Program Files\BellSoft\LibericaJDK-17\bin;C:\Windows\SYSTEM32;C:\Windows\WinSxS\amd64_microsoft.windows.common-controls_6595b64144ccf1df_6.0.19041.746_none_ca02b4b61b8320a4;C:\Program Files\BellSoft\LibericaJDK-17\bin\server;C:\Temp\kaylas-launcher\secure-process\43408aacee7b573d044319fb91f5d7cd8b10d4c325168b70d3521f6cdc690b22;C:\Windows\System32\DriverStore\FileRepository\nv_dispi.inf_amd64_37503b637f6a53da;C:\Temp;C:\Temp\flatlaf.temp;C:\Temp\jna-63256261

VM Arguments:
jvm_args: -Djava.net.preferIPv4Stack=true -Dkaylas.launcher.devRun=true -Dfile.encoding=UTF-8 -Duser.country=RU -Duser.language=ru -Duser.variant 
java_command: org.takesome.Launcher
java_class_path (initial): C:\Users\Aiden\Documents\Repos\KaylasWorld\KaylasLauncher\build\classes\java\main;C:\Users\Aiden\Documents\Repos\KaylasWorld\KaylasLauncher\build\resources\main;C:\Users\Aiden\Documents\Repos\KaylasWorld\KaylasUIEngine\build\libs\kaylas-ui-engine-2.3.0-KINETICA.jar;C:\Users\Aiden\Documents\Repos\KaylasWorld\cfgProvider\build\libs\cfgProvider-2.3.0-STABLE.jar;C:\Users\Aiden\Documents\Repos\KaylasWorld\KaylasUIEngine\local-maven\raven\toast\FoxNotifications\1.0.4\FoxNotifications-1.0.4.jar;C:\Users\Aiden\Documents\Repos\KaylasWorld\KaylasUIEngine\local-maven\com\formdev\flatlaf\3.4.1\flatlaf-3.4.1.jar;C:\Users\Aiden\Documents\Repos\KaylasWorld\KaylasUIEngine\local-maven\com\formdev\flatlaf-extras\3.4.1\flatlaf-extras-3.4.1.jar;C:\Users\Aiden\Documents\Repos\KaylasWorld\KaylasUIEngine\local-maven\com\github\weisj\jsvg\1.6.1\jsvg-1.6.1.jar;C:\Users\Aiden\Documents\Repos\KaylasWorld\KaylasLauncher\local-maven\org\foxesworld\Ascendix\1.11.5-SNAPSHOT\Ascendix-1.11.5-SNAPSHOT.jar;C:\Users\Aiden\.gradle\caches\modules-2\files-2.1\com.google.code.gson\gson\2.11.0\527175ca6d81050b53bdd4c457a6d6e017626b0e\gson-2.11.0.jar;C:\Users\Aiden\.gradle\caches\modules-2\files-2.1\org.luaj\luaj-jse\3.0.1\99245b2df284805e1cb835e9be47c243f9717511\luaj-jse-3.0.1.jar;C:\Users\Aiden\.gradle\caches\modules-2\files-2.1\org.apache.logging.log4j\log4j-slf4j2-impl\2.20.0\155c8b9bbdac91d8461d9a403a646e6bd0d365d8\log4j-slf4j2-impl-2.20.0.jar;C:\Users\Aiden\.gradle\caches\modules-2\files-2.1\org.apache.logging.log4j\log4j-core\2.20.0\eb2a9a47b1396e00b5eee1264296729a70565cc0\log4j-core-2.20.0.jar;C:\Users\Aiden\.gradle\caches\modules-2\files-2.1\org.apache.logging.log4j\log4j-api\2.20.0\1fe6082e660daf07c689a89c94dc0f49c26b44bb\log4j-api-2.20.0.jar;C:\Users\Aiden\Documents\Repos\KaylasWorld\KaylasUIEngine\local-maven\club\minnced\java-discord-rpc\2.0.2\java-discord-rpc-2.0.2.jar;C:\Users\Aiden\Documents\Repos\KaylasWorld\KaylasUIEngine\local-maven\com\vdurmont-iris\emoji-jav
Launcher Type: SUN_STANDARD

[Global flags]
     intx CICompilerCount                          = 12                                        {product} {ergonomic}
     uint ConcGCThreads                            = 4                                         {product} {ergonomic}
     uint G1ConcRefinementThreads                  = 15                                        {product} {ergonomic}
   size_t G1HeapRegionSize                         = 8388608                                   {product} {ergonomic}
    uintx GCDrainStackTargetSize                   = 64                                        {product} {ergonomic}
   size_t InitialHeapSize                          = 671088640                                 {product} {ergonomic}
   size_t MarkStackSize                            = 4194304                                   {product} {ergonomic}
   size_t MaxHeapSize                              = 10695475200                               {product} {ergonomic}
   size_t MaxNewSize                               = 6417285120                                {product} {ergonomic}
   size_t MinHeapDeltaBytes                        = 8388608                                   {product} {ergonomic}
   size_t MinHeapSize                              = 8388608                                   {product} {ergonomic}
    uintx NonNMethodCodeHeapSize                   = 7602480                                {pd product} {ergonomic}
    uintx NonProfiledCodeHeapSize                  = 122027880                              {pd product} {ergonomic}
    uintx ProfiledCodeHeapSize                     = 122027880                              {pd product} {ergonomic}
    uintx ReservedCodeCacheSize                    = 251658240                              {pd product} {ergonomic}
     bool SegmentedCodeCache                       = true                                      {product} {ergonomic}
   size_t SoftMaxHeapSize                          = 10695475200                            {manageable} {ergonomic}
     bool UseCompressedClassPointers               = true                           {product lp64_product} {ergonomic}
     bool UseCompressedOops                        = true                           {product lp64_product} {ergonomic}
     bool UseG1GC                                  = true                                      {product} {ergonomic}
     bool UseLargePagesIndividualAllocation        = false                                  {pd product} {ergonomic}

Logging:
Log output configuration:
 #0: stdout all=warning uptime,level,tags
 #1: stderr all=off uptime,level,tags

Environment Variables:
JAVA_HOME=C:\Program Files\BellSoft\LibericaJDK-17
PATH=C:\Program Files\BellSoft\LibericaJDK-17\bin\;C:\VulkanSDK\1.4.341.1\Bin;C:\Program Files (x86)\Razer Chroma SDK\bin;C:\Program Files\Razer Chroma SDK\bin;C:\Program Files (x86)\Razer\ChromaBroadcast\bin;C:\Program Files\Razer\ChromaBroadcast\bin;C:\Windows\system32;C:\Windows;C:\Windows\System32\Wbem;C:\Windows\System32\WindowsPowerShell\v1.0\;C:\Program Files (x86)\NVIDIA Corporation\PhysX\Common;C:\Program Files\dotnet\;C:\ProgramData\chocolatey\bin;C:\Users\Aiden\Desktop\php;C:\ProgramData\ComposerSetup\bin;C:\Users\Aiden\AppData\Local\Programs\Python\Python310\Scripts\;C:\Users\Aiden\AppData\Local\Programs\Python\Python310\;C:\Users\Aiden\AppData\Local\Microsoft\WindowsApps;C:\Users\Aiden\AppData\Local\GitHubDesktop\bin;C:\Program Files\JetBrains\IntelliJ IDEA 2022.2\bin;C:\Users\Aiden\.dotnet\tools;C:\Program Files\JetBrains\PhpStorm 2022.2\bin;C:\Users\Aiden\AppData\Roaming\npm;C:\Users\Aiden\AppData\Roaming\Composer\vendor\bin;C:\Program Files\NVIDIA Corporation\NVIDIA NvDLISR;C:\Windows\system32\config\systemprofile\AppData\Local\Microsoft\WindowsApps;C:\Program Files\CMake\bin;C:\Program Files\AmneziaWG\;C:\Program Files\nodejs\;C:\Program Files\NVIDIA Corporation\NVIDIA App\NvDLISR;C:\Program Files\Git\cmd;C:\Program Files\LLVM\bin;C:\Program Files (x86)\LLVM\bin;C:\Program Files\PyManager\;C:\Program Files\Go\bin;C:\Program Files\BellSoft\LibericaJDK-17\bin;C:\Users\Aiden\.cargo\bin;C:\VulkanSDK\1.4.341.1\Bin;C:\Program Files (x86)\Razer Chroma SDK\bin;C:\Program Files\Razer Chroma SDK\bin;C:\Program Files (x86)\Razer\ChromaBroadcast\bin;C:\Program Files\Razer\ChromaBroadcast\bin;C:\Windows\system32;C:\Windows;C:\Windows\System32\Wbem;C:\Windows\System32\WindowsPowerShell\v1.0\;C:\Program Files (x86)\NVIDIA Corporation\PhysX\Common;C:\Program Files\dotnet\;C:\ProgramData\chocolatey\bin;C:\Users\Aiden\Desktop\php;C:\ProgramData\ComposerSetup\bin;C:\Users\Aiden\AppData\Local\Programs\Python\Python310\Scripts\;C:\Users\Aiden\AppData\Local\Programs\Python\Python310\;C:\Users\Aiden\AppData\Local\Microsoft\WindowsApps;C:\Users\Aiden\AppData\Local\GitHubDesktop\bin;C:\Program Files\JetBrains\IntelliJ IDEA 2022.2\bin;C:\Users\Aiden\.dotnet\tools;C:\Program Files\JetBrains\PhpStorm 2022.2\bin;C:\Users\Aiden\AppData\Roaming\npm;C:\Users\Aiden\AppData\Roaming\Composer\vendor\bin;C:\Program Files\NVIDIA Corporation\NVIDIA NvDLISR;C:\Windows\system32\config\systemprofile\AppData\Local\Microsoft\Windo;C:\Cloudflared\bin;C:\Users\Aiden\AppData\Local\Programs\PowerShell\7;C:\Users\Aiden\go\bin
USERNAME=Aiden
OS=Windows_NT
PROCESSOR_IDENTIFIER=Intel64 Family 6 Model 79 Stepping 1, GenuineIntel
TMP=C:\Temp
TEMP=C:\Temp



Periodic native trim disabled


---------------  S Y S T E M  ---------------

OS:
 Windows 10 , 64 bit Build 19041 (10.0.19041.662)
OS uptime: 1 days 4:31 hours

CPU: total 20 (initial active 20) (10 cores per cpu, 2 threads per core) family 6 model 79 stepping 1 microcode 0xb000031, cx8, cmov, fxsr, ht, mmx, 3dnowpref, sse, sse2, sse3, ssse3, sse4.1, sse4.2, popcnt, lzcnt, tsc, tscinvbit, avx, avx2, aes, erms, clmul, bmi1, bmi2, rtm, adx, fma, vzeroupper, clflush
Processor Information for all 20 processors :
  Max Mhz: 3001, Current Mhz: 3001, Mhz Limit: 3001

Memory: 4k page, system-wide physical 40797M (11694M free)
TotalPageFile size 40797M (AvailPageFile size 4M)
current process WorkingSet (physical memory assigned to process): 1304M, peak: 1369M
current process commit charge ("private bytes"): 2338M, peak: 2424M

vm_info: OpenJDK 64-Bit Server VM (17.0.19+11-LTS) for windows-amd64 JRE (17.0.19+11-LTS), built on Apr 20 2026 02:13:36 by "" with MS VC++ 17.14 (VS2022)

END.
