#
# There is insufficient memory for the Java Runtime Environment to continue.
# Native memory allocation (malloc) failed to allocate 1770576 bytes for Chunk::new
# Possible reasons:
#   The system is out of physical RAM or swap space
#   The process is running with CompressedOops enabled, and the Java Heap may be blocking the growth of the native heap
# Possible solutions:
#   Reduce memory load on the system
#   Increase physical memory or swap space
#   Check if swap backing store is full
#   Decrease Java heap size (-Xmx/-Xms)
#   Decrease number of Java threads
#   Decrease Java thread stack sizes (-Xss)
#   Set larger code cache with -XX:ReservedCodeCacheSize=
#   JVM is running with Unscaled Compressed Oops mode in which the Java heap is
#     placed in the first 4GB address space. The Java Heap base address is the
#     maximum limit for the native heap growth. Please use -XX:HeapBaseMinAddress
#     to set the Java Heap base and to place the Java Heap above 4GB virtual address.
# This output file may be truncated or incomplete.
#
#  Out of Memory Error (arena.cpp:189), pid=36424, tid=35548
#
# JRE version: OpenJDK Runtime Environment (17.0.6+10) (build 17.0.6+10-LTS)
# Java VM: OpenJDK 64-Bit Server VM (17.0.6+10-LTS, mixed mode, sharing, tiered, compressed oops, compressed class ptrs, g1 gc, windows-amd64)
# No core dump will be written. Minidumps are not enabled by default on client versions of Windows
#

---------------  S U M M A R Y ------------

Command Line: --add-opens=java.base/java.util=ALL-UNNAMED --add-opens=java.base/java.lang=ALL-UNNAMED --add-opens=java.base/java.lang.invoke=ALL-UNNAMED --add-opens=java.prefs/java.util.prefs=ALL-UNNAMED --add-opens=java.base/java.nio.charset=ALL-UNNAMED --add-opens=java.base/java.net=ALL-UNNAMED --add-opens=java.base/java.util.concurrent.atomic=ALL-UNNAMED -XX:MaxMetaspaceSize=384m -XX:+HeapDumpOnOutOfMemoryError -Xms256m -Xmx512m -Dfile.encoding=windows-1251 -Duser.country=RU -Duser.language=ru -Duser.variant -javaagent:C:\Users\Aiden\.gradle\wrapper\dists\gradle-8.4-bin\1w5dpkrfk8irigvoxmyhowfim\gradle-8.4\lib\agents\gradle-instrumentation-agent-8.4.jar org.gradle.launcher.daemon.bootstrap.GradleDaemon 8.4

Host: Intel(R) Core(TM) i7-6950X CPU @ 3.00GHz, 20 cores, 31G,  Windows 10 , 64 bit Build 19041 (10.0.19041.662)
Time: Sat Oct 28 20:04:09 2023 RTZ 2 (s 10 , 64 bit Build 19041 (10.0.19041.662) elapsed time: 4.350633 seconds (0d 0h 0m 4s)

---------------  T H R E A D  ---------------

Current thread (0x000001add651cff0):  JavaThread "C2 CompilerThread1" daemon [_thread_in_native, id=35548, stack(0x0000000cba100000,0x0000000cba200000)]


Current CompileTask:
C2:   4350 5558       4       groovyjarjarantlr4.v4.runtime.atn.PredictionContext::join (569 bytes)

Stack: [0x0000000cba100000,0x0000000cba200000]
Native frames: (J=compiled Java code, j=interpreted, Vv=VM code, C=native code)
V  [jvm.dll+0x64af5a]
V  [jvm.dll+0x7fea64]
V  [jvm.dll+0x80021e]
V  [jvm.dll+0x800873]
V  [jvm.dll+0x235648]
V  [jvm.dll+0xbccac]
V  [jvm.dll+0xbd28c]
V  [jvm.dll+0x34efa7]
V  [jvm.dll+0x319b4f]
V  [jvm.dll+0x318f8a]
V  [jvm.dll+0x209aa5]
V  [jvm.dll+0x209037]
V  [jvm.dll+0x198ffd]
V  [jvm.dll+0x2183dd]
V  [jvm.dll+0x216624]
V  [jvm.dll+0x7b729b]
V  [jvm.dll+0x7b184a]
V  [jvm.dll+0x649e25]
C  [ucrtbase.dll+0x214c2]
C  [KERNEL32.DLL+0x17034]
C  [ntdll.dll+0x4d0d1]


---------------  P R O C E S S  ---------------

Threads class SMR info:
_java_thread_list=0x000001add69839a0, length=65, elements={
0x000001adb9f2a0b0, 0x000001add5974aa0, 0x000001add5975710, 0x000001add598cbc0,
0x000001add598d570, 0x000001add598df20, 0x000001add598e8d0, 0x000001add5992ab0,
0x000001add599c4c0, 0x000001add59a92e0, 0x000001add595f0d0, 0x000001add64df240,
0x000001add64e3f70, 0x000001add651cff0, 0x000001add664aea0, 0x000001add6771770,
0x000001add7969150, 0x000001add80aad60, 0x000001add7fc2780, 0x000001add78ada10,
0x000001add7c74640, 0x000001add8a45240, 0x000001add69849a0, 0x000001add7b02f80,
0x000001add7b05600, 0x000001add7b025e0, 0x000001add7b03450, 0x000001add7b05130,
0x000001add7b02ab0, 0x000001add7b05ad0, 0x000001add7b03df0, 0x000001add7b03920,
0x000001add7b042c0, 0x000001addc491470, 0x000001addc48b430, 0x000001addc48b900,
0x000001addc48d110, 0x000001addc491e10, 0x000001addc48fc60, 0x000001addc490ad0,
0x000001addc48edf0, 0x000001addc4927b0, 0x000001addc490600, 0x000001addc491940,
0x000001addc4922e0, 0x000001addc48af60, 0x000001addc490fa0, 0x000001addc48bdd0,
0x000001addc48c2a0, 0x000001addc48c770, 0x000001add6dbaae0, 0x000001add6dbaff0,
0x000001addc48f2c0, 0x000001addc48cc40, 0x000001addc48d5e0, 0x000001addc48dab0,
0x000001addc48df80, 0x000001addc48e450, 0x000001addc48e920, 0x000001addc48f790,
0x000001addb150410, 0x000001addb14ec00, 0x000001adde4b7560, 0x000001adde4b7050,
0x000001adda090030
}

Java Threads: ( => current thread )
  0x000001adb9f2a0b0 JavaThread "main" [_thread_blocked, id=36108, stack(0x0000000cb8e00000,0x0000000cb8f00000)]
  0x000001add5974aa0 JavaThread "Reference Handler" daemon [_thread_blocked, id=36332, stack(0x0000000cb9500000,0x0000000cb9600000)]
  0x000001add5975710 JavaThread "Finalizer" daemon [_thread_blocked, id=22288, stack(0x0000000cb9600000,0x0000000cb9700000)]
  0x000001add598cbc0 JavaThread "Signal Dispatcher" daemon [_thread_blocked, id=34284, stack(0x0000000cb9700000,0x0000000cb9800000)]
  0x000001add598d570 JavaThread "Attach Listener" daemon [_thread_blocked, id=3576, stack(0x0000000cb9800000,0x0000000cb9900000)]
  0x000001add598df20 JavaThread "Service Thread" daemon [_thread_blocked, id=35860, stack(0x0000000cb9900000,0x0000000cb9a00000)]
  0x000001add598e8d0 JavaThread "Monitor Deflation Thread" daemon [_thread_blocked, id=12044, stack(0x0000000cb9a00000,0x0000000cb9b00000)]
  0x000001add5992ab0 JavaThread "C2 CompilerThread0" daemon [_thread_in_native, id=35328, stack(0x0000000cb9b00000,0x0000000cb9c00000)]
  0x000001add599c4c0 JavaThread "C1 CompilerThread0" daemon [_thread_blocked, id=36008, stack(0x0000000cb9c00000,0x0000000cb9d00000)]
  0x000001add59a92e0 JavaThread "Sweeper thread" daemon [_thread_blocked, id=2200, stack(0x0000000cb9d00000,0x0000000cb9e00000)]
  0x000001add595f0d0 JavaThread "Common-Cleaner" daemon [_thread_blocked, id=36596, stack(0x0000000cb9e00000,0x0000000cb9f00000)]
  0x000001add64df240 JavaThread "C1 CompilerThread1" daemon [_thread_blocked, id=35136, stack(0x0000000cb9f00000,0x0000000cba000000)]
  0x000001add64e3f70 JavaThread "C1 CompilerThread2" daemon [_thread_blocked, id=36200, stack(0x0000000cba000000,0x0000000cba100000)]
=>0x000001add651cff0 JavaThread "C2 CompilerThread1" daemon [_thread_in_native, id=35548, stack(0x0000000cba100000,0x0000000cba200000)]
  0x000001add664aea0 JavaThread "Notification Thread" daemon [_thread_blocked, id=24992, stack(0x0000000cba200000,0x0000000cba300000)]
  0x000001add6771770 JavaThread "C2 CompilerThread2" daemon [_thread_in_native, id=36184, stack(0x0000000cba400000,0x0000000cba500000)]
  0x000001add7969150 JavaThread "C1 CompilerThread3" daemon [_thread_blocked, id=29384, stack(0x0000000cba500000,0x0000000cba600000)]
  0x000001add80aad60 JavaThread "Daemon health stats" [_thread_blocked, id=36364, stack(0x0000000cbab00000,0x0000000cbac00000)]
  0x000001add7fc2780 JavaThread "Incoming local TCP Connector on port 62898" [_thread_in_native, id=35488, stack(0x0000000cbac00000,0x0000000cbad00000)]
  0x000001add78ada10 JavaThread "Daemon periodic checks" [_thread_blocked, id=11208, stack(0x0000000cbad00000,0x0000000cbae00000)]
  0x000001add7c74640 JavaThread "Daemon" [_thread_blocked, id=35896, stack(0x0000000cbae00000,0x0000000cbaf00000)]
  0x000001add8a45240 JavaThread "Handler for socket connection from /127.0.0.1:62898 to /127.0.0.1:62899" [_thread_in_native, id=3684, stack(0x0000000cbaf00000,0x0000000cbb000000)]
  0x000001add69849a0 JavaThread "Cancel handler" [_thread_blocked, id=36560, stack(0x0000000cbb000000,0x0000000cbb100000)]
  0x000001add7b02f80 JavaThread "Daemon worker" [_thread_in_Java, id=36168, stack(0x0000000cbb100000,0x0000000cbb200000)]
  0x000001add7b05600 JavaThread "Asynchronous log dispatcher for DefaultDaemonConnection: socket connection from /127.0.0.1:62898 to /127.0.0.1:62899" [_thread_blocked, id=2440, stack(0x0000000cbb200000,0x0000000cbb300000)]
  0x000001add7b025e0 JavaThread "Stdin handler" [_thread_blocked, id=34936, stack(0x0000000cbb300000,0x0000000cbb400000)]
  0x000001add7b03450 JavaThread "Daemon client event forwarder" [_thread_blocked, id=36760, stack(0x0000000cbb400000,0x0000000cbb500000)]
  0x000001add7b05130 JavaThread "Cache worker for journal cache (C:\Users\Aiden\.gradle\caches\journal-1)" [_thread_blocked, id=8712, stack(0x0000000cbb500000,0x0000000cbb600000)]
  0x000001add7b02ab0 JavaThread "File lock request listener" [_thread_in_native, id=27336, stack(0x0000000cbb600000,0x0000000cbb700000)]
  0x000001add7b05ad0 JavaThread "Cache worker for file hash cache (C:\Users\Aiden\.gradle\caches\8.4\fileHashes)" [_thread_blocked, id=36076, stack(0x0000000cbb700000,0x0000000cbb800000)]
  0x000001add7b03df0 JavaThread "File watcher server" daemon [_thread_in_native, id=27052, stack(0x0000000cbb800000,0x0000000cbb900000)]
  0x000001add7b03920 JavaThread "File watcher consumer" daemon [_thread_blocked, id=28692, stack(0x0000000cbb900000,0x0000000cbba00000)]
  0x000001add7b042c0 JavaThread "jar transforms" [_thread_blocked, id=29836, stack(0x0000000cbba00000,0x0000000cbbb00000)]
  0x000001addc491470 JavaThread "jar transforms Thread 2" [_thread_blocked, id=7488, stack(0x0000000cbbb00000,0x0000000cbbc00000)]
  0x000001addc48b430 JavaThread "jar transforms Thread 3" [_thread_blocked, id=36720, stack(0x0000000cbbc00000,0x0000000cbbd00000)]
  0x000001addc48b900 JavaThread "jar transforms Thread 4" [_thread_blocked, id=5856, stack(0x0000000cbbd00000,0x0000000cbbe00000)]
  0x000001addc48d110 JavaThread "jar transforms Thread 5" [_thread_blocked, id=12836, stack(0x0000000cbbe00000,0x0000000cbbf00000)]
  0x000001addc491e10 JavaThread "jar transforms Thread 6" [_thread_blocked, id=31080, stack(0x0000000cbbf00000,0x0000000cbc000000)]
  0x000001addc48fc60 JavaThread "jar transforms Thread 7" [_thread_blocked, id=34900, stack(0x0000000cbc000000,0x0000000cbc100000)]
  0x000001addc490ad0 JavaThread "jar transforms Thread 8" [_thread_blocked, id=10720, stack(0x0000000cbc100000,0x0000000cbc200000)]
  0x000001addc48edf0 JavaThread "jar transforms Thread 9" [_thread_blocked, id=22352, stack(0x0000000cbc200000,0x0000000cbc300000)]
  0x000001addc4927b0 JavaThread "jar transforms Thread 10" [_thread_blocked, id=10404, stack(0x0000000cbc300000,0x0000000cbc400000)]
  0x000001addc490600 JavaThread "jar transforms Thread 11" [_thread_blocked, id=5708, stack(0x0000000cbc400000,0x0000000cbc500000)]
  0x000001addc491940 JavaThread "jar transforms Thread 12" [_thread_blocked, id=36176, stack(0x0000000cbc500000,0x0000000cbc600000)]
  0x000001addc4922e0 JavaThread "jar transforms Thread 13" [_thread_blocked, id=1908, stack(0x0000000cbc600000,0x0000000cbc700000)]
  0x000001addc48af60 JavaThread "jar transforms Thread 14" [_thread_blocked, id=12004, stack(0x0000000cbc700000,0x0000000cbc800000)]
  0x000001addc490fa0 JavaThread "jar transforms Thread 15" [_thread_blocked, id=12800, stack(0x0000000cbc800000,0x0000000cbc900000)]
  0x000001addc48bdd0 JavaThread "jar transforms Thread 16" [_thread_blocked, id=11304, stack(0x0000000cbc900000,0x0000000cbca00000)]
  0x000001addc48c2a0 JavaThread "jar transforms Thread 17" [_thread_blocked, id=36708, stack(0x0000000cbca00000,0x0000000cbcb00000)]
  0x000001addc48c770 JavaThread "jar transforms Thread 18" [_thread_blocked, id=35848, stack(0x0000000cbcb00000,0x0000000cbcc00000)]
  0x000001add6dbaae0 JavaThread "C2 CompilerThread3" daemon [_thread_in_native, id=15168, stack(0x0000000cbcc00000,0x0000000cbcd00000)]
  0x000001add6dbaff0 JavaThread "C2 CompilerThread4" daemon [_thread_in_native, id=3508, stack(0x0000000cbcd00000,0x0000000cbce00000)]
  0x000001addc48f2c0 JavaThread "Cache worker for checksums cache (C:\Users\Aiden\Documents\NewEngine\.gradle\8.4\checksums)" [_thread_blocked, id=33328, stack(0x0000000cbda00000,0x0000000cbdb00000)]
  0x000001addc48cc40 JavaThread "Cache worker for file hash cache (C:\Users\Aiden\Documents\NewEngine\.gradle\8.4\fileHashes)" [_thread_blocked, id=7788, stack(0x0000000cbdb00000,0x0000000cbdc00000)]
  0x000001addc48d5e0 JavaThread "Cache worker for cache directory md-supplier (C:\Users\Aiden\.gradle\caches\8.4\md-supplier)" [_thread_blocked, id=2220, stack(0x0000000cbdc00000,0x0000000cbdd00000)]
  0x000001addc48dab0 JavaThread "Cache worker for file content cache (C:\Users\Aiden\.gradle\caches\8.4\fileContent)" [_thread_blocked, id=18592, stack(0x0000000cbdd00000,0x0000000cbde00000)]
  0x000001addc48df80 JavaThread "Cache worker for cache directory md-rule (C:\Users\Aiden\.gradle\caches\8.4\md-rule)" [_thread_blocked, id=10740, stack(0x0000000cbde00000,0x0000000cbdf00000)]
  0x000001addc48e450 JavaThread "Cache worker for execution history cache (C:\Users\Aiden\.gradle\caches\8.4\executionHistory)" [_thread_blocked, id=14444, stack(0x0000000cbdf00000,0x0000000cbe000000)]
  0x000001addc48e920 JavaThread "jar transforms Thread 19" [_thread_blocked, id=36764, stack(0x0000000cbe000000,0x0000000cbe100000)]
  0x000001addc48f790 JavaThread "jar transforms Thread 20" [_thread_blocked, id=36180, stack(0x0000000cbe100000,0x0000000cbe200000)]
  0x000001addb150410 JavaThread "Cache worker for dependencies-accessors (C:\Users\Aiden\Documents\NewEngine\.gradle\8.4\dependencies-accessors)" [_thread_blocked, id=17220, stack(0x0000000cbe200000,0x0000000cbe300000)]
  0x000001addb14ec00 JavaThread "Cache worker for Build Output Cleanup Cache (C:\Users\Aiden\Documents\NewEngine\.gradle\buildOutputCleanup)" [_thread_blocked, id=36728, stack(0x0000000cbe300000,0x0000000cbe400000)]
  0x000001adde4b7560 JavaThread "C2 CompilerThread5" daemon [_thread_in_native, id=27864, stack(0x0000000cbe400000,0x0000000cbe500000)]
  0x000001adde4b7050 JavaThread "C2 CompilerThread6" daemon [_thread_in_native, id=13912, stack(0x0000000cbe500000,0x0000000cbe600000)]
  0x000001adda090030 JavaThread "C2 CompilerThread7" daemon [_thread_in_native, id=7900, stack(0x0000000cbe600000,0x0000000cbe700000)]

Other Threads:
  0x000001add5971fb0 VMThread "VM Thread" [stack: 0x0000000cb9400000,0x0000000cb9500000] [id=20776]
  0x000001adb9fb1900 WatcherThread [stack: 0x0000000cba300000,0x0000000cba400000] [id=13828]
  0x000001adb9f57c70 GCTaskThread "GC Thread#0" [stack: 0x0000000cb8f00000,0x0000000cb9000000] [id=12960]
  0x000001add6991170 GCTaskThread "GC Thread#1" [stack: 0x0000000cba600000,0x0000000cba700000] [id=27484]
  0x000001add6990960 GCTaskThread "GC Thread#2" [stack: 0x0000000cba700000,0x0000000cba800000] [id=24420]
  0x000001add698fbf0 GCTaskThread "GC Thread#3" [stack: 0x0000000cba800000,0x0000000cba900000] [id=36112]
  0x000001add6990400 GCTaskThread "GC Thread#4" [stack: 0x0000000cba900000,0x0000000cbaa00000] [id=36636]
  0x000001add6990ec0 GCTaskThread "GC Thread#5" [stack: 0x0000000cbaa00000,0x0000000cbab00000] [id=7836]
  0x000001add8a810b0 GCTaskThread "GC Thread#6" [stack: 0x0000000cbce00000,0x0000000cbcf00000] [id=35996]
  0x000001add8a81360 GCTaskThread "GC Thread#7" [stack: 0x0000000cbcf00000,0x0000000cbd000000] [id=35108]
  0x000001add8a7fb30 GCTaskThread "GC Thread#8" [stack: 0x0000000cbd000000,0x0000000cbd100000] [id=8476]
  0x000001add8a7f880 GCTaskThread "GC Thread#9" [stack: 0x0000000cbd100000,0x0000000cbd200000] [id=35072]
  0x000001add8a7fde0 GCTaskThread "GC Thread#10" [stack: 0x0000000cbd200000,0x0000000cbd300000] [id=3788]
  0x000001add9535320 GCTaskThread "GC Thread#11" [stack: 0x0000000cbd300000,0x0000000cbd400000] [id=36320]
  0x000001add9534b10 GCTaskThread "GC Thread#12" [stack: 0x0000000cbd400000,0x0000000cbd500000] [id=36704]
  0x000001add9533030 GCTaskThread "GC Thread#13" [stack: 0x0000000cbd500000,0x0000000cbd600000] [id=36276]
  0x000001add9532570 GCTaskThread "GC Thread#14" [stack: 0x0000000cbd600000,0x0000000cbd700000] [id=1052]
  0x000001adb9f5d2c0 ConcurrentGCThread "G1 Main Marker" [stack: 0x0000000cb9000000,0x0000000cb9100000] [id=36512]
  0x000001adb9f5f380 ConcurrentGCThread "G1 Conc#0" [stack: 0x0000000cb9100000,0x0000000cb9200000] [id=35480]
  0x000001add95355d0 ConcurrentGCThread "G1 Conc#1" [stack: 0x0000000cbd700000,0x0000000cbd800000] [id=4448]
  0x000001add9533590 ConcurrentGCThread "G1 Conc#2" [stack: 0x0000000cbd800000,0x0000000cbd900000] [id=30584]
  0x000001add9533af0 ConcurrentGCThread "G1 Conc#3" [stack: 0x0000000cbd900000,0x0000000cbda00000] [id=35252]
  0x000001adb9ffebe0 ConcurrentGCThread "G1 Refine#0" [stack: 0x0000000cb9200000,0x0000000cb9300000] [id=36772]
  0x000001add582e690 ConcurrentGCThread "G1 Service" [stack: 0x0000000cb9300000,0x0000000cb9400000] [id=36780]

Threads with active compile tasks:
C2 CompilerThread0     4365 5646       4       groovyjarjarantlr4.v4.runtime.atn.PredictionContextCache$PredictionContextAndInt::equals (70 bytes)
C2 CompilerThread1     4365 5558       4       groovyjarjarantlr4.v4.runtime.atn.PredictionContext::join (569 bytes)
C2 CompilerThread2     4365 5487       4       groovyjarjarantlr4.v4.runtime.atn.ParserATNSimulator::closure (784 bytes)
C2 CompilerThread3     4365 5602       4       groovyjarjarantlr4.v4.runtime.atn.PredictionContextCache::getChild (74 bytes)
C2 CompilerThread4     4365 5191   !   4       java.net.URLClassLoader::findClass (47 bytes)
C2 CompilerThread5     4365 5614       4       groovyjarjarantlr4.v4.runtime.atn.PredictionContext::getCachedContext (297 bytes)
C2 CompilerThread6     4365 5704       4       groovyjarjarantlr4.v4.runtime.atn.ParserATNSimulator::getEpsilonTarget (147 bytes)
C2 CompilerThread7     4365 5747       4       groovyjarjarantlr4.v4.runtime.atn.ATNConfigSet::add (356 bytes)

VM state: not at safepoint (normal execution)

VM Mutex/Monitor currently owned by a thread:  ([mutex/lock_event])
[0x000001adb7c1c9a0] CodeCache_lock - owner thread: 0x000001add6dbaff0
[0x000001adb9f26570] Compile_lock - owner thread: 0x000001add6dbaff0
[0x000001adb9f251c0] MethodCompileQueue_lock - owner thread: 0x000001add6dbaff0

Heap address: 0x00000000e0000000, size: 512 MB, Compressed Oops mode: 32-bit

CDS archive(s) mapped at: [0x0000000800000000-0x0000000800bc0000-0x0000000800bc0000), size 12320768, SharedBaseAddress: 0x0000000800000000, ArchiveRelocationMode: 0.
Compressed class space mapped at: 0x0000000800c00000-0x0000000814000000, reserved size: 322961408
Narrow klass base: 0x0000000800000000, Narrow klass shift: 0, Narrow klass range: 0x100000000

GC Precious Log:
 CPUs: 20 total, 20 available
 Memory: 32669M
 Large Page Support: Disabled
 NUMA Support: Disabled
 Compressed Oops: Enabled (32-bit)
 Heap Region Size: 1M
 Heap Min Capacity: 256M
 Heap Initial Capacity: 256M
 Heap Max Capacity: 512M
 Pre-touch: Disabled
 Parallel Workers: 15
 Concurrent Workers: 4
 Concurrent Refinement Workers: 15
 Periodic GC: Disabled

Heap:
 garbage-first heap   total 262144K, used 102558K [0x00000000e0000000, 0x0000000100000000)
  region size 1024K, 25 young (25600K), 10 survivors (10240K)
 Metaspace       used 46601K, committed 47104K, reserved 364544K
  class space    used 6547K, committed 6784K, reserved 315392K

Heap Regions: E=young(eden), S=young(survivor), O=old, HS=humongous(starts), HC=humongous(continues), CS=collection set, F=free, OA=open archive, CA=closed archive, TAMS=top-at-mark-start (previous, next)
|   0|0x00000000e0000000, 0x00000000e0100000, 0x00000000e0100000|100%|HS|  |TAMS 0x00000000e0100000, 0x00000000e0000000| Complete 
|   1|0x00000000e0100000, 0x00000000e0200000, 0x00000000e0200000|100%|HC|  |TAMS 0x00000000e0200000, 0x00000000e0100000| Complete 
|   2|0x00000000e0200000, 0x00000000e0300000, 0x00000000e0300000|100%|HC|  |TAMS 0x00000000e0300000, 0x00000000e0200000| Complete 
|   3|0x00000000e0300000, 0x00000000e0400000, 0x00000000e0400000|100%|HC|  |TAMS 0x00000000e0400000, 0x00000000e0300000| Complete 
|   4|0x00000000e0400000, 0x00000000e0500000, 0x00000000e0500000|100%| O|  |TAMS 0x00000000e0500000, 0x00000000e0400000| Untracked 
|   5|0x00000000e0500000, 0x00000000e0600000, 0x00000000e0600000|100%| O|  |TAMS 0x00000000e0600000, 0x00000000e0500000| Untracked 
|   6|0x00000000e0600000, 0x00000000e0700000, 0x00000000e0700000|100%| O|  |TAMS 0x00000000e0700000, 0x00000000e0600000| Untracked 
|   7|0x00000000e0700000, 0x00000000e0800000, 0x00000000e0800000|100%| O|  |TAMS 0x00000000e0800000, 0x00000000e0700000| Untracked 
|   8|0x00000000e0800000, 0x00000000e0900000, 0x00000000e0900000|100%| O|  |TAMS 0x00000000e0900000, 0x00000000e0800000| Untracked 
|   9|0x00000000e0900000, 0x00000000e0a00000, 0x00000000e0a00000|100%| O|  |TAMS 0x00000000e0a00000, 0x00000000e0900000| Untracked 
|  10|0x00000000e0a00000, 0x00000000e0b00000, 0x00000000e0b00000|100%| O|  |TAMS 0x00000000e0a71400, 0x00000000e0a00000| Untracked 
|  11|0x00000000e0b00000, 0x00000000e0c00000, 0x00000000e0c00000|100%|HS|  |TAMS 0x00000000e0c00000, 0x00000000e0b00000| Complete 
|  12|0x00000000e0c00000, 0x00000000e0d00000, 0x00000000e0d00000|100%|HS|  |TAMS 0x00000000e0d00000, 0x00000000e0c00000| Complete 
|  13|0x00000000e0d00000, 0x00000000e0e00000, 0x00000000e0e00000|100%|HC|  |TAMS 0x00000000e0e00000, 0x00000000e0d00000| Complete 
|  14|0x00000000e0e00000, 0x00000000e0f00000, 0x00000000e0f00000|100%|HS|  |TAMS 0x00000000e0f00000, 0x00000000e0e00000| Complete 
|  15|0x00000000e0f00000, 0x00000000e1000000, 0x00000000e1000000|100%|HC|  |TAMS 0x00000000e1000000, 0x00000000e0f00000| Complete 
|  16|0x00000000e1000000, 0x00000000e1100000, 0x00000000e1100000|100%|HC|  |TAMS 0x00000000e1100000, 0x00000000e1000000| Complete 
|  17|0x00000000e1100000, 0x00000000e1200000, 0x00000000e1200000|100%|HS|  |TAMS 0x00000000e1200000, 0x00000000e1100000| Complete 
|  18|0x00000000e1200000, 0x00000000e1300000, 0x00000000e1300000|100%|HC|  |TAMS 0x00000000e1300000, 0x00000000e1200000| Complete 
|  19|0x00000000e1300000, 0x00000000e1400000, 0x00000000e1400000|100%|HC|  |TAMS 0x00000000e1400000, 0x00000000e1300000| Complete 
|  20|0x00000000e1400000, 0x00000000e1500000, 0x00000000e1500000|100%|HS|  |TAMS 0x00000000e1500000, 0x00000000e1400000| Complete 
|  21|0x00000000e1500000, 0x00000000e1600000, 0x00000000e1600000|100%|HC|  |TAMS 0x00000000e1600000, 0x00000000e1500000| Complete 
|  22|0x00000000e1600000, 0x00000000e1700000, 0x00000000e1700000|100%|HC|  |TAMS 0x00000000e1700000, 0x00000000e1600000| Complete 
|  23|0x00000000e1700000, 0x00000000e1800000, 0x00000000e1800000|100%|HC|  |TAMS 0x00000000e1800000, 0x00000000e1700000| Complete 
|  24|0x00000000e1800000, 0x00000000e1900000, 0x00000000e1900000|100%|HC|  |TAMS 0x00000000e1900000, 0x00000000e1800000| Complete 
|  25|0x00000000e1900000, 0x00000000e1a00000, 0x00000000e1a00000|100%|HC|  |TAMS 0x00000000e1a00000, 0x00000000e1900000| Complete 
|  26|0x00000000e1a00000, 0x00000000e1b00000, 0x00000000e1b00000|100%|HC|  |TAMS 0x00000000e1b00000, 0x00000000e1a00000| Complete 
|  27|0x00000000e1b00000, 0x00000000e1c00000, 0x00000000e1c00000|100%|HS|  |TAMS 0x00000000e1c00000, 0x00000000e1b00000| Complete 
|  28|0x00000000e1c00000, 0x00000000e1d00000, 0x00000000e1d00000|100%|HC|  |TAMS 0x00000000e1d00000, 0x00000000e1c00000| Complete 
|  29|0x00000000e1d00000, 0x00000000e1e00000, 0x00000000e1e00000|100%|HS|  |TAMS 0x00000000e1e00000, 0x00000000e1d00000| Complete 
|  30|0x00000000e1e00000, 0x00000000e1f00000, 0x00000000e1f00000|100%|HS|  |TAMS 0x00000000e1f00000, 0x00000000e1e00000| Complete 
|  31|0x00000000e1f00000, 0x00000000e2000000, 0x00000000e2000000|100%|HC|  |TAMS 0x00000000e2000000, 0x00000000e1f00000| Complete 
|  32|0x00000000e2000000, 0x00000000e2100000, 0x00000000e2100000|100%|HC|  |TAMS 0x00000000e2100000, 0x00000000e2000000| Complete 
|  33|0x00000000e2100000, 0x00000000e2200000, 0x00000000e2200000|100%|HC|  |TAMS 0x00000000e2200000, 0x00000000e2100000| Complete 
|  34|0x00000000e2200000, 0x00000000e2300000, 0x00000000e2300000|100%|HC|  |TAMS 0x00000000e2300000, 0x00000000e2200000| Complete 
|  35|0x00000000e2300000, 0x00000000e2400000, 0x00000000e2400000|100%|HC|  |TAMS 0x00000000e2400000, 0x00000000e2300000| Complete 
|  36|0x00000000e2400000, 0x00000000e2500000, 0x00000000e2500000|100%|HC|  |TAMS 0x00000000e2500000, 0x00000000e2400000| Complete 
|  37|0x00000000e2500000, 0x00000000e2600000, 0x00000000e2600000|100%|HC|  |TAMS 0x00000000e2600000, 0x00000000e2500000| Complete 
|  38|0x00000000e2600000, 0x00000000e2700000, 0x00000000e2700000|100%|HC|  |TAMS 0x00000000e2700000, 0x00000000e2600000| Complete 
|  39|0x00000000e2700000, 0x00000000e2800000, 0x00000000e2800000|100%|HC|  |TAMS 0x00000000e2800000, 0x00000000e2700000| Complete 
|  40|0x00000000e2800000, 0x00000000e2900000, 0x00000000e2900000|100%|HC|  |TAMS 0x00000000e2900000, 0x00000000e2800000| Complete 
|  41|0x00000000e2900000, 0x00000000e2a00000, 0x00000000e2a00000|100%|HS|  |TAMS 0x00000000e2a00000, 0x00000000e2900000| Complete 
|  42|0x00000000e2a00000, 0x00000000e2b00000, 0x00000000e2b00000|100%|HC|  |TAMS 0x00000000e2b00000, 0x00000000e2a00000| Complete 
|  43|0x00000000e2b00000, 0x00000000e2c00000, 0x00000000e2c00000|100%|HS|  |TAMS 0x00000000e2b00000, 0x00000000e2b00000| Complete 
|  44|0x00000000e2c00000, 0x00000000e2d00000, 0x00000000e2d00000|100%|HC|  |TAMS 0x00000000e2c00000, 0x00000000e2c00000| Complete 
|  45|0x00000000e2d00000, 0x00000000e2e00000, 0x00000000e2e00000|100%|HC|  |TAMS 0x00000000e2d00000, 0x00000000e2d00000| Complete 
|  46|0x00000000e2e00000, 0x00000000e2e00000, 0x00000000e2f00000|  0%| F|  |TAMS 0x00000000e2e00000, 0x00000000e2e00000| Untracked 
|  47|0x00000000e2f00000, 0x00000000e2f00000, 0x00000000e3000000|  0%| F|  |TAMS 0x00000000e2f00000, 0x00000000e2f00000| Untracked 
|  48|0x00000000e3000000, 0x00000000e3100000, 0x00000000e3100000|100%| O|  |TAMS 0x00000000e3000000, 0x00000000e3000000| Untracked 
|  49|0x00000000e3100000, 0x00000000e3200000, 0x00000000e3200000|100%| O|  |TAMS 0x00000000e3100000, 0x00000000e3100000| Untracked 
|  50|0x00000000e3200000, 0x00000000e3300000, 0x00000000e3300000|100%| O|  |TAMS 0x00000000e3200000, 0x00000000e3200000| Untracked 
|  51|0x00000000e3300000, 0x00000000e3400000, 0x00000000e3400000|100%| O|  |TAMS 0x00000000e3300000, 0x00000000e3300000| Untracked 
|  52|0x00000000e3400000, 0x00000000e3500000, 0x00000000e3500000|100%| O|  |TAMS 0x00000000e3400000, 0x00000000e3400000| Untracked 
|  53|0x00000000e3500000, 0x00000000e3600000, 0x00000000e3600000|100%| O|  |TAMS 0x00000000e3500000, 0x00000000e3500000| Untracked 
|  54|0x00000000e3600000, 0x00000000e3700000, 0x00000000e3700000|100%| O|  |TAMS 0x00000000e3600000, 0x00000000e3600000| Untracked 
|  55|0x00000000e3700000, 0x00000000e3800000, 0x00000000e3800000|100%| O|  |TAMS 0x00000000e3700000, 0x00000000e3700000| Untracked 
|  56|0x00000000e3800000, 0x00000000e3900000, 0x00000000e3900000|100%| O|  |TAMS 0x00000000e3800000, 0x00000000e3800000| Untracked 
|  57|0x00000000e3900000, 0x00000000e3a00000, 0x00000000e3a00000|100%| O|  |TAMS 0x00000000e3900000, 0x00000000e3900000| Untracked 
|  58|0x00000000e3a00000, 0x00000000e3b00000, 0x00000000e3b00000|100%| O|  |TAMS 0x00000000e3a00000, 0x00000000e3a00000| Untracked 
|  59|0x00000000e3b00000, 0x00000000e3c00000, 0x00000000e3c00000|100%| O|  |TAMS 0x00000000e3b00000, 0x00000000e3b00000| Untracked 
|  60|0x00000000e3c00000, 0x00000000e3d00000, 0x00000000e3d00000|100%|HS|  |TAMS 0x00000000e3c00000, 0x00000000e3c00000| Complete 
|  61|0x00000000e3d00000, 0x00000000e3e00000, 0x00000000e3e00000|100%|HC|  |TAMS 0x00000000e3d00000, 0x00000000e3d00000| Complete 
|  62|0x00000000e3e00000, 0x00000000e3f00000, 0x00000000e3f00000|100%|HC|  |TAMS 0x00000000e3e00000, 0x00000000e3e00000| Complete 
|  63|0x00000000e3f00000, 0x00000000e4000000, 0x00000000e4000000|100%|HS|  |TAMS 0x00000000e3f00000, 0x00000000e3f00000| Complete 
|  64|0x00000000e4000000, 0x00000000e4100000, 0x00000000e4100000|100%|HC|  |TAMS 0x00000000e4000000, 0x00000000e4000000| Complete 
|  65|0x00000000e4100000, 0x00000000e4200000, 0x00000000e4200000|100%|HC|  |TAMS 0x00000000e4100000, 0x00000000e4100000| Complete 
|  66|0x00000000e4200000, 0x00000000e4300000, 0x00000000e4300000|100%|HC|  |TAMS 0x00000000e4200000, 0x00000000e4200000| Complete 
|  67|0x00000000e4300000, 0x00000000e4400000, 0x00000000e4400000|100%|HC|  |TAMS 0x00000000e4300000, 0x00000000e4300000| Complete 
|  68|0x00000000e4400000, 0x00000000e4500000, 0x00000000e4500000|100%|HC|  |TAMS 0x00000000e4400000, 0x00000000e4400000| Complete 
|  69|0x00000000e4500000, 0x00000000e4600000, 0x00000000e4600000|100%|HS|  |TAMS 0x00000000e4500000, 0x00000000e4500000| Complete 
|  70|0x00000000e4600000, 0x00000000e4700000, 0x00000000e4700000|100%| O|  |TAMS 0x00000000e4600000, 0x00000000e4600000| Untracked 
|  71|0x00000000e4700000, 0x00000000e4800000, 0x00000000e4800000|100%| O|  |TAMS 0x00000000e4700000, 0x00000000e4700000| Untracked 
|  72|0x00000000e4800000, 0x00000000e4900000, 0x00000000e4900000|100%| O|  |TAMS 0x00000000e4800000, 0x00000000e4800000| Untracked 
|  73|0x00000000e4900000, 0x00000000e4a00000, 0x00000000e4a00000|100%| O|  |TAMS 0x00000000e4900000, 0x00000000e4900000| Untracked 
|  74|0x00000000e4a00000, 0x00000000e4b00000, 0x00000000e4b00000|100%| O|  |TAMS 0x00000000e4a00000, 0x00000000e4a00000| Untracked 
|  75|0x00000000e4b00000, 0x00000000e4c00000, 0x00000000e4c00000|100%| O|  |TAMS 0x00000000e4b00000, 0x00000000e4b00000| Untracked 
|  76|0x00000000e4c00000, 0x00000000e4d00000, 0x00000000e4d00000|100%| O|  |TAMS 0x00000000e4c00000, 0x00000000e4c00000| Untracked 
|  77|0x00000000e4d00000, 0x00000000e4e00000, 0x00000000e4e00000|100%| O|  |TAMS 0x00000000e4d00000, 0x00000000e4d00000| Untracked 
|  78|0x00000000e4e00000, 0x00000000e4ee2400, 0x00000000e4f00000| 88%| O|  |TAMS 0x00000000e4e00000, 0x00000000e4e00000| Untracked 
|  79|0x00000000e4f00000, 0x00000000e4f00000, 0x00000000e5000000|  0%| F|  |TAMS 0x00000000e4f00000, 0x00000000e4f00000| Untracked 
|  80|0x00000000e5000000, 0x00000000e5000000, 0x00000000e5100000|  0%| F|  |TAMS 0x00000000e5000000, 0x00000000e5000000| Untracked 
|  81|0x00000000e5100000, 0x00000000e5100000, 0x00000000e5200000|  0%| F|  |TAMS 0x00000000e5100000, 0x00000000e5100000| Untracked 
|  82|0x00000000e5200000, 0x00000000e5200000, 0x00000000e5300000|  0%| F|  |TAMS 0x00000000e5200000, 0x00000000e5200000| Untracked 
|  83|0x00000000e5300000, 0x00000000e5300000, 0x00000000e5400000|  0%| F|  |TAMS 0x00000000e5300000, 0x00000000e5300000| Untracked 
|  84|0x00000000e5400000, 0x00000000e5400000, 0x00000000e5500000|  0%| F|  |TAMS 0x00000000e5400000, 0x00000000e5400000| Untracked 
|  85|0x00000000e5500000, 0x00000000e5500000, 0x00000000e5600000|  0%| F|  |TAMS 0x00000000e5500000, 0x00000000e5500000| Untracked 
|  86|0x00000000e5600000, 0x00000000e5600000, 0x00000000e5700000|  0%| F|  |TAMS 0x00000000e5600000, 0x00000000e5600000| Untracked 
|  87|0x00000000e5700000, 0x00000000e5700000, 0x00000000e5800000|  0%| F|  |TAMS 0x00000000e5700000, 0x00000000e5700000| Untracked 
|  88|0x00000000e5800000, 0x00000000e5800000, 0x00000000e5900000|  0%| F|  |TAMS 0x00000000e5800000, 0x00000000e5800000| Untracked 
|  89|0x00000000e5900000, 0x00000000e5900000, 0x00000000e5a00000|  0%| F|  |TAMS 0x00000000e5900000, 0x00000000e5900000| Untracked 
|  90|0x00000000e5a00000, 0x00000000e5a00000, 0x00000000e5b00000|  0%| F|  |TAMS 0x00000000e5a00000, 0x00000000e5a00000| Untracked 
|  91|0x00000000e5b00000, 0x00000000e5b00000, 0x00000000e5c00000|  0%| F|  |TAMS 0x00000000e5b00000, 0x00000000e5b00000| Untracked 
|  92|0x00000000e5c00000, 0x00000000e5c00000, 0x00000000e5d00000|  0%| F|  |TAMS 0x00000000e5c00000, 0x00000000e5c00000| Untracked 
|  93|0x00000000e5d00000, 0x00000000e5d00000, 0x00000000e5e00000|  0%| F|  |TAMS 0x00000000e5d00000, 0x00000000e5d00000| Untracked 
|  94|0x00000000e5e00000, 0x00000000e5e00000, 0x00000000e5f00000|  0%| F|  |TAMS 0x00000000e5e00000, 0x00000000e5e00000| Untracked 
|  95|0x00000000e5f00000, 0x00000000e5f00000, 0x00000000e6000000|  0%| F|  |TAMS 0x00000000e5f00000, 0x00000000e5f00000| Untracked 
|  96|0x00000000e6000000, 0x00000000e6000000, 0x00000000e6100000|  0%| F|  |TAMS 0x00000000e6000000, 0x00000000e6000000| Untracked 
|  97|0x00000000e6100000, 0x00000000e6100000, 0x00000000e6200000|  0%| F|  |TAMS 0x00000000e6100000, 0x00000000e6100000| Untracked 
|  98|0x00000000e6200000, 0x00000000e6200000, 0x00000000e6300000|  0%| F|  |TAMS 0x00000000e6200000, 0x00000000e6200000| Untracked 
|  99|0x00000000e6300000, 0x00000000e6300000, 0x00000000e6400000|  0%| F|  |TAMS 0x00000000e6300000, 0x00000000e6300000| Untracked 
| 100|0x00000000e6400000, 0x00000000e6400000, 0x00000000e6500000|  0%| F|  |TAMS 0x00000000e6400000, 0x00000000e6400000| Untracked 
| 101|0x00000000e6500000, 0x00000000e6500000, 0x00000000e6600000|  0%| F|  |TAMS 0x00000000e6500000, 0x00000000e6500000| Untracked 
| 102|0x00000000e6600000, 0x00000000e6600000, 0x00000000e6700000|  0%| F|  |TAMS 0x00000000e6600000, 0x00000000e6600000| Untracked 
| 103|0x00000000e6700000, 0x00000000e6700000, 0x00000000e6800000|  0%| F|  |TAMS 0x00000000e6700000, 0x00000000e6700000| Untracked 
| 104|0x00000000e6800000, 0x00000000e6800000, 0x00000000e6900000|  0%| F|  |TAMS 0x00000000e6800000, 0x00000000e6800000| Untracked 
| 105|0x00000000e6900000, 0x00000000e6900000, 0x00000000e6a00000|  0%| F|  |TAMS 0x00000000e6900000, 0x00000000e6900000| Untracked 
| 106|0x00000000e6a00000, 0x00000000e6a00000, 0x00000000e6b00000|  0%| F|  |TAMS 0x00000000e6a00000, 0x00000000e6a00000| Untracked 
| 107|0x00000000e6b00000, 0x00000000e6b00000, 0x00000000e6c00000|  0%| F|  |TAMS 0x00000000e6b00000, 0x00000000e6b00000| Untracked 
| 108|0x00000000e6c00000, 0x00000000e6c00000, 0x00000000e6d00000|  0%| F|  |TAMS 0x00000000e6c00000, 0x00000000e6c00000| Untracked 
| 109|0x00000000e6d00000, 0x00000000e6d00000, 0x00000000e6e00000|  0%| F|  |TAMS 0x00000000e6d00000, 0x00000000e6d00000| Untracked 
| 110|0x00000000e6e00000, 0x00000000e6e00000, 0x00000000e6f00000|  0%| F|  |TAMS 0x00000000e6e00000, 0x00000000e6e00000| Untracked 
| 111|0x00000000e6f00000, 0x00000000e6f00000, 0x00000000e7000000|  0%| F|  |TAMS 0x00000000e6f00000, 0x00000000e6f00000| Untracked 
| 112|0x00000000e7000000, 0x00000000e7000000, 0x00000000e7100000|  0%| F|  |TAMS 0x00000000e7000000, 0x00000000e7000000| Untracked 
| 113|0x00000000e7100000, 0x00000000e7100000, 0x00000000e7200000|  0%| F|  |TAMS 0x00000000e7100000, 0x00000000e7100000| Untracked 
| 114|0x00000000e7200000, 0x00000000e7200000, 0x00000000e7300000|  0%| F|  |TAMS 0x00000000e7200000, 0x00000000e7200000| Untracked 
| 115|0x00000000e7300000, 0x00000000e7300000, 0x00000000e7400000|  0%| F|  |TAMS 0x00000000e7300000, 0x00000000e7300000| Untracked 
| 116|0x00000000e7400000, 0x00000000e7400000, 0x00000000e7500000|  0%| F|  |TAMS 0x00000000e7400000, 0x00000000e7400000| Untracked 
| 117|0x00000000e7500000, 0x00000000e7545420, 0x00000000e7600000| 27%| S|CS|TAMS 0x00000000e7500000, 0x00000000e7500000| Complete 
| 118|0x00000000e7600000, 0x00000000e7700000, 0x00000000e7700000|100%| S|CS|TAMS 0x00000000e7600000, 0x00000000e7600000| Complete 
| 119|0x00000000e7700000, 0x00000000e7800000, 0x00000000e7800000|100%| S|CS|TAMS 0x00000000e7700000, 0x00000000e7700000| Complete 
| 120|0x00000000e7800000, 0x00000000e7900000, 0x00000000e7900000|100%| S|CS|TAMS 0x00000000e7800000, 0x00000000e7800000| Complete 
| 121|0x00000000e7900000, 0x00000000e7a00000, 0x00000000e7a00000|100%| S|CS|TAMS 0x00000000e7900000, 0x00000000e7900000| Complete 
| 122|0x00000000e7a00000, 0x00000000e7b00000, 0x00000000e7b00000|100%| S|CS|TAMS 0x00000000e7a00000, 0x00000000e7a00000| Complete 
| 123|0x00000000e7b00000, 0x00000000e7c00000, 0x00000000e7c00000|100%| S|CS|TAMS 0x00000000e7b00000, 0x00000000e7b00000| Complete 
| 124|0x00000000e7c00000, 0x00000000e7d00000, 0x00000000e7d00000|100%| S|CS|TAMS 0x00000000e7c00000, 0x00000000e7c00000| Complete 
| 125|0x00000000e7d00000, 0x00000000e7e00000, 0x00000000e7e00000|100%| S|CS|TAMS 0x00000000e7d00000, 0x00000000e7d00000| Complete 
| 126|0x00000000e7e00000, 0x00000000e7f00000, 0x00000000e7f00000|100%| S|CS|TAMS 0x00000000e7e00000, 0x00000000e7e00000| Complete 
| 127|0x00000000e7f00000, 0x00000000e7f00000, 0x00000000e8000000|  0%| F|  |TAMS 0x00000000e7f00000, 0x00000000e7f00000| Untracked 
| 128|0x00000000e8000000, 0x00000000e8000000, 0x00000000e8100000|  0%| F|  |TAMS 0x00000000e8000000, 0x00000000e8000000| Untracked 
| 129|0x00000000e8100000, 0x00000000e8100000, 0x00000000e8200000|  0%| F|  |TAMS 0x00000000e8100000, 0x00000000e8100000| Untracked 
| 130|0x00000000e8200000, 0x00000000e8200000, 0x00000000e8300000|  0%| F|  |TAMS 0x00000000e8200000, 0x00000000e8200000| Untracked 
| 131|0x00000000e8300000, 0x00000000e8300000, 0x00000000e8400000|  0%| F|  |TAMS 0x00000000e8300000, 0x00000000e8300000| Untracked 
| 132|0x00000000e8400000, 0x00000000e8400000, 0x00000000e8500000|  0%| F|  |TAMS 0x00000000e8400000, 0x00000000e8400000| Untracked 
| 133|0x00000000e8500000, 0x00000000e8500000, 0x00000000e8600000|  0%| F|  |TAMS 0x00000000e8500000, 0x00000000e8500000| Untracked 
| 134|0x00000000e8600000, 0x00000000e8600000, 0x00000000e8700000|  0%| F|  |TAMS 0x00000000e8600000, 0x00000000e8600000| Untracked 
| 135|0x00000000e8700000, 0x00000000e8700000, 0x00000000e8800000|  0%| F|  |TAMS 0x00000000e8700000, 0x00000000e8700000| Untracked 
| 136|0x00000000e8800000, 0x00000000e8800000, 0x00000000e8900000|  0%| F|  |TAMS 0x00000000e8800000, 0x00000000e8800000| Untracked 
| 137|0x00000000e8900000, 0x00000000e8900000, 0x00000000e8a00000|  0%| F|  |TAMS 0x00000000e8900000, 0x00000000e8900000| Untracked 
| 138|0x00000000e8a00000, 0x00000000e8a00000, 0x00000000e8b00000|  0%| F|  |TAMS 0x00000000e8a00000, 0x00000000e8a00000| Untracked 
| 139|0x00000000e8b00000, 0x00000000e8b00000, 0x00000000e8c00000|  0%| F|  |TAMS 0x00000000e8b00000, 0x00000000e8b00000| Untracked 
| 140|0x00000000e8c00000, 0x00000000e8c00000, 0x00000000e8d00000|  0%| F|  |TAMS 0x00000000e8c00000, 0x00000000e8c00000| Untracked 
| 141|0x00000000e8d00000, 0x00000000e8d00000, 0x00000000e8e00000|  0%| F|  |TAMS 0x00000000e8d00000, 0x00000000e8d00000| Untracked 
| 142|0x00000000e8e00000, 0x00000000e8e00000, 0x00000000e8f00000|  0%| F|  |TAMS 0x00000000e8e00000, 0x00000000e8e00000| Untracked 
| 143|0x00000000e8f00000, 0x00000000e8f00000, 0x00000000e9000000|  0%| F|  |TAMS 0x00000000e8f00000, 0x00000000e8f00000| Untracked 
| 144|0x00000000e9000000, 0x00000000e9000000, 0x00000000e9100000|  0%| F|  |TAMS 0x00000000e9000000, 0x00000000e9000000| Untracked 
| 145|0x00000000e9100000, 0x00000000e9100000, 0x00000000e9200000|  0%| F|  |TAMS 0x00000000e9100000, 0x00000000e9100000| Untracked 
| 146|0x00000000e9200000, 0x00000000e9200000, 0x00000000e9300000|  0%| F|  |TAMS 0x00000000e9200000, 0x00000000e9200000| Untracked 
| 147|0x00000000e9300000, 0x00000000e9300000, 0x00000000e9400000|  0%| F|  |TAMS 0x00000000e9300000, 0x00000000e9300000| Untracked 
| 148|0x00000000e9400000, 0x00000000e9400000, 0x00000000e9500000|  0%| F|  |TAMS 0x00000000e9400000, 0x00000000e9400000| Untracked 
| 149|0x00000000e9500000, 0x00000000e9500000, 0x00000000e9600000|  0%| F|  |TAMS 0x00000000e9500000, 0x00000000e9500000| Untracked 
| 150|0x00000000e9600000, 0x00000000e9600000, 0x00000000e9700000|  0%| F|  |TAMS 0x00000000e9600000, 0x00000000e9600000| Untracked 
| 151|0x00000000e9700000, 0x00000000e9700000, 0x00000000e9800000|  0%| F|  |TAMS 0x00000000e9700000, 0x00000000e9700000| Untracked 
| 152|0x00000000e9800000, 0x00000000e9800000, 0x00000000e9900000|  0%| F|  |TAMS 0x00000000e9800000, 0x00000000e9800000| Untracked 
| 153|0x00000000e9900000, 0x00000000e9900000, 0x00000000e9a00000|  0%| F|  |TAMS 0x00000000e9900000, 0x00000000e9900000| Untracked 
| 154|0x00000000e9a00000, 0x00000000e9a00000, 0x00000000e9b00000|  0%| F|  |TAMS 0x00000000e9a00000, 0x00000000e9a00000| Untracked 
| 155|0x00000000e9b00000, 0x00000000e9b00000, 0x00000000e9c00000|  0%| F|  |TAMS 0x00000000e9b00000, 0x00000000e9b00000| Untracked 
| 156|0x00000000e9c00000, 0x00000000e9c00000, 0x00000000e9d00000|  0%| F|  |TAMS 0x00000000e9c00000, 0x00000000e9c00000| Untracked 
| 157|0x00000000e9d00000, 0x00000000e9d00000, 0x00000000e9e00000|  0%| F|  |TAMS 0x00000000e9d00000, 0x00000000e9d00000| Untracked 
| 158|0x00000000e9e00000, 0x00000000e9e00000, 0x00000000e9f00000|  0%| F|  |TAMS 0x00000000e9e00000, 0x00000000e9e00000| Untracked 
| 159|0x00000000e9f00000, 0x00000000e9f00000, 0x00000000ea000000|  0%| F|  |TAMS 0x00000000e9f00000, 0x00000000e9f00000| Untracked 
| 160|0x00000000ea000000, 0x00000000ea000000, 0x00000000ea100000|  0%| F|  |TAMS 0x00000000ea000000, 0x00000000ea000000| Untracked 
| 161|0x00000000ea100000, 0x00000000ea100000, 0x00000000ea200000|  0%| F|  |TAMS 0x00000000ea100000, 0x00000000ea100000| Untracked 
| 162|0x00000000ea200000, 0x00000000ea200000, 0x00000000ea300000|  0%| F|  |TAMS 0x00000000ea200000, 0x00000000ea200000| Untracked 
| 163|0x00000000ea300000, 0x00000000ea300000, 0x00000000ea400000|  0%| F|  |TAMS 0x00000000ea300000, 0x00000000ea300000| Untracked 
| 164|0x00000000ea400000, 0x00000000ea400000, 0x00000000ea500000|  0%| F|  |TAMS 0x00000000ea400000, 0x00000000ea400000| Untracked 
| 165|0x00000000ea500000, 0x00000000ea500000, 0x00000000ea600000|  0%| F|  |TAMS 0x00000000ea500000, 0x00000000ea500000| Untracked 
| 166|0x00000000ea600000, 0x00000000ea600000, 0x00000000ea700000|  0%| F|  |TAMS 0x00000000ea600000, 0x00000000ea600000| Untracked 
| 167|0x00000000ea700000, 0x00000000ea700000, 0x00000000ea800000|  0%| F|  |TAMS 0x00000000ea700000, 0x00000000ea700000| Untracked 
| 168|0x00000000ea800000, 0x00000000ea800000, 0x00000000ea900000|  0%| F|  |TAMS 0x00000000ea800000, 0x00000000ea800000| Untracked 
| 169|0x00000000ea900000, 0x00000000ea900000, 0x00000000eaa00000|  0%| F|  |TAMS 0x00000000ea900000, 0x00000000ea900000| Untracked 
| 170|0x00000000eaa00000, 0x00000000eaa00000, 0x00000000eab00000|  0%| F|  |TAMS 0x00000000eaa00000, 0x00000000eaa00000| Untracked 
| 171|0x00000000eab00000, 0x00000000eab00000, 0x00000000eac00000|  0%| F|  |TAMS 0x00000000eab00000, 0x00000000eab00000| Untracked 
| 172|0x00000000eac00000, 0x00000000eac00000, 0x00000000ead00000|  0%| F|  |TAMS 0x00000000eac00000, 0x00000000eac00000| Untracked 
| 173|0x00000000ead00000, 0x00000000ead00000, 0x00000000eae00000|  0%| F|  |TAMS 0x00000000ead00000, 0x00000000ead00000| Untracked 
| 174|0x00000000eae00000, 0x00000000eae00000, 0x00000000eaf00000|  0%| F|  |TAMS 0x00000000eae00000, 0x00000000eae00000| Untracked 
| 175|0x00000000eaf00000, 0x00000000eaf00000, 0x00000000eb000000|  0%| F|  |TAMS 0x00000000eaf00000, 0x00000000eaf00000| Untracked 
| 176|0x00000000eb000000, 0x00000000eb000000, 0x00000000eb100000|  0%| F|  |TAMS 0x00000000eb000000, 0x00000000eb000000| Untracked 
| 177|0x00000000eb100000, 0x00000000eb100000, 0x00000000eb200000|  0%| F|  |TAMS 0x00000000eb100000, 0x00000000eb100000| Untracked 
| 178|0x00000000eb200000, 0x00000000eb200000, 0x00000000eb300000|  0%| F|  |TAMS 0x00000000eb200000, 0x00000000eb200000| Untracked 
| 179|0x00000000eb300000, 0x00000000eb300000, 0x00000000eb400000|  0%| F|  |TAMS 0x00000000eb300000, 0x00000000eb300000| Untracked 
| 180|0x00000000eb400000, 0x00000000eb400000, 0x00000000eb500000|  0%| F|  |TAMS 0x00000000eb400000, 0x00000000eb400000| Untracked 
| 181|0x00000000eb500000, 0x00000000eb500000, 0x00000000eb600000|  0%| F|  |TAMS 0x00000000eb500000, 0x00000000eb500000| Untracked 
| 182|0x00000000eb600000, 0x00000000eb600000, 0x00000000eb700000|  0%| F|  |TAMS 0x00000000eb600000, 0x00000000eb600000| Untracked 
| 183|0x00000000eb700000, 0x00000000eb700000, 0x00000000eb800000|  0%| F|  |TAMS 0x00000000eb700000, 0x00000000eb700000| Untracked 
| 184|0x00000000eb800000, 0x00000000eb800000, 0x00000000eb900000|  0%| F|  |TAMS 0x00000000eb800000, 0x00000000eb800000| Untracked 
| 185|0x00000000eb900000, 0x00000000eb900000, 0x00000000eba00000|  0%| F|  |TAMS 0x00000000eb900000, 0x00000000eb900000| Untracked 
| 186|0x00000000eba00000, 0x00000000eba00000, 0x00000000ebb00000|  0%| F|  |TAMS 0x00000000eba00000, 0x00000000eba00000| Untracked 
| 187|0x00000000ebb00000, 0x00000000ebb00000, 0x00000000ebc00000|  0%| F|  |TAMS 0x00000000ebb00000, 0x00000000ebb00000| Untracked 
| 188|0x00000000ebc00000, 0x00000000ebc00000, 0x00000000ebd00000|  0%| F|  |TAMS 0x00000000ebc00000, 0x00000000ebc00000| Untracked 
| 189|0x00000000ebd00000, 0x00000000ebd00000, 0x00000000ebe00000|  0%| F|  |TAMS 0x00000000ebd00000, 0x00000000ebd00000| Untracked 
| 190|0x00000000ebe00000, 0x00000000ebe00000, 0x00000000ebf00000|  0%| F|  |TAMS 0x00000000ebe00000, 0x00000000ebe00000| Untracked 
| 191|0x00000000ebf00000, 0x00000000ebf00000, 0x00000000ec000000|  0%| F|  |TAMS 0x00000000ebf00000, 0x00000000ebf00000| Untracked 
| 192|0x00000000ec000000, 0x00000000ec000000, 0x00000000ec100000|  0%| F|  |TAMS 0x00000000ec000000, 0x00000000ec000000| Untracked 
| 193|0x00000000ec100000, 0x00000000ec100000, 0x00000000ec200000|  0%| F|  |TAMS 0x00000000ec100000, 0x00000000ec100000| Untracked 
| 194|0x00000000ec200000, 0x00000000ec200000, 0x00000000ec300000|  0%| F|  |TAMS 0x00000000ec200000, 0x00000000ec200000| Untracked 
| 195|0x00000000ec300000, 0x00000000ec300000, 0x00000000ec400000|  0%| F|  |TAMS 0x00000000ec300000, 0x00000000ec300000| Untracked 
| 196|0x00000000ec400000, 0x00000000ec400000, 0x00000000ec500000|  0%| F|  |TAMS 0x00000000ec400000, 0x00000000ec400000| Untracked 
| 197|0x00000000ec500000, 0x00000000ec500000, 0x00000000ec600000|  0%| F|  |TAMS 0x00000000ec500000, 0x00000000ec500000| Untracked 
| 198|0x00000000ec600000, 0x00000000ec600000, 0x00000000ec700000|  0%| F|  |TAMS 0x00000000ec600000, 0x00000000ec600000| Untracked 
| 199|0x00000000ec700000, 0x00000000ec700000, 0x00000000ec800000|  0%| F|  |TAMS 0x00000000ec700000, 0x00000000ec700000| Untracked 
| 200|0x00000000ec800000, 0x00000000ec800000, 0x00000000ec900000|  0%| F|  |TAMS 0x00000000ec800000, 0x00000000ec800000| Untracked 
| 201|0x00000000ec900000, 0x00000000ec900000, 0x00000000eca00000|  0%| F|  |TAMS 0x00000000ec900000, 0x00000000ec900000| Untracked 
| 202|0x00000000eca00000, 0x00000000eca00000, 0x00000000ecb00000|  0%| F|  |TAMS 0x00000000eca00000, 0x00000000eca00000| Untracked 
| 203|0x00000000ecb00000, 0x00000000ecb00000, 0x00000000ecc00000|  0%| F|  |TAMS 0x00000000ecb00000, 0x00000000ecb00000| Untracked 
| 204|0x00000000ecc00000, 0x00000000ecc00000, 0x00000000ecd00000|  0%| F|  |TAMS 0x00000000ecc00000, 0x00000000ecc00000| Untracked 
| 205|0x00000000ecd00000, 0x00000000ecd00000, 0x00000000ece00000|  0%| F|  |TAMS 0x00000000ecd00000, 0x00000000ecd00000| Untracked 
| 206|0x00000000ece00000, 0x00000000ece00000, 0x00000000ecf00000|  0%| F|  |TAMS 0x00000000ece00000, 0x00000000ece00000| Untracked 
| 207|0x00000000ecf00000, 0x00000000ecf00000, 0x00000000ed000000|  0%| F|  |TAMS 0x00000000ecf00000, 0x00000000ecf00000| Untracked 
| 208|0x00000000ed000000, 0x00000000ed000000, 0x00000000ed100000|  0%| F|  |TAMS 0x00000000ed000000, 0x00000000ed000000| Untracked 
| 209|0x00000000ed100000, 0x00000000ed100000, 0x00000000ed200000|  0%| F|  |TAMS 0x00000000ed100000, 0x00000000ed100000| Untracked 
| 210|0x00000000ed200000, 0x00000000ed200000, 0x00000000ed300000|  0%| F|  |TAMS 0x00000000ed200000, 0x00000000ed200000| Untracked 
| 211|0x00000000ed300000, 0x00000000ed300000, 0x00000000ed400000|  0%| F|  |TAMS 0x00000000ed300000, 0x00000000ed300000| Untracked 
| 212|0x00000000ed400000, 0x00000000ed400000, 0x00000000ed500000|  0%| F|  |TAMS 0x00000000ed400000, 0x00000000ed400000| Untracked 
| 213|0x00000000ed500000, 0x00000000ed500000, 0x00000000ed600000|  0%| F|  |TAMS 0x00000000ed500000, 0x00000000ed500000| Untracked 
| 214|0x00000000ed600000, 0x00000000ed600000, 0x00000000ed700000|  0%| F|  |TAMS 0x00000000ed600000, 0x00000000ed600000| Untracked 
| 215|0x00000000ed700000, 0x00000000ed700000, 0x00000000ed800000|  0%| F|  |TAMS 0x00000000ed700000, 0x00000000ed700000| Untracked 
| 216|0x00000000ed800000, 0x00000000ed800000, 0x00000000ed900000|  0%| F|  |TAMS 0x00000000ed800000, 0x00000000ed800000| Untracked 
| 217|0x00000000ed900000, 0x00000000ed900000, 0x00000000eda00000|  0%| F|  |TAMS 0x00000000ed900000, 0x00000000ed900000| Untracked 
| 218|0x00000000eda00000, 0x00000000eda00000, 0x00000000edb00000|  0%| F|  |TAMS 0x00000000eda00000, 0x00000000eda00000| Untracked 
| 219|0x00000000edb00000, 0x00000000edb00000, 0x00000000edc00000|  0%| F|  |TAMS 0x00000000edb00000, 0x00000000edb00000| Untracked 
| 220|0x00000000edc00000, 0x00000000edc00000, 0x00000000edd00000|  0%| F|  |TAMS 0x00000000edc00000, 0x00000000edc00000| Untracked 
| 221|0x00000000edd00000, 0x00000000edd00000, 0x00000000ede00000|  0%| F|  |TAMS 0x00000000edd00000, 0x00000000edd00000| Untracked 
| 222|0x00000000ede00000, 0x00000000ede00000, 0x00000000edf00000|  0%| F|  |TAMS 0x00000000ede00000, 0x00000000ede00000| Untracked 
| 223|0x00000000edf00000, 0x00000000edf00000, 0x00000000ee000000|  0%| F|  |TAMS 0x00000000edf00000, 0x00000000edf00000| Untracked 
| 224|0x00000000ee000000, 0x00000000ee000000, 0x00000000ee100000|  0%| F|  |TAMS 0x00000000ee000000, 0x00000000ee000000| Untracked 
| 225|0x00000000ee100000, 0x00000000ee100000, 0x00000000ee200000|  0%| F|  |TAMS 0x00000000ee100000, 0x00000000ee100000| Untracked 
| 226|0x00000000ee200000, 0x00000000ee200000, 0x00000000ee300000|  0%| F|  |TAMS 0x00000000ee200000, 0x00000000ee200000| Untracked 
| 227|0x00000000ee300000, 0x00000000ee300000, 0x00000000ee400000|  0%| F|  |TAMS 0x00000000ee300000, 0x00000000ee300000| Untracked 
| 228|0x00000000ee400000, 0x00000000ee400000, 0x00000000ee500000|  0%| F|  |TAMS 0x00000000ee400000, 0x00000000ee400000| Untracked 
| 229|0x00000000ee500000, 0x00000000ee500000, 0x00000000ee600000|  0%| F|  |TAMS 0x00000000ee500000, 0x00000000ee500000| Untracked 
| 230|0x00000000ee600000, 0x00000000ee600000, 0x00000000ee700000|  0%| F|  |TAMS 0x00000000ee600000, 0x00000000ee600000| Untracked 
| 231|0x00000000ee700000, 0x00000000ee700000, 0x00000000ee800000|  0%| F|  |TAMS 0x00000000ee700000, 0x00000000ee700000| Untracked 
| 232|0x00000000ee800000, 0x00000000ee800000, 0x00000000ee900000|  0%| F|  |TAMS 0x00000000ee800000, 0x00000000ee800000| Untracked 
| 233|0x00000000ee900000, 0x00000000ee900000, 0x00000000eea00000|  0%| F|  |TAMS 0x00000000ee900000, 0x00000000ee900000| Untracked 
| 234|0x00000000eea00000, 0x00000000eea00000, 0x00000000eeb00000|  0%| F|  |TAMS 0x00000000eea00000, 0x00000000eea00000| Untracked 
| 235|0x00000000eeb00000, 0x00000000eeb00000, 0x00000000eec00000|  0%| F|  |TAMS 0x00000000eeb00000, 0x00000000eeb00000| Untracked 
| 236|0x00000000eec00000, 0x00000000eec00000, 0x00000000eed00000|  0%| F|  |TAMS 0x00000000eec00000, 0x00000000eec00000| Untracked 
| 237|0x00000000eed00000, 0x00000000eed00000, 0x00000000eee00000|  0%| F|  |TAMS 0x00000000eed00000, 0x00000000eed00000| Untracked 
| 238|0x00000000eee00000, 0x00000000eee00000, 0x00000000eef00000|  0%| F|  |TAMS 0x00000000eee00000, 0x00000000eee00000| Untracked 
| 239|0x00000000eef00000, 0x00000000eef00000, 0x00000000ef000000|  0%| F|  |TAMS 0x00000000eef00000, 0x00000000eef00000| Untracked 
| 240|0x00000000ef000000, 0x00000000ef080800, 0x00000000ef100000| 50%| E|  |TAMS 0x00000000ef000000, 0x00000000ef000000| Complete 
| 241|0x00000000ef100000, 0x00000000ef200000, 0x00000000ef200000|100%| E|CS|TAMS 0x00000000ef100000, 0x00000000ef100000| Complete 
| 242|0x00000000ef200000, 0x00000000ef300000, 0x00000000ef300000|100%| E|CS|TAMS 0x00000000ef200000, 0x00000000ef200000| Complete 
| 243|0x00000000ef300000, 0x00000000ef400000, 0x00000000ef400000|100%| E|CS|TAMS 0x00000000ef300000, 0x00000000ef300000| Complete 
| 244|0x00000000ef400000, 0x00000000ef500000, 0x00000000ef500000|100%| E|CS|TAMS 0x00000000ef400000, 0x00000000ef400000| Complete 
| 245|0x00000000ef500000, 0x00000000ef600000, 0x00000000ef600000|100%| E|CS|TAMS 0x00000000ef500000, 0x00000000ef500000| Complete 
| 246|0x00000000ef600000, 0x00000000ef700000, 0x00000000ef700000|100%| E|CS|TAMS 0x00000000ef600000, 0x00000000ef600000| Complete 
| 247|0x00000000ef700000, 0x00000000ef800000, 0x00000000ef800000|100%| E|CS|TAMS 0x00000000ef700000, 0x00000000ef700000| Complete 
| 248|0x00000000ef800000, 0x00000000ef900000, 0x00000000ef900000|100%| E|CS|TAMS 0x00000000ef800000, 0x00000000ef800000| Complete 
| 249|0x00000000ef900000, 0x00000000efa00000, 0x00000000efa00000|100%| E|CS|TAMS 0x00000000ef900000, 0x00000000ef900000| Complete 
| 250|0x00000000efa00000, 0x00000000efb00000, 0x00000000efb00000|100%| E|CS|TAMS 0x00000000efa00000, 0x00000000efa00000| Complete 
| 251|0x00000000efb00000, 0x00000000efc00000, 0x00000000efc00000|100%| E|CS|TAMS 0x00000000efb00000, 0x00000000efb00000| Complete 
| 252|0x00000000efc00000, 0x00000000efd00000, 0x00000000efd00000|100%| E|CS|TAMS 0x00000000efc00000, 0x00000000efc00000| Complete 
| 253|0x00000000efd00000, 0x00000000efe00000, 0x00000000efe00000|100%| E|CS|TAMS 0x00000000efd00000, 0x00000000efd00000| Complete 
| 254|0x00000000efe00000, 0x00000000eff00000, 0x00000000eff00000|100%| E|CS|TAMS 0x00000000efe00000, 0x00000000efe00000| Complete 
| 255|0x00000000eff00000, 0x00000000f0000000, 0x00000000f0000000|100%| E|CS|TAMS 0x00000000eff00000, 0x00000000eff00000| Complete 

Card table byte_map: [0x000001add15d0000,0x000001add16d0000] _byte_map_base: 0x000001add0ed0000

Marking Bits (Prev, Next): (CMBitMap*) 0x000001adb9f58180, (CMBitMap*) 0x000001adb9f581c0
 Prev Bits: [0x000001add17d0000, 0x000001add1fd0000)
 Next Bits: [0x000001add1fd0000, 0x000001add27d0000)

Polling page: 0x000001adb7ba0000

Metaspace:

Usage:
  Non-class:     39.12 MB used.
      Class:      6.39 MB used.
       Both:     45.51 MB used.

Virtual space:
  Non-class space:       48.00 MB reserved,      39.38 MB ( 82%) committed,  6 nodes.
      Class space:      308.00 MB reserved,       6.63 MB (  2%) committed,  1 nodes.
             Both:      356.00 MB reserved,      46.00 MB ( 13%) committed. 

Chunk freelists:
   Non-Class:  3.94 MB
       Class:  1.27 MB
        Both:  5.20 MB

MaxMetaspaceSize: 384.00 MB
CompressedClassSpaceSize: 308.00 MB
Initial GC threshold: 21.00 MB
Current GC threshold: 58.75 MB
CDS: on
MetaspaceReclaimPolicy: balanced
 - commit_granule_bytes: 65536.
 - commit_granule_words: 8192.
 - virtual_space_node_default_size: 1048576.
 - enlarge_chunks_in_place: 1.
 - new_chunks_are_fully_committed: 0.
 - uncommit_free_chunks: 1.
 - use_allocation_guard: 0.
 - handle_deallocations: 1.


Internal statistics:

num_allocs_failed_limit: 6.
num_arena_births: 554.
num_arena_deaths: 0.
num_vsnodes_births: 7.
num_vsnodes_deaths: 0.
num_space_committed: 736.
num_space_uncommitted: 0.
num_chunks_returned_to_freelist: 6.
num_chunks_taken_from_freelist: 2355.
num_chunk_merges: 6.
num_chunk_splits: 1569.
num_chunks_enlarged: 1082.
num_purges: 0.
num_inconsistent_stats: 0.

CodeHeap 'non-profiled nmethods': size=119168Kb used=3081Kb max_used=3081Kb free=116086Kb
 bounds [0x000001adc95d0000, 0x000001adc98e0000, 0x000001add0a30000]
CodeHeap 'profiled nmethods': size=119104Kb used=10218Kb max_used=10218Kb free=108885Kb
 bounds [0x000001adc1a30000, 0x000001adc2430000, 0x000001adc8e80000]
CodeHeap 'non-nmethods': size=7488Kb used=4045Kb max_used=4120Kb free=3442Kb
 bounds [0x000001adc8e80000, 0x000001adc9290000, 0x000001adc95d0000]
 total_blobs=5872 nmethods=5034 adapters=745
 compilation: enabled
              stopped_count=0, restarted_count=0
 full_count=0

Compilation events (20 events):
Event: 4.344 Thread 0x000001adda090030 nmethod 5627 0x000001adc987f310 code [0x000001adc987f600, 0x000001adc9881378]
Event: 4.344 Thread 0x000001add7969150 nmethod 5746 0x000001adc2424e10 code [0x000001adc2424fa0, 0x000001adc24250b8]
Event: 4.344 Thread 0x000001adda090030 5740       4       java.util.TimSort::binarySort (223 bytes)
Event: 4.344 Thread 0x000001add599c4c0 nmethod 5745 0x000001adc2425190 code [0x000001adc2425340, 0x000001adc24256b8]
Event: 4.345 Thread 0x000001add7969150 5748       1       groovyjarjarantlr4.v4.runtime.Parser::getInputStream (5 bytes)
Event: 4.345 Thread 0x000001add599c4c0 5749       1       groovyjarjarantlr4.v4.runtime.misc.IntegerList::size (5 bytes)
Event: 4.345 Thread 0x000001add7969150 nmethod 5748 0x000001adc987f010 code [0x000001adc987f1a0, 0x000001adc987f278]
Event: 4.345 Thread 0x000001add599c4c0 nmethod 5749 0x000001adc987ed10 code [0x000001adc987eea0, 0x000001adc987ef78]
Event: 4.345 Thread 0x000001add599c4c0 5750       3       groovyjarjarantlr4.v4.runtime.dfa.EmptyEdgeMap::put (40 bytes)
Event: 4.345 Thread 0x000001add7969150 5751       3       groovyjarjarantlr4.v4.runtime.dfa.SingletonEdgeMap::<init> (41 bytes)
Event: 4.345 Thread 0x000001add599c4c0 nmethod 5750 0x000001adc2425810 code [0x000001adc24259c0, 0x000001adc2425c48]
Event: 4.345 Thread 0x000001add7969150 nmethod 5751 0x000001adc2425d10 code [0x000001adc2425ec0, 0x000001adc2426168]
Event: 4.346 Thread 0x000001add7969150 5753       1       groovyjarjarantlr4.v4.runtime.tree.TerminalNodeImpl::setParent (6 bytes)
Event: 4.346 Thread 0x000001add7969150 nmethod 5753 0x000001adc987ea10 code [0x000001adc987eba0, 0x000001adc987ecb8]
Event: 4.346 Thread 0x000001add64df240 5755       3       java.util.ArrayList::fastRemove (44 bytes)
Event: 4.347 Thread 0x000001add64df240 nmethod 5755 0x000001adc2426210 code [0x000001adc24263c0, 0x000001adc24267c8]
Event: 4.347 Thread 0x000001add64df240 5756       3       groovyjarjarantlr4.v4.runtime.atn.ATNConfig::transform (16 bytes)
Event: 4.347 Thread 0x000001add64df240 nmethod 5756 0x000001adc2426910 code [0x000001adc2426ac0, 0x000001adc2426cf8]
Event: 4.349 Thread 0x000001add64df240 5757       3       java.util.HashMap$TreeNode::rotateLeft (91 bytes)
Event: 4.349 Thread 0x000001add64df240 nmethod 5757 0x000001adc2426e10 code [0x000001adc2426fe0, 0x000001adc24274d8]

GC Heap History (10 events):
Event: 0.407 GC heap before
{Heap before GC invocations=0 (full 0):
 garbage-first heap   total 262144K, used 26624K [0x00000000e0000000, 0x0000000100000000)
  region size 1024K, 23 young (23552K), 0 survivors (0K)
 Metaspace       used 3063K, committed 3200K, reserved 323584K
  class space    used 389K, committed 448K, reserved 315392K
}
Event: 0.410 GC heap after
{Heap after GC invocations=1 (full 0):
 garbage-first heap   total 262144K, used 10520K [0x00000000e0000000, 0x0000000100000000)
  region size 1024K, 3 young (3072K), 3 survivors (3072K)
 Metaspace       used 3063K, committed 3200K, reserved 323584K
  class space    used 389K, committed 448K, reserved 315392K
}
Event: 0.690 GC heap before
{Heap before GC invocations=1 (full 0):
 garbage-first heap   total 262144K, used 38168K [0x00000000e0000000, 0x0000000100000000)
  region size 1024K, 30 young (30720K), 3 survivors (3072K)
 Metaspace       used 4066K, committed 4224K, reserved 323584K
  class space    used 493K, committed 576K, reserved 315392K
}
Event: 0.692 GC heap after
{Heap after GC invocations=2 (full 0):
 garbage-first heap   total 262144K, used 11374K [0x00000000e0000000, 0x0000000100000000)
  region size 1024K, 1 young (1024K), 1 survivors (1024K)
 Metaspace       used 4066K, committed 4224K, reserved 323584K
  class space    used 493K, committed 576K, reserved 315392K
}
Event: 2.019 GC heap before
{Heap before GC invocations=2 (full 0):
 garbage-first heap   total 262144K, used 139374K [0x00000000e0000000, 0x0000000100000000)
  region size 1024K, 121 young (123904K), 1 survivors (1024K)
 Metaspace       used 21209K, committed 21504K, reserved 339968K
  class space    used 3133K, committed 3264K, reserved 315392K
}
Event: 2.025 GC heap after
{Heap after GC invocations=3 (full 0):
 garbage-first heap   total 262144K, used 27951K [0x00000000e0000000, 0x0000000100000000)
  region size 1024K, 12 young (12288K), 12 survivors (12288K)
 Metaspace       used 21209K, committed 21504K, reserved 339968K
  class space    used 3133K, committed 3264K, reserved 315392K
}
Event: 3.142 GC heap before
{Heap before GC invocations=4 (full 0):
 garbage-first heap   total 262144K, used 171311K [0x00000000e0000000, 0x0000000100000000)
  region size 1024K, 122 young (124928K), 12 survivors (12288K)
 Metaspace       used 35621K, committed 35968K, reserved 348160K
  class space    used 4912K, committed 5056K, reserved 315392K
}
Event: 3.150 GC heap after
{Heap after GC invocations=5 (full 0):
 garbage-first heap   total 262144K, used 66126K [0x00000000e0000000, 0x0000000100000000)
  region size 1024K, 11 young (11264K), 11 survivors (11264K)
 Metaspace       used 35621K, committed 35968K, reserved 348160K
  class space    used 4912K, committed 5056K, reserved 315392K
}
Event: 4.295 GC heap before
{Heap before GC invocations=6 (full 0):
 garbage-first heap   total 262144K, used 201294K [0x00000000e0000000, 0x0000000100000000)
  region size 1024K, 129 young (132096K), 11 survivors (11264K)
 Metaspace       used 46549K, committed 47104K, reserved 364544K
  class space    used 6545K, committed 6784K, reserved 315392K
}
Event: 4.302 GC heap after
{Heap after GC invocations=7 (full 0):
 garbage-first heap   total 262144K, used 88222K [0x00000000e0000000, 0x0000000100000000)
  region size 1024K, 10 young (10240K), 10 survivors (10240K)
 Metaspace       used 46549K, committed 47104K, reserved 364544K
  class space    used 6545K, committed 6784K, reserved 315392K
}

Dll operation events (14 events):
Event: 0.004 Loaded shared library C:\Program Files\BellSoft\LibericaJDK-17\bin\java.dll
Event: 0.013 Loaded shared library C:\Program Files\BellSoft\LibericaJDK-17\bin\jsvml.dll
Event: 0.060 Loaded shared library C:\Program Files\BellSoft\LibericaJDK-17\bin\zip.dll
Event: 0.062 Loaded shared library C:\Program Files\BellSoft\LibericaJDK-17\bin\instrument.dll
Event: 0.065 Loaded shared library C:\Program Files\BellSoft\LibericaJDK-17\bin\net.dll
Event: 0.065 Loaded shared library C:\Program Files\BellSoft\LibericaJDK-17\bin\nio.dll
Event: 0.068 Loaded shared library C:\Program Files\BellSoft\LibericaJDK-17\bin\zip.dll
Event: 0.195 Loaded shared library C:\Program Files\BellSoft\LibericaJDK-17\bin\jimage.dll
Event: 0.235 Loaded shared library C:\Program Files\BellSoft\LibericaJDK-17\bin\verify.dll
Event: 0.338 Loaded shared library C:\Users\Aiden\.gradle\native\c067742578af261105cb4f569cf0c3c89f3d7b1fecec35dd04571415982c5e48\windows-amd64\native-platform.dll
Event: 0.341 Loaded shared library C:\Users\Aiden\.gradle\native\38dada09dfb8b06ba9b0570ebf7e218e3eb74d4ef43ca46872605cf95ebc2f47\windows-amd64\native-platform-file-events.dll
Event: 0.881 Loaded shared library C:\Program Files\BellSoft\LibericaJDK-17\bin\management.dll
Event: 0.883 Loaded shared library C:\Program Files\BellSoft\LibericaJDK-17\bin\management_ext.dll
Event: 1.143 Loaded shared library C:\Program Files\BellSoft\LibericaJDK-17\bin\sunmscapi.dll

Deoptimization events (20 events):
Event: 4.308 Thread 0x000001add7b02f80 Uncommon trap: reason=class_check action=maybe_recompile pc=0x000001adc988d370 method=groovyjarjarantlr4.v4.runtime.atn.PredictionContextCache$PredictionContextAndInt.equals(Ljava/lang/Object;)Z @ 58 c2
Event: 4.308 Thread 0x000001add7b02f80 DEOPT PACKING pc=0x000001adc988d370 sp=0x0000000cbb1f6ee0
Event: 4.308 Thread 0x000001add7b02f80 DEOPT UNPACKING pc=0x000001adc8ed69a3 sp=0x0000000cbb1f6c60 mode 2
Event: 4.308 Thread 0x000001add7b02f80 Uncommon trap: trap_request=0xffffffde fr.pc=0x000001adc988d46c relative=0x0000000000002b0c
Event: 4.308 Thread 0x000001add7b02f80 Uncommon trap: reason=class_check action=maybe_recompile pc=0x000001adc988d46c method=groovyjarjarantlr4.v4.runtime.atn.PredictionContextCache$PredictionContextAndInt.equals(Ljava/lang/Object;)Z @ 58 c2
Event: 4.308 Thread 0x000001add7b02f80 DEOPT PACKING pc=0x000001adc988d46c sp=0x0000000cbb1f6ee0
Event: 4.308 Thread 0x000001add7b02f80 DEOPT UNPACKING pc=0x000001adc8ed69a3 sp=0x0000000cbb1f6c60 mode 2
Event: 4.308 Thread 0x000001add7b02f80 Uncommon trap: trap_request=0xffffffde fr.pc=0x000001adc988d46c relative=0x0000000000002b0c
Event: 4.308 Thread 0x000001add7b02f80 Uncommon trap: reason=class_check action=maybe_recompile pc=0x000001adc988d46c method=groovyjarjarantlr4.v4.runtime.atn.PredictionContextCache$PredictionContextAndInt.equals(Ljava/lang/Object;)Z @ 58 c2
Event: 4.308 Thread 0x000001add7b02f80 DEOPT PACKING pc=0x000001adc988d46c sp=0x0000000cbb1f6ee0
Event: 4.308 Thread 0x000001add7b02f80 DEOPT UNPACKING pc=0x000001adc8ed69a3 sp=0x0000000cbb1f6c60 mode 2
Event: 4.334 Thread 0x000001add7b02f80 Uncommon trap: trap_request=0xffffffde fr.pc=0x000001adc9892450 relative=0x0000000000002770
Event: 4.334 Thread 0x000001add7b02f80 Uncommon trap: reason=class_check action=maybe_recompile pc=0x000001adc9892450 method=groovyjarjarantlr4.v4.runtime.atn.SemanticContext$Predicate.equals(Ljava/lang/Object;)Z @ 1 c2
Event: 4.334 Thread 0x000001add7b02f80 DEOPT PACKING pc=0x000001adc9892450 sp=0x0000000cbb1f49c0
Event: 4.334 Thread 0x000001add7b02f80 DEOPT UNPACKING pc=0x000001adc8ed69a3 sp=0x0000000cbb1f48d8 mode 2
Event: 4.338 Thread 0x000001add7b02f80 DEOPT PACKING pc=0x000001adc23e82e4 sp=0x0000000cbb1f6590
Event: 4.338 Thread 0x000001add7b02f80 DEOPT UNPACKING pc=0x000001adc8ed7143 sp=0x0000000cbb1f5a30 mode 0
Event: 4.348 Thread 0x000001add7b02f80 DEOPT PACKING pc=0x000001adc23e82e4 sp=0x0000000cbb1f6b80
Event: 4.348 Thread 0x000001add7b02f80 DEOPT UNPACKING pc=0x000001adc8ed7143 sp=0x0000000cbb1f6020 mode 0
Event: 4.350 Thread 0x000001add7b02f80 Uncommon trap: trap_request=0xffffffde fr.pc=0x000001adc9668c44 relative=0x0000000000000184

Classes unloaded (0 events):
No events

Classes redefined (0 events):
No events

Internal exceptions (20 events):
Event: 3.762 Thread 0x000001add7b02f80 Exception <a 'java/lang/ClassNotFoundException'{0x00000000ec265460}: org/jetbrains/plugins/gradle/model/scala/ScalaModelBeanInfo> (0x00000000ec265460) 
thrown [s\src\hotspot\share\classfile\systemDictionary.cpp, line 256]
Event: 3.762 Thread 0x000001add7b02f80 Exception <a 'java/lang/ClassNotFoundException'{0x00000000ec26d8a0}: org/jetbrains/plugins/gradle/model/scala/ScalaModelCustomizer> (0x00000000ec26d8a0) 
thrown [s\src\hotspot\share\classfile\systemDictionary.cpp, line 256]
Event: 3.862 Thread 0x000001add7b02f80 Exception <a 'java/lang/ClassNotFoundException'{0x00000000ebaba330}: org/gradle/api/internal/project/DefaultProject_DecoratedBeanInfo> (0x00000000ebaba330) 
thrown [s\src\hotspot\share\classfile\systemDictionary.cpp, line 256]
Event: 3.862 Thread 0x000001add7b02f80 Exception <a 'java/lang/ClassNotFoundException'{0x00000000ebac75d8}: org/gradle/api/internal/project/DefaultProjectBeanInfo> (0x00000000ebac75d8) 
thrown [s\src\hotspot\share\classfile\systemDictionary.cpp, line 256]
Event: 3.862 Thread 0x000001add7b02f80 Exception <a 'java/lang/ClassNotFoundException'{0x00000000ebad4338}: org/gradle/api/internal/project/DefaultProjectCustomizer> (0x00000000ebad4338) 
thrown [s\src\hotspot\share\classfile\systemDictionary.cpp, line 256]
Event: 3.865 Thread 0x000001add7b02f80 Exception <a 'java/lang/ClassNotFoundException'{0x00000000eb97ddc8}: org/gradle/api/internal/project/DefaultProject_DecoratedCustomizer> (0x00000000eb97ddc8) 
thrown [s\src\hotspot\share\classfile\systemDictionary.cpp, line 256]
Event: 3.907 Thread 0x000001add7b02f80 Exception <a 'java/lang/NoSuchMethodError'{0x00000000eb42bf40}: 'java.lang.Object java.lang.invoke.DelegatingMethodHandle$Holder.reinvoke_L(java.lang.Object, java.lang.Object, java.lang.Object, java.lang.Object, java.lang.Object, java.lang.Object, java.lang.Object, java.lang.Object, java.lang.Object, java.lang.Object, java.lang.Object, java.lang.Object, java.lang.Object, java.lang.Object, java.lang.Object, java.lang.Object, java.lang.Object, java.lang.Object, java.lang.Object, java.lang.Object, java.lang.O
Event: 3.907 Thread 0x000001add7b02f80 Exception <a 'java/lang/NoSuchMethodError'{0x00000000eb438840}: 'java.lang.Object java.lang.invoke.Invokers$Holder.invoker(java.lang.Object, java.lang.Object, java.lang.Object, java.lang.Object, java.lang.Object, java.lang.Object, java.lang.Object, java.lang.Object, java.lang.Object, java.lang.Object, java.lang.Object, java.lang.Object, java.lang.Object, java.lang.Object, java.lang.Object, java.lang.Object, java.lang.Object, java.lang.Object, java.lang.Object, java.lang.Object, java.lang.Object, java.lang.
Event: 3.907 Thread 0x000001add7b02f80 Exception <a 'java/lang/NoSuchMethodError'{0x00000000eb440210}: 'java.lang.Object java.lang.invoke.DelegatingMethodHandle$Holder.delegate(java.lang.Object, java.lang.Object, java.lang.Object, java.lang.Object, java.lang.Object, java.lang.Object, java.lang.Object, java.lang.Object, java.lang.Object, java.lang.Object, java.lang.Object, java.lang.Object, java.lang.Object, java.lang.Object, java.lang.Object, java.lang.Object, java.lang.Object, java.lang.Object, java.lang.Object, java.lang.Object, java.lang.Obj
Event: 3.915 Thread 0x000001add7b02f80 Exception <a 'java/lang/NoSuchMethodError'{0x00000000eb4de3a8}: 'java.lang.Object java.lang.invoke.DirectMethodHandle$Holder.invokeStatic(java.lang.Object, java.lang.Object, java.lang.Object, java.lang.Object, java.lang.Object, java.lang.Object, java.lang.Object, java.lang.Object, java.lang.Object, java.lang.Object, java.lang.Object, java.lang.Object, java.lang.Object, java.lang.Object, java.lang.Object, java.lang.Object, java.lang.Object)'> (0x00000000eb4de3a8) 
thrown [s\src\hotspot\share\interpreter\lin
Event: 3.916 Thread 0x000001add7b02f80 Exception <a 'java/lang/NoSuchMethodError'{0x00000000eb308a90}: 'java.lang.Object java.lang.invoke.DirectMethodHandle$Holder.invokeStatic(java.lang.Object, java.lang.Object, java.lang.Object, java.lang.Object, java.lang.Object, java.lang.Object, java.lang.Object, java.lang.Object, java.lang.Object, java.lang.Object, java.lang.Object, java.lang.Object, java.lang.Object, java.lang.Object, java.lang.Object, java.lang.Object, java.lang.Object, java.lang.Object)'> (0x00000000eb308a90) 
thrown [s\src\hotspot\sha
Event: 3.917 Thread 0x000001add7b02f80 Exception <a 'java/lang/NoSuchMethodError'{0x00000000eb333ed0}: 'java.lang.Object java.lang.invoke.DirectMethodHandle$Holder.invokeStatic(java.lang.Object, java.lang.Object, java.lang.Object, java.lang.Object, java.lang.Object, java.lang.Object, java.lang.Object, java.lang.Object, java.lang.Object, java.lang.Object, java.lang.Object, java.lang.Object, java.lang.Object, java.lang.Object, java.lang.Object, java.lang.Object, java.lang.Object, java.lang.Object, java.lang.Object)'> (0x00000000eb333ed0) 
thrown 
Event: 3.919 Thread 0x000001add7b02f80 Exception <a 'java/lang/NoSuchMethodError'{0x00000000eb35fef8}: 'java.lang.Object java.lang.invoke.DirectMethodHandle$Holder.invokeStatic(java.lang.Object, java.lang.Object, java.lang.Object, java.lang.Object, java.lang.Object, java.lang.Object, java.lang.Object, java.lang.Object, java.lang.Object, java.lang.Object, java.lang.Object, java.lang.Object, java.lang.Object, java.lang.Object, java.lang.Object, java.lang.Object, java.lang.Object, java.lang.Object, java.lang.Object, java.lang.Object)'> (0x00000000
Event: 3.920 Thread 0x000001add7b02f80 Exception <a 'java/lang/NoSuchMethodError'{0x00000000eb3adb68}: 'java.lang.Object java.lang.invoke.DirectMethodHandle$Holder.invokeStatic(java.lang.Object, java.lang.Object, java.lang.Object, java.lang.Object, java.lang.Object, java.lang.Object, java.lang.Object, java.lang.Object, java.lang.Object, java.lang.Object, java.lang.Object, java.lang.Object, java.lang.Object, java.lang.Object, java.lang.Object, java.lang.Object, java.lang.Object, java.lang.Object, java.lang.Object, java.lang.Object, java.lang.Obj
Event: 3.921 Thread 0x000001add7b02f80 Exception <a 'java/lang/NoSuchMethodError'{0x00000000eb3dbdc0}: 'java.lang.Object java.lang.invoke.DirectMethodHandle$Holder.invokeStatic(java.lang.Object, java.lang.Object, java.lang.Object, java.lang.Object, java.lang.Object, java.lang.Object, java.lang.Object, java.lang.Object, java.lang.Object, java.lang.Object, java.lang.Object, java.lang.Object, java.lang.Object, java.lang.Object, java.lang.Object, java.lang.Object, java.lang.Object, java.lang.Object, java.lang.Object, java.lang.Object, java.lang.Obj
Event: 3.923 Thread 0x000001add7b02f80 Exception <a 'java/lang/NoSuchMethodError'{0x00000000eb20aeb0}: 'java.lang.Object java.lang.invoke.DirectMethodHandle$Holder.invokeStatic(java.lang.Object, java.lang.Object, java.lang.Object, java.lang.Object, java.lang.Object, java.lang.Object, java.lang.Object, java.lang.Object, java.lang.Object, java.lang.Object, java.lang.Object, java.lang.Object, java.lang.Object, java.lang.Object, java.lang.Object, java.lang.Object, java.lang.Object, java.lang.Object, java.lang.Object, java.lang.Object, java.lang.Obj
Event: 3.924 Thread 0x000001add7b02f80 Exception <a 'java/lang/NoSuchMethodError'{0x00000000eb23b740}: 'java.lang.Object java.lang.invoke.DirectMethodHandle$Holder.invokeStatic(java.lang.Object, java.lang.Object, java.lang.Object, java.lang.Object, java.lang.Object, java.lang.Object, java.lang.Object, java.lang.Object, java.lang.Object, java.lang.Object, java.lang.Object, java.lang.Object, java.lang.Object, java.lang.Object, java.lang.Object, java.lang.Object, java.lang.Object, java.lang.Object, java.lang.Object, java.lang.Object, java.lang.Obj
Event: 3.925 Thread 0x000001add7b02f80 Exception <a 'java/lang/NoSuchMethodError'{0x00000000eb26dab0}: 'java.lang.Object java.lang.invoke.DirectMethodHandle$Holder.invokeStatic(java.lang.Object, java.lang.Object, java.lang.Object, java.lang.Object, java.lang.Object, java.lang.Object, java.lang.Object, java.lang.Object, java.lang.Object, java.lang.Object, java.lang.Object, java.lang.Object, java.lang.Object, java.lang.Object, java.lang.Object, java.lang.Object, java.lang.Object, java.lang.Object, java.lang.Object, java.lang.Object, java.lang.Obj
Event: 3.970 Thread 0x000001add7b02f80 Exception <a 'java/lang/NoSuchMethodError'{0x00000000eaed0378}: 'long java.lang.invoke.DirectMethodHandle$Holder.invokeStatic(java.lang.Object, long)'> (0x00000000eaed0378) 
thrown [s\src\hotspot\share\interpreter\linkResolver.cpp, line 759]
Event: 4.055 Thread 0x000001add7b02f80 Exception <a 'java/lang/NoSuchMethodError'{0x00000000ea647d38}: 'void java.lang.invoke.DirectMethodHandle$Holder.invokeVirtual(java.lang.Object, java.lang.Object)'> (0x00000000ea647d38) 
thrown [s\src\hotspot\share\interpreter\linkResolver.cpp, line 759]

VM Operations (20 events):
Event: 3.809 Executing VM operation: HandshakeAllThreads
Event: 3.809 Executing VM operation: HandshakeAllThreads done
Event: 3.819 Executing VM operation: ICBufferFull
Event: 3.819 Executing VM operation: ICBufferFull done
Event: 3.939 Executing VM operation: HandshakeAllThreads
Event: 3.939 Executing VM operation: HandshakeAllThreads done
Event: 4.038 Executing VM operation: ICBufferFull
Event: 4.038 Executing VM operation: ICBufferFull done
Event: 4.200 Executing VM operation: HandshakeAllThreads
Event: 4.201 Executing VM operation: HandshakeAllThreads done
Event: 4.205 Executing VM operation: HandshakeAllThreads
Event: 4.205 Executing VM operation: HandshakeAllThreads done
Event: 4.213 Executing VM operation: HandshakeAllThreads
Event: 4.213 Executing VM operation: HandshakeAllThreads done
Event: 4.224 Executing VM operation: ICBufferFull
Event: 4.224 Executing VM operation: ICBufferFull done
Event: 4.258 Executing VM operation: HandshakeAllThreads
Event: 4.258 Executing VM operation: HandshakeAllThreads done
Event: 4.295 Executing VM operation: G1CollectForAllocation
Event: 4.302 Executing VM operation: G1CollectForAllocation done

Events (20 events):
Event: 4.257 loading class java/util/stream/ReferencePipeline$4
Event: 4.257 loading class java/util/stream/ReferencePipeline$4 done
Event: 4.257 loading class java/util/stream/SortedOps
Event: 4.257 loading class java/util/stream/SortedOps done
Event: 4.257 loading class java/util/stream/SortedOps$OfInt
Event: 4.257 loading class java/util/stream/IntPipeline$StatefulOp
Event: 4.257 loading class java/util/stream/IntPipeline$StatefulOp done
Event: 4.257 loading class java/util/stream/SortedOps$OfInt done
Event: 4.258 loading class java/util/stream/Nodes$IntFixedNodeBuilder
Event: 4.258 loading class java/util/stream/Node$Builder$OfInt
Event: 4.258 loading class java/util/stream/Node$Builder$OfInt done
Event: 4.258 loading class java/util/stream/Nodes$IntArrayNode
Event: 4.258 loading class java/util/stream/Nodes$IntArrayNode done
Event: 4.259 loading class java/util/stream/Nodes$IntFixedNodeBuilder done
Event: 4.259 loading class java/util/stream/SortedOps$SizedIntSortingSink
Event: 4.259 loading class java/util/stream/SortedOps$AbstractIntSortingSink
Event: 4.259 loading class java/util/stream/SortedOps$AbstractIntSortingSink done
Event: 4.259 loading class java/util/stream/SortedOps$SizedIntSortingSink done
Event: 4.259 loading class java/util/stream/ReferencePipeline$4$1
Event: 4.259 loading class java/util/stream/ReferencePipeline$4$1 done


Dynamic libraries:
0x00007ff662450000 - 0x00007ff66245d000 	C:\Program Files\BellSoft\LibericaJDK-17\bin\java.exe
0x00007ffd05db0000 - 0x00007ffd05fa6000 	C:\Windows\SYSTEM32\ntdll.dll
0x00007ffd04a40000 - 0x00007ffd04afd000 	C:\Windows\System32\KERNEL32.DLL
0x00007ffd038e0000 - 0x00007ffd03ba9000 	C:\Windows\System32\KERNELBASE.dll
0x00007ffd03c30000 - 0x00007ffd03d30000 	C:\Windows\System32\ucrtbase.dll
0x00007ffce44e0000 - 0x00007ffce44f7000 	C:\Program Files\BellSoft\LibericaJDK-17\bin\jli.dll
0x00007ffce4330000 - 0x00007ffce4345000 	C:\Program Files\BellSoft\LibericaJDK-17\bin\VCRUNTIME140.dll
0x00007ffd04700000 - 0x00007ffd048a0000 	C:\Windows\System32\USER32.dll
0x00007ffd03740000 - 0x00007ffd03762000 	C:\Windows\System32\win32u.dll
0x00007ffcedc20000 - 0x00007ffcedebb000 	C:\Windows\WinSxS\amd64_microsoft.windows.common-controls_6595b64144ccf1df_6.0.19041.746_none_ca02b4b61b8320a4\COMCTL32.dll
0x00007ffd044c0000 - 0x00007ffd044ea000 	C:\Windows\System32\GDI32.dll
0x00007ffd044f0000 - 0x00007ffd0458e000 	C:\Windows\System32\msvcrt.dll
0x00007ffd03770000 - 0x00007ffd0387b000 	C:\Windows\System32\gdi32full.dll
0x00007ffd03d60000 - 0x00007ffd03dfd000 	C:\Windows\System32\msvcp_win.dll
0x00007ffd05d80000 - 0x00007ffd05db0000 	C:\Windows\System32\IMM32.DLL
0x00007ffcd4140000 - 0x00007ffcd41db000 	C:\Program Files\BellSoft\LibericaJDK-17\bin\msvcp140.dll
0x00007ffcb2620000 - 0x00007ffcb3240000 	C:\Program Files\BellSoft\LibericaJDK-17\bin\server\jvm.dll
0x00007ffd045a0000 - 0x00007ffd0464c000 	C:\Windows\System32\ADVAPI32.dll
0x00007ffd04d10000 - 0x00007ffd04dac000 	C:\Windows\System32\sechost.dll
0x00007ffd04390000 - 0x00007ffd044bb000 	C:\Windows\System32\RPCRT4.dll
0x00007ffcf64b0000 - 0x00007ffcf64d7000 	C:\Windows\SYSTEM32\WINMM.dll
0x00007ffcfe100000 - 0x00007ffcfe10a000 	C:\Windows\SYSTEM32\VERSION.dll
0x00007ffd00d70000 - 0x00007ffd00d79000 	C:\Windows\SYSTEM32\WSOCK32.dll
0x00007ffd05d10000 - 0x00007ffd05d7b000 	C:\Windows\System32\WS2_32.dll
0x00007ffd014b0000 - 0x00007ffd014c2000 	C:\Windows\SYSTEM32\kernel.appcore.dll
0x00007ffcec880000 - 0x00007ffcec88a000 	C:\Program Files\BellSoft\LibericaJDK-17\bin\jimage.dll
0x00007ffcf5990000 - 0x00007ffcf5b74000 	C:\Windows\SYSTEM32\DBGHELP.DLL
0x00007ffce7620000 - 0x00007ffce764c000 	C:\Windows\SYSTEM32\dbgcore.DLL
0x00007ffd03bb0000 - 0x00007ffd03c30000 	C:\Windows\System32\bcryptPrimitives.dll
0x00007ffce9fa0000 - 0x00007ffce9fae000 	C:\Program Files\BellSoft\LibericaJDK-17\bin\instrument.dll
0x00007ffcda250000 - 0x00007ffcda275000 	C:\Program Files\BellSoft\LibericaJDK-17\bin\java.dll
0x00007ffcd4060000 - 0x00007ffcd4136000 	C:\Program Files\BellSoft\LibericaJDK-17\bin\jsvml.dll
0x00007ffd04db0000 - 0x00007ffd054f3000 	C:\Windows\System32\SHELL32.dll
0x00007ffd016b0000 - 0x00007ffd01e3f000 	C:\Windows\SYSTEM32\windows.storage.dll
0x00007ffd05630000 - 0x00007ffd05986000 	C:\Windows\System32\combase.dll
0x00007ffd02f90000 - 0x00007ffd02fbc000 	C:\Windows\SYSTEM32\Wldp.dll
0x00007ffd04650000 - 0x00007ffd046fe000 	C:\Windows\System32\SHCORE.dll
0x00007ffd04b00000 - 0x00007ffd04b55000 	C:\Windows\System32\shlwapi.dll
0x00007ffd03460000 - 0x00007ffd03486000 	C:\Windows\SYSTEM32\profapi.dll
0x00007ffcdbcc0000 - 0x00007ffcdbcd8000 	C:\Program Files\BellSoft\LibericaJDK-17\bin\zip.dll
0x00007ffce36e0000 - 0x00007ffce36f9000 	C:\Program Files\BellSoft\LibericaJDK-17\bin\net.dll
0x00007ffcef150000 - 0x00007ffcef250000 	C:\Windows\SYSTEM32\WINHTTP.dll
0x00007ffd02d10000 - 0x00007ffd02d7a000 	C:\Windows\system32\mswsock.dll
0x00007ffce1ef0000 - 0x00007ffce1f05000 	C:\Program Files\BellSoft\LibericaJDK-17\bin\nio.dll
0x00007ffcea0c0000 - 0x00007ffcea0d0000 	C:\Program Files\BellSoft\LibericaJDK-17\bin\verify.dll
0x00007ffcda220000 - 0x00007ffcda247000 	C:\Users\Aiden\.gradle\native\c067742578af261105cb4f569cf0c3c89f3d7b1fecec35dd04571415982c5e48\windows-amd64\native-platform.dll
0x00007ffcd3f10000 - 0x00007ffcd4054000 	C:\Users\Aiden\.gradle\native\38dada09dfb8b06ba9b0570ebf7e218e3eb74d4ef43ca46872605cf95ebc2f47\windows-amd64\native-platform-file-events.dll
0x00007ffce5830000 - 0x00007ffce5839000 	C:\Program Files\BellSoft\LibericaJDK-17\bin\management.dll
0x00007ffce4b40000 - 0x00007ffce4b4b000 	C:\Program Files\BellSoft\LibericaJDK-17\bin\management_ext.dll
0x00007ffd049d0000 - 0x00007ffd049d8000 	C:\Windows\System32\PSAPI.DLL
0x00007ffd02ee0000 - 0x00007ffd02ef8000 	C:\Windows\SYSTEM32\CRYPTSP.dll
0x00007ffd02640000 - 0x00007ffd02674000 	C:\Windows\system32\rsaenh.dll
0x00007ffd03d30000 - 0x00007ffd03d57000 	C:\Windows\System32\bcrypt.dll
0x00007ffd03420000 - 0x00007ffd0344e000 	C:\Windows\SYSTEM32\USERENV.dll
0x00007ffd02f00000 - 0x00007ffd02f0c000 	C:\Windows\SYSTEM32\CRYPTBASE.dll
0x00007ffd029b0000 - 0x00007ffd029eb000 	C:\Windows\SYSTEM32\IPHLPAPI.DLL
0x00007ffd049c0000 - 0x00007ffd049c8000 	C:\Windows\System32\NSI.dll
0x00007ffcec9c0000 - 0x00007ffcec9d7000 	C:\Windows\SYSTEM32\dhcpcsvc6.DLL
0x00007ffcee600000 - 0x00007ffcee61d000 	C:\Windows\SYSTEM32\dhcpcsvc.DLL
0x00007ffd02a00000 - 0x00007ffd02acb000 	C:\Windows\SYSTEM32\DNSAPI.dll
0x00007ffce48d0000 - 0x00007ffce48de000 	C:\Program Files\BellSoft\LibericaJDK-17\bin\sunmscapi.dll
0x00007ffd035e0000 - 0x00007ffd03736000 	C:\Windows\System32\CRYPT32.dll
0x00007ffd03000000 - 0x00007ffd03027000 	C:\Windows\SYSTEM32\ncrypt.dll
0x00007ffd02fc0000 - 0x00007ffd02ffb000 	C:\Windows\SYSTEM32\NTASN1.dll
0x00007ffce4320000 - 0x00007ffce4327000 	C:\Windows\system32\wshunix.dll

dbghelp: loaded successfully - version: 4.0.5 - missing functions: none
symbol engine: initialized successfully - sym options: 0x614 - pdb path: .;C:\Program Files\BellSoft\LibericaJDK-17\bin;C:\Windows\SYSTEM32;C:\Windows\WinSxS\amd64_microsoft.windows.common-controls_6595b64144ccf1df_6.0.19041.746_none_ca02b4b61b8320a4;C:\Program Files\BellSoft\LibericaJDK-17\bin\server;C:\Users\Aiden\.gradle\native\c067742578af261105cb4f569cf0c3c89f3d7b1fecec35dd04571415982c5e48\windows-amd64;C:\Users\Aiden\.gradle\native\38dada09dfb8b06ba9b0570ebf7e218e3eb74d4ef43ca46872605cf95ebc2f47\windows-amd64

VM Arguments:
jvm_args: --add-opens=java.base/java.util=ALL-UNNAMED --add-opens=java.base/java.lang=ALL-UNNAMED --add-opens=java.base/java.lang.invoke=ALL-UNNAMED --add-opens=java.prefs/java.util.prefs=ALL-UNNAMED --add-opens=java.base/java.nio.charset=ALL-UNNAMED --add-opens=java.base/java.net=ALL-UNNAMED --add-opens=java.base/java.util.concurrent.atomic=ALL-UNNAMED -XX:MaxMetaspaceSize=384m -XX:+HeapDumpOnOutOfMemoryError -Xms256m -Xmx512m -Dfile.encoding=windows-1251 -Duser.country=RU -Duser.language=ru -Duser.variant -javaagent:C:\Users\Aiden\.gradle\wrapper\dists\gradle-8.4-bin\1w5dpkrfk8irigvoxmyhowfim\gradle-8.4\lib\agents\gradle-instrumentation-agent-8.4.jar 
java_command: org.gradle.launcher.daemon.bootstrap.GradleDaemon 8.4
java_class_path (initial): C:\Users\Aiden\.gradle\wrapper\dists\gradle-8.4-bin\1w5dpkrfk8irigvoxmyhowfim\gradle-8.4\lib\gradle-launcher-8.4.jar
Launcher Type: SUN_STANDARD

[Global flags]
     intx CICompilerCount                          = 12                                        {product} {ergonomic}
   size_t CompressedClassSpaceSize                 = 322961408                                 {product} {ergonomic}
     uint ConcGCThreads                            = 4                                         {product} {ergonomic}
     uint G1ConcRefinementThreads                  = 15                                        {product} {ergonomic}
   size_t G1HeapRegionSize                         = 1048576                                   {product} {ergonomic}
    uintx GCDrainStackTargetSize                   = 64                                        {product} {ergonomic}
     bool HeapDumpOnOutOfMemoryError               = true                                   {manageable} {command line}
   size_t InitialHeapSize                          = 268435456                                 {product} {command line}
   size_t MarkStackSize                            = 4194304                                   {product} {ergonomic}
   size_t MaxHeapSize                              = 536870912                                 {product} {command line}
   size_t MaxMetaspaceSize                         = 402653184                                 {product} {command line}
   size_t MaxNewSize                               = 321912832                                 {product} {ergonomic}
   size_t MinHeapDeltaBytes                        = 1048576                                   {product} {ergonomic}
   size_t MinHeapSize                              = 268435456                                 {product} {command line}
    uintx NonNMethodCodeHeapSize                   = 7602480                                {pd product} {ergonomic}
    uintx NonProfiledCodeHeapSize                  = 122027880                              {pd product} {ergonomic}
    uintx ProfiledCodeHeapSize                     = 122027880                              {pd product} {ergonomic}
    uintx ReservedCodeCacheSize                    = 251658240                              {pd product} {ergonomic}
     bool SegmentedCodeCache                       = true                                      {product} {ergonomic}
   size_t SoftMaxHeapSize                          = 536870912                              {manageable} {ergonomic}
     bool UseCompressedClassPointers               = true                           {product lp64_product} {ergonomic}
     bool UseCompressedOops                        = true                           {product lp64_product} {ergonomic}
     bool UseG1GC                                  = true                                      {product} {ergonomic}
     bool UseLargePagesIndividualAllocation        = false                                  {pd product} {ergonomic}

Logging:
Log output configuration:
 #0: stdout all=warning uptime,level,tags
 #1: stderr all=off uptime,level,tags

Environment Variables:
JAVA_HOME=C:\Program Files\BellSoft\LibericaJDK-17\
PATH=C:\Program Files (x86)\Razer Chroma SDK\bin;C:\Program Files\Razer Chroma SDK\bin;C:\Program Files (x86)\Razer\ChromaBroadcast\bin;C:\Program Files\Razer\ChromaBroadcast\bin;C:\Program Files\BellSoft\LibericaJDK-17\bin\;C:\Program Files (x86)\Common Files\Oracle\Java\javapath;C:\Windows\system32;C:\Windows;C:\Windows\System32\Wbem;C:\Windows\System32\WindowsPowerShell\v1.0\;C:\Program Files (x86)\NVIDIA Corporation\PhysX\Common;C:\Program Files\Git\cmd;C:\Program Files\dotnet\;C:\Program Files\nodejs\;C:\ProgramData\chocolatey\bin;C:\Users\Aiden\Desktop\php;C:\ProgramData\ComposerSetup\bin;C:\Users\Aiden\AppData\Local\Programs\Python\Python310\Scripts\;C:\Users\Aiden\AppData\Local\Programs\Python\Python310\;C:\Users\Aiden\AppData\Local\Microsoft\WindowsApps;C:\Users\Aiden\AppData\Local\GitHubDesktop\bin;C:\Program Files\JetBrains\IntelliJ IDEA 2022.2\bin;C:\Users\Aiden\.dotnet\tools;C:\Program Files\JetBrains\PhpStorm 2022.2\bin;C:\Users\Aiden\AppData\Roaming\npm;C:\Users\Aiden\AppData\Roaming\Composer\vendor\bin;C:\Program Files\NVIDIA Corporation\NVIDIA NvDLISR;C:\Windows\system32\config\systemprofile\AppData\Local\Microsoft\WindowsApps;C:\Users\Aiden\AppData\Local\Programs\Python\Python310\Scripts\;C:\Users\Aiden\AppData\Local\Programs\Python\Python310\;C:\Users\Aiden\AppData\Local\Microsoft\WindowsApps;C:\Users\Aiden\AppData\Local\GitHubDesktop\bin;C:\Program Files\JetBrains\IntelliJ IDEA 2022.1.2\bin;;C:\Users\Aiden\.dotnet\tools;C:\Program Files\JetBrains\PhpStorm 2022.2\bin;;C:\Users\Aiden\AppData\Roaming\npm;C:\Users\Aiden\AppData\Roaming\Composer\vendor\bin;C:\Program Files\SDCC\bin
USERNAME=Aiden
OS=Windows_NT
PROCESSOR_IDENTIFIER=Intel64 Family 6 Model 79 Stepping 1, GenuineIntel
TMP=C:\Temp
TEMP=C:\Temp



---------------  S Y S T E M  ---------------

OS:
 Windows 10 , 64 bit Build 19041 (10.0.19041.662)
OS uptime: 5 days 9:45 hours

CPU: total 20 (initial active 20) (10 cores per cpu, 2 threads per core) family 6 model 79 stepping 1 microcode 0xb000031, cx8, cmov, fxsr, ht, mmx, 3dnowpref, sse, sse2, sse3, ssse3, sse4.1, sse4.2, popcnt, lzcnt, tsc, tscinvbit, avx, avx2, aes, erms, clmul, bmi1, bmi2, rtm, adx, fma, vzeroupper, clflush

Memory: 4k page, system-wide physical 32669M (15163M free)
TotalPageFile size 32669M (AvailPageFile size 17M)
current process WorkingSet (physical memory assigned to process): 431M, peak: 442M
current process commit charge ("private bytes"): 537M, peak: 549M

vm_info: OpenJDK 64-Bit Server VM (17.0.6+10-LTS) for windows-amd64 JRE (17.0.6+10-LTS), built on Jan 12 2023 13:19:07 by "" with MS VC++ 15.9 (VS2017)

END.
