#
# There is insufficient memory for the Java Runtime Environment to continue.
# Native memory allocation (mmap) failed to map 671088640 bytes. Error detail: G1 virtual space
# Possible reasons:
#   The system is out of physical RAM or swap space
#   This process is running with CompressedOops enabled, and the Java Heap may be blocking the growth of the native heap
# Possible solutions:
#   Reduce memory load on the system
#   Increase physical memory or swap space
#   Check if swap backing store is full
#   Decrease Java heap size (-Xmx/-Xms)
#   Decrease number of Java threads
#   Decrease Java thread stack sizes (-Xss)
#   Set larger code cache with -XX:ReservedCodeCacheSize=
#   JVM is running with Zero Based Compressed Oops mode in which the Java heap is
#     placed in the first 32GB address space. The Java Heap base address is the
#     maximum limit for the native heap growth. Please use -XX:HeapBaseMinAddress
#     to set the Java Heap base and to place the Java Heap above 32GB virtual address.
# This output file may be truncated or incomplete.
#
#  Out of Memory Error (os_windows.cpp:3618), pid=20852, tid=12824
#
# JRE version:  (17.0.19+11) (build )
# Java VM: OpenJDK 64-Bit Server VM (17.0.19+11-LTS, mixed mode, sharing, tiered, compressed oops, compressed class ptrs, g1 gc, windows-amd64)
# No core dump will be written. Minidumps are not enabled by default on client versions of Windows
#

---------------  S U M M A R Y ------------

Command Line: 

Host: Intel(R) Core(TM) i7-6950X CPU @ 3.00GHz, 20 cores, 39G,  Windows 10 , 64 bit Build 19041 (10.0.19041.662)
Time: Sat Jul 11 06:12:54 2026 RTZ 2 (s 10 , 64 bit Build 19041 (10.0.19041.662) elapsed time: 0.005957 seconds (0d 0h 0m 0s)

---------------  T H R E A D  ---------------

Current thread (0x0000014cb9af9360):  JavaThread "Unknown thread" [_thread_in_vm, id=12824, stack(0x0000002af7c00000,0x0000002af7d00000)]

Stack: [0x0000002af7c00000,0x0000002af7d00000]
Native frames: (J=compiled Java code, j=interpreted, Vv=VM code, C=native code)
V  [jvm.dll+0x68b8b9]
V  [jvm.dll+0x841cb9]
V  [jvm.dll+0x843a28]
V  [jvm.dll+0x8440b3]
V  [jvm.dll+0x24ce4f]
V  [jvm.dll+0x688719]
V  [jvm.dll+0x67d71a]
V  [jvm.dll+0x30d3d0]
V  [jvm.dll+0x30d272]
V  [jvm.dll+0x314759]
V  [jvm.dll+0x366a49]
V  [jvm.dll+0x366c7d]
V  [jvm.dll+0x2e46da]
V  [jvm.dll+0x2e55d8]
V  [jvm.dll+0x814bce]
V  [jvm.dll+0x374691]
V  [jvm.dll+0x7f3215]
V  [jvm.dll+0x3fa73b]
V  [jvm.dll+0x3fc371]
C  [jli.dll+0x52f4]
C  [ucrtbase.dll+0x214c2]
C  [KERNEL32.DLL+0x17034]
C  [ntdll.dll+0x4d0d1]


---------------  P R O C E S S  ---------------

Threads class SMR info:
_java_thread_list=0x00007ffc65d455b8, length=0, elements={
}

Java Threads: ( => current thread )

Other Threads:
  0x0000014cb9b9d5d0 GCTaskThread "GC Thread#0" [stack: 0x0000002af7d00000,0x0000002af7e00000] [id=15220]
  0x0000014cb9ba8470 ConcurrentGCThread "G1 Main Marker" [stack: 0x0000002af7e00000,0x0000002af7f00000] [id=21124]
  0x0000014cb9ba8e90 ConcurrentGCThread "G1 Conc#0" [stack: 0x0000002af7f00000,0x0000002af8000000] [id=20980]

[error occurred during error reporting (printing all threads), id 0xc0000005, EXCEPTION_ACCESS_VIOLATION (0xc0000005) at pc=0x00007ffc654f5247]

VM state: not at safepoint (not fully initialized)

VM Mutex/Monitor currently owned by a thread:  ([mutex/lock_event])
[0x0000014cb9af48d0] Heap_lock - owner thread: 0x0000014cb9af9360

Heap address: 0x0000000582800000, size: 10200 MB, Compressed Oops mode: Zero based, Oop shift amount: 3

CDS archive(s) mapped at: [0x0000000000000000-0x0000000000000000-0x0000000000000000), size 0, SharedBaseAddress: 0x0000000800000000, ArchiveRelocationMode: 1.
Narrow klass base: 0x0000000000000000, Narrow klass shift: 0, Narrow klass range: 0x0

GC Precious Log:
<Empty>

Heap:
 garbage-first heap   total 0K, used 0K [0x0000000582800000, 0x0000000800000000)
  region size 8192K, 0 young (0K), 0 survivors (0K)

[error occurred during error reporting (printing heap information), id 0xc0000005, EXCEPTION_ACCESS_VIOLATION (0xc0000005) at pc=0x00007ffc658e4e49]

GC Heap History (0 events):
No events

Dll operation events (1 events):
Event: 0.004 Loaded shared library C:\Program Files\BellSoft\LibericaJDK-17\bin\java.dll

Deoptimization events (0 events):
No events

Classes loaded (0 events):
No events

Classes unloaded (0 events):
No events

Classes redefined (0 events):
No events

Internal exceptions (0 events):
No events

VM Operations (0 events):
No events

Memory protections (0 events):
No events

Nmethod flushes (0 events):
No events

Events (0 events):
No events


Dynamic libraries:
0x00007ff724ee0000 - 0x00007ff724eee000 	C:\Program Files\BellSoft\LibericaJDK-17\bin\java.exe
0x00007ffcaeff0000 - 0x00007ffcaf1e6000 	C:\Windows\SYSTEM32\ntdll.dll
0x00007ffcaeab0000 - 0x00007ffcaeb6d000 	C:\Windows\System32\KERNEL32.DLL
0x00007ffcacd00000 - 0x00007ffcacfc9000 	C:\Windows\System32\KERNELBASE.dll
0x00007ffcacaa0000 - 0x00007ffcacba0000 	C:\Windows\System32\ucrtbase.dll
0x00007ffc8ab20000 - 0x00007ffc8ab3e000 	C:\Windows\SYSTEM32\VCRUNTIME140.dll
0x00007ffc92670000 - 0x00007ffc92688000 	C:\Program Files\BellSoft\LibericaJDK-17\bin\jli.dll
0x00007ffcad7f0000 - 0x00007ffcad990000 	C:\Windows\System32\USER32.dll
0x00007ffcacfd0000 - 0x00007ffcacff2000 	C:\Windows\System32\win32u.dll
0x00007ffc946f0000 - 0x00007ffc9498b000 	C:\Windows\WinSxS\amd64_microsoft.windows.common-controls_6595b64144ccf1df_6.0.19041.746_none_ca02b4b61b8320a4\COMCTL32.dll
0x00007ffcaeee0000 - 0x00007ffcaef0a000 	C:\Windows\System32\GDI32.dll
0x00007ffcaec00000 - 0x00007ffcaec9e000 	C:\Windows\System32\msvcrt.dll
0x00007ffcac7f0000 - 0x00007ffcac8fb000 	C:\Windows\System32\gdi32full.dll
0x00007ffcac9b0000 - 0x00007ffcaca4d000 	C:\Windows\System32\msvcp_win.dll
0x00007ffcad360000 - 0x00007ffcad390000 	C:\Windows\System32\IMM32.DLL
0x00007ffc92650000 - 0x00007ffc9266e000 	C:\Program Files\BellSoft\LibericaJDK-17\bin\vcruntime140.dll
0x00007ffca9e90000 - 0x00007ffca9e9c000 	C:\Program Files\BellSoft\LibericaJDK-17\bin\vcruntime140_1.dll
0x00007ffc90bd0000 - 0x00007ffc90c59000 	C:\Program Files\BellSoft\LibericaJDK-17\bin\msvcp140.dll
0x00007ffc65200000 - 0x00007ffc65e79000 	C:\Program Files\BellSoft\LibericaJDK-17\bin\server\jvm.dll
0x00007ffcaedd0000 - 0x00007ffcaee7c000 	C:\Windows\System32\ADVAPI32.dll
0x00007ffcada70000 - 0x00007ffcadb0c000 	C:\Windows\System32\sechost.dll
0x00007ffcad3f0000 - 0x00007ffcad51b000 	C:\Windows\System32\RPCRT4.dll
0x00007ffcaeca0000 - 0x00007ffcaed0b000 	C:\Windows\System32\WS2_32.dll
0x00007ffcabd10000 - 0x00007ffcabd5b000 	C:\Windows\SYSTEM32\POWRPROF.dll
0x00007ffc9c7a0000 - 0x00007ffc9c7c7000 	C:\Windows\SYSTEM32\WINMM.dll
0x00007ffca6e90000 - 0x00007ffca6e9a000 	C:\Windows\SYSTEM32\VERSION.dll
0x00007ffcabbd0000 - 0x00007ffcabbe2000 	C:\Windows\SYSTEM32\UMPDC.dll
0x00007ffcaa6f0000 - 0x00007ffcaa702000 	C:\Windows\SYSTEM32\kernel.appcore.dll
0x00007ffc952c0000 - 0x00007ffc952ca000 	C:\Program Files\BellSoft\LibericaJDK-17\bin\jimage.dll
0x00007ffc9be40000 - 0x00007ffc9c024000 	C:\Windows\SYSTEM32\DBGHELP.DLL
0x00007ffc8ba30000 - 0x00007ffc8ba5c000 	C:\Windows\SYSTEM32\dbgcore.DLL
0x00007ffcac770000 - 0x00007ffcac7f0000 	C:\Windows\System32\bcryptPrimitives.dll
0x00007ffc91ad0000 - 0x00007ffc91af6000 	C:\Program Files\BellSoft\LibericaJDK-17\bin\java.dll

dbghelp: loaded successfully - version: 4.0.5 - missing functions: none
symbol engine: initialized successfully - sym options: 0x614 - pdb path: .;C:\Program Files\BellSoft\LibericaJDK-17\bin;C:\Windows\SYSTEM32;C:\Windows\WinSxS\amd64_microsoft.windows.common-controls_6595b64144ccf1df_6.0.19041.746_none_ca02b4b61b8320a4;C:\Program Files\BellSoft\LibericaJDK-17\bin\server

VM Arguments:
java_command: <unknown>
java_class_path (initial): <not set>
Launcher Type: SUN_STANDARD

[Global flags]
     intx CICompilerCount                          = 12                                        {product} {ergonomic}
     uint ConcGCThreads                            = 4                                         {product} {ergonomic}
     uint G1ConcRefinementThreads                  = 15                                        {product} {ergonomic}
   size_t G1HeapRegionSize                         = 8388608                                   {product} {ergonomic}
    uintx GCDrainStackTargetSize                   = 64                                        {product} {ergonomic}
   size_t InitialHeapSize                          = 671088640                                 {product} {ergonomic}
   size_t MarkStackSize                            = 4194304                                   {product} {ergonomic}
   size_t MaxHeapSize                              = 10695475200                               {product} {ergonomic}
   size_t MinHeapDeltaBytes                        = 8388608                                   {product} {ergonomic}
   size_t MinHeapSize                              = 8388608                                   {product} {ergonomic}
    uintx NonNMethodCodeHeapSize                   = 7602480                                {pd product} {ergonomic}
    uintx NonProfiledCodeHeapSize                  = 122027880                              {pd product} {ergonomic}
    uintx ProfiledCodeHeapSize                     = 122027880                              {pd product} {ergonomic}
    uintx ReservedCodeCacheSize                    = 251658240                              {pd product} {ergonomic}
     bool SegmentedCodeCache                       = true                                      {product} {ergonomic}
   size_t SoftMaxHeapSize                          = 10695475200                            {manageable} {ergonomic}
     bool UseCompressedClassPointers               = true                           {product lp64_product} {ergonomic}
     bool UseCompressedOops                        = true                           {product lp64_product} {ergonomic}
     bool UseG1GC                                  = true                                      {product} {ergonomic}
     bool UseLargePagesIndividualAllocation        = false                                  {pd product} {ergonomic}

Logging:
Log output configuration:
 #0: stdout all=warning uptime,level,tags
 #1: stderr all=off uptime,level,tags

Environment Variables:
JAVA_HOME=C:\Program Files\BellSoft\LibericaJDK-17
PATH=C:\Program Files\BellSoft\LibericaJDK-17\bin\;C:\VulkanSDK\1.4.341.1\Bin;C:\Program Files (x86)\Razer Chroma SDK\bin;C:\Program Files\Razer Chroma SDK\bin;C:\Program Files (x86)\Razer\ChromaBroadcast\bin;C:\Program Files\Razer\ChromaBroadcast\bin;C:\Windows\system32;C:\Windows;C:\Windows\System32\Wbem;C:\Windows\System32\WindowsPowerShell\v1.0\;C:\Program Files (x86)\NVIDIA Corporation\PhysX\Common;C:\Program Files\dotnet\;C:\ProgramData\chocolatey\bin;C:\Users\Aiden\Desktop\php;C:\ProgramData\ComposerSetup\bin;C:\Users\Aiden\AppData\Local\Programs\Python\Python310\Scripts\;C:\Users\Aiden\AppData\Local\Programs\Python\Python310\;C:\Users\Aiden\AppData\Local\Microsoft\WindowsApps;C:\Users\Aiden\AppData\Local\GitHubDesktop\bin;C:\Program Files\JetBrains\IntelliJ IDEA 2022.2\bin;C:\Users\Aiden\.dotnet\tools;C:\Program Files\JetBrains\PhpStorm 2022.2\bin;C:\Users\Aiden\AppData\Roaming\npm;C:\Users\Aiden\AppData\Roaming\Composer\vendor\bin;C:\Program Files\NVIDIA Corporation\NVIDIA NvDLISR;C:\Windows\system32\config\systemprofile\AppData\Local\Microsoft\WindowsApps;C:\Program Files\CMake\bin;C:\Program Files\AmneziaWG\;C:\Program Files\nodejs\;C:\Program Files\NVIDIA Corporation\NVIDIA App\NvDLISR;C:\Program Files\Git\cmd;C:\Program Files\LLVM\bin;C:\Program Files (x86)\LLVM\bin;C:\Program Files\PyManager\;C:\Program Files\Go\bin;C:\Program Files\BellSoft\LibericaJDK-17\bin;C:\Users\Aiden\.cargo\bin;C:\VulkanSDK\1.4.341.1\Bin;C:\Program Files (x86)\Razer Chroma SDK\bin;C:\Program Files\Razer Chroma SDK\bin;C:\Program Files (x86)\Razer\ChromaBroadcast\bin;C:\Program Files\Razer\ChromaBroadcast\bin;C:\Windows\system32;C:\Windows;C:\Windows\System32\Wbem;C:\Windows\System32\WindowsPowerShell\v1.0\;C:\Program Files (x86)\NVIDIA Corporation\PhysX\Common;C:\Program Files\dotnet\;C:\ProgramData\chocolatey\bin;C:\Users\Aiden\Desktop\php;C:\ProgramData\ComposerSetup\bin;C:\Users\Aiden\AppData\Local\Programs\Python\Python310\Scripts\;C:\Users\Aiden\AppData\Local\Programs\Python\Python310\;C:\Users\Aiden\AppData\Local\Microsoft\WindowsApps;C:\Users\Aiden\AppData\Local\GitHubDesktop\bin;C:\Program Files\JetBrains\IntelliJ IDEA 2022.2\bin;C:\Users\Aiden\.dotnet\tools;C:\Program Files\JetBrains\PhpStorm 2022.2\bin;C:\Users\Aiden\AppData\Roaming\npm;C:\Users\Aiden\AppData\Roaming\Composer\vendor\bin;C:\Program Files\NVIDIA Corporation\NVIDIA NvDLISR;C:\Windows\system32\config\systemprofile\AppData\Local\Microsoft\Windo;C:\Cloudflared\bin;C:\Users\Aiden\AppData\Local\Programs\PowerShell\7;C:\Users\Aiden\go\bin
USERNAME=Aiden
OS=Windows_NT
PROCESSOR_IDENTIFIER=Intel64 Family 6 Model 79 Stepping 1, GenuineIntel
TMP=C:\Temp
TEMP=C:\Temp



Periodic native trim disabled


---------------  S Y S T E M  ---------------

OS:
 Windows 10 , 64 bit Build 19041 (10.0.19041.662)
OS uptime: 0 days 23:40 hours

CPU: total 20 (initial active 20) (10 cores per cpu, 2 threads per core) family 6 model 79 stepping 1 microcode 0xb000031, cx8, cmov, fxsr, ht, mmx, 3dnowpref, sse, sse2, sse3, ssse3, sse4.1, sse4.2, popcnt, lzcnt, tsc, tscinvbit, avx, avx2, aes, erms, clmul, bmi1, bmi2, rtm, adx, fma, vzeroupper, clflush
Processor Information for all 20 processors :
  Max Mhz: 3001, Current Mhz: 3001, Mhz Limit: 3001

Memory: 4k page, system-wide physical 40797M (16450M free)
TotalPageFile size 40797M (AvailPageFile size 59M)
current process WorkingSet (physical memory assigned to process): 10M, peak: 10M
current process commit charge ("private bytes"): 75M, peak: 715M

vm_info: OpenJDK 64-Bit Server VM (17.0.19+11-LTS) for windows-amd64 JRE (17.0.19+11-LTS), built on Apr 20 2026 02:13:36 by "" with MS VC++ 17.14 (VS2022)

END.
