[20:09:24] [main/INFO]: Loading tweak class name net.minecraftforge.fml.common.launcher.FMLTweaker
[20:09:24] [main/INFO]: Using primary tweak class name net.minecraftforge.fml.common.launcher.FMLTweaker
[20:09:24] [main/INFO]: Calling tweak class net.minecraftforge.fml.common.launcher.FMLTweaker
[20:09:24] [main/INFO]: Forge Mod Loader version 14.23.5.2855 for Minecraft 1.12.2 loading
[20:09:24] [main/INFO]: Java is Java HotSpot(TM) 64-Bit Server VM, version 1.8.0_271, running on Windows 10:amd64:10.0, installed at C:\Users\Aiden\AppData\Roaming\.FoxesWorld\runtime\jre-8-271-x64
[20:09:25] [main/INFO]: Searching C:\Users\Aiden\AppData\Roaming\.FoxesWorld\clients\Hi-Tech\mods for mods
[20:09:25] [main/INFO]: Loading tweak class name net.minecraftforge.fml.common.launcher.FMLInjectionAndSortingTweaker
[20:09:25] [main/INFO]: Loading tweak class name net.minecraftforge.fml.common.launcher.FMLDeobfTweaker
[20:09:25] [main/INFO]: Calling tweak class net.minecraftforge.fml.common.launcher.FMLInjectionAndSortingTweaker
[20:09:25] [main/INFO]: Calling tweak class net.minecraftforge.fml.common.launcher.FMLInjectionAndSortingTweaker
[20:09:25] [main/INFO]: Calling tweak class net.minecraftforge.fml.relauncher.CoreModManager$FMLPluginWrapper
[20:09:31] [main/INFO]: Found valid fingerprint for Minecraft Forge. Certificate fingerprint e3c3d50c7c986df74c645c0ac54639741c90a557
[20:09:31] [main/ERROR]: The minecraft jar file:/C:/Users/Aiden/AppData/Roaming/.FoxesWorld/versions/1.12.2/1.12.2.jar!/net/minecraft/client/ClientBrandRetriever.class appears to be corrupt! There has been CRITICAL TAMPERING WITH MINECRAFT, it is highly unlikely minecraft will work! STOP NOW, get a clean copy and try again!
[20:09:31] [main/ERROR]: FML has been ordered to ignore the invalid or missing minecraft certificate. This is very likely to cause a problem!
[20:09:31] [main/ERROR]: Technical information: ClientBrandRetriever was at jar:file:/C:/Users/Aiden/AppData/Roaming/.FoxesWorld/versions/1.12.2/1.12.2.jar!/net/minecraft/client/ClientBrandRetriever.class, there were 0 certificates for it
[20:09:31] [main/INFO]: Calling tweak class net.minecraftforge.fml.relauncher.CoreModManager$FMLPluginWrapper
[20:09:31] [main/INFO]: Calling tweak class net.minecraftforge.fml.common.launcher.FMLDeobfTweaker
[20:09:33] [main/INFO]: Loading tweak class name net.minecraftforge.fml.common.launcher.TerminalTweaker
[20:09:33] [main/INFO]: Calling tweak class net.minecraftforge.fml.common.launcher.TerminalTweaker
[20:09:33] [main/INFO]: Launching wrapped minecraft {net.minecraft.client.main.Main}
[20:09:42] [Client thread/INFO]: Setting user: AidenFox
[20:10:36] [Client thread/INFO]: LWJGL Version: 2.9.4
necraftforge.fml.common.launcher.FMLTweaker
[20:09:49] [main/INFO]: Using primary tweak class name net.minecraftforge.fml.common.launcher.FMLTweaker
[20:09:49] [main/INFO]: Calling tweak class net.minecraftforge.fml.common.launcher.FMLTweaker
[20:09:49] [main/INFO]: Forge Mod Loader version 14.23.5.2855 for Minecraft 1.12.2 loading
[20:09:49] [main/INFO]: Java is Java HotSpot(TM) 64-Bit Server VM, version 1.8.0_271, running on Windows 10:amd64:10.0, installed at C:\Users\Aiden\AppData\Roaming\.FoxesWorld\runtime\jre-8-271-x64
[20:09:50] [main/INFO]: Searching C:\Users\Aiden\AppData\Roaming\.FoxesWorld\clients\Hi-Tech\mods for mods
[20:09:50] [main/INFO]: Loading tweak class name net.minecraftforge.fml.common.launcher.FMLInjectionAndSortingTweaker
[20:09:50] [main/INFO]: Loading tweak class name net.minecraftforge.fml.common.launcher.FMLDeobfTweaker
[20:09:50] [main/INFO]: Calling tweak class net.minecraftforge.fml.common.launcher.FMLInjectionAndSortingTweaker
[20:09:50] [main/INFO]: Calling tweak class net.minecraftforge.fml.common.launcher.FMLInjectionAndSortingTweaker
[20:09:50] [main/INFO]: Calling tweak class net.minecraftforge.fml.relauncher.CoreModManager$FMLPluginWrapper
[20:10:03] [main/INFO]: Found valid fingerprint for Minecraft Forge. Certificate fingerprint e3c3d50c7c986df74c645c0ac54639741c90a557
[20:10:03] [main/ERROR]: The minecraft jar file:/C:/Users/Aiden/AppData/Roaming/.FoxesWorld/versions/1.12.2/1.12.2.jar!/net/minecraft/client/ClientBrandRetriever.class appears to be corrupt! There has been CRITICAL TAMPERING WITH MINECRAFT, it is highly unlikely minecraft will work! STOP NOW, get a clean copy and try again!
[20:10:03] [main/ERROR]: FML has been ordered to ignore the invalid or missing minecraft certificate. This is very likely to cause a problem!
[20:10:03] [main/ERROR]: Technical information: ClientBrandRetriever was at jar:file:/C:/Users/Aiden/AppData/Roaming/.FoxesWorld/versions/1.12.2/1.12.2.jar!/net/minecraft/client/ClientBrandRetriever.class, there were 0 certificates for it
[20:10:03] [main/INFO]: Calling tweak class net.minecraftforge.fml.relauncher.CoreModManager$FMLPluginWrapper
[20:10:03] [main/INFO]: Calling tweak class net.minecraftforge.fml.common.launcher.FMLDeobfTweaker
[20:10:08] [main/INFO]: Loading tweak class name net.minecraftforge.fml.common.launcher.TerminalTweaker
[20:10:09] [main/INFO]: Calling tweak class net.minecraftforge.fml.common.launcher.TerminalTweaker
[20:10:09] [main/INFO]: Launching wrapped minecraft {net.minecraft.client.main.Main}
[20:10:25] [Client thread/INFO]: Setting user: AidenFox
